
V  [jvm.dll+0x8323c4]
V  [jvm.dll+0x833b6e]
V  [jvm.dll+0x8341d3]
V  [jvm.dll+0x2455e5]
V  [jvm.dll+0xa6393]
V  [jvm.dll+0x829a50]
V  [jvm.dll+0x25238d]
V  [jvm.dll+0x25531c]
C  0x0000029f12755bab

Java frames: (J=compiled Java code, j=interpreted, Vv=VM code)
v  ~UncommonTrapBlob
J 7085 c2 org.springframework.boot.devtools.filewatch.DirectorySnapshot.collectFiles(Ljava/io/File;Ljava/util/Set;)V (99 bytes) @ 0x0000029f1a5416a0 [0x0000029f1a53c1c0+0x00000000000054e0]
J 6967 c1 org.springframework.boot.devtools.filewatch.DirectorySnapshot.<init>(Ljava/io/File;)V (70 bytes) @ 0x0000029f13742264 [0x0000029f13741480+0x0000000000000de4]
J 7057 c1 org.springframework.boot.devtools.filewatch.FileSystemWatcher$Watcher.getCurrentSnapshots()Ljava/util/Map; (63 bytes) @ 0x0000029f1376a6dc [0x0000029f1376a1c0+0x000000000000051c]
J 6969 c1 org.springframework.boot.devtools.filewatch.FileSystemWatcher$Watcher.scan()V (63 bytes) @ 0x0000029f1374396c [0x0000029f137438a0+0x00000000000000cc]
j  org.springframework.boot.devtools.filewatch.FileSystemWatcher$Watcher.run()V+30
j  java.lang.Thread.run()V+11 java.base@17.0.4
v  ~StubRoutines::call_stub

---------------  P R O C E S S  ---------------

Threads class SMR info:
_java_thread_list=0x0000029f31c30420, length=40, elements={
0x0000029f29812250, 0x0000029f28df7320, 0x0000029f28e2ae80, 0x0000029f28e2b740,
0x0000029f28e2c890, 0x0000029f28e2e720, 0x0000029f2982ae40, 0x0000029f2982bee0,
0x0000029f2983f060, 0x0000029f299cee30, 0x0000029f299cd450, 0x0000029f2b2ad2e0,
0x0000029f2b2aeaf0, 0x0000029f2b2ab130, 0x0000029f2b2ab600, 0x0000029f2b2adc80,
0x0000029f2b2ae620, 0x0000029f2b2ac470, 0x0000029f2efc4a30, 0x0000029f2efc53d0,
0x0000029f2dc16a40, 0x0000029f2dc16f10, 0x0000029f2dc178b0, 0x0000029f2dc160a0,
0x0000029f2dc16570, 0x0000029f2dc173e0, 0x0000029f3263ea50, 0x0000029f3263bf00,
0x0000029f3263f8c0, 0x0000029f3263e580, 0x0000029f3263c3d0, 0x0000029f3263c8a0,
0x0000029f3263ef20, 0x0000029f3263f3f0, 0x0000029f3263cd70, 0x0000029f3263d710,
0x0000029f2dc18f20, 0x0000029f2f7d8ac0, 0x0000029f3263d240, 0x0000029f3263dbe0
}

Java Threads: ( => current thread )
  0x0000029f29812250 JavaThread "Reference Handler" daemon [_thread_blocked, id=22124, stack(0x000000d815700000,0x000000d815800000)]
  0x0000029f28df7320 JavaThread "Finalizer" daemon [_thread_blocked, id=21836, stack(0x000000d815800000,0x000000d815900000)]
  0x0000029f28e2ae80 JavaThread "Signal Dispatcher" daemon [_thread_blocked, id=19564, stack(0x000000d815900000,0x000000d815a00000)]
  0x0000029f28e2b740 JavaThread "Attach Listener" daemon [_thread_blocked, id=9028, stack(0x000000d815a00000,0x000000d815b00000)]
  0x0000029f28e2c890 JavaThread "Service Thread" daemon [_thread_blocked, id=14188, stack(0x000000d815b00000,0x000000d815c00000)]
  0x0000029f28e2e720 JavaThread "Monitor Deflation Thread" daemon [_thread_blocked, id=5452, stack(0x000000d815c00000,0x000000d815d00000)]
  0x0000029f2982ae40 JavaThread "C2 CompilerThread0" daemon [_thread_blocked, id=19332, stack(0x000000d815d00000,0x000000d815e00000)]
  0x0000029f2982bee0 JavaThread "C1 CompilerThread0" daemon [_thread_blocked, id=9184, stack(0x000000d815e00000,0x000000d815f00000)]
  0x0000029f2983f060 JavaThread "Sweeper thread" daemon [_thread_blocked, id=16204, stack(0x000000d815f00000,0x000000d816000000)]
  0x0000029f299cee30 JavaThread "Notification Thread" daemon [_thread_blocked, id=12904, stack(0x000000d816000000,0x000000d816100000)]
  0x0000029f299cd450 JavaThread "Common-Cleaner" daemon [_thread_blocked, id=4008, stack(0x000000d816200000,0x000000d816300000)]
  0x0000029f2b2ad2e0 JavaThread "MVStore background writer C:/Users/Venugopal/Desktop/Microservices_Training/Capstone/inventory-service/inventory.mv.db" daemon [_thread_blocked, id=19864, stack(0x000000d817100000,0x000000d817200000)]
  0x0000029f2b2aeaf0 JavaThread "HikariPool-1 housekeeper" daemon [_thread_blocked, id=12640, stack(0x000000d817200000,0x000000d817300000)]
  0x0000029f2b2ab130 JavaThread "Catalina-utility-1" [_thread_blocked, id=13896, stack(0x000000d817400000,0x000000d817500000)]
  0x0000029f2b2ab600 JavaThread "Catalina-utility-2" [_thread_blocked, id=15232, stack(0x000000d817500000,0x000000d817600000)]
  0x0000029f2b2adc80 JavaThread "container-0" [_thread_blocked, id=14724, stack(0x000000d817600000,0x000000d817700000)]
  0x0000029f2b2ae620 JavaThread "H2-serialization" daemon [_thread_blocked, id=20876, stack(0x000000d817700000,0x000000d817800000)]
  0x0000029f2b2ac470 JavaThread "H2-save" daemon [_thread_blocked, id=10660, stack(0x000000d817800000,0x000000d817900000)]
  0x0000029f2efc4a30 JavaThread "spring.cloud.inetutils" daemon [_thread_blocked, id=16816, stack(0x000000d817900000,0x000000d817a00000)]
=>0x0000029f2efc53d0 JavaThread "File Watcher" daemon [_thread_in_Java, id=16840, stack(0x000000d817a00000,0x000000d817b00000)]
  0x0000029f2dc16a40 JavaThread "AsyncResolver-bootstrap-0" daemon [_thread_blocked, id=2164, stack(0x000000d817b00000,0x000000d817c00000)]
  0x0000029f2dc16f10 JavaThread "DiscoveryClient-0" daemon [_thread_blocked, id=11948, stack(0x000000d817c00000,0x000000d817d00000)]
  0x0000029f2dc178b0 JavaThread "DiscoveryClient-1" daemon [_thread_blocked, id=21348, stack(0x000000d817d00000,0x000000d817e00000)]
  0x0000029f2dc160a0 JavaThread "DiscoveryClient-InstanceInfoReplicator-0" daemon [_thread_blocked, id=16192, stack(0x000000d817e00000,0x000000d817f00000)]
  0x0000029f2dc16570 JavaThread "http-nio-8082-exec-1" daemon [_thread_blocked, id=19692, stack(0x000000d817f00000,0x000000d818000000)]
  0x0000029f2dc173e0 JavaThread "http-nio-8082-exec-2" daemon [_thread_blocked, id=6260, stack(0x000000d818000000,0x000000d818100000)]
  0x0000029f3263ea50 JavaThread "http-nio-8082-exec-3" daemon [_thread_blocked, id=4196, stack(0x000000d818100000,0x000000d818200000)]
  0x0000029f3263bf00 JavaThread "http-nio-8082-exec-4" daemon [_thread_blocked, id=6700, stack(0x000000d818200000,0x000000d818300000)]
  0x0000029f3263f8c0 JavaThread "http-nio-8082-exec-5" daemon [_thread_blocked, id=3892, stack(0x000000d818300000,0x000000d818400000)]
  0x0000029f3263e580 JavaThread "http-nio-8082-exec-6" daemon [_thread_blocked, id=7880, stack(0x000000d818400000,0x000000d818500000)]
  0x0000029f3263c3d0 JavaThread "http-nio-8082-exec-7" daemon [_thread_blocked, id=20996, stack(0x000000d818500000,0x000000d818600000)]
  0x0000029f3263c8a0 JavaThread "http-nio-8082-exec-8" daemon [_thread_blocked, id=23212, stack(0x000000d818600000,0x000000d818700000)]
  0x0000029f3263ef20 JavaThread "http-nio-8082-exec-9" daemon [_thread_blocked, id=19756, stack(0x000000d818700000,0x000000d818800000)]
  0x0000029f3263f3f0 JavaThread "http-nio-8082-exec-10" daemon [_thread_blocked, id=22952, stack(0x000000d818800000,0x000000d818900000)]
  0x0000029f3263cd70 JavaThread "http-nio-8082-Poller" daemon [_thread_in_native, id=9248, stack(0x000000d818900000,0x000000d818a00000)]
  0x0000029f3263d710 JavaThread "http-nio-8082-Acceptor" daemon [_thread_in_native, id=6148, stack(0x000000d818a00000,0x000000d818b00000)]
  0x0000029f2dc18f20 JavaThread "DestroyJavaVM" [_thread_blocked, id=20528, stack(0x000000d815000000,0x000000d815100000)]
  0x0000029f2f7d8ac0 JavaThread "DiscoveryClient-CacheRefreshExecutor-0" daemon [_thread_blocked, id=6172, stack(0x000000d817300000,0x000000d817400000)]
  0x0000029f3263d240 JavaThread "DiscoveryClient-HeartbeatExecutor-0" daemon [_thread_blocked, id=23000, stack(0x000000d818b00000,0x000000d818c00000)]
  0x0000029f3263dbe0 JavaThread "AsyncResolver-bootstrap-executor-0" daemon [_thread_blocked, id=15668, stack(0x000000d814e00000,0x000000d814f00000)]

Other Threads:
  0x0000029f28e12930 VMThread "VM Thread" [stack: 0x000000d815600000,0x000000d815700000] [id=15464]
  0x0000029f299cf300 WatcherThread [stack: 0x000000d816100000,0x000000d816200000] [id=16952]
  0x0000029f0f09f200 GCTaskThread "GC Thread#0" [stack: 0x000000d815100000,0x000000d815200000] [id=1576]
  0x0000029f2a1bc870 GCTaskThread "GC Thread#1" [stack: 0x000000d816300000,0x000000d816400000] [id=21312]
  0x0000029f2a7aaaa0 GCTaskThread "GC Thread#2" [stack: 0x000000d816400000,0x000000d816500000] [id=14720]
  0x0000029f2a79f030 GCTaskThread "GC Thread#3" [stack: 0x000000d816500000,0x000000d816600000] [id=10380]
  0x0000029f2a714da0 GCTaskThread "GC Thread#4" [stack: 0x000000d816600000,0x000000d816700000] [id=3916]
  0x0000029f2acbf3a0 GCTaskThread "GC Thread#5" [stack: 0x000000d816900000,0x000000d816a00000] [id=22196]
  0x0000029f2a8c7650 GCTaskThread "GC Thread#6" [stack: 0x000000d816a00000,0x000000d816b00000] [id=13132]
  0x0000029f2a89d9f0 GCTaskThread "GC Thread#7" [stack: 0x000000d816b00000,0x000000d816c00000] [id=20928]
  0x0000029f0f0b08d0 ConcurrentGCThread "G1 Main Marker" [stack: 0x000000d815200000,0x000000d815300000] [id=21668]
  0x0000029f0f0b1be0 ConcurrentGCThread "G1 Conc#0" [stack: 0x000000d815300000,0x000000d815400000] [id=23092]
  0x0000029f2ae0d640 ConcurrentGCThread "G1 Conc#1" [stack: 0x000000d816c00000,0x000000d816d00000] [id=18788]
  0x0000029f28c524b0 ConcurrentGCThread "G1 Refine#0" [stack: 0x000000d815400000,0x000000d815500000] [id=13460]
  0x0000029f2ed92a50 ConcurrentGCThread "G1 Refine#1" [stack: 0x000000d816f00000,0x000000d817000000] [id=19568]
  0x0000029f2ed92d30 ConcurrentGCThread "G1 Refine#2" [stack: 0x000000d817000000,0x000000d817100000] [id=22012]
  0x0000029f0f10c240 ConcurrentGCThread "G1 Service" [stack: 0x000000d815500000,0x000000d815600000] [id=15956]

Threads with active compile tasks:

VM state: not at safepoint (normal execution)

VM Mutex/Monitor currently owned by a thread: None

Heap address: 0x0000000084400000, size: 1980 MB, Compressed Oops mode: 32-bit

CDS archive(s) not mapped
Compressed class space mapped at: 0x0000000100000000-0x0000000140000000, reserved size: 1073741824
Narrow klass base: 0x0000000000000000, Narrow klass shift: 3, Narrow klass range: 0x140000000

GC Precious Log:
 CPUs: 8 total, 8 available
 Memory: 7914M
 Large Page Support: Disabled
 NUMA Support: Disabled
 Compressed Oops: Enabled (32-bit)
 Heap Region Size: 1M
 Heap Min Capacity: 8M
 Heap Initial Capacity: 124M
 Heap Max Capacity: 1980M
 Pre-touch: Disabled
 Parallel Workers: 8
 Concurrent Workers: 2
 Concurrent Refinement Workers: 8
 Periodic GC: Disabled

Heap:
 garbage-first heap   total 208896K, used 119074K [0x0000000084400000, 0x0000000100000000)
  region size 1024K, 55 young (56320K), 2 survivors (2048K)
 Metaspace       used 80596K, committed 81152K, reserved 1122304K
  class space    used 10567K, committed 10816K, reserved 1048576K

Heap Regions: E=young(eden), S=young(survivor), O=old, HS=humongous(starts), HC=humongous(continues), CS=collection set, F=free, OA=open archive, CA=closed archive, TAMS=top-at-mark-start (previous, next)
|   0|0x0000000084400000, 0x0000000084500000, 0x0000000084500000|100%|HS|  |TAMS 0x0000000084500000, 0x0000000084400000| Complete 
|   1|0x0000000084500000, 0x0000000084600000, 0x0000000084600000|100%| O|  |TAMS 0x0000000084600000, 0x0000000084500000| Untracked 
|   2|0x0000000084600000, 0x0000000084700000, 0x0000000084700000|100%| O|  |TAMS 0x0000000084700000, 0x0000000084600000| Untracked 
|   3|0x0000000084700000, 0x0000000084800000, 0x0000000084800000|100%| O|  |TAMS 0x0000000084800000, 0x0000000084700000| Untracked 
|   4|0x0000000084800000, 0x0000000084900000, 0x0000000084900000|100%| O|  |TAMS 0x0000000084900000, 0x0000000084800000| Untracked 
|   5|0x0000000084900000, 0x0000000084a00000, 0x0000000084a00000|100%| O|  |TAMS 0x0000000084a00000, 0x0000000084900000| Untracked 
|   6|0x0000000084a00000, 0x0000000084b00000, 0x0000000084b00000|100%| O|  |TAMS 0x0000000084b00000, 0x0000000084a00000| Untracked 
|   7|0x0000000084b00000, 0x0000000084c00000, 0x0000000084c00000|100%| O|  |TAMS 0x0000000084c00000, 0x0000000084b00000| Untracked 
|   8|0x0000000084c00000, 0x0000000084d00000, 0x0000000084d00000|100%| O|  |TAMS 0x0000000084d00000, 0x0000000084c00000| Untracked 
|   9|0x0000000084d00000, 0x0000000084e00000, 0x0000000084e00000|100%| O|  |TAMS 0x0000000084e00000, 0x0000000084d00000| Untracked 
|  10|0x0000000084e00000, 0x0000000084f00000, 0x0000000084f00000|100%| O|  |TAMS 0x0000000084f00000, 0x0000000084e00000| Untracked 
|  11|0x0000000084f00000, 0x0000000085000000, 0x0000000085000000|100%| O|  |TAMS 0x0000000085000000, 0x0000000084f00000| Untracked 
|  12|0x0000000085000000, 0x0000000085100000, 0x0000000085100000|100%| O|  |TAMS 0x0000000085000000, 0x0000000085000000| Untracked 
|  13|0x0000000085100000, 0x0000000085200000, 0x0000000085200000|100%| O|  |TAMS 0x0000000085200000, 0x0000000085100000| Untracked 
|  14|0x0000000085200000, 0x0000000085300000, 0x0000000085300000|100%| O|  |TAMS 0x0000000085300000, 0x0000000085200000| Untracked 
|  15|0x0000000085300000, 0x0000000085400000, 0x0000000085400000|100%| O|  |TAMS 0x0000000085400000, 0x0000000085300000| Untracked 
|  16|0x0000000085400000, 0x0000000085500000, 0x0000000085500000|100%| O|  |TAMS 0x0000000085500000, 0x0000000085400000| Untracked 
|  17|0x0000000085500000, 0x0000000085600000, 0x0000000085600000|100%| O|  |TAMS 0x0000000085600000, 0x0000000085500000| Untracked 
|  18|0x0000000085600000, 0x0000000085700000, 0x0000000085700000|100%| O|  |TAMS 0x0000000085700000, 0x0000000085600000| Untracked 
|  19|0x0000000085700000, 0x0000000085800000, 0x0000000085800000|100%| O|  |TAMS 0x0000000085800000, 0x0000000085700000| Untracked 
|  20|0x0000000085800000, 0x0000000085900000, 0x0000000085900000|100%| O|  |TAMS 0x0000000085900000, 0x0000000085800000| Untracked 
|  21|0x0000000085900000, 0x0000000085a00000, 0x0000000085a00000|100%| O|  |TAMS 0x0000000085a00000, 0x0000000085900000| Untracked 
|  22|0x0000000085a00000, 0x0000000085b00000, 0x0000000085b00000|100%| O|  |TAMS 0x0000000085b00000, 0x0000000085a00000| Untracked 
|  23|0x0000000085b00000, 0x0000000085c00000, 0x0000000085c00000|100%| O|  |TAMS 0x0000000085c00000, 0x0000000085b00000| Untracked 
|  24|0x0000000085c00000, 0x0000000085d00000, 0x0000000085d00000|100%| O|  |TAMS 0x0000000085d00000, 0x0000000085c00000| Untracked 
|  25|0x0000000085d00000, 0x0000000085e00000, 0x0000000085e00000|100%| O|  |TAMS 0x0000000085e00000, 0x0000000085d00000| Untracked 
|  26|0x0000000085e00000, 0x0000000085f00000, 0x0000000085f00000|100%| O|  |TAMS 0x0000000085f00000, 0x0000000085e00000| Untracked 
|  27|0x0000000085f00000, 0x0000000086000000, 0x0000000086000000|100%| O|  |TAMS 0x0000000086000000, 0x0000000085f00000| Untracked 
|  28|0x0000000086000000, 0x0000000086100000, 0x0000000086100000|100%| O|  |TAMS 0x0000000086100000, 0x0000000086000000| Untracked 
|  29|0x0000000086100000, 0x0000000086200000, 0x0000000086200000|100%| O|  |TAMS 0x0000000086200000, 0x0000000086100000| Untracked 
|  30|0x0000000086200000, 0x0000000086300000, 0x0000000086300000|100%| O|  |TAMS 0x0000000086300000, 0x0000000086200000| Untracked 
|  31|0x0000000086300000, 0x0000000086400000, 0x0000000086400000|100%| O|  |TAMS 0x0000000086400000, 0x0000000086300000| Untracked 
|  32|0x0000000086400000, 0x0000000086500000, 0x0000000086500000|100%| O|  |TAMS 0x0000000086500000, 0x0000000086400000| Untracked 
|  33|0x0000000086500000, 0x0000000086600000, 0x0000000086600000|100%| O|  |TAMS 0x0000000086600000, 0x0000000086500000| Untracked 
|  34|0x0000000086600000, 0x0000000086700000, 0x0000000086700000|100%| O|  |TAMS 0x0000000086700000, 0x0000000086600000| Untracked 
|  35|0x0000000086700000, 0x0000000086800000, 0x0000000086800000|100%| O|  |TAMS 0x0000000086800000, 0x0000000086700000| Untracked 
|  36|0x0000000086800000, 0x0000000086900000, 0x0000000086900000|100%| O|  |TAMS 0x0000000086900000, 0x0000000086800000| Untracked 
|  37|0x0000000086900000, 0x0000000086a00000, 0x0000000086a00000|100%| O|  |TAMS 0x0000000086a00000, 0x0000000086900000| Untracked 
|  38|0x0000000086a00000, 0x0000000086b00000, 0x0000000086b00000|100%| O|  |TAMS 0x0000000086b00000, 0x0000000086a00000| Untracked 
|  39|0x0000000086b00000, 0x0000000086c00000, 0x0000000086c00000|100%| O|  |TAMS 0x0000000086c00000, 0x0000000086b00000| Untracked 
|  40|0x0000000086c00000, 0x0000000086d00000, 0x0000000086d00000|100%| O|  |TAMS 0x0000000086d00000, 0x0000000086c00000| Untracked 
|  41|0x0000000086d00000, 0x0000000086e00000, 0x0000000086e00000|100%| O|  |TAMS 0x0000000086d00000, 0x0000000086d00000| Untracked 
|  42|0x0000000086e00000, 0x0000000086f00000, 0x0000000086f00000|100%| O|  |TAMS 0x0000000086f00000, 0x0000000086e00000| Untracked 
|  43|0x0000000086f00000, 0x0000000087000000, 0x0000000087000000|100%| O|  |TAMS 0x0000000086f00000, 0x0000000086f00000| Untracked 
|  44|0x0000000087000000, 0x0000000087100000, 0x0000000087100000|100%| O|  |TAMS 0x0000000087000000, 0x0000000087000000| Untracked 
|  45|0x0000000087100000, 0x0000000087200000, 0x0000000087200000|100%| O|  |TAMS 0x0000000087200000, 0x0000000087100000| Untracked 
|  46|0x0000000087200000, 0x0000000087300000, 0x0000000087300000|100%| O|  |TAMS 0x0000000087300000, 0x0000000087200000| Untracked 
|  47|0x0000000087300000, 0x0000000087400000, 0x0000000087400000|100%| O|  |TAMS 0x0000000087400000, 0x0000000087300000| Untracked 
|  48|0x0000000087400000, 0x0000000087500000, 0x0000000087500000|100%| O|  |TAMS 0x0000000087500000, 0x0000000087400000| Untracked 
|  49|0x0000000087500000, 0x0000000087600000, 0x0000000087600000|100%| O|  |TAMS 0x0000000087600000, 0x0000000087500000| Untracked 
|  50|0x0000000087600000, 0x0000000087700000, 0x0000000087700000|100%| O|  |TAMS 0x0000000087700000, 0x0000000087600000| Untracked 
|  51|0x0000000087700000, 0x0000000087800000, 0x0000000087800000|100%| O|  |TAMS 0x0000000087800000, 0x0000000087700000| Untracked 
|  52|0x0000000087800000, 0x0000000087900000, 0x0000000087900000|100%| O|  |TAMS 0x0000000087900000, 0x0000000087800000| Untracked 
|  53|0x0000000087900000, 0x0000000087a00000, 0x0000000087a00000|100%| O|  |TAMS 0x0000000087a00000, 0x0000000087900000| Untracked 
|  54|0x0000000087a00000, 0x0000000087a00000, 0x0000000087b00000|  0%| F|  |TAMS 0x0000000087a00000, 0x0000000087a00000| Untracked 
|  55|0x0000000087b00000, 0x0000000087c00000, 0x0000000087c00000|100%| O|  |TAMS 0x0000000087b00000, 0x0000000087b00000| Untracked 
|  56|0x0000000087c00000, 0x0000000087d00000, 0x0000000087d00000|100%| O|  |TAMS 0x0000000087c00000, 0x0000000087c00000| Untracked 
|  57|0x0000000087d00000, 0x0000000087e00000, 0x0000000087e00000|100%|HS|  |TAMS 0x0000000087e00000, 0x0000000087d00000| Complete 
|  58|0x0000000087e00000, 0x0000000087f00000, 0x0000000087f00000|100%|HC|  |TAMS 0x0000000087f00000, 0x0000000087e00000| Complete 
|  59|0x0000000087f00000, 0x0000000088000000, 0x0000000088000000|100%| O|  |TAMS 0x0000000087f00000, 0x0000000087f00000| Untracked 
|  60|0x0000000088000000, 0x0000000088100000, 0x0000000088100000|100%| O|  |TAMS 0x0000000088000000, 0x0000000088000000| Untracked 
|  61|0x0000000088100000, 0x0000000088200000, 0x0000000088200000|100%| O|  |TAMS 0x0000000088100000, 0x0000000088100000| Untracked 
|  62|0x0000000088200000, 0x0000000088300000, 0x0000000088300000|100%| O|  |TAMS 0x0000000088200000, 0x0000000088200000| Untracked 
|  63|0x0000000088300000, 0x0000000088400000, 0x0000000088400000|100%| O|  |TAMS 0x0000000088300000, 0x0000000088300000| Untracked 
|  64|0x0000000088400000, 0x0000000088412000, 0x0000000088500000|  7%| O|  |TAMS 0x0000000088400000, 0x0000000088400000| Untracked 
|  65|0x0000000088500000, 0x0000000088500000, 0x0000000088600000|  0%| F|  |TAMS 0x0000000088500000, 0x0000000088500000| Untracked 
|  66|0x0000000088600000, 0x0000000088600000, 0x0000000088700000|  0%| F|  |TAMS 0x0000000088600000, 0x0000000088600000| Untracked 
|  67|0x0000000088700000, 0x0000000088700000, 0x0000000088800000|  0%| F|  |TAMS 0x0000000088700000, 0x0000000088700000| Untracked 
|  68|0x0000000088800000, 0x0000000088800000, 0x0000000088900000|  0%| F|  |TAMS 0x0000000088800000, 0x0000000088800000| Untracked 
|  69|0x0000000088900000, 0x0000000088900000, 0x0000000088a00000|  0%| F|  |TAMS 0x0000000088900000, 0x0000000088900000| Untracked 
|  70|0x0000000088a00000, 0x0000000088a00000, 0x0000000088b00000|  0%| F|  |TAMS 0x0000000088a00000, 0x0000000088a00000| Untracked 
|  71|0x0000000088b00000, 0x0000000088b00000, 0x0000000088c00000|  0%| F|  |TAMS 0x0000000088b00000, 0x0000000088b00000| Untracked 
|  72|0x0000000088c00000, 0x0000000088c00000, 0x0000000088d00000|  0%| F|  |TAMS 0x0000000088c00000, 0x0000000088c00000| Untracked 
|  73|0x0000000088d00000, 0x0000000088d00000, 0x0000000088e00000|  0%| F|  |TAMS 0x0000000088d00000, 0x0000000088d00000| Untracked 
|  74|0x0000000088e00000, 0x0000000088e00000, 0x0000000088f00000|  0%| F|  |TAMS 0x0000000088e00000, 0x0000000088e00000| Untracked 
|  75|0x0000000088f00000, 0x0000000088f00000, 0x0000000089000000|  0%| F|  |TAMS 0x0000000088f00000, 0x0000000088f00000| Untracked 
|  76|0x0000000089000000, 0x0000000089000000, 0x0000000089100000|  0%| F|  |TAMS 0x0000000089000000, 0x0000000089000000| Untracked 
|  77|0x0000000089100000, 0x0000000089100000, 0x0000000089200000|  0%| F|  |TAMS 0x0000000089100000, 0x0000000089100000| Untracked 
|  78|0x0000000089200000, 0x0000000089200000, 0x0000000089300000|  0%| F|  |TAMS 0x0000000089200000, 0x0000000089200000| Untracked 
|  79|0x0000000089300000, 0x0000000089300000, 0x0000000089400000|  0%| F|  |TAMS 0x0000000089300000, 0x0000000089300000| Untracked 
|  80|0x0000000089400000, 0x0000000089400000, 0x0000000089500000|  0%| F|  |TAMS 0x0000000089400000, 0x0000000089400000| Untracked 
|  81|0x0000000089500000, 0x0000000089500000, 0x0000000089600000|  0%| F|  |TAMS 0x0000000089500000, 0x0000000089500000| Untracked 
|  82|0x0000000089600000, 0x0000000089600000, 0x0000000089700000|  0%| F|  |TAMS 0x0000000089600000, 0x0000000089600000| Untracked 
|  83|0x0000000089700000, 0x0000000089700000, 0x0000000089800000|  0%| F|  |TAMS 0x0000000089700000, 0x0000000089700000| Untracked 
|  84|0x0000000089800000, 0x0000000089800000, 0x0000000089900000|  0%| F|  |TAMS 0x0000000089800000, 0x0000000089800000| Untracked 
|  85|0x0000000089900000, 0x0000000089900000, 0x0000000089a00000|  0%| F|  |TAMS 0x0000000089900000, 0x0000000089900000| Untracked 
|  86|0x0000000089a00000, 0x0000000089a00000, 0x0000000089b00000|  0%| F|  |TAMS 0x0000000089a00000, 0x0000000089a00000| Untracked 
|  87|0x0000000089b00000, 0x0000000089b00000, 0x0000000089c00000|  0%| F|  |TAMS 0x0000000089b00000, 0x0000000089b00000| Untracked 
|  88|0x0000000089c00000, 0x0000000089c00000, 0x0000000089d00000|  0%| F|  |TAMS 0x0000000089c00000, 0x0000000089c00000| Untracked 
|  89|0x0000000089d00000, 0x0000000089d00000, 0x0000000089e00000|  0%| F|  |TAMS 0x0000000089d00000, 0x0000000089d00000| Untracked 
|  90|0x0000000089e00000, 0x0000000089e00000, 0x0000000089f00000|  0%| F|  |TAMS 0x0000000089e00000, 0x0000000089e00000| Untracked 
|  91|0x0000000089f00000, 0x0000000089f00000, 0x000000008a000000|  0%| F|  |TAMS 0x0000000089f00000, 0x0000000089f00000| Untracked 
|  92|0x000000008a000000, 0x000000008a000000, 0x000000008a100000|  0%| F|  |TAMS 0x000000008a000000, 0x000000008a000000| Untracked 
|  93|0x000000008a100000, 0x000000008a100000, 0x000000008a200000|  0%| F|  |TAMS 0x000000008a100000, 0x000000008a100000| Untracked 
|  94|0x000000008a200000, 0x000000008a200000, 0x000000008a300000|  0%| F|  |TAMS 0x000000008a200000, 0x000000008a200000| Untracked 
|  95|0x000000008a300000, 0x000000008a300000, 0x000000008a400000|  0%| F|  |TAMS 0x000000008a300000, 0x000000008a300000| Untracked 
|  96|0x000000008a400000, 0x000000008a400000, 0x000000008a500000|  0%| F|  |TAMS 0x000000008a400000, 0x000000008a400000| Untracked 
|  97|0x000000008a500000, 0x000000008a500000, 0x000000008a600000|  0%| F|  |TAMS 0x000000008a500000, 0x000000008a500000| Untracked 
|  98|0x000000008a600000, 0x000000008a600000, 0x000000008a700000|  0%| F|  |TAMS 0x000000008a600000, 0x000000008a600000| Untracked 
|  99|0x000000008a700000, 0x000000008a700000, 0x000000008a800000|  0%| F|  |TAMS 0x000000008a700000, 0x000000008a700000| Untracked 
| 100|0x000000008a800000, 0x000000008a800000, 0x000000008a900000|  0%| F|  |TAMS 0x000000008a800000, 0x000000008a800000| Untracked 
| 101|0x000000008a900000, 0x000000008a900000, 0x000000008aa00000|  0%| F|  |TAMS 0x000000008a900000, 0x000000008a900000| Untracked 
| 102|0x000000008aa00000, 0x000000008aa00000, 0x000000008ab00000|  0%| F|  |TAMS 0x000000008aa00000, 0x000000008aa00000| Untracked 
| 103|0x000000008ab00000, 0x000000008ab00000, 0x000000008ac00000|  0%| F|  |TAMS 0x000000008ab00000, 0x000000008ab00000| Untracked 
| 104|0x000000008ac00000, 0x000000008ac00000, 0x000000008ad00000|  0%| F|  |TAMS 0x000000008ac00000, 0x000000008ac00000| Untracked 
| 105|0x000000008ad00000, 0x000000008ad00000, 0x000000008ae00000|  0%| F|  |TAMS 0x000000008ad00000, 0x000000008ad00000| Untracked 
| 106|0x000000008ae00000, 0x000000008ae00000, 0x000000008af00000|  0%| F|  |TAMS 0x000000008ae00000, 0x000000008ae00000| Untracked 
| 107|0x000000008af00000, 0x000000008af00000, 0x000000008b000000|  0%| F|  |TAMS 0x000000008af00000, 0x000000008af00000| Untracked 
| 108|0x000000008b000000, 0x000000008b000000, 0x000000008b100000|  0%| F|  |TAMS 0x000000008b000000, 0x000000008b000000| Untracked 
| 109|0x000000008b100000, 0x000000008b100000, 0x000000008b200000|  0%| F|  |TAMS 0x000000008b100000, 0x000000008b100000| Untracked 
| 110|0x000000008b200000, 0x000000008b200000, 0x000000008b300000|  0%| F|  |TAMS 0x000000008b200000, 0x000000008b200000| Untracked 
| 111|0x000000008b300000, 0x000000008b300000, 0x000000008b400000|  0%| F|  |TAMS 0x000000008b300000, 0x000000008b300000| Untracked 
| 112|0x000000008b400000, 0x000000008b400000, 0x000000008b500000|  0%| F|  |TAMS 0x000000008b400000, 0x000000008b400000| Untracked 
| 113|0x000000008b500000, 0x000000008b500000, 0x000000008b600000|  0%| F|  |TAMS 0x000000008b500000, 0x000000008b500000| Untracked 
| 114|0x000000008b600000, 0x000000008b600000, 0x000000008b700000|  0%| F|  |TAMS 0x000000008b600000, 0x000000008b600000| Untracked 
| 115|0x000000008b700000, 0x000000008b700000, 0x000000008b800000|  0%| F|  |TAMS 0x000000008b700000, 0x000000008b700000| Untracked 
| 116|0x000000008b800000, 0x000000008b800000, 0x000000008b900000|  0%| F|  |TAMS 0x000000008b800000, 0x000000008b800000| Untracked 
| 117|0x000000008b900000, 0x000000008b900000, 0x000000008ba00000|  0%| F|  |TAMS 0x000000008b900000, 0x000000008b900000| Untracked 
| 118|0x000000008ba00000, 0x000000008ba00000, 0x000000008bb00000|  0%| F|  |TAMS 0x000000008ba00000, 0x000000008ba00000| Untracked 
| 119|0x000000008bb00000, 0x000000008bb00000, 0x000000008bc00000|  0%| F|  |TAMS 0x000000008bb00000, 0x000000008bb00000| Untracked 
| 120|0x000000008bc00000, 0x000000008bc00000, 0x000000008bd00000|  0%| F|  |TAMS 0x000000008bc00000, 0x000000008bc00000| Untracked 
| 121|0x000000008bd00000, 0x000000008bd00000, 0x000000008be00000|  0%| F|  |TAMS 0x000000008bd00000, 0x000000008bd00000| Untracked 
| 122|0x000000008be00000, 0x000000008be00000, 0x000000008bf00000|  0%| F|  |TAMS 0x000000008be00000, 0x000000008be00000| Untracked 
| 123|0x000000008bf00000, 0x000000008bf00000, 0x000000008c000000|  0%| F|  |TAMS 0x000000008bf00000, 0x000000008bf00000| Untracked 
| 124|0x000000008c000000, 0x000000008c000000, 0x000000008c100000|  0%| F|  |TAMS 0x000000008c000000, 0x000000008c000000| Untracked 
| 125|0x000000008c100000, 0x000000008c100000, 0x000000008c200000|  0%| F|  |TAMS 0x000000008c100000, 0x000000008c100000| Untracked 
| 126|0x000000008c200000, 0x000000008c200000, 0x000000008c300000|  0%| F|  |TAMS 0x000000008c200000, 0x000000008c200000| Untracked 
| 127|0x000000008c300000, 0x000000008c300000, 0x000000008c400000|  0%| F|  |TAMS 0x000000008c300000, 0x000000008c300000| Untracked 
| 128|0x000000008c400000, 0x000000008c400000, 0x000000008c500000|  0%| F|  |TAMS 0x000000008c400000, 0x000000008c400000| Untracked 
| 129|0x000000008c500000, 0x000000008c500000, 0x000000008c600000|  0%| F|  |TAMS 0x000000008c500000, 0x000000008c500000| Untracked 
| 130|0x000000008c600000, 0x000000008c600000, 0x000000008c700000|  0%| F|  |TAMS 0x000000008c600000, 0x000000008c600000| Untracked 
| 131|0x000000008c700000, 0x000000008c700000, 0x000000008c800000|  0%| F|  |TAMS 0x000000008c700000, 0x000000008c700000| Untracked 
| 132|0x000000008c800000, 0x000000008c800000, 0x000000008c900000|  0%| F|  |TAMS 0x000000008c800000, 0x000000008c800000| Untracked 
| 133|0x000000008c900000, 0x000000008c900000, 0x000000008ca00000|  0%| F|  |TAMS 0x000000008c900000, 0x000000008c900000| Untracked 
| 134|0x000000008ca00000, 0x000000008ca00000, 0x000000008cb00000|  0%| F|  |TAMS 0x000000008ca00000, 0x000000008ca00000| Untracked 
| 135|0x000000008cb00000, 0x000000008cb00000, 0x000000008cc00000|  0%| F|  |TAMS 0x000000008cb00000, 0x000000008cb00000| Untracked 
| 136|0x000000008cc00000, 0x000000008cc00000, 0x000000008cd00000|  0%| F|  |TAMS 0x000000008cc00000, 0x000000008cc00000| Untracked 
| 137|0x000000008cd00000, 0x000000008cd00000, 0x000000008ce00000|  0%| F|  |TAMS 0x000000008cd00000, 0x000000008cd00000| Untracked 
| 138|0x000000008ce00000, 0x000000008ce00000, 0x000000008cf00000|  0%| F|  |TAMS 0x000000008ce00000, 0x000000008ce00000| Untracked 
| 139|0x000000008cf00000, 0x000000008cf00000, 0x000000008d000000|  0%| F|  |TAMS 0x000000008cf00000, 0x000000008cf00000| Untracked 
| 140|0x000000008d000000, 0x000000008d000000, 0x000000008d100000|  0%| F|  |TAMS 0x000000008d000000, 0x000000008d000000| Untracked 
| 141|0x000000008d100000, 0x000000008d100000, 0x000000008d200000|  0%| F|  |TAMS 0x000000008d100000, 0x000000008d100000| Untracked 
| 142|0x000000008d200000, 0x000000008d200000, 0x000000008d300000|  0%| F|  |TAMS 0x000000008d200000, 0x000000008d200000| Untracked 
| 143|0x000000008d300000, 0x000000008d300000, 0x000000008d400000|  0%| F|  |TAMS 0x000000008d300000, 0x000000008d300000| Untracked 
| 144|0x000000008d400000, 0x000000008d400000, 0x000000008d500000|  0%| F|  |TAMS 0x000000008d400000, 0x000000008d400000| Untracked 
| 145|0x000000008d500000, 0x000000008d500000, 0x000000008d600000|  0%| F|  |TAMS 0x000000008d500000, 0x000000008d500000| Untracked 
| 146|0x000000008d600000, 0x000000008d600000, 0x000000008d700000|  0%| F|  |TAMS 0x000000008d600000, 0x000000008d600000| Untracked 
| 147|0x000000008d700000, 0x000000008d700000, 0x000000008d800000|  0%| F|  |TAMS 0x000000008d700000, 0x000000008d700000| Untracked 
| 148|0x000000008d800000, 0x000000008d800000, 0x000000008d900000|  0%| F|  |TAMS 0x000000008d800000, 0x000000008d800000| Untracked 
| 149|0x000000008d900000, 0x000000008d94e5d0, 0x000000008da00000| 30%| E|  |TAMS 0x000000008d900000, 0x000000008d900000| Complete 
| 150|0x000000008da00000, 0x000000008db00000, 0x000000008db00000|100%| E|CS|TAMS 0x000000008da00000, 0x000000008da00000| Complete 
| 151|0x000000008db00000, 0x000000008dc00000, 0x000000008dc00000|100%| E|CS|TAMS 0x000000008db00000, 0x000000008db00000| Complete 
| 152|0x000000008dc00000, 0x000000008dd00000, 0x000000008dd00000|100%| E|CS|TAMS 0x000000008dc00000, 0x000000008dc00000| Complete 
| 153|0x000000008dd00000, 0x000000008de00000, 0x000000008de00000|100%| E|CS|TAMS 0x000000008dd00000, 0x000000008dd00000| Complete 
| 154|0x000000008de00000, 0x000000008df00000, 0x000000008df00000|100%| E|CS|TAMS 0x000000008de00000, 0x000000008de00000| Complete 
| 155|0x000000008df00000, 0x000000008e000000, 0x000000008e000000|100%| E|CS|TAMS 0x000000008df00000, 0x000000008df00000| Complete 
| 156|0x000000008e000000, 0x000000008e100000, 0x000000008e100000|100%| E|CS|TAMS 0x000000008e000000, 0x000000008e000000| Complete 
| 157|0x000000008e100000, 0x000000008e200000, 0x000000008e200000|100%| E|CS|TAMS 0x000000008e100000, 0x000000008e100000| Complete 
| 158|0x000000008e200000, 0x000000008e300000, 0x000000008e300000|100%| E|CS|TAMS 0x000000008e200000, 0x000000008e200000| Complete 
| 159|0x000000008e300000, 0x000000008e400000, 0x000000008e400000|100%| E|CS|TAMS 0x000000008e300000, 0x000000008e300000| Complete 
| 160|0x000000008e400000, 0x000000008e500000, 0x000000008e500000|100%| E|CS|TAMS 0x000000008e400000, 0x000000008e400000| Complete 
| 161|0x000000008e500000, 0x000000008e600000, 0x000000008e600000|100%| E|CS|TAMS 0x000000008e500000, 0x000000008e500000| Complete 
| 162|0x000000008e600000, 0x000000008e700000, 0x000000008e700000|100%| E|CS|TAMS 0x000000008e600000, 0x000000008e600000| Complete 
| 163|0x000000008e700000, 0x000000008e800000, 0x000000008e800000|100%| E|CS|TAMS 0x000000008e700000, 0x000000008e700000| Complete 
| 164|0x000000008e800000, 0x000000008e900000, 0x000000008e900000|100%| E|CS|TAMS 0x000000008e800000, 0x000000008e800000| Complete 
| 165|0x000000008e900000, 0x000000008ea00000, 0x000000008ea00000|100%| E|CS|TAMS 0x000000008e900000, 0x000000008e900000| Complete 
| 166|0x000000008ea00000, 0x000000008eb00000, 0x000000008eb00000|100%| E|CS|TAMS 0x000000008ea00000, 0x000000008ea00000| Complete 
| 167|0x000000008eb00000, 0x000000008ec00000, 0x000000008ec00000|100%| E|CS|TAMS 0x000000008eb00000, 0x000000008eb00000| Complete 
| 168|0x000000008ec00000, 0x000000008ed00000, 0x000000008ed00000|100%| E|CS|TAMS 0x000000008ec00000, 0x000000008ec00000| Complete 
| 169|0x000000008ed00000, 0x000000008ee00000, 0x000000008ee00000|100%| E|CS|TAMS 0x000000008ed00000, 0x000000008ed00000| Complete 
| 170|0x000000008ee00000, 0x000000008ef00000, 0x000000008ef00000|100%| E|CS|TAMS 0x000000008ee00000, 0x000000008ee00000| Complete 
| 171|0x000000008ef00000, 0x000000008f000000, 0x000000008f000000|100%| E|CS|TAMS 0x000000008ef00000, 0x000000008ef00000| Complete 
| 172|0x000000008f000000, 0x000000008f100000, 0x000000008f100000|100%| E|CS|TAMS 0x000000008f000000, 0x000000008f000000| Complete 
| 173|0x000000008f100000, 0x000000008f200000, 0x000000008f200000|100%| E|CS|TAMS 0x000000008f100000, 0x000000008f100000| Complete 
| 174|0x000000008f200000, 0x000000008f300000, 0x000000008f300000|100%| E|CS|TAMS 0x000000008f200000, 0x000000008f200000| Complete 
| 175|0x000000008f300000, 0x000000008f400000, 0x000000008f400000|100%| E|CS|TAMS 0x000000008f300000, 0x000000008f300000| Complete 
| 176|0x000000008f400000, 0x000000008f500000, 0x000000008f500000|100%| E|CS|TAMS 0x000000008f400000, 0x000000008f400000| Complete 
| 177|0x000000008f500000, 0x000000008f600000, 0x000000008f600000|100%| E|CS|TAMS 0x000000008f500000, 0x000000008f500000| Complete 
| 178|0x000000008f600000, 0x000000008f700000, 0x000000008f700000|100%| E|CS|TAMS 0x000000008f600000, 0x000000008f600000| Complete 
| 179|0x000000008f700000, 0x000000008f800000, 0x000000008f800000|100%| E|CS|TAMS 0x000000008f700000, 0x000000008f700000| Complete 
| 180|0x000000008f800000, 0x000000008f900000, 0x000000008f900000|100%| E|CS|TAMS 0x000000008f800000, 0x000000008f800000| Complete 
| 181|0x000000008f900000, 0x000000008fa00000, 0x000000008fa00000|100%| E|CS|TAMS 0x000000008f900000, 0x000000008f900000| Complete 
| 182|0x000000008fa00000, 0x000000008fb00000, 0x000000008fb00000|100%| E|CS|TAMS 0x000000008fa00000, 0x000000008fa00000| Complete 
| 183|0x000000008fb00000, 0x000000008fc00000, 0x000000008fc00000|100%| E|CS|TAMS 0x000000008fb00000, 0x000000008fb00000| Complete 
| 184|0x000000008fc00000, 0x000000008fd00000, 0x000000008fd00000|100%| E|CS|TAMS 0x000000008fc00000, 0x000000008fc00000| Complete 
| 185|0x000000008fd00000, 0x000000008fe00000, 0x000000008fe00000|100%| E|CS|TAMS 0x000000008fd00000, 0x000000008fd00000| Complete 
| 186|0x000000008fe00000, 0x000000008ff00000, 0x000000008ff00000|100%| E|CS|TAMS 0x000000008fe00000, 0x000000008fe00000| Complete 
| 187|0x000000008ff00000, 0x0000000090000000, 0x0000000090000000|100%| E|CS|TAMS 0x000000008ff00000, 0x000000008ff00000| Complete 
| 188|0x0000000090000000, 0x0000000090100000, 0x0000000090100000|100%| E|CS|TAMS 0x0000000090000000, 0x0000000090000000| Complete 
| 189|0x0000000090100000, 0x0000000090200000, 0x0000000090200000|100%| E|CS|TAMS 0x0000000090100000, 0x0000000090100000| Complete 
| 190|0x0000000090200000, 0x0000000090300000, 0x0000000090300000|100%| E|CS|TAMS 0x0000000090200000, 0x0000000090200000| Complete 
| 191|0x0000000090300000, 0x0000000090400000, 0x0000000090400000|100%| E|CS|TAMS 0x0000000090300000, 0x0000000090300000| Complete 
| 192|0x0000000090400000, 0x0000000090500000, 0x0000000090500000|100%| E|CS|TAMS 0x0000000090400000, 0x0000000090400000| Complete 
| 193|0x0000000090500000, 0x0000000090600000, 0x0000000090600000|100%| E|CS|TAMS 0x0000000090500000, 0x0000000090500000| Complete 
| 194|0x0000000090600000, 0x0000000090700000, 0x0000000090700000|100%| E|CS|TAMS 0x0000000090600000, 0x0000000090600000| Complete 
| 195|0x0000000090700000, 0x0000000090800000, 0x0000000090800000|100%| E|CS|TAMS 0x0000000090700000, 0x0000000090700000| Complete 
| 196|0x0000000090800000, 0x0000000090900000, 0x0000000090900000|100%| E|CS|TAMS 0x0000000090800000, 0x0000000090800000| Complete 
| 222|0x0000000092200000, 0x0000000092300000, 0x0000000092300000|100%| E|CS|TAMS 0x0000000092200000, 0x0000000092200000| Complete 
| 223|0x0000000092300000, 0x0000000092400000, 0x0000000092400000|100%| E|CS|TAMS 0x0000000092300000, 0x0000000092300000| Complete 
| 224|0x0000000092400000, 0x0000000092500000, 0x0000000092500000|100%| E|CS|TAMS 0x0000000092400000, 0x0000000092400000| Complete 
| 225|0x0000000092500000, 0x0000000092600000, 0x0000000092600000|100%| E|CS|TAMS 0x0000000092500000, 0x0000000092500000| Complete 
| 226|0x0000000092600000, 0x0000000092636af0, 0x0000000092700000| 21%| S|CS|TAMS 0x0000000092600000, 0x0000000092600000| Complete 
| 227|0x0000000092700000, 0x0000000092800000, 0x0000000092800000|100%| S|CS|TAMS 0x0000000092700000, 0x0000000092700000| Complete 
| 329|0x0000000098d00000, 0x0000000098e00000, 0x0000000098e00000|100%| E|CS|TAMS 0x0000000098d00000, 0x0000000098d00000| Complete 

Card table byte_map: [0x0000029f21e10000,0x0000029f221f0000] _byte_map_base: 0x0000029f219ee000

Marking Bits (Prev, Next): (CMBitMap*) 0x0000029f0f0a0860, (CMBitMap*) 0x0000029f0f0a0820
 Prev Bits: [0x0000029f244c0000, 0x0000029f263b0000)
 Next Bits: [0x0000029f225d0000, 0x0000029f244c0000)

Polling page: 0x0000029f0cff0000

Metaspace:

Usage:
  Non-class:     68.39 MB used.
      Class:     10.32 MB used.
       Both:     78.71 MB used.

Virtual space:
  Non-class space:       72.00 MB reserved,      68.69 MB ( 95%) committed,  9 nodes.
      Class space:        1.00 GB reserved,      10.56 MB (  1%) committed,  1 nodes.
             Both:        1.07 GB reserved,      79.25 MB (  7%) committed. 

Chunk freelists:
   Non-Class:  3.36 MB
       Class:  1.33 MB
        Both:  4.69 MB

MaxMetaspaceSize: unlimited
CompressedClassSpaceSize: 1.00 GB
Initial GC threshold: 21.00 MB
Current GC threshold: 98.06 MB
CDS: off
MetaspaceReclaimPolicy: balanced
 - commit_granule_bytes: 65536.
 - commit_granule_words: 8192.
 - virtual_space_node_default_size: 1048576.
 - enlarge_chunks_in_place: 1.
 - new_chunks_are_fully_committed: 0.
 - uncommit_free_chunks: 1.
 - use_allocation_guard: 0.
 - handle_deallocations: 1.


Internal statistics:

num_allocs_failed_limit: 9.
num_arena_births: 710.
num_arena_deaths: 0.
num_vsnodes_births: 10.
num_vsnodes_deaths: 0.
num_space_committed: 1268.
num_space_uncommitted: 0.
num_chunks_returned_to_freelist: 9.
num_chunks_taken_from_freelist: 3282.
num_chunk_merges: 9.
num_chunk_splits: 2350.
num_chunks_enlarged: 1826.
num_purges: 0.
num_inconsistent_stats: 0.

CodeHeap 'non-profiled nmethods': size=120000Kb used=3539Kb max_used=3539Kb free=116460Kb
 bounds [0x0000029f1a1d0000, 0x0000029f1a550000, 0x0000029f21700000]
CodeHeap 'profiled nmethods': size=120000Kb used=11127Kb max_used=11127Kb free=108872Kb
 bounds [0x0000029f12ca0000, 0x0000029f13780000, 0x0000029f1a1d0000]
CodeHeap 'non-nmethods': size=5760Kb used=1354Kb max_used=1409Kb free=4405Kb
 bounds [0x0000029f12700000, 0x0000029f12970000, 0x0000029f12ca0000]
 total_blobs=6879 nmethods=6198 adapters=593
 compilation: enabled
              stopped_count=0, restarted_count=0
 full_count=0

Compilation events (20 events):
Event: 498.208 Thread 0x0000029f2982bee0 nmethod 7087 0x0000029f13776710 code [0x0000029f137768a0, 0x0000029f13776a58]
Event: 498.289 Thread 0x0000029f2982bee0 7090       3       org.springframework.beans.factory.support.DefaultListableBeanFactory::isAutowireCandidate (11 bytes)
Event: 498.299 Thread 0x0000029f2982bee0 nmethod 7090 0x0000029f13776b10 code [0x0000029f13776cc0, 0x0000029f13776e48]
Event: 498.299 Thread 0x0000029f2982bee0 7091       3       org.springframework.beans.factory.support.DefaultListableBeanFactory::isAutowireCandidate (114 bytes)
Event: 498.340 Thread 0x0000029f2982bee0 nmethod 7091 0x0000029f13776f10 code [0x0000029f13777240, 0x0000029f137788a8]
Event: 498.340 Thread 0x0000029f2982bee0 7092       3       org.springframework.beans.factory.support.DefaultListableBeanFactory::isAutowireCandidate (107 bytes)
Event: 498.382 Thread 0x0000029f2982ae40 7096       4       java.lang.Character::codePointBefore (48 bytes)
Event: 498.385 Thread 0x0000029f2982ae40 nmethod 7096 0x0000029f1a544210 code [0x0000029f1a5443a0, 0x0000029f1a5444e8]
Event: 498.403 Thread 0x0000029f2982bee0 nmethod 7092 0x0000029f13778f10 code [0x0000029f13779280, 0x0000029f1377acd8]
Event: 498.403 Thread 0x0000029f2982bee0 7097       1       org.apache.hc.core5.http.impl.io.SocketHolder::getSocket (5 bytes)
Event: 498.415 Thread 0x0000029f2982bee0 nmethod 7097 0x0000029f1a544690 code [0x0000029f1a544820, 0x0000029f1a5448f8]
Event: 498.426 Thread 0x0000029f2982ae40 7098       4       com.fasterxml.jackson.core.json.UTF8StreamJsonParser::_updateLocation (35 bytes)
Event: 498.427 Thread 0x0000029f2982bee0 7099       3       com.fasterxml.jackson.core.base.ParserMinimalBase::isExpectedNumberIntToken (16 bytes)
Event: 498.428 Thread 0x0000029f2982bee0 nmethod 7099 0x0000029f1377b510 code [0x0000029f1377b6a0, 0x0000029f1377b818]
Event: 498.428 Thread 0x0000029f2982bee0 7100       3       com.fasterxml.jackson.core.json.UTF8StreamJsonParser::findName (58 bytes)
Event: 498.428 Thread 0x0000029f2982ae40 nmethod 7098 0x0000029f1a544990 code [0x0000029f1a544b00, 0x0000029f1a544b98]
Event: 498.431 Thread 0x0000029f2982bee0 nmethod 7100 0x0000029f1377b890 code [0x0000029f1377ba80, 0x0000029f1377bfc8]
Event: 498.431 Thread 0x0000029f2982bee0 7101       3       com.fasterxml.jackson.databind.JsonDeserializer::getAbsentValue (6 bytes)
Event: 498.432 Thread 0x0000029f2982bee0 nmethod 7101 0x0000029f1377c210 code [0x0000029f1377c3c0, 0x0000029f1377c588]
Event: 523.819 Thread 0x0000029f2982bee0 7102   !   3       org.apache.catalina.core.ContainerBase::getRealmInternal (38 bytes)

GC Heap History (20 events):
Event: 8.164 GC heap before
{Heap before GC invocations=14 (full 0):
 garbage-first heap   total 122880K, used 98549K [0x0000000084400000, 0x0000000100000000)
  region size 1024K, 72 young (73728K), 4 survivors (4096K)
 Metaspace       used 29151K, committed 29440K, reserved 1081344K
  class space    used 3291K, committed 3456K, reserved 1048576K
}
Event: 8.170 GC heap after
{Heap after GC invocations=15 (full 0):
 garbage-first heap   total 122880K, used 33550K [0x0000000084400000, 0x0000000100000000)
  region size 1024K, 9 young (9216K), 9 survivors (9216K)
 Metaspace       used 29151K, committed 29440K, reserved 1081344K
  class space    used 3291K, committed 3456K, reserved 1048576K
}
Event: 9.652 GC heap before
{Heap before GC invocations=15 (full 0):
 garbage-first heap   total 122880K, used 92942K [0x0000000084400000, 0x0000000100000000)
  region size 1024K, 68 young (69632K), 9 survivors (9216K)
 Metaspace       used 33887K, committed 34176K, reserved 1081344K
  class space    used 3888K, committed 4032K, reserved 1048576K
}
Event: 9.678 GC heap after
{Heap after GC invocations=16 (full 0):
 garbage-first heap   total 122880K, used 38671K [0x0000000084400000, 0x0000000100000000)
  region size 1024K, 6 young (6144K), 6 survivors (6144K)
 Metaspace       used 33887K, committed 34176K, reserved 1081344K
  class space    used 3888K, committed 4032K, reserved 1048576K
}
Event: 9.925 GC heap before
{Heap before GC invocations=16 (full 0):
 garbage-first heap   total 122880K, used 96015K [0x0000000084400000, 0x0000000100000000)
  region size 1024K, 62 young (63488K), 6 survivors (6144K)
 Metaspace       used 33923K, committed 34240K, reserved 1081344K
  class space    used 3890K, committed 4032K, reserved 1048576K
}
Event: 9.931 GC heap after
{Heap after GC invocations=17 (full 0):
 garbage-first heap   total 122880K, used 43847K [0x0000000084400000, 0x0000000100000000)
  region size 1024K, 6 young (6144K), 6 survivors (6144K)
 Metaspace       used 33923K, committed 34240K, reserved 1081344K
  class space    used 3890K, committed 4032K, reserved 1048576K
}
Event: 10.424 GC heap before
{Heap before GC invocations=17 (full 0):
 garbage-first heap   total 122880K, used 85831K [0x0000000084400000, 0x0000000100000000)
  region size 1024K, 48 young (49152K), 6 survivors (6144K)
 Metaspace       used 35675K, committed 35968K, reserved 1081344K
  class space    used 4234K, committed 4352K, reserved 1048576K
}
Event: 10.429 GC heap after
{Heap after GC invocations=18 (full 0):
 garbage-first heap   total 122880K, used 44877K [0x0000000084400000, 0x0000000100000000)
  region size 1024K, 3 young (3072K), 3 survivors (3072K)
 Metaspace       used 35675K, committed 35968K, reserved 1081344K
  class space    used 4234K, committed 4352K, reserved 1048576K
}
Event: 12.060 GC heap before
{Heap before GC invocations=19 (full 0):
 garbage-first heap   total 122880K, used 102221K [0x0000000084400000, 0x0000000100000000)
  region size 1024K, 55 young (56320K), 3 survivors (3072K)
 Metaspace       used 43260K, committed 43584K, reserved 1089536K
  class space    used 5250K, committed 5376K, reserved 1048576K
}
Event: 12.068 GC heap after
{Heap after GC invocations=20 (full 0):
 garbage-first heap   total 122880K, used 54714K [0x0000000084400000, 0x0000000100000000)
  region size 1024K, 7 young (7168K), 7 survivors (7168K)
 Metaspace       used 43260K, committed 43584K, reserved 1089536K
  class space    used 5250K, committed 5376K, reserved 1048576K
}
Event: 12.070 GC heap before
{Heap before GC invocations=20 (full 0):
 garbage-first heap   total 122880K, used 54714K [0x0000000084400000, 0x0000000100000000)
  region size 1024K, 8 young (8192K), 7 survivors (7168K)
 Metaspace       used 43260K, committed 43584K, reserved 1089536K
  class space    used 5250K, committed 5376K, reserved 1048576K
}
Event: 12.075 GC heap after
{Heap after GC invocations=21 (full 0):
 garbage-first heap   total 122880K, used 55516K [0x0000000084400000, 0x0000000100000000)
  region size 1024K, 1 young (1024K), 1 survivors (1024K)
 Metaspace       used 43260K, committed 43584K, reserved 1089536K
  class space    used 5250K, committed 5376K, reserved 1048576K
}
Event: 12.107 GC heap before
{Heap before GC invocations=21 (full 0):
 garbage-first heap   total 122880K, used 56540K [0x0000000084400000, 0x0000000100000000)
  region size 1024K, 3 young (3072K), 1 survivors (1024K)
 Metaspace       used 43263K, committed 43584K, reserved 1089536K
  class space    used 5250K, committed 5376K, reserved 1048576K
}
Event: 12.195 GC heap after
{Heap after GC invocations=22 (full 0):
 garbage-first heap   total 337920K, used 56316K [0x0000000084400000, 0x0000000100000000)
  region size 1024K, 2 young (2048K), 2 survivors (2048K)
 Metaspace       used 43263K, committed 43584K, reserved 1089536K
  class space    used 5250K, committed 5376K, reserved 1048576K
}
Event: 14.671 GC heap before
{Heap before GC invocations=22 (full 0):
 garbage-first heap   total 337920K, used 164860K [0x0000000084400000, 0x0000000100000000)
  region size 1024K, 104 young (106496K), 2 survivors (2048K)
 Metaspace       used 59616K, committed 60096K, reserved 1105920K
  class space    used 7490K, committed 7744K, reserved 1048576K
}
Event: 14.678 GC heap after
{Heap after GC invocations=23 (full 0):
 garbage-first heap   total 337920K, used 63436K [0x0000000084400000, 0x0000000100000000)
  region size 1024K, 6 young (6144K), 6 survivors (6144K)
 Metaspace       used 59616K, committed 60096K, reserved 1105920K
  class space    used 7490K, committed 7744K, reserved 1048576K
}
Event: 17.099 GC heap before
{Heap before GC invocations=24 (full 0):
 garbage-first heap   total 208896K, used 174028K [0x0000000084400000, 0x0000000100000000)
  region size 1024K, 118 young (120832K), 6 survivors (6144K)
 Metaspace       used 73741K, committed 74304K, reserved 1114112K
  class space    used 9672K, committed 9920K, reserved 1048576K
}
Event: 17.109 GC heap after
{Heap after GC invocations=25 (full 0):
 garbage-first heap   total 208896K, used 65099K [0x0000000084400000, 0x0000000100000000)
  region size 1024K, 12 young (12288K), 12 survivors (12288K)
 Metaspace       used 73741K, committed 74304K, reserved 1114112K
  class space    used 9672K, committed 9920K, reserved 1048576K
}
Event: 17.156 GC heap before
{Heap before GC invocations=25 (full 0):
 garbage-first heap   total 208896K, used 66123K [0x0000000084400000, 0x0000000100000000)
  region size 1024K, 13 young (13312K), 12 survivors (12288K)
 Metaspace       used 73992K, committed 74432K, reserved 1114112K
  class space    used 9706K, committed 9920K, reserved 1048576K
}
Event: 17.164 GC heap after
{Heap after GC invocations=26 (full 0):
 garbage-first heap   total 208896K, used 65826K [0x0000000084400000, 0x0000000100000000)
  region size 1024K, 2 young (2048K), 2 survivors (2048K)
 Metaspace       used 73992K, committed 74432K, reserved 1114112K
  class space    used 9706K, committed 9920K, reserved 1048576K
}

Deoptimization events (20 events):
Event: 47.938 Thread 0x0000029f3263d240 Uncommon trap: reason=unstable_if action=reinterpret pc=0x0000029f1a4d8e84 method=java.util.regex.Pattern$CharPropertyGreedy.match(Ljava/util/regex/Matcher;ILjava/lang/CharSequence;)Z @ 103 c2
Event: 47.938 Thread 0x0000029f3263d240 DEOPT PACKING pc=0x0000029f1a4d8e84 sp=0x000000d818bfe9e0
Event: 47.938 Thread 0x0000029f3263d240 DEOPT UNPACKING pc=0x0000029f12755c23 sp=0x000000d818bfe980 mode 2
Event: 47.938 Thread 0x0000029f3263d240 Uncommon trap: trap_request=0xffffffbe fr.pc=0x0000029f1a3d7b44 relative=0x0000000000001e24
Event: 47.938 Thread 0x0000029f3263d240 Uncommon trap: reason=profile_predicate action=maybe_recompile pc=0x0000029f1a3d7b44 method=org.springframework.util.StringUtils.tokenizeToStringArray(Ljava/lang/String;Ljava/lang/String;ZZ)[Ljava/lang/String; @ 33 c2
Event: 47.938 Thread 0x0000029f3263d240 DEOPT PACKING pc=0x0000029f1a3d7b44 sp=0x000000d818bfea30
Event: 47.938 Thread 0x0000029f3263d240 DEOPT UNPACKING pc=0x0000029f12755c23 sp=0x000000d818bfea38 mode 2
Event: 47.943 Thread 0x0000029f2f7d8ac0 Uncommon trap: trap_request=0xffffffde fr.pc=0x0000029f1a325f30 relative=0x0000000000001510
Event: 47.943 Thread 0x0000029f2f7d8ac0 Uncommon trap: reason=class_check action=maybe_recompile pc=0x0000029f1a325f30 method=java.util.zip.InflaterInputStream.read([BII)I @ 100 c2
Event: 47.943 Thread 0x0000029f2f7d8ac0 DEOPT PACKING pc=0x0000029f1a325f30 sp=0x000000d8173fe1d0
Event: 47.943 Thread 0x0000029f2f7d8ac0 DEOPT UNPACKING pc=0x0000029f12755c23 sp=0x000000d8173fe220 mode 2
Event: 47.944 Thread 0x0000029f2f7d8ac0 Uncommon trap: trap_request=0xffffffde fr.pc=0x0000029f1a325f30 relative=0x0000000000001510
Event: 47.945 Thread 0x0000029f2f7d8ac0 Uncommon trap: reason=class_check action=maybe_recompile pc=0x0000029f1a325f30 method=java.util.zip.InflaterInputStream.read([BII)I @ 100 c2
Event: 47.945 Thread 0x0000029f2f7d8ac0 DEOPT PACKING pc=0x0000029f1a325f30 sp=0x000000d8173fcfe0
Event: 47.945 Thread 0x0000029f2f7d8ac0 DEOPT UNPACKING pc=0x0000029f12755c23 sp=0x000000d8173fd030 mode 2
Event: 288.195 Thread 0x0000029f2f7d8ac0 DEOPT PACKING pc=0x0000029f12d096ba sp=0x000000d8173fd790
Event: 288.205 Thread 0x0000029f2f7d8ac0 DEOPT UNPACKING pc=0x0000029f12756763 sp=0x000000d8173fcca0 mode 0
Event: 522.255 Thread 0x0000029f2efc53d0 Uncommon trap: trap_request=0xffffff45 fr.pc=0x0000029f1a5416a0 relative=0x00000000000054e0
Event: 522.255 Thread 0x0000029f2efc53d0 Uncommon trap: reason=unstable_if action=reinterpret pc=0x0000029f1a5416a0 method=java.io.File.normalizedList()[Ljava/lang/String; @ 34 c2
Event: 522.255 Thread 0x0000029f2efc53d0 DEOPT PACKING pc=0x0000029f1a5416a0 sp=0x000000d817aff030

Classes unloaded (0 events):
No events

Classes redefined (0 events):
No events

Internal exceptions (20 events):
Event: 16.355 Thread 0x0000029f2a8ee4a0 Exception <a 'java/lang/NoSuchMethodError'{0x000000008afd33b8}: 'int java.lang.invoke.DirectMethodHandle$Holder.invokeStaticInit(java.lang.Object, java.lang.Object, java.lang.Object, java.lang.Object)'> (0x000000008afd33b8) 
thrown [s\src\hotspot\share\interpreter\linkResolver.cpp, line 759]
Event: 16.443 Thread 0x0000029f2a8ee4a0 Exception <a 'java/lang/NoSuchMethodError'{0x000000008adcac00}: 'java.lang.Object java.lang.invoke.DirectMethodHandle$Holder.newInvokeSpecial(java.lang.Object, java.lang.Object, java.lang.Object, java.lang.Object, java.lang.Object, java.lang.Object, java.lang.Object, java.lang.Object, java.lang.Object)'> (0x000000008adcac00) 
thrown [s\src\hotspot\share\interpreter\linkResolver.cpp, line 759]
Event: 16.443 Thread 0x0000029f2a8ee4a0 Exception <a 'java/lang/NoSuchMethodError'{0x000000008adcf8f8}: 'java.lang.Object java.lang.invoke.Invokers$Holder.linkToTargetMethod(java.lang.Object, java.lang.Object, java.lang.Object, java.lang.Object, java.lang.Object, java.lang.Object, java.lang.Object, java.lang.Object, java.lang.Object)'> (0x000000008adcf8f8) 
thrown [s\src\hotspot\share\interpreter\linkResolver.cpp, line 759]
Event: 16.714 Thread 0x0000029f2a8ee4a0 Implicit null exception at 0x0000029f1a2d32ec to 0x0000029f1a2d3394
Event: 16.861 Thread 0x0000029f2a8ee4a0 Exception <a 'java/lang/NoSuchMethodError'{0x000000008a194d38}: 'double java.lang.invoke.DirectMethodHandle$Holder.invokeStatic(java.lang.Object, java.lang.Object)'> (0x000000008a194d38) 
thrown [s\src\hotspot\share\interpreter\linkResolver.cpp, line 759]
Event: 16.901 Thread 0x0000029f2a8ee4a0 Implicit null exception at 0x0000029f1a3923da to 0x0000029f1a39260c
Event: 16.946 Thread 0x0000029f2a8ee4a0 Exception <a 'java/net/BindException'{0x0000000089b8ced8}: Address already in use: bind> (0x0000000089b8ced8) 
thrown [s\src\hotspot\share\prims\jni.cpp, line 535]
Event: 16.946 Thread 0x0000029f2a8ee4a0 Exception <a 'java/net/SocketException'{0x0000000089b8d5c0}: Socket is not connected: shutdown> (0x0000000089b8d5c0) 
thrown [s\src\hotspot\share\prims\jni.cpp, line 535]
Event: 17.164 Thread 0x0000029f299cee30 Exception <a 'java/lang/NoSuchMethodError'{0x0000000098d81380}: 'long java.lang.invoke.DirectMethodHandle$Holder.invokeStatic(java.lang.Object, java.lang.Object, java.lang.Object)'> (0x0000000098d81380) 
thrown [s\src\hotspot\share\interpreter\linkResolver.cpp, line 759]
Event: 17.259 Thread 0x0000029f2a8ee4a0 Exception <a 'java/lang/NoSuchMethodError'{0x00000000922cbe70}: 'void java.lang.invoke.DirectMethodHandle$Holder.invokeStatic(java.lang.Object, java.lang.Object, double)'> (0x00000000922cbe70) 
thrown [s\src\hotspot\share\interpreter\linkResolver.cpp, line 759]
Event: 17.265 Thread 0x0000029f2a8ee4a0 Exception <a 'java/lang/NoSuchMethodError'{0x0000000090824590}: 'double java.lang.invoke.DirectMethodHandle$Holder.invokeStatic(java.lang.Object, java.lang.Object, java.lang.Object)'> (0x0000000090824590) 
thrown [s\src\hotspot\share\interpreter\linkResolver.cpp, line 759]
Event: 17.282 Thread 0x0000029f2a8ee4a0 Exception <a 'java/lang/IncompatibleClassChangeError'{0x0000000090713a50}: Found class java.lang.Object, but interface was expected> (0x0000000090713a50) 
thrown [s\src\hotspot\share\interpreter\linkResolver.cpp, line 826]
Event: 17.286 Thread 0x0000029f2a8ee4a0 Exception <a 'java/lang/NoSuchMethodError'{0x000000009072e120}: 'java.lang.Object java.lang.invoke.DirectMethodHandle$Holder.newInvokeSpecial(java.lang.Object, java.lang.Object, int, java.lang.Object, java.lang.Object)'> (0x000000009072e120) 
thrown [s\src\hotspot\share\interpreter\linkResolver.cpp, line 759]
Event: 17.286 Thread 0x0000029f2a8ee4a0 Exception <a 'java/lang/NoSuchMethodError'{0x0000000090739788}: 'java.lang.Object java.lang.invoke.DirectMethodHandle$Holder.invokeSpecial(java.lang.Object, java.lang.Object, int, java.lang.Object, int, java.lang.Object)'> (0x0000000090739788) 
thrown [s\src\hotspot\share\interpreter\linkResolver.cpp, line 759]
Event: 17.287 Thread 0x0000029f2a8ee4a0 Exception <a 'java/lang/NoSuchMethodError'{0x0000000090741838}: 'java.lang.Object java.lang.invoke.DirectMethodHandle$Holder.newInvokeSpecial(java.lang.Object, java.lang.Object, int, java.lang.Object, int)'> (0x0000000090741838) 
thrown [s\src\hotspot\share\interpreter\linkResolver.cpp, line 759]
Event: 17.287 Thread 0x0000029f2a8ee4a0 Exception <a 'java/lang/NoSuchMethodError'{0x0000000090745938}: 'java.lang.Object java.lang.invoke.DirectMethodHandle$Holder.invokeSpecial(java.lang.Object, java.lang.Object, java.lang.Object, int, java.lang.Object, int)'> (0x0000000090745938) 
thrown [s\src\hotspot\share\interpreter\linkResolver.cpp, line 759]
Event: 17.438 Thread 0x0000029f2a8ee4a0 Exception <a 'java/lang/IncompatibleClassChangeError'{0x00000000905f3bc0}: Found class java.lang.Object, but interface was expected> (0x00000000905f3bc0) 
thrown [s\src\hotspot\share\interpreter\linkResolver.cpp, line 826]
Event: 17.466 Thread 0x0000029f2a8ee4a0 Implicit null exception at 0x0000029f1a45e769 to 0x0000029f1a45e928
Event: 17.529 Thread 0x0000029f2a8ee4a0 Exception <a 'sun/nio/fs/WindowsException'{0x000000009011f588}> (0x000000009011f588) 
thrown [s\src\hotspot\share\prims\jni.cpp, line 516]
Event: 522.254 Thread 0x0000029f2efc53d0 Implicit null exception at 0x0000029f1a53c36f to 0x0000029f1a54167c

VM Operations (20 events):
Event: 228.737 Executing VM operation: Cleanup
Event: 228.737 Executing VM operation: Cleanup done
Event: 239.851 Executing VM operation: Cleanup
Event: 239.852 Executing VM operation: Cleanup done
Event: 258.999 Executing VM operation: Cleanup
Event: 259.000 Executing VM operation: Cleanup done
Event: 318.455 Executing VM operation: Cleanup
Event: 318.456 Executing VM operation: Cleanup done
Event: 348.665 Executing VM operation: Cleanup
Event: 348.665 Executing VM operation: Cleanup done
Event: 349.670 Executing VM operation: Cleanup
Event: 349.670 Executing VM operation: Cleanup done
Event: 373.862 Executing VM operation: Cleanup
Event: 373.862 Executing VM operation: Cleanup done
Event: 409.128 Executing VM operation: Cleanup
Event: 409.128 Executing VM operation: Cleanup done
Event: 438.409 Executing VM operation: Cleanup
Event: 438.409 Executing VM operation: Cleanup done
Event: 498.866 Executing VM operation: Cleanup
Event: 498.866 Executing VM operation: Cleanup done

Events (20 events):
Event: 18.128 loading class com/sun/beans/util/Cache$Kind
Event: 18.128 loading class com/sun/beans/util/Cache$Kind done
Event: 18.128 loading class com/sun/beans/util/Cache$Kind$1
Event: 18.128 loading class com/sun/beans/util/Cache$Kind$1 done
Event: 18.128 loading class com/sun/beans/util/Cache$Kind$2
Event: 18.128 loading class com/sun/beans/util/Cache$Kind$2 done
Event: 18.128 loading class com/sun/beans/util/Cache$Kind$3
Event: 18.128 loading class com/sun/beans/util/Cache$Kind$3 done
Event: 18.128 loading class com/sun/beans/util/Cache$CacheEntry
Event: 18.128 loading class com/sun/beans/util/Cache$CacheEntry done
Event: 18.128 Thread 0x0000029f2a9f3840 Thread exited: 0x0000029f2a9f3840
Event: 18.128 Thread 0x0000029f0f047430 Thread exited: 0x0000029f0f047430
Event: 18.129 Thread 0x0000029f2dc18f20 Thread added: 0x0000029f2dc18f20
Event: 18.381 Thread 0x0000029f2b2ad7b0 Thread exited: 0x0000029f2b2ad7b0
Event: 23.358 loading class java/util/Collections$ReverseComparator2
Event: 23.358 loading class java/util/Collections$ReverseComparator2 done
Event: 47.935 Thread 0x0000029f2f7d8ac0 Thread added: 0x0000029f2f7d8ac0
Event: 47.935 Thread 0x0000029f3263d240 Thread added: 0x0000029f3263d240
Event: 65.129 Thread 0x0000029f2b2ac940 Thread exited: 0x0000029f2b2ac940
Event: 317.532 Thread 0x0000029f3263dbe0 Thread added: 0x0000029f3263dbe0


Dynamic libraries:
0x00007ff6b5db0000 - 0x00007ff6b5dbe000 	D:\Softwares & Modules\sts-4.15.3.RELEASE\plugins\org.eclipse.justj.openjdk.hotspot.jre.full.win32.x86_64_17.0.4.v20220805-1047\jre\bin\javaw.exe
0x00007ff8d0800000 - 0x00007ff8d0a09000 	C:\WINDOWS\SYSTEM32\ntdll.dll
0x00007ff8ce7e0000 - 0x00007ff8ce89e000 	C:\WINDOWS\System32\KERNEL32.DLL
0x00007ff8cdd50000 - 0x00007ff8ce0cb000 	C:\WINDOWS\System32\KERNELBASE.dll
0x00007ff8ce0d0000 - 0x00007ff8ce1e1000 	C:\WINDOWS\System32\ucrtbase.dll
0x00007ff897170000 - 0x00007ff897188000 	D:\Softwares & Modules\sts-4.15.3.RELEASE\plugins\org.eclipse.justj.openjdk.hotspot.jre.full.win32.x86_64_17.0.4.v20220805-1047\jre\bin\jli.dll
0x00007ff88c740000 - 0x00007ff88c759000 	D:\Softwares & Modules\sts-4.15.3.RELEASE\plugins\org.eclipse.justj.openjdk.hotspot.jre.full.win32.x86_64_17.0.4.v20220805-1047\jre\bin\VCRUNTIME140.dll
0x00007ff8ac4b0000 - 0x00007ff8ac755000 	C:\WINDOWS\WinSxS\amd64_microsoft.windows.common-controls_6595b64144ccf1df_6.0.22000.120_none_9d947278b86cc467\COMCTL32.dll
0x00007ff8cf660000 - 0x00007ff8cf80d000 	C:\WINDOWS\System32\USER32.dll
0x00007ff8cfdc0000 - 0x00007ff8cfe63000 	C:\WINDOWS\System32\msvcrt.dll
0x00007ff8ce3b0000 - 0x00007ff8ce3d6000 	C:\WINDOWS\System32\win32u.dll
0x00007ff8cf4f0000 - 0x00007ff8cf519000 	C:\WINDOWS\System32\GDI32.dll
0x00007ff8ce1f0000 - 0x00007ff8ce308000 	C:\WINDOWS\System32\gdi32full.dll
0x00007ff8ce310000 - 0x00007ff8ce3ad000 	C:\WINDOWS\System32\msvcp_win.dll
0x00007ff8d0700000 - 0x00007ff8d0732000 	C:\WINDOWS\System32\IMM32.DLL
0x00007ff8a7fb0000 - 0x00007ff8a7fbc000 	D:\Softwares & Modules\sts-4.15.3.RELEASE\plugins\org.eclipse.justj.openjdk.hotspot.jre.full.win32.x86_64_17.0.4.v20220805-1047\jre\bin\vcruntime140_1.dll
0x00007ff872c90000 - 0x00007ff872d21000 	D:\Softwares & Modules\sts-4.15.3.RELEASE\plugins\org.eclipse.justj.openjdk.hotspot.jre.full.win32.x86_64_17.0.4.v20220805-1047\jre\bin\msvcp140.dll
0x00007ff864ae0000 - 0x00007ff865726000 	D:\Softwares & Modules\sts-4.15.3.RELEASE\plugins\org.eclipse.justj.openjdk.hotspot.jre.full.win32.x86_64_17.0.4.v20220805-1047\jre\bin\server\jvm.dll
0x00007ff8ce980000 - 0x00007ff8cea2e000 	C:\WINDOWS\System32\ADVAPI32.dll
0x00007ff8cfd10000 - 0x00007ff8cfdae000 	C:\WINDOWS\System32\sechost.dll
0x00007ff8d0030000 - 0x00007ff8d0150000 	C:\WINDOWS\System32\RPCRT4.dll
0x00007ff8d0300000 - 0x00007ff8d0308000 	C:\WINDOWS\System32\PSAPI.DLL
0x00007ff8c1d60000 - 0x00007ff8c1d69000 	C:\WINDOWS\SYSTEM32\WSOCK32.dll
0x00007ff8c51e0000 - 0x00007ff8c5213000 	C:\WINDOWS\SYSTEM32\WINMM.dll
0x00007ff8ce680000 - 0x00007ff8ce6ef000 	C:\WINDOWS\System32\WS2_32.dll
0x00007ff8c5060000 - 0x00007ff8c506a000 	C:\WINDOWS\SYSTEM32\VERSION.dll
0x00007ff8cce40000 - 0x00007ff8cce58000 	C:\WINDOWS\SYSTEM32\kernel.appcore.dll
0x00007ff8c1d50000 - 0x00007ff8c1d5a000 	D:\Softwares & Modules\sts-4.15.3.RELEASE\plugins\org.eclipse.justj.openjdk.hotspot.jre.full.win32.x86_64_17.0.4.v20220805-1047\jre\bin\jimage.dll
0x00007ff8cb430000 - 0x00007ff8cb651000 	C:\WINDOWS\SYSTEM32\DBGHELP.DLL
0x00007ff8c2970000 - 0x00007ff8c29a1000 	C:\WINDOWS\SYSTEM32\dbgcore.DLL
0x00007ff8cdcd0000 - 0x00007ff8cdd4f000 	C:\WINDOWS\System32\bcryptPrimitives.dll
0x00007ff88ec90000 - 0x00007ff88ecb5000 	D:\Softwares & Modules\sts-4.15.3.RELEASE\plugins\org.eclipse.justj.openjdk.hotspot.jre.full.win32.x86_64_17.0.4.v20220805-1047\jre\bin\java.dll
0x00007ff893930000 - 0x00007ff893948000 	D:\Softwares & Modules\sts-4.15.3.RELEASE\plugins\org.eclipse.justj.openjdk.hotspot.jre.full.win32.x86_64_17.0.4.v20220805-1047\jre\bin\zip.dll
0x00007ff8ceb20000 - 0x00007ff8cf2d7000 	C:\WINDOWS\System32\SHELL32.dll
0x00007ff8cbd90000 - 0x00007ff8cc5f5000 	C:\WINDOWS\SYSTEM32\windows.storage.dll
0x00007ff8d0310000 - 0x00007ff8d0688000 	C:\WINDOWS\System32\combase.dll
0x00007ff8cbc20000 - 0x00007ff8cbd86000 	C:\WINDOWS\SYSTEM32\wintypes.dll
0x00007ff8cea30000 - 0x00007ff8ceb1a000 	C:\WINDOWS\System32\SHCORE.dll
0x00007ff8cf600000 - 0x00007ff8cf65d000 	C:\WINDOWS\System32\shlwapi.dll
0x00007ff8cdc00000 - 0x00007ff8cdc21000 	C:\WINDOWS\SYSTEM32\profapi.dll
0x00007ff891740000 - 0x00007ff891759000 	D:\Softwares & Modules\sts-4.15.3.RELEASE\plugins\org.eclipse.justj.openjdk.hotspot.jre.full.win32.x86_64_17.0.4.v20220805-1047\jre\bin\net.dll
0x00007ff8c5ec0000 - 0x00007ff8c5fd4000 	C:\WINDOWS\SYSTEM32\WINHTTP.dll
0x00007ff8cd2e0000 - 0x00007ff8cd347000 	C:\WINDOWS\system32\mswsock.dll
0x00007ff88ed90000 - 0x00007ff88eda5000 	D:\Softwares & Modules\sts-4.15.3.RELEASE\plugins\org.eclipse.justj.openjdk.hotspot.jre.full.win32.x86_64_17.0.4.v20220805-1047\jre\bin\nio.dll
0x00007ff8a66b0000 - 0x00007ff8a66b9000 	D:\Softwares & Modules\sts-4.15.3.RELEASE\plugins\org.eclipse.justj.openjdk.hotspot.jre.full.win32.x86_64_17.0.4.v20220805-1047\jre\bin\management.dll
0x00007ff8a5b00000 - 0x00007ff8a5b0b000 	D:\Softwares & Modules\sts-4.15.3.RELEASE\plugins\org.eclipse.justj.openjdk.hotspot.jre.full.win32.x86_64_17.0.4.v20220805-1047\jre\bin\management_ext.dll
0x00007ff8cc930000 - 0x00007ff8cc95d000 	C:\WINDOWS\SYSTEM32\IPHLPAPI.DLL
0x00007ff8cf4e0000 - 0x00007ff8cf4e9000 	C:\WINDOWS\System32\NSI.dll
0x00007ff8c5d50000 - 0x00007ff8c5d69000 	C:\WINDOWS\SYSTEM32\dhcpcsvc6.DLL
0x00007ff8c5ea0000 - 0x00007ff8c5ebe000 	C:\WINDOWS\SYSTEM32\dhcpcsvc.DLL
0x00007ff8cc960000 - 0x00007ff8cca48000 	C:\WINDOWS\SYSTEM32\DNSAPI.dll
0x00007ff8c4fb0000 - 0x00007ff8c4fba000 	C:\Windows\System32\rasadhlp.dll
0x00007ff8c4ec0000 - 0x00007ff8c4f41000 	C:\WINDOWS\System32\fwpuclnt.dll
0x00007ff8b4b20000 - 0x00007ff8b4b30000 	D:\Softwares & Modules\sts-4.15.3.RELEASE\plugins\org.eclipse.justj.openjdk.hotspot.jre.full.win32.x86_64_17.0.4.v20220805-1047\jre\bin\verify.dll
0x00007ff8cd520000 - 0x00007ff8cd538000 	C:\WINDOWS\SYSTEM32\CRYPTSP.dll
0x00007ff8ccda0000 - 0x00007ff8ccdd5000 	C:\WINDOWS\system32\rsaenh.dll
0x00007ff8cd3d0000 - 0x00007ff8cd3f9000 	C:\WINDOWS\SYSTEM32\USERENV.dll
0x00007ff8cd6b0000 - 0x00007ff8cd6d7000 	C:\WINDOWS\SYSTEM32\bcrypt.dll
0x00007ff8cd540000 - 0x00007ff8cd54c000 	C:\WINDOWS\SYSTEM32\CRYPTBASE.dll
0x00007ff8af320000 - 0x00007ff8af32e000 	D:\Softwares & Modules\sts-4.15.3.RELEASE\plugins\org.eclipse.justj.openjdk.hotspot.jre.full.win32.x86_64_17.0.4.v20220805-1047\jre\bin\sunmscapi.dll
0x00007ff8ce450000 - 0x00007ff8ce5b2000 	C:\WINDOWS\System32\CRYPT32.dll
0x00007ff8cd680000 - 0x00007ff8cd6a8000 	C:\WINDOWS\SYSTEM32\ncrypt.dll
0x00007ff8cd640000 - 0x00007ff8cd677000 	C:\WINDOWS\SYSTEM32\NTASN1.dll
0x00007ff8c50e0000 - 0x00007ff8c50e8000 	C:\WINDOWS\system32\wshunix.dll

dbghelp: loaded successfully - version: 4.0.5 - missing functions: none
symbol engine: initialized successfully - sym options: 0x614 - pdb path: .;D:\Softwares & Modules\sts-4.15.3.RELEASE\plugins\org.eclipse.justj.openjdk.hotspot.jre.full.win32.x86_64_17.0.4.v20220805-1047\jre\bin;C:\WINDOWS\SYSTEM32;C:\WINDOWS\WinSxS\amd64_microsoft.windows.common-controls_6595b64144ccf1df_6.0.22000.120_none_9d947278b86cc467;D:\Softwares & Modules\sts-4.15.3.RELEASE\plugins\org.eclipse.justj.openjdk.hotspot.jre.full.win32.x86_64_17.0.4.v20220805-1047\jre\bin\server

VM Arguments:
jvm_args: -Dfile.encoding=UTF-8 -XX:+ShowCodeDetailsInExceptionMessages 
java_command: com.InventoryServiceApplication
java_class_path (initial): C:\Users\Venugopal\Desktop\Microservices_Training\Capstone\inventory-service\target\classes;C:\Users\Venugopal\.m2\repository\org\springframework\boot\spring-boot-starter-data-jpa\3.0.2\spring-boot-starter-data-jpa-3.0.2.jar;C:\Users\Venugopal\.m2\repository\org\springframework\boot\spring-boot-starter-aop\3.0.2\spring-boot-starter-aop-3.0.2.jar;C:\Users\Venugopal\.m2\repository\org\springframework\spring-aop\6.0.4\spring-aop-6.0.4.jar;C:\Users\Venugopal\.m2\repository\org\aspectj\aspectjweaver\1.9.19\aspectjweaver-1.9.19.jar;C:\Users\Venugopal\.m2\repository\org\springframework\boot\spring-boot-starter-jdbc\3.0.2\spring-boot-starter-jdbc-3.0.2.jar;C:\Users\Venugopal\.m2\repository\com\zaxxer\HikariCP\5.0.1\HikariCP-5.0.1.jar;C:\Users\Venugopal\.m2\repository\org\springframework\spring-jdbc\6.0.4\spring-jdbc-6.0.4.jar;C:\Users\Venugopal\.m2\repository\org\hibernate\orm\hibernate-core\6.1.6.Final\hibernate-core-6.1.6.Final.jar;C:\Users\Venugopal\.m2\repository\jakarta\persistence\jakarta.persistence-api\3.1.0\jakarta.persistence-api-3.1.0.jar;C:\Users\Venugopal\.m2\repository\jakarta\transaction\jakarta.transaction-api\2.0.1\jakarta.transaction-api-2.0.1.jar;C:\Users\Venugopal\.m2\repository\org\jboss\logging\jboss-logging\3.5.0.Final\jboss-logging-3.5.0.Final.jar;C:\Users\Venugopal\.m2\repository\org\hibernate\common\hibernate-commons-annotations\6.0.2.Final\hibernate-commons-annotations-6.0.2.Final.jar;C:\Users\Venugopal\.m2\repository\org\jboss\jandex\2.4.2.Final\jandex-2.4.2.Final.jar;C:\Users\Venugopal\.m2\repository\com\fasterxml\classmate\1.5.1\classmate-1.5.1.jar;C:\Users\Venugopal\.m2\repository\net\bytebuddy\byte-buddy\1.12.22\byte-buddy-1.12.22.jar;C:\Users\Venugopal\.m2\repository\org\glassfish\jaxb\jaxb-runtime\4.0.1\jaxb-runtime-4.0.1.jar;C:\Users\Venugopal\.m2\repository\org\glassfish\jaxb\jaxb-core\4.0.1\jaxb-core-4.0.1.jar;C:\Users\Venugopal\.m2\repository\org\eclipse\angus\angus-activation\1.0.0\angus-activation-1.0.0.ja
Launcher Type: SUN_STANDARD

[Global flags]
     intx CICompilerCount                          = 4                                         {product} {ergonomic}
     uint ConcGCThreads                            = 2                                         {product} {ergonomic}
     uint G1ConcRefinementThreads                  = 8                                         {product} {ergonomic}
   size_t G1HeapRegionSize                         = 1048576                                   {product} {ergonomic}
    uintx GCDrainStackTargetSize                   = 64                                        {product} {ergonomic}
   size_t InitialHeapSize                          = 130023424                                 {product} {ergonomic}
   size_t MarkStackSize                            = 4194304                                   {product} {ergonomic}
   size_t MaxHeapSize                              = 2076180480                                {product} {ergonomic}
   size_t MaxNewSize                               = 1245708288                                {product} {ergonomic}
   size_t MinHeapDeltaBytes                        = 1048576                                   {product} {ergonomic}
   size_t MinHeapSize                              = 8388608                                   {product} {ergonomic}
    uintx NonNMethodCodeHeapSize                   = 5839372                                {pd product} {ergonomic}
    uintx NonProfiledCodeHeapSize                  = 122909434                              {pd product} {ergonomic}
    uintx ProfiledCodeHeapSize                     = 122909434                              {pd product} {ergonomic}
    uintx ReservedCodeCacheSize                    = 251658240                              {pd product} {ergonomic}
     bool SegmentedCodeCache                       = true                                      {product} {ergonomic}
     bool ShowCodeDetailsInExceptionMessages       = true                                   {manageable} {command line}
   size_t SoftMaxHeapSize                          = 2076180480                             {manageable} {ergonomic}
     bool UseCompressedClassPointers               = true                           {product lp64_product} {ergonomic}
     bool UseCompressedOops                        = true                           {product lp64_product} {ergonomic}
     bool UseG1GC                                  = true                                      {product} {ergonomic}
     bool UseLargePagesIndividualAllocation        = false                                  {pd product} {ergonomic}

Logging:
Log output configuration:
 #0: stdout all=warning uptime,level,tags
 #1: stderr all=off uptime,level,tags

Environment Variables:
CLASSPATH=C:\Program Files (x86)\H2\bin\h2-2.1.214.jar;
PATH=D:/Softwares & Modules/sts-4.15.3.RELEASE//plugins/org.eclipse.justj.openjdk.hotspot.jre.full.win32.x86_64_17.0.4.v20220805-1047/jre/bin/server;D:/Softwares & Modules/sts-4.15.3.RELEASE//plugins/org.eclipse.justj.openjdk.hotspot.jre.full.win32.x86_64_17.0.4.v20220805-1047/jre/bin;C:\Program Files\Common Files\Oracle\Java\javapath;C:\Program Files (x86)\Common Files\Intel\Shared Libraries\redist\intel64\compiler;C:\Program Files (x86)\Common Files\Intel\Shared Files\cpp\bin\Intel64;C:\Windows\system32;C:\Windows;C:\Windows\System32\Wbem;C:\Windows\System32\WindowsPowerShell\v1.0\;C:\Windows\System32\OpenSSH\;C:\Program Files\NVIDIA Corporation\NVIDIA NvDLISR;C:\Program Files (x86)\NVIDIA Corporation\PhysX\Common;C:\Program Files\dotnet\;C:\WINDOWS\system32;C:\WINDOWS;C:\WINDOWS\System32\Wbem;C:\WINDOWS\System32\WindowsPowerShell\v1.0\;C:\WINDOWS\System32\OpenSSH\;C:\Program Files\php-8.1.0;C:\Program Files\Microsoft SQL Server\150\Tools\Binn\;C:\Program Files\apache-maven-3.8.6\bin;C:\Program Files\nodejs\;C:\Users\Venugopal\AppData\Roaming\npm;C:\Program Files\Java\jdk-17.0.2\bin;C:\Program Files\Git\cmd;C:\Users\Venugopal\AppData\Local\Microsoft\WindowsApps;C:\Users\Venugopal\AppData\Local\GitHubDesktop\bin;C:\Users\Venugopal\AppData\Local\atom\bin;C:\Users\Venugopal\.dotnet\tools;C:\Program Files\Java\jdk-17.0.2\bin;C:\Program Files\JetBrains\IntelliJ IDEA 2022.2\bin;;C:\Users\Venugopal\AppData\Local\Programs\Microsoft VS Code\bin;C:\Users\Venugopal\AppData\Roaming\npm;C:\Program Files\Git\cmd;C:\Program Files\Git\bin;C:\Program Files\Git\mingw64\libexec\git-core;;D:\Softwares & Modules\sts-4.15.3.RELEASE;
USERNAME=Venugopal
OS=Windows_NT
PROCESSOR_IDENTIFIER=Intel64 Family 6 Model 140 Stepping 1, GenuineIntel
TMP=C:\Users\Venugopal\AppData\Local\Temp
TEMP=C:\Users\Venugopal\AppData\Local\Temp



---------------  S Y S T E M  ---------------

OS:
 Windows 11 , 64 bit Build 22000 (10.0.22000.1335)
OS uptime: 6 days 16:06 hours

CPU: total 8 (initial active 8) (4 cores per cpu, 2 threads per core) family 6 model 140 stepping 1 microcode 0xa4, cx8, cmov, fxsr, ht, mmx, 3dnowpref, sse, sse2, sse3, ssse3, sse4.1, sse4.2, popcnt, lzcnt, tsc, tscinvbit, avx, avx2, aes, erms, clmul, bmi1, bmi2, adx, avx512f, avx512dq, avx512cd, avx512bw, avx512vl, sha, fma, vzeroupper, avx512_vpopcntdq, avx512_vpclmulqdq, avx512_vaes, avx512_vnni, clflush, clflushopt, clwb, avx512_vbmi2, avx512_vbmi

Memory: 4k page, system-wide physical 7914M (447M free)
TotalPageFile size 20714M (AvailPageFile size 344M)
current process WorkingSet (physical memory assigned to process): 64M, peak: 412M
current process commit charge ("private bytes"): 415M, peak: 533M

vm_info: OpenJDK 64-Bit Server VM (17.0.4+8) for windows-amd64 JRE (17.0.4+8), built on Jul 19 2022 16:05:16 by "temurin" with MS VC++ 16.7 (VS2019)

END.
