#
# There is insufficient memory for the Java Runtime Environment to continue.
# Native memory allocation (mmap) failed to map 204472320 bytes for G1 virtual space
# Possible reasons:
#   The system is out of physical RAM or swap space
#   The process is running with CompressedOops enabled, and the Java Heap may be blocking the growth of the native heap
# Possible solutions:
#   Reduce memory load on the system
#   Increase physical memory or swap space
#   Check if swap backing store is full
#   Decrease Java heap size (-Xmx/-Xms)
#   Decrease number of Java threads
#   Decrease Java thread stack sizes (-Xss)
#   Set larger code cache with -XX:ReservedCodeCacheSize=
#   JVM is running with Unscaled Compressed Oops mode in which the Java heap is
#     placed in the first 4GB address space. The Java Heap base address is the
#     maximum limit for the native heap growth. Please use -XX:HeapBaseMinAddress
#     to set the Java Heap base and to place the Java Heap above 4GB virtual address.
# This output file may be truncated or incomplete.
#
#  Out of Memory Error (os_windows.cpp:3541), pid=13600, tid=9520
#
# JRE version: OpenJDK Runtime Environment Temurin-17.0.4+8 (17.0.4+8) (build 17.0.4+8)
# Java VM: OpenJDK 64-Bit Server VM Temurin-17.0.4+8 (17.0.4+8, mixed mode, tiered, compressed oops, compressed class ptrs, g1 gc, windows-amd64)
# No core dump will be written. Minidumps are not enabled by default on client versions of Windows
#

---------------  S U M M A R Y ------------

Command Line: -Dfile.encoding=UTF-8 -XX:+ShowCodeDetailsInExceptionMessages com.InventoryServiceApplication

Host: 11th Gen Intel(R) Core(TM) i5-1135G7 @ 2.40GHz, 8 cores, 7G,  Windows 11 , 64 bit Build 22000 (10.0.22000.1335)
Time: Wed Feb 22 08:41:58 2023 India Standard Time elapsed time: 22.349832 seconds (0d 0h 0m 22s)

---------------  T H R E A D  ---------------

Current thread (0x00000288f74f0400):  VMThread "VM Thread" [stack: 0x000000a286600000,0x000000a286700000] [id=9520]

Stack: [0x000000a286600000,0x000000a286700000]
Native frames: (J=compiled Java code, j=interpreted, Vv=VM code, C=native code)
V  [jvm.dll+0x67733a]
V  [jvm.dll+0x8323c4]
V  [jvm.dll+0x833b6e]
V  [jvm.dll+0x8341d3]
V  [jvm.dll+0x2455e5]
V  [jvm.dll+0x674229]
V  [jvm.dll+0x668ab2]
V  [jvm.dll+0x30458b]
V  [jvm.dll+0x30bad6]
V  [jvm.dll+0x35ba7e]
V  [jvm.dll+0x35bcaf]
V  [jvm.dll+0x2db428]
V  [jvm.dll+0x2d96dc]
V  [jvm.dll+0x2d8cac]
V  [jvm.dll+0x31cc0b]
V  [jvm.dll+0x83867b]
V  [jvm.dll+0x8393b4]
V  [jvm.dll+0x8398cc]
V  [jvm.dll+0x839ca4]
V  [jvm.dll+0x839d70]
V  [jvm.dll+0x7e245a]
V  [jvm.dll+0x6761c5]
C  [ucrtbase.dll+0x26c0c]
C  [KERNEL32.DLL+0x155a0]
C  [ntdll.dll+0x485b]

VM_Operation (0x000000a287bfa840): G1CollectForAllocation, mode: safepoint, requested by thread 0x00000288f940d090


---------------  P R O C E S S  ---------------

Threads class SMR info:
_java_thread_list=0x00000288fc8f8830, length=23, elements={
0x00000288dd707ff0, 0x00000288f74c4920, 0x00000288f8015030, 0x00000288f74d7d10,
0x00000288f74d85d0, 0x00000288f74d8e90, 0x00000288f8037010, 0x00000288f80378c0,
0x00000288f8038270, 0x00000288f804ab60, 0x00000288f81bfac0, 0x00000288f81d9df0,
0x00000288f940fbe0, 0x00000288f940d090, 0x00000288f9410580, 0x00000288f940f240,
0x00000288f940e3d0, 0x00000288f940f710, 0x00000288f94100b0, 0x00000288f940d560,
0x00000288f8a6cf40, 0x00000288f8a70430, 0x00000288f8a6ff60
}

Java Threads: ( => current thread )
  0x00000288dd707ff0 JavaThread "main" [_thread_blocked, id=15796, stack(0x000000a286000000,0x000000a286100000)]
  0x00000288f74c4920 JavaThread "Reference Handler" daemon [_thread_blocked, id=19736, stack(0x000000a286700000,0x000000a286800000)]
  0x00000288f8015030 JavaThread "Finalizer" daemon [_thread_blocked, id=6364, stack(0x000000a286800000,0x000000a286900000)]
  0x00000288f74d7d10 JavaThread "Signal Dispatcher" daemon [_thread_blocked, id=18952, stack(0x000000a286900000,0x000000a286a00000)]
  0x00000288f74d85d0 JavaThread "Attach Listener" daemon [_thread_blocked, id=16188, stack(0x000000a286a00000,0x000000a286b00000)]
  0x00000288f74d8e90 JavaThread "Service Thread" daemon [_thread_blocked, id=22824, stack(0x000000a286b00000,0x000000a286c00000)]
  0x00000288f8037010 JavaThread "Monitor Deflation Thread" daemon [_thread_blocked, id=4336, stack(0x000000a286c00000,0x000000a286d00000)]
  0x00000288f80378c0 JavaThread "C2 CompilerThread0" daemon [_thread_blocked, id=23224, stack(0x000000a286d00000,0x000000a286e00000)]
  0x00000288f8038270 JavaThread "C1 CompilerThread0" daemon [_thread_blocked, id=6724, stack(0x000000a286e00000,0x000000a286f00000)]
  0x00000288f804ab60 JavaThread "Sweeper thread" daemon [_thread_blocked, id=23492, stack(0x000000a286f00000,0x000000a287000000)]
  0x00000288f81bfac0 JavaThread "Notification Thread" daemon [_thread_blocked, id=15056, stack(0x000000a287000000,0x000000a287100000)]
  0x00000288f81d9df0 JavaThread "Common-Cleaner" daemon [_thread_blocked, id=10988, stack(0x000000a287200000,0x000000a287300000)]
  0x00000288f940fbe0 JavaThread "Thread-0" [_thread_blocked, id=15744, stack(0x000000a287a00000,0x000000a287b00000)]
  0x00000288f940d090 JavaThread "restartedMain" [_thread_blocked, id=12100, stack(0x000000a287b00000,0x000000a287c00000)]
  0x00000288f9410580 JavaThread "Keep-Alive-Timer" daemon [_thread_blocked, id=13548, stack(0x000000a287300000,0x000000a287400000)]
  0x00000288f940f240 JavaThread "MVStore background writer C:/Users/Venugopal/Desktop/Microservices_Training/Capstone/inventory-service/inventory.mv.db" daemon [_thread_blocked, id=22876, stack(0x000000a288000000,0x000000a288100000)]
  0x00000288f940e3d0 JavaThread "HikariPool-1 housekeeper" daemon [_thread_blocked, id=17148, stack(0x000000a288100000,0x000000a288200000)]
  0x00000288f940f710 JavaThread "HikariPool-1 connection adder" daemon [_thread_blocked, id=4004, stack(0x000000a288200000,0x000000a288300000)]
  0x00000288f94100b0 JavaThread "H2-serialization" daemon [_thread_blocked, id=11940, stack(0x000000a288300000,0x000000a288400000)]
  0x00000288f940d560 JavaThread "H2-save" daemon [_thread_blocked, id=18848, stack(0x000000a288400000,0x000000a288500000)]
  0x00000288f8a6cf40 JavaThread "Catalina-utility-1" [_thread_blocked, id=15556, stack(0x000000a288500000,0x000000a288600000)]
  0x00000288f8a70430 JavaThread "Catalina-utility-2" [_thread_blocked, id=12800, stack(0x000000a288600000,0x000000a288700000)]
  0x00000288f8a6ff60 JavaThread "container-0" [_thread_blocked, id=4716, stack(0x000000a288700000,0x000000a288800000)]

Other Threads:
=>0x00000288f74f0400 VMThread "VM Thread" [stack: 0x000000a286600000,0x000000a286700000] [id=9520]
  0x00000288f81bff90 WatcherThread [stack: 0x000000a287100000,0x000000a287200000] [id=22372]
  0x00000288dd7611d0 GCTaskThread "GC Thread#0" [stack: 0x000000a286100000,0x000000a286200000] [id=11784]
  0x00000288f8dc0210 GCTaskThread "GC Thread#1" [stack: 0x000000a287500000,0x000000a287600000] [id=18412]
  0x00000288f89f2c50 GCTaskThread "GC Thread#2" [stack: 0x000000a287600000,0x000000a287700000] [id=576]
  0x00000288f88c7c10 GCTaskThread "GC Thread#3" [stack: 0x000000a287700000,0x000000a287800000] [id=22176]
  0x00000288f8dbdeb0 GCTaskThread "GC Thread#4" [stack: 0x000000a287800000,0x000000a287900000] [id=4332]
  0x00000288f97bf0a0 GCTaskThread "GC Thread#5" [stack: 0x000000a287400000,0x000000a287500000] [id=6432]
  0x00000288f96a1e80 GCTaskThread "GC Thread#6" [stack: 0x000000a287c00000,0x000000a287d00000] [id=10924]
  0x00000288fb519af0 GCTaskThread "GC Thread#7" [stack: 0x000000a287d00000,0x000000a287e00000] [id=16876]
  0x00000288dd7720a0 ConcurrentGCThread "G1 Main Marker" [stack: 0x000000a286200000,0x000000a286300000] [id=21360]
  0x00000288dd7729c0 ConcurrentGCThread "G1 Conc#0" [stack: 0x000000a286300000,0x000000a286400000] [id=21276]
  0x00000288fb5192e0 ConcurrentGCThread "G1 Conc#1" [stack: 0x000000a287e00000,0x000000a287f00000] [id=10196]
  0x00000288dd7ce3f0 ConcurrentGCThread "G1 Refine#0" [stack: 0x000000a286400000,0x000000a286500000] [id=16144]
  0x00000288f963b650 ConcurrentGCThread "G1 Refine#1" [stack: 0x000000a287900000,0x000000a287a00000] [id=12988]
  0x00000288dd7cec20 ConcurrentGCThread "G1 Service" [stack: 0x000000a286500000,0x000000a286600000] [id=20104]

Threads with active compile tasks:
C2 CompilerThread0    22414 4992       4       org.springframework.beans.factory.support.AbstractBeanFactory::isTypeMatch (619 bytes)

VM state: at safepoint (normal execution)

VM Mutex/Monitor currently owned by a thread:  ([mutex/lock_event])
[0x00000288dd705040] Threads_lock - owner thread: 0x00000288f74f0400
[0x00000288dd703a50] Heap_lock - owner thread: 0x00000288f940d090

Heap address: 0x0000000084400000, size: 1980 MB, Compressed Oops mode: 32-bit

CDS archive(s) not mapped
Compressed class space mapped at: 0x0000000100000000-0x0000000140000000, reserved size: 1073741824
Narrow klass base: 0x0000000000000000, Narrow klass shift: 3, Narrow klass range: 0x140000000

GC Precious Log:
 CPUs: 8 total, 8 available
 Memory: 7914M
 Large Page Support: Disabled
 NUMA Support: Disabled
 Compressed Oops: Enabled (32-bit)
 Heap Region Size: 1M
 Heap Min Capacity: 8M
 Heap Initial Capacity: 124M
 Heap Max Capacity: 1980M
 Pre-touch: Disabled
 Parallel Workers: 8
 Concurrent Workers: 2
 Concurrent Refinement Workers: 8
 Periodic GC: Disabled

Heap:
 garbage-first heap   total 129024K, used 56913K [0x0000000084400000, 0x0000000100000000)
  region size 1024K, 5 young (5120K), 5 survivors (5120K)
 Metaspace       used 50897K, committed 51392K, reserved 1097728K
  class space    used 6172K, committed 6400K, reserved 1048576K

Heap Regions: E=young(eden), S=young(survivor), O=old, HS=humongous(starts), HC=humongous(continues), CS=collection set, F=free, OA=open archive, CA=closed archive, TAMS=top-at-mark-start (previous, next)
|   0|0x0000000084400000, 0x0000000084500000, 0x0000000084500000|100%|HS|  |TAMS 0x0000000084500000, 0x0000000084400000| Complete 
|   1|0x0000000084500000, 0x0000000084600000, 0x0000000084600000|100%| O|  |TAMS 0x0000000084600000, 0x0000000084500000| Untracked 
|   2|0x0000000084600000, 0x0000000084700000, 0x0000000084700000|100%| O|  |TAMS 0x0000000084600000, 0x0000000084600000| Untracked 
|   3|0x0000000084700000, 0x0000000084800000, 0x0000000084800000|100%| O|  |TAMS 0x0000000084800000, 0x0000000084700000| Untracked 
|   4|0x0000000084800000, 0x0000000084900000, 0x0000000084900000|100%| O|  |TAMS 0x0000000084900000, 0x0000000084800000| Untracked 
|   5|0x0000000084900000, 0x0000000084a00000, 0x0000000084a00000|100%| O|  |TAMS 0x0000000084a00000, 0x0000000084900000| Untracked 
|   6|0x0000000084a00000, 0x0000000084b00000, 0x0000000084b00000|100%| O|  |TAMS 0x0000000084b00000, 0x0000000084a00000| Untracked 
|   7|0x0000000084b00000, 0x0000000084c00000, 0x0000000084c00000|100%| O|  |TAMS 0x0000000084c00000, 0x0000000084b00000| Untracked 
|   8|0x0000000084c00000, 0x0000000084d00000, 0x0000000084d00000|100%| O|  |TAMS 0x0000000084d00000, 0x0000000084c00000| Untracked 
|   9|0x0000000084d00000, 0x0000000084dfaa00, 0x0000000084e00000| 97%| O|  |TAMS 0x0000000084dfaa00, 0x0000000084d00000| Untracked 
|  10|0x0000000084e00000, 0x0000000084f00000, 0x0000000084f00000|100%| O|  |TAMS 0x0000000084f00000, 0x0000000084e00000| Untracked 
|  11|0x0000000084f00000, 0x0000000085000000, 0x0000000085000000|100%| O|  |TAMS 0x0000000085000000, 0x0000000084f00000| Untracked 
|  12|0x0000000085000000, 0x0000000085100000, 0x0000000085100000|100%| O|  |TAMS 0x0000000085100000, 0x0000000085000000| Untracked 
|  13|0x0000000085100000, 0x0000000085200000, 0x0000000085200000|100%| O|  |TAMS 0x0000000085200000, 0x0000000085100000| Untracked 
|  14|0x0000000085200000, 0x0000000085300000, 0x0000000085300000|100%| O|  |TAMS 0x0000000085300000, 0x0000000085200000| Untracked 
|  15|0x0000000085300000, 0x0000000085400000, 0x0000000085400000|100%| O|  |TAMS 0x0000000085400000, 0x0000000085300000| Untracked 
|  16|0x0000000085400000, 0x0000000085500000, 0x0000000085500000|100%| O|  |TAMS 0x0000000085500000, 0x0000000085400000| Untracked 
|  17|0x0000000085500000, 0x0000000085600000, 0x0000000085600000|100%| O|  |TAMS 0x0000000085600000, 0x0000000085500000| Untracked 
|  18|0x0000000085600000, 0x0000000085700000, 0x0000000085700000|100%| O|  |TAMS 0x0000000085700000, 0x0000000085600000| Untracked 
|  19|0x0000000085700000, 0x0000000085800000, 0x0000000085800000|100%| O|  |TAMS 0x0000000085800000, 0x0000000085700000| Untracked 
|  20|0x0000000085800000, 0x0000000085900000, 0x0000000085900000|100%| O|  |TAMS 0x0000000085900000, 0x0000000085800000| Untracked 
|  21|0x0000000085900000, 0x0000000085a00000, 0x0000000085a00000|100%| O|  |TAMS 0x0000000085a00000, 0x0000000085900000| Untracked 
|  22|0x0000000085a00000, 0x0000000085b00000, 0x0000000085b00000|100%| O|  |TAMS 0x0000000085b00000, 0x0000000085a00000| Untracked 
|  23|0x0000000085b00000, 0x0000000085c00000, 0x0000000085c00000|100%| O|  |TAMS 0x0000000085c00000, 0x0000000085b00000| Untracked 
|  24|0x0000000085c00000, 0x0000000085d00000, 0x0000000085d00000|100%| O|  |TAMS 0x0000000085d00000, 0x0000000085c00000| Untracked 
|  25|0x0000000085d00000, 0x0000000085e00000, 0x0000000085e00000|100%| O|  |TAMS 0x0000000085e00000, 0x0000000085d00000| Untracked 
|  26|0x0000000085e00000, 0x0000000085f00000, 0x0000000085f00000|100%| O|  |TAMS 0x0000000085f00000, 0x0000000085e00000| Untracked 
|  27|0x0000000085f00000, 0x0000000086000000, 0x0000000086000000|100%| O|  |TAMS 0x0000000086000000, 0x0000000085f00000| Untracked 
|  28|0x0000000086000000, 0x0000000086100000, 0x0000000086100000|100%| O|  |TAMS 0x0000000086100000, 0x0000000086000000| Untracked 
|  29|0x0000000086100000, 0x0000000086200000, 0x0000000086200000|100%| O|  |TAMS 0x0000000086200000, 0x0000000086100000| Untracked 
|  30|0x0000000086200000, 0x0000000086300000, 0x0000000086300000|100%| O|  |TAMS 0x0000000086300000, 0x0000000086200000| Untracked 
|  31|0x0000000086300000, 0x0000000086400000, 0x0000000086400000|100%| O|  |TAMS 0x0000000086400000, 0x0000000086300000| Untracked 
|  32|0x0000000086400000, 0x0000000086500000, 0x0000000086500000|100%| O|  |TAMS 0x0000000086500000, 0x0000000086400000| Untracked 
|  33|0x0000000086500000, 0x0000000086600000, 0x0000000086600000|100%| O|  |TAMS 0x0000000086600000, 0x0000000086500000| Untracked 
|  34|0x0000000086600000, 0x0000000086700000, 0x0000000086700000|100%| O|  |TAMS 0x0000000086700000, 0x0000000086600000| Untracked 
|  35|0x0000000086700000, 0x0000000086800000, 0x0000000086800000|100%| O|  |TAMS 0x0000000086800000, 0x0000000086700000| Untracked 
|  36|0x0000000086800000, 0x0000000086900000, 0x0000000086900000|100%| O|  |TAMS 0x0000000086900000, 0x0000000086800000| Untracked 
|  37|0x0000000086900000, 0x0000000086900000, 0x0000000086a00000|  0%| F|  |TAMS 0x0000000086900000, 0x0000000086900000| Untracked 
|  38|0x0000000086a00000, 0x0000000086b00000, 0x0000000086b00000|100%| O|  |TAMS 0x0000000086a00000, 0x0000000086a00000| Untracked 
|  39|0x0000000086b00000, 0x0000000086c00000, 0x0000000086c00000|100%| O|  |TAMS 0x0000000086b00000, 0x0000000086b00000| Untracked 
|  40|0x0000000086c00000, 0x0000000086d00000, 0x0000000086d00000|100%| O|  |TAMS 0x0000000086c00000, 0x0000000086c00000| Untracked 
|  41|0x0000000086d00000, 0x0000000086e00000, 0x0000000086e00000|100%| O|  |TAMS 0x0000000086d00000, 0x0000000086d00000| Untracked 
|  42|0x0000000086e00000, 0x0000000086f00000, 0x0000000086f00000|100%| O|  |TAMS 0x0000000086e00000, 0x0000000086e00000| Untracked 
|  43|0x0000000086f00000, 0x0000000087000000, 0x0000000087000000|100%| O|  |TAMS 0x0000000086f00000, 0x0000000086f00000| Untracked 
|  44|0x0000000087000000, 0x0000000087100000, 0x0000000087100000|100%| O|  |TAMS 0x0000000087000000, 0x0000000087000000| Untracked 
|  45|0x0000000087100000, 0x0000000087200000, 0x0000000087200000|100%| O|  |TAMS 0x0000000087100000, 0x0000000087100000| Untracked 
|  46|0x0000000087200000, 0x0000000087300000, 0x0000000087300000|100%| O|  |TAMS 0x0000000087200000, 0x0000000087200000| Untracked 
|  47|0x0000000087300000, 0x0000000087400000, 0x0000000087400000|100%| O|  |TAMS 0x0000000087300000, 0x0000000087300000| Untracked 
|  48|0x0000000087400000, 0x0000000087500000, 0x0000000087500000|100%| O|  |TAMS 0x0000000087400000, 0x0000000087400000| Untracked 
|  49|0x0000000087500000, 0x0000000087600000, 0x0000000087600000|100%| O|  |TAMS 0x0000000087500000, 0x0000000087500000| Untracked 
|  50|0x0000000087600000, 0x0000000087683800, 0x0000000087700000| 51%| O|  |TAMS 0x0000000087600000, 0x0000000087600000| Untracked 
|  51|0x0000000087700000, 0x0000000087800000, 0x0000000087800000|100%|HS|  |TAMS 0x0000000087700000, 0x0000000087700000| Complete 
|  52|0x0000000087800000, 0x0000000087900000, 0x0000000087900000|100%|HC|  |TAMS 0x0000000087800000, 0x0000000087800000| Complete 
|  53|0x0000000087900000, 0x0000000087900000, 0x0000000087a00000|  0%| F|  |TAMS 0x0000000087900000, 0x0000000087900000| Untracked 
|  54|0x0000000087a00000, 0x0000000087a00000, 0x0000000087b00000|  0%| F|  |TAMS 0x0000000087a00000, 0x0000000087a00000| Untracked 
|  55|0x0000000087b00000, 0x0000000087b00000, 0x0000000087c00000|  0%| F|  |TAMS 0x0000000087b00000, 0x0000000087b00000| Untracked 
|  56|0x0000000087c00000, 0x0000000087c00000, 0x0000000087d00000|  0%| F|  |TAMS 0x0000000087c00000, 0x0000000087c00000| Untracked 
|  57|0x0000000087d00000, 0x0000000087d00000, 0x0000000087e00000|  0%| F|  |TAMS 0x0000000087d00000, 0x0000000087d00000| Untracked 
|  58|0x0000000087e00000, 0x0000000087e00000, 0x0000000087f00000|  0%| F|  |TAMS 0x0000000087e00000, 0x0000000087e00000| Untracked 
|  59|0x0000000087f00000, 0x0000000087f00000, 0x0000000088000000|  0%| F|  |TAMS 0x0000000087f00000, 0x0000000087f00000| Untracked 
|  60|0x0000000088000000, 0x0000000088000000, 0x0000000088100000|  0%| F|  |TAMS 0x0000000088000000, 0x0000000088000000| Untracked 
|  61|0x0000000088100000, 0x0000000088100000, 0x0000000088200000|  0%| F|  |TAMS 0x0000000088100000, 0x0000000088100000| Untracked 
|  62|0x0000000088200000, 0x0000000088200000, 0x0000000088300000|  0%| F|  |TAMS 0x0000000088200000, 0x0000000088200000| Untracked 
|  63|0x0000000088300000, 0x0000000088300000, 0x0000000088400000|  0%| F|  |TAMS 0x0000000088300000, 0x0000000088300000| Untracked 
|  64|0x0000000088400000, 0x0000000088400000, 0x0000000088500000|  0%| F|  |TAMS 0x0000000088400000, 0x0000000088400000| Untracked 
|  65|0x0000000088500000, 0x0000000088500000, 0x0000000088600000|  0%| F|  |TAMS 0x0000000088500000, 0x0000000088500000| Untracked 
|  66|0x0000000088600000, 0x0000000088600000, 0x0000000088700000|  0%| F|  |TAMS 0x0000000088600000, 0x0000000088600000| Untracked 
|  67|0x0000000088700000, 0x0000000088700000, 0x0000000088800000|  0%| F|  |TAMS 0x0000000088700000, 0x0000000088700000| Untracked 
|  68|0x0000000088800000, 0x0000000088800000, 0x0000000088900000|  0%| F|  |TAMS 0x0000000088800000, 0x0000000088800000| Untracked 
|  69|0x0000000088900000, 0x0000000088900000, 0x0000000088a00000|  0%| F|  |TAMS 0x0000000088900000, 0x0000000088900000| Untracked 
|  70|0x0000000088a00000, 0x0000000088a00000, 0x0000000088b00000|  0%| F|  |TAMS 0x0000000088a00000, 0x0000000088a00000| Untracked 
|  71|0x0000000088b00000, 0x0000000088b16440, 0x0000000088c00000|  8%| S|CS|TAMS 0x0000000088b00000, 0x0000000088b00000| Complete 
|  72|0x0000000088c00000, 0x0000000088d00000, 0x0000000088d00000|100%| S|CS|TAMS 0x0000000088c00000, 0x0000000088c00000| Complete 
|  73|0x0000000088d00000, 0x0000000088e00000, 0x0000000088e00000|100%| S|CS|TAMS 0x0000000088d00000, 0x0000000088d00000| Complete 
|  74|0x0000000088e00000, 0x0000000088f00000, 0x0000000088f00000|100%| S|CS|TAMS 0x0000000088e00000, 0x0000000088e00000| Complete 
|  75|0x0000000088f00000, 0x0000000089000000, 0x0000000089000000|100%| S|CS|TAMS 0x0000000088f00000, 0x0000000088f00000| Complete 
|  76|0x0000000089000000, 0x0000000089000000, 0x0000000089100000|  0%| F|  |TAMS 0x0000000089000000, 0x0000000089000000| Untracked 
|  77|0x0000000089100000, 0x0000000089100000, 0x0000000089200000|  0%| F|  |TAMS 0x0000000089100000, 0x0000000089100000| Untracked 
|  78|0x0000000089200000, 0x0000000089200000, 0x0000000089300000|  0%| F|  |TAMS 0x0000000089200000, 0x0000000089200000| Untracked 
|  79|0x0000000089300000, 0x0000000089300000, 0x0000000089400000|  0%| F|  |TAMS 0x0000000089300000, 0x0000000089300000| Untracked 
|  80|0x0000000089400000, 0x0000000089400000, 0x0000000089500000|  0%| F|  |TAMS 0x0000000089400000, 0x0000000089400000| Untracked 
|  81|0x0000000089500000, 0x0000000089500000, 0x0000000089600000|  0%| F|  |TAMS 0x0000000089500000, 0x0000000089500000| Untracked 
|  82|0x0000000089600000, 0x0000000089600000, 0x0000000089700000|  0%| F|  |TAMS 0x0000000089600000, 0x0000000089600000| Untracked 
|  83|0x0000000089700000, 0x0000000089700000, 0x0000000089800000|  0%| F|  |TAMS 0x0000000089700000, 0x0000000089700000| Untracked 
|  84|0x0000000089800000, 0x0000000089800000, 0x0000000089900000|  0%| F|  |TAMS 0x0000000089800000, 0x0000000089800000| Untracked 
|  85|0x0000000089900000, 0x0000000089900000, 0x0000000089a00000|  0%| F|  |TAMS 0x0000000089900000, 0x0000000089900000| Untracked 
|  86|0x0000000089a00000, 0x0000000089a00000, 0x0000000089b00000|  0%| F|  |TAMS 0x0000000089a00000, 0x0000000089a00000| Untracked 
|  87|0x0000000089b00000, 0x0000000089b00000, 0x0000000089c00000|  0%| F|  |TAMS 0x0000000089b00000, 0x0000000089b00000| Untracked 
|  88|0x0000000089c00000, 0x0000000089c00000, 0x0000000089d00000|  0%| F|  |TAMS 0x0000000089c00000, 0x0000000089c00000| Untracked 
|  89|0x0000000089d00000, 0x0000000089d00000, 0x0000000089e00000|  0%| F|  |TAMS 0x0000000089d00000, 0x0000000089d00000| Untracked 
|  90|0x0000000089e00000, 0x0000000089e00000, 0x0000000089f00000|  0%| F|  |TAMS 0x0000000089e00000, 0x0000000089e00000| Untracked 
|  91|0x0000000089f00000, 0x0000000089f00000, 0x000000008a000000|  0%| F|  |TAMS 0x0000000089f00000, 0x0000000089f00000| Untracked 
|  92|0x000000008a000000, 0x000000008a000000, 0x000000008a100000|  0%| F|  |TAMS 0x000000008a000000, 0x000000008a000000| Untracked 
|  93|0x000000008a100000, 0x000000008a100000, 0x000000008a200000|  0%| F|  |TAMS 0x000000008a100000, 0x000000008a100000| Untracked 
|  94|0x000000008a200000, 0x000000008a200000, 0x000000008a300000|  0%| F|  |TAMS 0x000000008a200000, 0x000000008a200000| Untracked 
|  95|0x000000008a300000, 0x000000008a300000, 0x000000008a400000|  0%| F|  |TAMS 0x000000008a300000, 0x000000008a300000| Untracked 
|  96|0x000000008a400000, 0x000000008a400000, 0x000000008a500000|  0%| F|  |TAMS 0x000000008a400000, 0x000000008a400000| Untracked 
|  97|0x000000008a500000, 0x000000008a500000, 0x000000008a600000|  0%| F|  |TAMS 0x000000008a500000, 0x000000008a500000| Untracked 
|  98|0x000000008a600000, 0x000000008a600000, 0x000000008a700000|  0%| F|  |TAMS 0x000000008a600000, 0x000000008a600000| Untracked 
|  99|0x000000008a700000, 0x000000008a700000, 0x000000008a800000|  0%| F|  |TAMS 0x000000008a700000, 0x000000008a700000| Untracked 
| 100|0x000000008a800000, 0x000000008a800000, 0x000000008a900000|  0%| F|  |TAMS 0x000000008a800000, 0x000000008a800000| Untracked 
| 101|0x000000008a900000, 0x000000008a900000, 0x000000008aa00000|  0%| F|  |TAMS 0x000000008a900000, 0x000000008a900000| Untracked 
| 102|0x000000008aa00000, 0x000000008aa00000, 0x000000008ab00000|  0%| F|  |TAMS 0x000000008aa00000, 0x000000008aa00000| Untracked 
| 103|0x000000008ab00000, 0x000000008ab00000, 0x000000008ac00000|  0%| F|  |TAMS 0x000000008ab00000, 0x000000008ab00000| Untracked 
| 104|0x000000008ac00000, 0x000000008ac00000, 0x000000008ad00000|  0%| F|  |TAMS 0x000000008ac00000, 0x000000008ac00000| Untracked 
| 105|0x000000008ad00000, 0x000000008ad00000, 0x000000008ae00000|  0%| F|  |TAMS 0x000000008ad00000, 0x000000008ad00000| Untracked 
| 106|0x000000008ae00000, 0x000000008ae00000, 0x000000008af00000|  0%| F|  |TAMS 0x000000008ae00000, 0x000000008ae00000| Untracked 
| 107|0x000000008af00000, 0x000000008af00000, 0x000000008b000000|  0%| F|  |TAMS 0x000000008af00000, 0x000000008af00000| Untracked 
| 108|0x000000008b000000, 0x000000008b000000, 0x000000008b100000|  0%| F|  |TAMS 0x000000008b000000, 0x000000008b000000| Untracked 
| 109|0x000000008b100000, 0x000000008b100000, 0x000000008b200000|  0%| F|  |TAMS 0x000000008b100000, 0x000000008b100000| Untracked 
| 110|0x000000008b200000, 0x000000008b200000, 0x000000008b300000|  0%| F|  |TAMS 0x000000008b200000, 0x000000008b200000| Untracked 
| 111|0x000000008b300000, 0x000000008b300000, 0x000000008b400000|  0%| F|  |TAMS 0x000000008b300000, 0x000000008b300000| Untracked 
| 112|0x000000008b400000, 0x000000008b400000, 0x000000008b500000|  0%| F|  |TAMS 0x000000008b400000, 0x000000008b400000| Untracked 
| 113|0x000000008b500000, 0x000000008b500000, 0x000000008b600000|  0%| F|  |TAMS 0x000000008b500000, 0x000000008b500000| Untracked 
| 114|0x000000008b600000, 0x000000008b600000, 0x000000008b700000|  0%| F|  |TAMS 0x000000008b600000, 0x000000008b600000| Untracked 
| 115|0x000000008b700000, 0x000000008b700000, 0x000000008b800000|  0%| F|  |TAMS 0x000000008b700000, 0x000000008b700000| Untracked 
| 116|0x000000008b800000, 0x000000008b800000, 0x000000008b900000|  0%| F|  |TAMS 0x000000008b800000, 0x000000008b800000| Untracked 
| 117|0x000000008b900000, 0x000000008b900000, 0x000000008ba00000|  0%| F|  |TAMS 0x000000008b900000, 0x000000008b900000| Untracked 
| 118|0x000000008ba00000, 0x000000008ba00000, 0x000000008bb00000|  0%| F|  |TAMS 0x000000008ba00000, 0x000000008ba00000| Untracked 
| 119|0x000000008bb00000, 0x000000008bb00000, 0x000000008bc00000|  0%| F|  |TAMS 0x000000008bb00000, 0x000000008bb00000| Untracked 
| 120|0x000000008bc00000, 0x000000008bc00000, 0x000000008bd00000|  0%| F|  |TAMS 0x000000008bc00000, 0x000000008bc00000| Untracked 
| 121|0x000000008bd00000, 0x000000008bd00000, 0x000000008be00000|  0%| F|  |TAMS 0x000000008bd00000, 0x000000008bd00000| Untracked 
| 122|0x000000008be00000, 0x000000008be00000, 0x000000008bf00000|  0%| F|  |TAMS 0x000000008be00000, 0x000000008be00000| Untracked 
| 123|0x000000008bf00000, 0x000000008bf00000, 0x000000008c000000|  0%| F|  |TAMS 0x000000008bf00000, 0x000000008bf00000| Untracked 
| 124|0x000000008c000000, 0x000000008c000000, 0x000000008c100000|  0%| F|  |TAMS 0x000000008c000000, 0x000000008c000000| Untracked 
| 125|0x000000008c100000, 0x000000008c100000, 0x000000008c200000|  0%| F|  |TAMS 0x000000008c100000, 0x000000008c100000| Untracked 

Card table byte_map: [0x00000288f04d0000,0x00000288f08b0000] _byte_map_base: 0x00000288f00ae000

Marking Bits (Prev, Next): (CMBitMap*) 0x00000288dd7616f0, (CMBitMap*) 0x00000288dd761730
 Prev Bits: [0x00000288f0c90000, 0x00000288f2b80000)
 Next Bits: [0x00000288f2b80000, 0x00000288f4a70000)

Polling page: 0x00000288dced0000

Metaspace:

Usage:
  Non-class:     43.68 MB used.
      Class:      6.03 MB used.
       Both:     49.70 MB used.

Virtual space:
  Non-class space:       48.00 MB reserved,      43.94 MB ( 92%) committed,  6 nodes.
      Class space:        1.00 GB reserved,       6.25 MB ( <1%) committed,  1 nodes.
             Both:        1.05 GB reserved,      50.19 MB (  5%) committed. 

Chunk freelists:
   Non-Class:  3.67 MB
       Class:  1.69 MB
        Both:  5.36 MB

MaxMetaspaceSize: unlimited
CompressedClassSpaceSize: 1.00 GB
Initial GC threshold: 21.00 MB
Current GC threshold: 58.88 MB
CDS: off
MetaspaceReclaimPolicy: balanced
 - commit_granule_bytes: 65536.
 - commit_granule_words: 8192.
 - virtual_space_node_default_size: 1048576.
 - enlarge_chunks_in_place: 1.
 - new_chunks_are_fully_committed: 0.
 - uncommit_free_chunks: 1.
 - use_allocation_guard: 0.
 - handle_deallocations: 1.


Internal statistics:

num_allocs_failed_limit: 6.
num_arena_births: 558.
num_arena_deaths: 0.
num_vsnodes_births: 7.
num_vsnodes_deaths: 0.
num_space_committed: 803.
num_space_uncommitted: 0.
num_chunks_returned_to_freelist: 6.
num_chunks_taken_from_freelist: 2072.
num_chunk_merges: 6.
num_chunk_splits: 1424.
num_chunks_enlarged: 1046.
num_purges: 0.
num_inconsistent_stats: 0.

CodeHeap 'non-profiled nmethods': size=120000Kb used=2860Kb max_used=2963Kb free=117139Kb
 bounds [0x00000288e8890000, 0x00000288e8b80000, 0x00000288efdc0000]
CodeHeap 'profiled nmethods': size=120000Kb used=8149Kb max_used=8627Kb free=111850Kb
 bounds [0x00000288e1360000, 0x00000288e1bd0000, 0x00000288e8890000]
CodeHeap 'non-nmethods': size=5760Kb used=1268Kb max_used=1279Kb free=4491Kb
 bounds [0x00000288e0dc0000, 0x00000288e1030000, 0x00000288e1360000]
 total_blobs=4845 nmethods=4269 adapters=486
 compilation: enabled
              stopped_count=0, restarted_count=0
 full_count=0

Compilation events (20 events):
Event: 20.225 Thread 0x00000288f8038270 5145       2       java.lang.reflect.Method::invoke (65 bytes)
Event: 20.225 Thread 0x00000288f8038270 nmethod 5145 0x00000288e1416c10 code [0x00000288e1416de0, 0x00000288e1416ff8]
Event: 20.226 Thread 0x00000288f8038270 5146       2       org.springframework.aop.framework.autoproxy.AutoProxyUtils::isOriginalInstance (55 bytes)
Event: 20.226 Thread 0x00000288f8038270 nmethod 5146 0x00000288e13c1b90 code [0x00000288e13c1d60, 0x00000288e13c2058]
Event: 20.228 Thread 0x00000288f8038270 5147       2       org.springframework.aop.aspectj.annotation.AnnotationAwareAspectJAutoProxyCreator::findCandidateAdvisors (28 bytes)
Event: 20.229 Thread 0x00000288f8038270 nmethod 5147 0x00000288e13c1590 code [0x00000288e13c1760, 0x00000288e13c19b8]
Event: 20.229 Thread 0x00000288f8038270 5148       2       org.springframework.aop.framework.autoproxy.AbstractAdvisorAutoProxyCreator::findCandidateAdvisors (25 bytes)
Event: 20.229 Thread 0x00000288f8038270 nmethod 5148 0x00000288e13c1090 code [0x00000288e13c1240, 0x00000288e13c1438]
Event: 20.281 Thread 0x00000288f8038270 5149       1       java.lang.ThreadLocal::initialValue (2 bytes)
Event: 20.281 Thread 0x00000288f8038270 nmethod 5149 0x00000288e88f7c90 code [0x00000288e88f7e20, 0x00000288e88f7ef8]
Event: 20.304 Thread 0x00000288f8038270 5150       2       jdk.internal.loader.URLClassPath$1::nextElement (5 bytes)
Event: 20.305 Thread 0x00000288f8038270 nmethod 5150 0x00000288e13c0b90 code [0x00000288e13c0d40, 0x00000288e13c0f58]
Event: 20.305 Thread 0x00000288f8038270 5151       2       jdk.internal.loader.URLClassPath$1::nextElement (27 bytes)
Event: 20.305 Thread 0x00000288f8038270 nmethod 5151 0x00000288e13c0690 code [0x00000288e13c0840, 0x00000288e13c0a58]
Event: 20.306 Thread 0x00000288f8038270 5152       2       sun.nio.fs.WindowsPath::compareTo (118 bytes)
Event: 20.308 Thread 0x00000288f8038270 nmethod 5152 0x00000288e13bf710 code [0x00000288e13bf940, 0x00000288e13c0008]
Event: 20.311 Thread 0x00000288f8038270 5153  s    2       jdk.internal.perf.PerfCounter::add (18 bytes)
Event: 20.312 Thread 0x00000288f8038270 nmethod 5153 0x00000288e13bf110 code [0x00000288e13bf2c0, 0x00000288e13bf5b8]
Event: 20.312 Thread 0x00000288f8038270 5154  s    2       jdk.internal.perf.PerfCounter::get (9 bytes)
Event: 20.312 Thread 0x00000288f8038270 nmethod 5154 0x00000288e13bec90 code [0x00000288e13bee40, 0x00000288e13bf028]

GC Heap History (20 events):
Event: 7.140 GC heap after
{Heap after GC invocations=12 (full 0):
 garbage-first heap   total 64512K, used 23078K [0x0000000084400000, 0x0000000100000000)
  region size 1024K, 3 young (3072K), 3 survivors (3072K)
 Metaspace       used 28730K, committed 28992K, reserved 1081344K
  class space    used 3223K, committed 3392K, reserved 1048576K
}
Event: 7.406 GC heap before
{Heap before GC invocations=12 (full 0):
 garbage-first heap   total 64512K, used 51750K [0x0000000084400000, 0x0000000100000000)
  region size 1024K, 31 young (31744K), 3 survivors (3072K)
 Metaspace       used 28787K, committed 29056K, reserved 1081344K
  class space    used 3237K, committed 3392K, reserved 1048576K
}
Event: 7.425 GC heap after
{Heap after GC invocations=13 (full 0):
 garbage-first heap   total 64512K, used 24963K [0x0000000084400000, 0x0000000100000000)
  region size 1024K, 4 young (4096K), 4 survivors (4096K)
 Metaspace       used 28787K, committed 29056K, reserved 1081344K
  class space    used 3237K, committed 3392K, reserved 1048576K
}
Event: 7.760 GC heap before
{Heap before GC invocations=13 (full 0):
 garbage-first heap   total 64512K, used 51587K [0x0000000084400000, 0x0000000100000000)
  region size 1024K, 30 young (30720K), 4 survivors (4096K)
 Metaspace       used 28794K, committed 29056K, reserved 1081344K
  class space    used 3237K, committed 3392K, reserved 1048576K
}
Event: 7.775 GC heap after
{Heap after GC invocations=14 (full 0):
 garbage-first heap   total 64512K, used 26723K [0x0000000084400000, 0x0000000100000000)
  region size 1024K, 4 young (4096K), 4 survivors (4096K)
 Metaspace       used 28794K, committed 29056K, reserved 1081344K
  class space    used 3237K, committed 3392K, reserved 1048576K
}
Event: 8.139 GC heap before
{Heap before GC invocations=14 (full 0):
 garbage-first heap   total 64512K, used 51299K [0x0000000084400000, 0x0000000100000000)
  region size 1024K, 28 young (28672K), 4 survivors (4096K)
 Metaspace       used 28799K, committed 29056K, reserved 1081344K
  class space    used 3237K, committed 3392K, reserved 1048576K
}
Event: 8.230 GC heap after
{Heap after GC invocations=15 (full 0):
 garbage-first heap   total 129024K, used 28667K [0x0000000084400000, 0x0000000100000000)
  region size 1024K, 4 young (4096K), 4 survivors (4096K)
 Metaspace       used 28799K, committed 29056K, reserved 1081344K
  class space    used 3237K, committed 3392K, reserved 1048576K
}
Event: 9.100 GC heap before
{Heap before GC invocations=15 (full 0):
 garbage-first heap   total 129024K, used 101371K [0x0000000084400000, 0x0000000100000000)
  region size 1024K, 75 young (76800K), 4 survivors (4096K)
 Metaspace       used 29463K, committed 29760K, reserved 1081344K
  class space    used 3310K, committed 3456K, reserved 1048576K
}
Event: 9.115 GC heap after
{Heap after GC invocations=16 (full 0):
 garbage-first heap   total 129024K, used 33534K [0x0000000084400000, 0x0000000100000000)
  region size 1024K, 9 young (9216K), 9 survivors (9216K)
 Metaspace       used 29463K, committed 29760K, reserved 1081344K
  class space    used 3310K, committed 3456K, reserved 1048576K
}
Event: 11.434 GC heap before
{Heap before GC invocations=16 (full 0):
 garbage-first heap   total 129024K, used 98046K [0x0000000084400000, 0x0000000100000000)
  region size 1024K, 72 young (73728K), 9 survivors (9216K)
 Metaspace       used 33883K, committed 34176K, reserved 1081344K
  class space    used 3888K, committed 4032K, reserved 1048576K
}
Event: 11.451 GC heap after
{Heap after GC invocations=17 (full 0):
 garbage-first heap   total 129024K, used 39100K [0x0000000084400000, 0x0000000100000000)
  region size 1024K, 6 young (6144K), 6 survivors (6144K)
 Metaspace       used 33883K, committed 34176K, reserved 1081344K
  class space    used 3888K, committed 4032K, reserved 1048576K
}
Event: 11.929 GC heap before
{Heap before GC invocations=17 (full 0):
 garbage-first heap   total 129024K, used 99516K [0x0000000084400000, 0x0000000100000000)
  region size 1024K, 65 young (66560K), 6 survivors (6144K)
 Metaspace       used 33917K, committed 34240K, reserved 1081344K
  class space    used 3890K, committed 4032K, reserved 1048576K
}
Event: 11.936 GC heap after
{Heap after GC invocations=18 (full 0):
 garbage-first heap   total 129024K, used 44006K [0x0000000084400000, 0x0000000100000000)
  region size 1024K, 6 young (6144K), 6 survivors (6144K)
 Metaspace       used 33917K, committed 34240K, reserved 1081344K
  class space    used 3890K, committed 4032K, reserved 1048576K
}
Event: 13.275 GC heap before
{Heap before GC invocations=18 (full 0):
 garbage-first heap   total 129024K, used 78822K [0x0000000084400000, 0x0000000100000000)
  region size 1024K, 41 young (41984K), 6 survivors (6144K)
 Metaspace       used 35821K, committed 36096K, reserved 1081344K
  class space    used 4259K, committed 4416K, reserved 1048576K
}
Event: 13.281 GC heap after
{Heap after GC invocations=19 (full 0):
 garbage-first heap   total 129024K, used 45039K [0x0000000084400000, 0x0000000100000000)
  region size 1024K, 3 young (3072K), 3 survivors (3072K)
 Metaspace       used 35821K, committed 36096K, reserved 1081344K
  class space    used 4259K, committed 4416K, reserved 1048576K
}
Event: 17.238 GC heap before
{Heap before GC invocations=20 (full 0):
 garbage-first heap   total 129024K, used 109551K [0x0000000084400000, 0x0000000100000000)
  region size 1024K, 60 young (61440K), 3 survivors (3072K)
 Metaspace       used 43279K, committed 43648K, reserved 1089536K
  class space    used 5250K, committed 5440K, reserved 1048576K
}
Event: 17.247 GC heap after
{Heap after GC invocations=21 (full 0):
 garbage-first heap   total 129024K, used 51708K [0x0000000084400000, 0x0000000100000000)
  region size 1024K, 8 young (8192K), 8 survivors (8192K)
 Metaspace       used 43279K, committed 43648K, reserved 1089536K
  class space    used 5250K, committed 5440K, reserved 1048576K
}
Event: 17.252 GC heap before
{Heap before GC invocations=21 (full 0):
 garbage-first heap   total 129024K, used 52732K [0x0000000084400000, 0x0000000100000000)
  region size 1024K, 9 young (9216K), 8 survivors (8192K)
 Metaspace       used 43279K, committed 43648K, reserved 1089536K
  class space    used 5250K, committed 5440K, reserved 1048576K
}
Event: 17.260 GC heap after
{Heap after GC invocations=22 (full 0):
 garbage-first heap   total 129024K, used 51930K [0x0000000084400000, 0x0000000100000000)
  region size 1024K, 2 young (2048K), 2 survivors (2048K)
 Metaspace       used 43279K, committed 43648K, reserved 1089536K
  class space    used 5250K, committed 5440K, reserved 1048576K
}
Event: 20.326 GC heap before
{Heap before GC invocations=22 (full 0):
 garbage-first heap   total 129024K, used 104154K [0x0000000084400000, 0x0000000100000000)
  region size 1024K, 50 young (51200K), 2 survivors (2048K)
 Metaspace       used 50897K, committed 51392K, reserved 1097728K
  class space    used 6172K, committed 6400K, reserved 1048576K
}

Deoptimization events (20 events):
Event: 19.934 Thread 0x00000288f940f710 DEOPT PACKING pc=0x00000288e89e1e98 sp=0x000000a2882fed40
Event: 19.934 Thread 0x00000288f940f710 DEOPT UNPACKING pc=0x00000288e0e15c23 sp=0x000000a2882fed38 mode 2
Event: 19.950 Thread 0x00000288f940f710 Uncommon trap: trap_request=0xffffffde fr.pc=0x00000288e89e1e98 relative=0x0000000000002458
Event: 19.950 Thread 0x00000288f940f710 Uncommon trap: reason=class_check action=maybe_recompile pc=0x00000288e89e1e98 method=java.util.HashMap.computeIfAbsent(Ljava/lang/Object;Ljava/util/function/Function;)Ljava/lang/Object; @ 188 c2
Event: 19.950 Thread 0x00000288f940f710 DEOPT PACKING pc=0x00000288e89e1e98 sp=0x000000a2882fed40
Event: 19.950 Thread 0x00000288f940f710 DEOPT UNPACKING pc=0x00000288e0e15c23 sp=0x000000a2882fed38 mode 2
Event: 19.999 Thread 0x00000288f940d090 DEOPT PACKING pc=0x00000288e17e9816 sp=0x000000a287bf9cb0
Event: 19.999 Thread 0x00000288f940d090 DEOPT UNPACKING pc=0x00000288e0e16763 sp=0x000000a287bf91c8 mode 0
Event: 19.999 Thread 0x00000288f940d090 DEOPT PACKING pc=0x00000288e17ea31e sp=0x000000a287bf9d90
Event: 19.999 Thread 0x00000288f940d090 DEOPT UNPACKING pc=0x00000288e0e16763 sp=0x000000a287bf9278 mode 0
Event: 20.059 Thread 0x00000288f940d090 DEOPT PACKING pc=0x00000288e158001b sp=0x000000a287bfbc10
Event: 20.059 Thread 0x00000288f940d090 DEOPT UNPACKING pc=0x00000288e0e16763 sp=0x000000a287bfb080 mode 0
Event: 20.128 Thread 0x00000288f940d090 Uncommon trap: trap_request=0xffffff45 fr.pc=0x00000288e8956890 relative=0x0000000000000d70
Event: 20.128 Thread 0x00000288f940d090 Uncommon trap: reason=unstable_if action=reinterpret pc=0x00000288e8956890 method=java.util.concurrent.ConcurrentHashMap.computeIfAbsent(Ljava/lang/Object;Ljava/util/function/Function;)Ljava/lang/Object; @ 244 c2
Event: 20.128 Thread 0x00000288f940d090 DEOPT PACKING pc=0x00000288e8956890 sp=0x000000a287bfc310
Event: 20.128 Thread 0x00000288f940d090 DEOPT UNPACKING pc=0x00000288e0e15c23 sp=0x000000a287bfc2a0 mode 2
Event: 20.300 Thread 0x00000288f940d090 Uncommon trap: trap_request=0xfffffff4 fr.pc=0x00000288e8b74018 relative=0x0000000000000698
Event: 20.301 Thread 0x00000288f940d090 Uncommon trap: reason=null_check action=make_not_entrant pc=0x00000288e8b74018 method=org.springframework.beans.factory.support.DefaultListableBeanFactory.getBeanDefinition(Ljava/lang/String;)Lorg/springframework/beans/factory/config/BeanDefinition; @ 10 
Event: 20.301 Thread 0x00000288f940d090 DEOPT PACKING pc=0x00000288e8b74018 sp=0x000000a287bfc010
Event: 20.301 Thread 0x00000288f940d090 DEOPT UNPACKING pc=0x00000288e0e15c23 sp=0x000000a287bfbf58 mode 2

Classes unloaded (0 events):
No events

Classes redefined (0 events):
No events

Internal exceptions (20 events):
Event: 18.417 Thread 0x00000288f940d090 Exception <a 'java/lang/NoSuchMethodError'{0x000000008b70cd08}: 'int java.lang.invoke.DirectMethodHandle$Holder.invokeInterface(java.lang.Object, java.lang.Object, java.lang.Object, java.lang.Object)'> (0x000000008b70cd08) 
thrown [s\src\hotspot\share\interpreter\linkResolver.cpp, line 759]
Event: 18.630 Thread 0x00000288f940d090 Exception <a 'java/lang/NoSuchMethodError'{0x000000008b6fc0f8}: 'java.lang.Object java.lang.invoke.DirectMethodHandle$Holder.invokeStaticInit(java.lang.Object, java.lang.Object, java.lang.Object, java.lang.Object)'> (0x000000008b6fc0f8) 
thrown [s\src\hotspot\share\interpreter\linkResolver.cpp, line 759]
Event: 18.632 Thread 0x00000288f940d090 Exception <a 'java/lang/IncompatibleClassChangeError'{0x000000008b50f900}: Found class java.lang.Object, but interface was expected> (0x000000008b50f900) 
thrown [s\src\hotspot\share\interpreter\linkResolver.cpp, line 826]
Event: 18.634 Thread 0x00000288f940d090 Exception <a 'java/lang/IncompatibleClassChangeError'{0x000000008b51d0c0}: Found class java.lang.Object, but interface was expected> (0x000000008b51d0c0) 
thrown [s\src\hotspot\share\interpreter\linkResolver.cpp, line 826]
Event: 18.641 Thread 0x00000288f940d090 Exception <a 'java/lang/IncompatibleClassChangeError'{0x000000008b54c100}: Found class java.lang.Object, but interface was expected> (0x000000008b54c100) 
thrown [s\src\hotspot\share\interpreter\linkResolver.cpp, line 826]
Event: 19.132 Thread 0x00000288f940d090 Exception <a 'sun/nio/fs/WindowsException'{0x000000008aca3b38}> (0x000000008aca3b38) 
thrown [s\src\hotspot\share\prims\jni.cpp, line 516]
Event: 19.136 Thread 0x00000288f940d090 Exception <a 'sun/nio/fs/WindowsException'{0x000000008acbe8c8}> (0x000000008acbe8c8) 
thrown [s\src\hotspot\share\prims\jni.cpp, line 516]
Event: 19.136 Thread 0x00000288f940d090 Exception <a 'sun/nio/fs/WindowsException'{0x000000008acbec58}> (0x000000008acbec58) 
thrown [s\src\hotspot\share\prims\jni.cpp, line 516]
Event: 19.136 Thread 0x00000288f940d090 Exception <a 'sun/nio/fs/WindowsException'{0x000000008acc0790}> (0x000000008acc0790) 
thrown [s\src\hotspot\share\prims\jni.cpp, line 516]
Event: 19.136 Thread 0x00000288f940d090 Exception <a 'sun/nio/fs/WindowsException'{0x000000008acc0b20}> (0x000000008acc0b20) 
thrown [s\src\hotspot\share\prims\jni.cpp, line 516]
Event: 19.138 Thread 0x00000288f940d090 Exception <a 'sun/nio/fs/WindowsException'{0x000000008acc3340}> (0x000000008acc3340) 
thrown [s\src\hotspot\share\prims\jni.cpp, line 516]
Event: 19.162 Thread 0x00000288f940d090 Exception <a 'sun/nio/fs/WindowsException'{0x000000008ab852a0}> (0x000000008ab852a0) 
thrown [s\src\hotspot\share\prims\jni.cpp, line 516]
Event: 19.176 Thread 0x00000288f940d090 Exception <a 'java/lang/NoSuchMethodError'{0x000000008abc7050}: 'void java.lang.invoke.DirectMethodHandle$Holder.invokeStaticInit(java.lang.Object, java.lang.Object, java.lang.Object, java.lang.Object, java.lang.Object)'> (0x000000008abc7050) 
thrown [s\src\hotspot\share\interpreter\linkResolver.cpp, line 759]
Event: 19.501 Thread 0x00000288f940d090 Exception <a 'java/lang/NoSuchMethodError'{0x000000008a33dc78}: 'void java.lang.invoke.DirectMethodHandle$Holder.invokeSpecial(java.lang.Object, java.lang.Object, long)'> (0x000000008a33dc78) 
thrown [s\src\hotspot\share\interpreter\linkResolver.cpp, line 759]
Event: 19.904 Thread 0x00000288f940f710 Implicit null exception at 0x00000288e8a64067 to 0x00000288e8a641d4
Event: 19.959 Thread 0x00000288f940d090 Exception <a 'java/lang/NoSuchMethodError'{0x0000000089fef1a0}: 'java.lang.Object java.lang.invoke.DirectMethodHandle$Holder.invokeStatic(java.lang.Object, java.lang.Object, int, java.lang.Object)'> (0x0000000089fef1a0) 
thrown [s\src\hotspot\share\interpreter\linkResolver.cpp, line 759]
Event: 19.959 Thread 0x00000288f940d090 Exception <a 'java/lang/NoSuchMethodError'{0x0000000089ff62b8}: 'java.lang.Object java.lang.invoke.DirectMethodHandle$Holder.newInvokeSpecial(java.lang.Object, java.lang.Object, int)'> (0x0000000089ff62b8) 
thrown [s\src\hotspot\share\interpreter\linkResolver.cpp, line 759]
Event: 20.100 Thread 0x00000288f940d090 Exception <a 'java/lang/NoSuchMethodError'{0x0000000089b8fde0}: 'long java.lang.invoke.DirectMethodHandle$Holder.invokeVirtual(java.lang.Object, java.lang.Object)'> (0x0000000089b8fde0) 
thrown [s\src\hotspot\share\interpreter\linkResolver.cpp, line 759]
Event: 20.123 Thread 0x00000288f940d090 Exception <a 'java/io/FileNotFoundException'{0x0000000089bbd310}> (0x0000000089bbd310) 
thrown [s\src\hotspot\share\prims\jni.cpp, line 516]
Event: 20.300 Thread 0x00000288f940d090 Implicit null exception at 0x00000288e8b73ebc to 0x00000288e8b73fff

VM Operations (20 events):
Event: 17.247 Executing VM operation: G1CollectForAllocation done
Event: 17.252 Executing VM operation: G1CollectForAllocation
Event: 17.260 Executing VM operation: G1CollectForAllocation done
Event: 18.271 Executing VM operation: Cleanup
Event: 18.272 Executing VM operation: Cleanup done
Event: 19.178 Executing VM operation: HandshakeAllThreads
Event: 19.178 Executing VM operation: HandshakeAllThreads done
Event: 19.610 Executing VM operation: ICBufferFull
Event: 19.903 Executing VM operation: ICBufferFull done
Event: 19.916 Executing VM operation: HandshakeAllThreads
Event: 19.916 Executing VM operation: HandshakeAllThreads done
Event: 19.916 Executing VM operation: HandshakeAllThreads
Event: 19.916 Executing VM operation: HandshakeAllThreads done
Event: 20.033 Executing VM operation: HandshakeAllThreads
Event: 20.033 Executing VM operation: HandshakeAllThreads done
Event: 20.034 Executing VM operation: HandshakeAllThreads
Event: 20.034 Executing VM operation: HandshakeAllThreads done
Event: 20.130 Executing VM operation: HandshakeAllThreads
Event: 20.130 Executing VM operation: HandshakeAllThreads done
Event: 20.326 Executing VM operation: G1CollectForAllocation

Events (20 events):
Event: 20.011 loading class java/util/concurrent/ForkJoinPool$ForkJoinWorkerThreadFactory
Event: 20.011 loading class java/util/concurrent/ForkJoinPool$ForkJoinWorkerThreadFactory done
Event: 20.011 loading class java/util/concurrent/ForkJoinPool$DefaultForkJoinWorkerThreadFactory done
Event: 20.011 loading class java/util/concurrent/ForkJoinPool$1
Event: 20.011 loading class java/util/concurrent/ForkJoinPool$1 done
Event: 20.011 loading class java/util/concurrent/ForkJoinPool$DefaultCommonPoolForkJoinWorkerThreadFactory
Event: 20.011 loading class java/util/concurrent/ForkJoinPool$DefaultCommonPoolForkJoinWorkerThreadFactory done
Event: 20.011 loading class java/util/concurrent/ForkJoinPool$WorkQueue
Event: 20.012 loading class java/util/concurrent/ForkJoinPool$WorkQueue done
Event: 20.012 loading class java/util/concurrent/ForkJoinWorkerThread
Event: 20.012 loading class java/util/concurrent/ForkJoinWorkerThread done
Event: 20.065 loading class javax/net/ssl/SSLException
Event: 20.065 loading class javax/net/ssl/SSLException done
Event: 20.099 loading class java/nio/channels/CompletionHandler
Event: 20.099 loading class java/nio/channels/CompletionHandler done
Event: 20.128 loading class jdk/internal/vm/annotation/IntrinsicCandidate
Event: 20.128 loading class jdk/internal/vm/annotation/IntrinsicCandidate done
Event: 20.163 Thread 0x00000288f8a6cf40 Thread added: 0x00000288f8a6cf40
Event: 20.164 Thread 0x00000288f8a70430 Thread added: 0x00000288f8a70430
Event: 20.189 Thread 0x00000288f8a6ff60 Thread added: 0x00000288f8a6ff60


Dynamic libraries:
0x00007ff6b5db0000 - 0x00007ff6b5dbe000 	D:\Softwares & Modules\sts-4.15.3.RELEASE\plugins\org.eclipse.justj.openjdk.hotspot.jre.full.win32.x86_64_17.0.4.v20220805-1047\jre\bin\javaw.exe
0x00007ff8d0800000 - 0x00007ff8d0a09000 	C:\WINDOWS\SYSTEM32\ntdll.dll
0x00007ff8ce7e0000 - 0x00007ff8ce89e000 	C:\WINDOWS\System32\KERNEL32.DLL
0x00007ff8cdd50000 - 0x00007ff8ce0cb000 	C:\WINDOWS\System32\KERNELBASE.dll
0x00007ff8ce0d0000 - 0x00007ff8ce1e1000 	C:\WINDOWS\System32\ucrtbase.dll
0x00007ff897170000 - 0x00007ff897188000 	D:\Softwares & Modules\sts-4.15.3.RELEASE\plugins\org.eclipse.justj.openjdk.hotspot.jre.full.win32.x86_64_17.0.4.v20220805-1047\jre\bin\jli.dll
0x00007ff88c740000 - 0x00007ff88c759000 	D:\Softwares & Modules\sts-4.15.3.RELEASE\plugins\org.eclipse.justj.openjdk.hotspot.jre.full.win32.x86_64_17.0.4.v20220805-1047\jre\bin\VCRUNTIME140.dll
0x00007ff8cf660000 - 0x00007ff8cf80d000 	C:\WINDOWS\System32\USER32.dll
0x00007ff8ce3b0000 - 0x00007ff8ce3d6000 	C:\WINDOWS\System32\win32u.dll
0x00007ff8ac4b0000 - 0x00007ff8ac755000 	C:\WINDOWS\WinSxS\amd64_microsoft.windows.common-controls_6595b64144ccf1df_6.0.22000.120_none_9d947278b86cc467\COMCTL32.dll
0x00007ff8cf4f0000 - 0x00007ff8cf519000 	C:\WINDOWS\System32\GDI32.dll
0x00007ff8cfdc0000 - 0x00007ff8cfe63000 	C:\WINDOWS\System32\msvcrt.dll
0x00007ff8ce1f0000 - 0x00007ff8ce308000 	C:\WINDOWS\System32\gdi32full.dll
0x00007ff8ce310000 - 0x00007ff8ce3ad000 	C:\WINDOWS\System32\msvcp_win.dll
0x00007ff8d0700000 - 0x00007ff8d0732000 	C:\WINDOWS\System32\IMM32.DLL
0x00007ff8a7fb0000 - 0x00007ff8a7fbc000 	D:\Softwares & Modules\sts-4.15.3.RELEASE\plugins\org.eclipse.justj.openjdk.hotspot.jre.full.win32.x86_64_17.0.4.v20220805-1047\jre\bin\vcruntime140_1.dll
0x00007ff872c90000 - 0x00007ff872d21000 	D:\Softwares & Modules\sts-4.15.3.RELEASE\plugins\org.eclipse.justj.openjdk.hotspot.jre.full.win32.x86_64_17.0.4.v20220805-1047\jre\bin\msvcp140.dll
0x00007ff864ae0000 - 0x00007ff865726000 	D:\Softwares & Modules\sts-4.15.3.RELEASE\plugins\org.eclipse.justj.openjdk.hotspot.jre.full.win32.x86_64_17.0.4.v20220805-1047\jre\bin\server\jvm.dll
0x00007ff8ce980000 - 0x00007ff8cea2e000 	C:\WINDOWS\System32\ADVAPI32.dll
0x00007ff8cfd10000 - 0x00007ff8cfdae000 	C:\WINDOWS\System32\sechost.dll
0x00007ff8d0030000 - 0x00007ff8d0150000 	C:\WINDOWS\System32\RPCRT4.dll
0x00007ff8d0300000 - 0x00007ff8d0308000 	C:\WINDOWS\System32\PSAPI.DLL
0x00007ff8c51e0000 - 0x00007ff8c5213000 	C:\WINDOWS\SYSTEM32\WINMM.dll
0x00007ff8c1d60000 - 0x00007ff8c1d69000 	C:\WINDOWS\SYSTEM32\WSOCK32.dll
0x00007ff8c5060000 - 0x00007ff8c506a000 	C:\WINDOWS\SYSTEM32\VERSION.dll
0x00007ff8ce680000 - 0x00007ff8ce6ef000 	C:\WINDOWS\System32\WS2_32.dll
0x00007ff8cce40000 - 0x00007ff8cce58000 	C:\WINDOWS\SYSTEM32\kernel.appcore.dll
0x00007ff8c1d50000 - 0x00007ff8c1d5a000 	D:\Softwares & Modules\sts-4.15.3.RELEASE\plugins\org.eclipse.justj.openjdk.hotspot.jre.full.win32.x86_64_17.0.4.v20220805-1047\jre\bin\jimage.dll
0x00007ff8cb430000 - 0x00007ff8cb651000 	C:\WINDOWS\SYSTEM32\DBGHELP.DLL
0x00007ff8c2970000 - 0x00007ff8c29a1000 	C:\WINDOWS\SYSTEM32\dbgcore.DLL
0x00007ff8cdcd0000 - 0x00007ff8cdd4f000 	C:\WINDOWS\System32\bcryptPrimitives.dll
0x00007ff88ec90000 - 0x00007ff88ecb5000 	D:\Softwares & Modules\sts-4.15.3.RELEASE\plugins\org.eclipse.justj.openjdk.hotspot.jre.full.win32.x86_64_17.0.4.v20220805-1047\jre\bin\java.dll
0x00007ff893930000 - 0x00007ff893948000 	D:\Softwares & Modules\sts-4.15.3.RELEASE\plugins\org.eclipse.justj.openjdk.hotspot.jre.full.win32.x86_64_17.0.4.v20220805-1047\jre\bin\zip.dll
0x00007ff8ceb20000 - 0x00007ff8cf2d7000 	C:\WINDOWS\System32\SHELL32.dll
0x00007ff8cbd90000 - 0x00007ff8cc5f5000 	C:\WINDOWS\SYSTEM32\windows.storage.dll
0x00007ff8d0310000 - 0x00007ff8d0688000 	C:\WINDOWS\System32\combase.dll
0x00007ff8cbc20000 - 0x00007ff8cbd86000 	C:\WINDOWS\SYSTEM32\wintypes.dll
0x00007ff8cea30000 - 0x00007ff8ceb1a000 	C:\WINDOWS\System32\SHCORE.dll
0x00007ff8cf600000 - 0x00007ff8cf65d000 	C:\WINDOWS\System32\shlwapi.dll
0x00007ff8cdc00000 - 0x00007ff8cdc21000 	C:\WINDOWS\SYSTEM32\profapi.dll
0x00007ff891740000 - 0x00007ff891759000 	D:\Softwares & Modules\sts-4.15.3.RELEASE\plugins\org.eclipse.justj.openjdk.hotspot.jre.full.win32.x86_64_17.0.4.v20220805-1047\jre\bin\net.dll
0x00007ff8c5ec0000 - 0x00007ff8c5fd4000 	C:\WINDOWS\SYSTEM32\WINHTTP.dll
0x00007ff8cd2e0000 - 0x00007ff8cd347000 	C:\WINDOWS\system32\mswsock.dll
0x00007ff88ed90000 - 0x00007ff88eda5000 	D:\Softwares & Modules\sts-4.15.3.RELEASE\plugins\org.eclipse.justj.openjdk.hotspot.jre.full.win32.x86_64_17.0.4.v20220805-1047\jre\bin\nio.dll
0x00007ff8a66b0000 - 0x00007ff8a66b9000 	D:\Softwares & Modules\sts-4.15.3.RELEASE\plugins\org.eclipse.justj.openjdk.hotspot.jre.full.win32.x86_64_17.0.4.v20220805-1047\jre\bin\management.dll
0x00007ff8a5b00000 - 0x00007ff8a5b0b000 	D:\Softwares & Modules\sts-4.15.3.RELEASE\plugins\org.eclipse.justj.openjdk.hotspot.jre.full.win32.x86_64_17.0.4.v20220805-1047\jre\bin\management_ext.dll
0x00007ff8cc930000 - 0x00007ff8cc95d000 	C:\WINDOWS\SYSTEM32\IPHLPAPI.DLL
0x00007ff8cf4e0000 - 0x00007ff8cf4e9000 	C:\WINDOWS\System32\NSI.dll
0x00007ff8c5d50000 - 0x00007ff8c5d69000 	C:\WINDOWS\SYSTEM32\dhcpcsvc6.DLL
0x00007ff8c5ea0000 - 0x00007ff8c5ebe000 	C:\WINDOWS\SYSTEM32\dhcpcsvc.DLL
0x00007ff8cc960000 - 0x00007ff8cca48000 	C:\WINDOWS\SYSTEM32\DNSAPI.dll
0x00007ff8c4fb0000 - 0x00007ff8c4fba000 	C:\Windows\System32\rasadhlp.dll
0x00007ff8c4ec0000 - 0x00007ff8c4f41000 	C:\WINDOWS\System32\fwpuclnt.dll
0x00007ff8b4b20000 - 0x00007ff8b4b30000 	D:\Softwares & Modules\sts-4.15.3.RELEASE\plugins\org.eclipse.justj.openjdk.hotspot.jre.full.win32.x86_64_17.0.4.v20220805-1047\jre\bin\verify.dll
0x00007ff8cd520000 - 0x00007ff8cd538000 	C:\WINDOWS\SYSTEM32\CRYPTSP.dll
0x00007ff8ccda0000 - 0x00007ff8ccdd5000 	C:\WINDOWS\system32\rsaenh.dll
0x00007ff8cd3d0000 - 0x00007ff8cd3f9000 	C:\WINDOWS\SYSTEM32\USERENV.dll
0x00007ff8cd6b0000 - 0x00007ff8cd6d7000 	C:\WINDOWS\SYSTEM32\bcrypt.dll
0x00007ff8cd540000 - 0x00007ff8cd54c000 	C:\WINDOWS\SYSTEM32\CRYPTBASE.dll
0x00007ff8af320000 - 0x00007ff8af32e000 	D:\Softwares & Modules\sts-4.15.3.RELEASE\plugins\org.eclipse.justj.openjdk.hotspot.jre.full.win32.x86_64_17.0.4.v20220805-1047\jre\bin\sunmscapi.dll
0x00007ff8ce450000 - 0x00007ff8ce5b2000 	C:\WINDOWS\System32\CRYPT32.dll
0x00007ff8cd680000 - 0x00007ff8cd6a8000 	C:\WINDOWS\SYSTEM32\ncrypt.dll
0x00007ff8cd640000 - 0x00007ff8cd677000 	C:\WINDOWS\SYSTEM32\NTASN1.dll

dbghelp: loaded successfully - version: 4.0.5 - missing functions: none
symbol engine: initialized successfully - sym options: 0x614 - pdb path: .;D:\Softwares & Modules\sts-4.15.3.RELEASE\plugins\org.eclipse.justj.openjdk.hotspot.jre.full.win32.x86_64_17.0.4.v20220805-1047\jre\bin;C:\WINDOWS\SYSTEM32;C:\WINDOWS\WinSxS\amd64_microsoft.windows.common-controls_6595b64144ccf1df_6.0.22000.120_none_9d947278b86cc467;D:\Softwares & Modules\sts-4.15.3.RELEASE\plugins\org.eclipse.justj.openjdk.hotspot.jre.full.win32.x86_64_17.0.4.v20220805-1047\jre\bin\server

VM Arguments:
jvm_args: -Dfile.encoding=UTF-8 -XX:+ShowCodeDetailsInExceptionMessages 
java_command: com.InventoryServiceApplication
java_class_path (initial): C:\Users\Venugopal\Desktop\Microservices_Training\Capstone\inventory-service\target\classes;C:\Users\Venugopal\.m2\repository\org\springframework\boot\spring-boot-starter-data-jpa\3.0.2\spring-boot-starter-data-jpa-3.0.2.jar;C:\Users\Venugopal\.m2\repository\org\springframework\boot\spring-boot-starter-aop\3.0.2\spring-boot-starter-aop-3.0.2.jar;C:\Users\Venugopal\.m2\repository\org\springframework\spring-aop\6.0.4\spring-aop-6.0.4.jar;C:\Users\Venugopal\.m2\repository\org\aspectj\aspectjweaver\1.9.19\aspectjweaver-1.9.19.jar;C:\Users\Venugopal\.m2\repository\org\springframework\boot\spring-boot-starter-jdbc\3.0.2\spring-boot-starter-jdbc-3.0.2.jar;C:\Users\Venugopal\.m2\repository\com\zaxxer\HikariCP\5.0.1\HikariCP-5.0.1.jar;C:\Users\Venugopal\.m2\repository\org\springframework\spring-jdbc\6.0.4\spring-jdbc-6.0.4.jar;C:\Users\Venugopal\.m2\repository\org\hibernate\orm\hibernate-core\6.1.6.Final\hibernate-core-6.1.6.Final.jar;C:\Users\Venugopal\.m2\repository\jakarta\persistence\jakarta.persistence-api\3.1.0\jakarta.persistence-api-3.1.0.jar;C:\Users\Venugopal\.m2\repository\jakarta\transaction\jakarta.transaction-api\2.0.1\jakarta.transaction-api-2.0.1.jar;C:\Users\Venugopal\.m2\repository\org\jboss\logging\jboss-logging\3.5.0.Final\jboss-logging-3.5.0.Final.jar;C:\Users\Venugopal\.m2\repository\org\hibernate\common\hibernate-commons-annotations\6.0.2.Final\hibernate-commons-annotations-6.0.2.Final.jar;C:\Users\Venugopal\.m2\repository\org\jboss\jandex\2.4.2.Final\jandex-2.4.2.Final.jar;C:\Users\Venugopal\.m2\repository\com\fasterxml\classmate\1.5.1\classmate-1.5.1.jar;C:\Users\Venugopal\.m2\repository\net\bytebuddy\byte-buddy\1.12.22\byte-buddy-1.12.22.jar;C:\Users\Venugopal\.m2\repository\org\glassfish\jaxb\jaxb-runtime\4.0.1\jaxb-runtime-4.0.1.jar;C:\Users\Venugopal\.m2\repository\org\glassfish\jaxb\jaxb-core\4.0.1\jaxb-core-4.0.1.jar;C:\Users\Venugopal\.m2\repository\org\eclipse\angus\angus-activation\1.0.0\angus-activation-1.0.0.ja
Launcher Type: SUN_STANDARD

[Global flags]
     intx CICompilerCount                          = 4                                         {product} {ergonomic}
     uint ConcGCThreads                            = 2                                         {product} {ergonomic}
     uint G1ConcRefinementThreads                  = 8                                         {product} {ergonomic}
   size_t G1HeapRegionSize                         = 1048576                                   {product} {ergonomic}
    uintx GCDrainStackTargetSize                   = 64                                        {product} {ergonomic}
   size_t InitialHeapSize                          = 130023424                                 {product} {ergonomic}
   size_t MarkStackSize                            = 4194304                                   {product} {ergonomic}
   size_t MaxHeapSize                              = 2076180480                                {product} {ergonomic}
   size_t MaxNewSize                               = 1245708288                                {product} {ergonomic}
   size_t MinHeapDeltaBytes                        = 1048576                                   {product} {ergonomic}
   size_t MinHeapSize                              = 8388608                                   {product} {ergonomic}
    uintx NonNMethodCodeHeapSize                   = 5839372                                {pd product} {ergonomic}
    uintx NonProfiledCodeHeapSize                  = 122909434                              {pd product} {ergonomic}
    uintx ProfiledCodeHeapSize                     = 122909434                              {pd product} {ergonomic}
    uintx ReservedCodeCacheSize                    = 251658240                              {pd product} {ergonomic}
     bool SegmentedCodeCache                       = true                                      {product} {ergonomic}
     bool ShowCodeDetailsInExceptionMessages       = true                                   {manageable} {command line}
   size_t SoftMaxHeapSize                          = 2076180480                             {manageable} {ergonomic}
     bool UseCompressedClassPointers               = true                           {product lp64_product} {ergonomic}
     bool UseCompressedOops                        = true                           {product lp64_product} {ergonomic}
     bool UseG1GC                                  = true                                      {product} {ergonomic}
     bool UseLargePagesIndividualAllocation        = false                                  {pd product} {ergonomic}

Logging:
Log output configuration:
 #0: stdout all=warning uptime,level,tags
 #1: stderr all=off uptime,level,tags

Environment Variables:
CLASSPATH=C:\Program Files (x86)\H2\bin\h2-2.1.214.jar;
PATH=D:/Softwares & Modules/sts-4.15.3.RELEASE//plugins/org.eclipse.justj.openjdk.hotspot.jre.full.win32.x86_64_17.0.4.v20220805-1047/jre/bin/server;D:/Softwares & Modules/sts-4.15.3.RELEASE//plugins/org.eclipse.justj.openjdk.hotspot.jre.full.win32.x86_64_17.0.4.v20220805-1047/jre/bin;C:\Program Files\Common Files\Oracle\Java\javapath;C:\Program Files (x86)\Common Files\Intel\Shared Libraries\redist\intel64\compiler;C:\Program Files (x86)\Common Files\Intel\Shared Files\cpp\bin\Intel64;C:\Windows\system32;C:\Windows;C:\Windows\System32\Wbem;C:\Windows\System32\WindowsPowerShell\v1.0\;C:\Windows\System32\OpenSSH\;C:\Program Files\NVIDIA Corporation\NVIDIA NvDLISR;C:\Program Files (x86)\NVIDIA Corporation\PhysX\Common;C:\Program Files\dotnet\;C:\WINDOWS\system32;C:\WINDOWS;C:\WINDOWS\System32\Wbem;C:\WINDOWS\System32\WindowsPowerShell\v1.0\;C:\WINDOWS\System32\OpenSSH\;C:\Program Files\php-8.1.0;C:\Program Files\Microsoft SQL Server\150\Tools\Binn\;C:\Program Files\apache-maven-3.8.6\bin;C:\Program Files\nodejs\;C:\Users\Venugopal\AppData\Roaming\npm;C:\Program Files\Java\jdk-17.0.2\bin;C:\Program Files\Git\cmd;C:\Users\Venugopal\AppData\Local\Microsoft\WindowsApps;C:\Users\Venugopal\AppData\Local\GitHubDesktop\bin;C:\Users\Venugopal\AppData\Local\atom\bin;C:\Users\Venugopal\.dotnet\tools;C:\Program Files\Java\jdk-17.0.2\bin;C:\Program Files\JetBrains\IntelliJ IDEA 2022.2\bin;;C:\Users\Venugopal\AppData\Local\Programs\Microsoft VS Code\bin;C:\Users\Venugopal\AppData\Roaming\npm;C:\Program Files\Git\cmd;C:\Program Files\Git\bin;C:\Program Files\Git\mingw64\libexec\git-core;;D:\Softwares & Modules\sts-4.15.3.RELEASE;
USERNAME=Venugopal
OS=Windows_NT
PROCESSOR_IDENTIFIER=Intel64 Family 6 Model 140 Stepping 1, GenuineIntel
TMP=C:\Users\Venugopal\AppData\Local\Temp
TEMP=C:\Users\Venugopal\AppData\Local\Temp



---------------  S Y S T E M  ---------------

OS:
 Windows 11 , 64 bit Build 22000 (10.0.22000.1335)
OS uptime: 6 days 15:55 hours

CPU: total 8 (initial active 8) (4 cores per cpu, 2 threads per core) family 6 model 140 stepping 1 microcode 0xa4, cx8, cmov, fxsr, ht, mmx, 3dnowpref, sse, sse2, sse3, ssse3, sse4.1, sse4.2, popcnt, lzcnt, tsc, tscinvbit, avx, avx2, aes, erms, clmul, bmi1, bmi2, adx, avx512f, avx512dq, avx512cd, avx512bw, avx512vl, sha, fma, vzeroupper, avx512_vpopcntdq, avx512_vpclmulqdq, avx512_vaes, avx512_vnni, clflush, clflushopt, clwb, avx512_vbmi2, avx512_vbmi

Memory: 4k page, system-wide physical 7914M (83M free)
TotalPageFile size 20714M (AvailPageFile size 74M)
current process WorkingSet (physical memory assigned to process): 266M, peak: 284M
current process commit charge ("private bytes"): 303M, peak: 515M

vm_info: OpenJDK 64-Bit Server VM (17.0.4+8) for windows-amd64 JRE (17.0.4+8), built on Jul 19 2022 16:05:16 by "temurin" with MS VC++ 16.7 (VS2019)

END.
