V  [jvm.dll+0x8323c4]
V  [jvm.dll+0x833b6e]
V  [jvm.dll+0x8341d3]
V  [jvm.dll+0x2455e5]
V  [jvm.dll+0xabd7b]
V  [jvm.dll+0xac30c]
V  [jvm.dll+0x363a22]
V  [jvm.dll+0x32de81]
V  [jvm.dll+0x32d32a]
V  [jvm.dll+0x2184d1]
V  [jvm.dll+0x2178f1]
V  [jvm.dll+0x1a3f8d]
V  [jvm.dll+0x227308]
V  [jvm.dll+0x225455]
V  [jvm.dll+0x7e7eeb]
V  [jvm.dll+0x7e245a]
V  [jvm.dll+0x6761c5]
C  [ucrtbase.dll+0x26c0c]
C  [KERNEL32.DLL+0x155a0]
C  [ntdll.dll+0x485b]


---------------  P R O C E S S  ---------------

Threads class SMR info:
_java_thread_list=0x00000161dd4fd680, length=40, elements={
0x00000161dc813260, 0x00000161dbc06530, 0x00000161dbc3ea00, 0x00000161dc833140,
0x00000161dc834710, 0x00000161dc830780, 0x00000161dc836520, 0x00000161dc837ff0,
0x00000161dc839600, 0x00000161dc9e9cd0, 0x00000161dc9e8930, 0x00000161e02842b0,
0x00000161e0286930, 0x00000161e0285ac0, 0x00000161e0285f90, 0x00000161e0286460,
0x00000161e113f040, 0x00000161e11411f0, 0x00000161e113feb0, 0x00000161e1142060,
0x00000161e1140d20, 0x00000161e113eb70, 0x00000161e1140380, 0x00000161e1140850,
0x00000161e0284c50, 0x00000161e3149040, 0x00000161e3148b70, 0x00000161e31464f0,
0x00000161e31434d0, 0x00000161e3147360, 0x00000161e3146020, 0x00000161e3145680,
0x00000161e31481d0, 0x00000161e3143e70, 0x00000161e3147830, 0x00000161e3147d00,
0x00000161e31486a0, 0x00000161e31469c0, 0x00000161e3149510, 0x00000161e3145b50
}

Java Threads: ( => current thread )
  0x00000161dc813260 JavaThread "Reference Handler" daemon [_thread_blocked, id=19556, stack(0x00000021bd400000,0x00000021bd500000)]
  0x00000161dbc06530 JavaThread "Finalizer" daemon [_thread_blocked, id=22080, stack(0x00000021bd500000,0x00000021bd600000)]
  0x00000161dbc3ea00 JavaThread "Signal Dispatcher" daemon [_thread_blocked, id=5668, stack(0x00000021bd600000,0x00000021bd700000)]
  0x00000161dc833140 JavaThread "Attach Listener" daemon [_thread_blocked, id=21244, stack(0x00000021bd700000,0x00000021bd800000)]
  0x00000161dc834710 JavaThread "Service Thread" daemon [_thread_blocked, id=20548, stack(0x00000021bd800000,0x00000021bd900000)]
  0x00000161dc830780 JavaThread "Monitor Deflation Thread" daemon [_thread_blocked, id=22484, stack(0x00000021bd900000,0x00000021bda00000)]
=>0x00000161dc836520 JavaThread "C2 CompilerThread0" daemon [_thread_in_native, id=16088, stack(0x00000021bda00000,0x00000021bdb00000)]
  0x00000161dc837ff0 JavaThread "C1 CompilerThread0" daemon [_thread_blocked, id=19552, stack(0x00000021bdb00000,0x00000021bdc00000)]
  0x00000161dc839600 JavaThread "Sweeper thread" daemon [_thread_blocked, id=2172, stack(0x00000021bdc00000,0x00000021bdd00000)]
  0x00000161dc9e9cd0 JavaThread "Notification Thread" daemon [_thread_blocked, id=17912, stack(0x00000021bdd00000,0x00000021bde00000)]
  0x00000161dc9e8930 JavaThread "Common-Cleaner" daemon [_thread_blocked, id=11744, stack(0x00000021bdf00000,0x00000021be000000)]
  0x00000161e02842b0 JavaThread "MVStore background writer C:/Users/Venugopal/Desktop/Microservices_Training/Capstone/product-service/product.mv.db" daemon [_thread_blocked, id=10216, stack(0x00000021bed00000,0x00000021bee00000)]
  0x00000161e0286930 JavaThread "HikariPool-1 housekeeper" daemon [_thread_blocked, id=15480, stack(0x00000021bee00000,0x00000021bef00000)]
  0x00000161e0285ac0 JavaThread "H2-serialization" daemon [_thread_blocked, id=22800, stack(0x00000021bf000000,0x00000021bf100000)]
  0x00000161e0285f90 JavaThread "H2-save" daemon [_thread_blocked, id=21064, stack(0x00000021bf100000,0x00000021bf200000)]
  0x00000161e0286460 JavaThread "Catalina-utility-1" [_thread_blocked, id=14964, stack(0x00000021bf200000,0x00000021bf300000)]
  0x00000161e113f040 JavaThread "Catalina-utility-2" [_thread_blocked, id=12040, stack(0x00000021bf300000,0x00000021bf400000)]
  0x00000161e11411f0 JavaThread "container-0" [_thread_blocked, id=22604, stack(0x00000021bf400000,0x00000021bf500000)]
  0x00000161e113feb0 JavaThread "spring.cloud.inetutils" daemon [_thread_blocked, id=21540, stack(0x00000021bec00000,0x00000021bed00000)]
  0x00000161e1142060 JavaThread "File Watcher" daemon [_thread_in_vm, id=17116, stack(0x00000021bef00000,0x00000021bf000000)]
  0x00000161e1140d20 JavaThread "AsyncResolver-bootstrap-0" daemon [_thread_blocked, id=6848, stack(0x00000021bf500000,0x00000021bf600000)]
  0x00000161e113eb70 JavaThread "DiscoveryClient-0" daemon [_thread_blocked, id=17788, stack(0x00000021bf600000,0x00000021bf700000)]
  0x00000161e1140380 JavaThread "DiscoveryClient-1" daemon [_thread_blocked, id=15924, stack(0x00000021bf700000,0x00000021bf800000)]
  0x00000161e1140850 JavaThread "DiscoveryClient-InstanceInfoReplicator-0" daemon [_thread_blocked, id=16824, stack(0x00000021bf800000,0x00000021bf900000)]
  0x00000161e0284c50 JavaThread "http-nio-8081-exec-1" daemon [_thread_blocked, id=21684, stack(0x00000021bf900000,0x00000021bfa00000)]
  0x00000161e3149040 JavaThread "http-nio-8081-exec-2" daemon [_thread_blocked, id=5572, stack(0x00000021bfa00000,0x00000021bfb00000)]
  0x00000161e3148b70 JavaThread "http-nio-8081-exec-3" daemon [_thread_blocked, id=13864, stack(0x00000021bfb00000,0x00000021bfc00000)]
  0x00000161e31464f0 JavaThread "http-nio-8081-exec-4" daemon [_thread_blocked, id=1688, stack(0x00000021bfc00000,0x00000021bfd00000)]
  0x00000161e31434d0 JavaThread "http-nio-8081-exec-5" daemon [_thread_blocked, id=14692, stack(0x00000021bfd00000,0x00000021bfe00000)]
  0x00000161e3147360 JavaThread "http-nio-8081-exec-6" daemon [_thread_blocked, id=23528, stack(0x00000021bfe00000,0x00000021bff00000)]
  0x00000161e3146020 JavaThread "http-nio-8081-exec-7" daemon [_thread_blocked, id=10008, stack(0x00000021bff00000,0x00000021c0000000)]
  0x00000161e3145680 JavaThread "http-nio-8081-exec-8" daemon [_thread_blocked, id=22496, stack(0x00000021c0000000,0x00000021c0100000)]
  0x00000161e31481d0 JavaThread "http-nio-8081-exec-9" daemon [_thread_blocked, id=21240, stack(0x00000021c0100000,0x00000021c0200000)]
  0x00000161e3143e70 JavaThread "http-nio-8081-exec-10" daemon [_thread_blocked, id=9392, stack(0x00000021c0200000,0x00000021c0300000)]
  0x00000161e3147830 JavaThread "http-nio-8081-Poller" daemon [_thread_in_native, id=2536, stack(0x00000021c0300000,0x00000021c0400000)]
  0x00000161e3147d00 JavaThread "http-nio-8081-Acceptor" daemon [_thread_in_native, id=21872, stack(0x00000021c0400000,0x00000021c0500000)]
  0x00000161e31486a0 JavaThread "DestroyJavaVM" [_thread_blocked, id=13636, stack(0x00000021bcd00000,0x00000021bce00000)]
  0x00000161e31469c0 JavaThread "DiscoveryClient-HeartbeatExecutor-0" daemon [_thread_blocked, id=15276, stack(0x00000021c0500000,0x00000021c0600000)]
  0x00000161e3149510 JavaThread "DiscoveryClient-CacheRefreshExecutor-0" daemon [_thread_blocked, id=14728, stack(0x00000021c0600000,0x00000021c0700000)]
  0x00000161e3145b50 JavaThread "AsyncResolver-bootstrap-executor-0" daemon [_thread_blocked, id=4688, stack(0x00000021bcc00000,0x00000021bcd00000)]

Other Threads:
  0x00000161dbbffca0 VMThread "VM Thread" [stack: 0x00000021bd300000,0x00000021bd400000] [id=19852]
  0x00000161dc9ea1a0 WatcherThread [stack: 0x00000021bde00000,0x00000021bdf00000] [id=3868]
  0x00000161c1eaf0d0 GCTaskThread "GC Thread#0" [stack: 0x00000021bce00000,0x00000021bcf00000] [id=13716]
  0x00000161dd79e310 GCTaskThread "GC Thread#1" [stack: 0x00000021be000000,0x00000021be100000] [id=2376]
  0x00000161dd4d7cb0 GCTaskThread "GC Thread#2" [stack: 0x00000021be100000,0x00000021be200000] [id=10904]
  0x00000161dcf88210 GCTaskThread "GC Thread#3" [stack: 0x00000021be200000,0x00000021be300000] [id=3968]
  0x00000161dd5fec10 GCTaskThread "GC Thread#4" [stack: 0x00000021be300000,0x00000021be400000] [id=21608]
  0x00000161dd5feec0 GCTaskThread "GC Thread#5" [stack: 0x00000021be400000,0x00000021be500000] [id=22408]
  0x00000161dd1f41e0 GCTaskThread "GC Thread#6" [stack: 0x00000021be500000,0x00000021be600000] [id=16272]
  0x00000161ddbd27c0 GCTaskThread "GC Thread#7" [stack: 0x00000021be800000,0x00000021be900000] [id=23424]
  0x00000161c1ec0090 ConcurrentGCThread "G1 Main Marker" [stack: 0x00000021bcf00000,0x00000021bd000000] [id=20752]
  0x00000161c1ec0aa0 ConcurrentGCThread "G1 Conc#0" [stack: 0x00000021bd000000,0x00000021bd100000] [id=11608]
  0x00000161ddffd340 ConcurrentGCThread "G1 Conc#1" [stack: 0x00000021be900000,0x00000021bea00000] [id=22428]
  0x00000161dba620b0 ConcurrentGCThread "G1 Refine#0" [stack: 0x00000021bd100000,0x00000021bd200000] [id=21640]
  0x00000161dba65100 ConcurrentGCThread "G1 Service" [stack: 0x00000021bd200000,0x00000021bd300000] [id=17424]

Threads with active compile tasks:
C2 CompilerThread0   711574 7195  s    4       java.lang.Throwable::fillInStackTrace (29 bytes)

VM state: not at safepoint (normal execution)

VM Mutex/Monitor currently owned by a thread:  ([mutex/lock_event])
[0x00000161c1e54f20] Threads_lock - owner thread: 0x00000161e1142060

Heap address: 0x0000000084400000, size: 1980 MB, Compressed Oops mode: 32-bit

CDS archive(s) not mapped
Compressed class space mapped at: 0x0000000100000000-0x0000000140000000, reserved size: 1073741824
Narrow klass base: 0x0000000000000000, Narrow klass shift: 3, Narrow klass range: 0x140000000

GC Precious Log:
 CPUs: 8 total, 8 available
 Memory: 7914M
 Large Page Support: Disabled
 NUMA Support: Disabled
 Compressed Oops: Enabled (32-bit)
 Heap Region Size: 1M
 Heap Min Capacity: 8M
 Heap Initial Capacity: 124M
 Heap Max Capacity: 1980M
 Pre-touch: Disabled
 Parallel Workers: 8
 Concurrent Workers: 2
 Concurrent Refinement Workers: 8
 Periodic GC: Disabled

Heap:
 garbage-first heap   total 141312K, used 76985K [0x0000000084400000, 0x0000000100000000)
  region size 1024K, 14 young (14336K), 5 survivors (5120K)
 Metaspace       used 80669K, committed 81216K, reserved 1122304K
  class space    used 10578K, committed 10816K, reserved 1048576K

Heap Regions: E=young(eden), S=young(survivor), O=old, HS=humongous(starts), HC=humongous(continues), CS=collection set, F=free, OA=open archive, CA=closed archive, TAMS=top-at-mark-start (previous, next)
|   0|0x0000000084400000, 0x0000000084500000, 0x0000000084500000|100%|HS|  |TAMS 0x0000000084500000, 0x0000000084400000| Complete 
|   1|0x0000000084500000, 0x0000000084600000, 0x0000000084600000|100%| O|  |TAMS 0x0000000084600000, 0x0000000084500000| Untracked 
|   2|0x0000000084600000, 0x0000000084700000, 0x0000000084700000|100%| O|  |TAMS 0x0000000084700000, 0x0000000084600000| Untracked 
|   3|0x0000000084700000, 0x0000000084800000, 0x0000000084800000|100%| O|  |TAMS 0x0000000084800000, 0x0000000084700000| Untracked 
|   4|0x0000000084800000, 0x0000000084900000, 0x0000000084900000|100%| O|  |TAMS 0x0000000084900000, 0x0000000084800000| Untracked 
|   5|0x0000000084900000, 0x0000000084a00000, 0x0000000084a00000|100%| O|  |TAMS 0x0000000084a00000, 0x0000000084900000| Untracked 
|   6|0x0000000084a00000, 0x0000000084b00000, 0x0000000084b00000|100%| O|  |TAMS 0x0000000084b00000, 0x0000000084a00000| Untracked 
|   7|0x0000000084b00000, 0x0000000084c00000, 0x0000000084c00000|100%| O|  |TAMS 0x0000000084c00000, 0x0000000084b00000| Untracked 
|   8|0x0000000084c00000, 0x0000000084d00000, 0x0000000084d00000|100%| O|  |TAMS 0x0000000084d00000, 0x0000000084c00000| Untracked 
|   9|0x0000000084d00000, 0x0000000084e00000, 0x0000000084e00000|100%| O|  |TAMS 0x0000000084e00000, 0x0000000084d00000| Untracked 
|  10|0x0000000084e00000, 0x0000000084f00000, 0x0000000084f00000|100%| O|  |TAMS 0x0000000084f00000, 0x0000000084e00000| Untracked 
|  11|0x0000000084f00000, 0x0000000085000000, 0x0000000085000000|100%| O|  |TAMS 0x0000000084f00000, 0x0000000084f00000| Untracked 
|  12|0x0000000085000000, 0x0000000085100000, 0x0000000085100000|100%| O|  |TAMS 0x0000000085100000, 0x0000000085000000| Untracked 
|  13|0x0000000085100000, 0x0000000085200000, 0x0000000085200000|100%| O|  |TAMS 0x0000000085200000, 0x0000000085100000| Untracked 
|  14|0x0000000085200000, 0x0000000085300000, 0x0000000085300000|100%| O|  |TAMS 0x0000000085300000, 0x0000000085200000| Untracked 
|  15|0x0000000085300000, 0x0000000085400000, 0x0000000085400000|100%| O|  |TAMS 0x0000000085400000, 0x0000000085300000| Untracked 
|  16|0x0000000085400000, 0x0000000085500000, 0x0000000085500000|100%| O|  |TAMS 0x0000000085500000, 0x0000000085400000| Untracked 
|  17|0x0000000085500000, 0x0000000085600000, 0x0000000085600000|100%| O|  |TAMS 0x0000000085600000, 0x0000000085500000| Untracked 
|  18|0x0000000085600000, 0x0000000085700000, 0x0000000085700000|100%| O|  |TAMS 0x0000000085700000, 0x0000000085600000| Untracked 
|  19|0x0000000085700000, 0x0000000085800000, 0x0000000085800000|100%| O|  |TAMS 0x0000000085800000, 0x0000000085700000| Untracked 
|  20|0x0000000085800000, 0x0000000085900000, 0x0000000085900000|100%| O|  |TAMS 0x0000000085900000, 0x0000000085800000| Untracked 
|  21|0x0000000085900000, 0x0000000085a00000, 0x0000000085a00000|100%| O|  |TAMS 0x0000000085a00000, 0x0000000085900000| Untracked 
|  22|0x0000000085a00000, 0x0000000085b00000, 0x0000000085b00000|100%| O|  |TAMS 0x0000000085b00000, 0x0000000085a00000| Untracked 
|  23|0x0000000085b00000, 0x0000000085c00000, 0x0000000085c00000|100%| O|  |TAMS 0x0000000085c00000, 0x0000000085b00000| Untracked 
|  24|0x0000000085c00000, 0x0000000085d00000, 0x0000000085d00000|100%| O|  |TAMS 0x0000000085d00000, 0x0000000085c00000| Untracked 
|  25|0x0000000085d00000, 0x0000000085e00000, 0x0000000085e00000|100%| O|  |TAMS 0x0000000085e00000, 0x0000000085d00000| Untracked 
|  26|0x0000000085e00000, 0x0000000085f00000, 0x0000000085f00000|100%| O|  |TAMS 0x0000000085f00000, 0x0000000085e00000| Untracked 
|  27|0x0000000085f00000, 0x0000000086000000, 0x0000000086000000|100%| O|  |TAMS 0x0000000086000000, 0x0000000085f00000| Untracked 
|  28|0x0000000086000000, 0x0000000086100000, 0x0000000086100000|100%| O|  |TAMS 0x0000000086100000, 0x0000000086000000| Untracked 
|  29|0x0000000086100000, 0x0000000086200000, 0x0000000086200000|100%| O|  |TAMS 0x0000000086200000, 0x0000000086100000| Untracked 
|  30|0x0000000086200000, 0x0000000086300000, 0x0000000086300000|100%| O|  |TAMS 0x0000000086300000, 0x0000000086200000| Untracked 
|  31|0x0000000086300000, 0x0000000086400000, 0x0000000086400000|100%| O|  |TAMS 0x0000000086400000, 0x0000000086300000| Untracked 
|  32|0x0000000086400000, 0x0000000086500000, 0x0000000086500000|100%| O|  |TAMS 0x0000000086500000, 0x0000000086400000| Untracked 
|  33|0x0000000086500000, 0x0000000086600000, 0x0000000086600000|100%| O|  |TAMS 0x0000000086600000, 0x0000000086500000| Untracked 
|  34|0x0000000086600000, 0x0000000086700000, 0x0000000086700000|100%| O|  |TAMS 0x0000000086700000, 0x0000000086600000| Untracked 
|  35|0x0000000086700000, 0x0000000086800000, 0x0000000086800000|100%| O|  |TAMS 0x0000000086800000, 0x0000000086700000| Untracked 
|  36|0x0000000086800000, 0x0000000086900000, 0x0000000086900000|100%| O|  |TAMS 0x0000000086900000, 0x0000000086800000| Untracked 
|  37|0x0000000086900000, 0x0000000086a00000, 0x0000000086a00000|100%| O|  |TAMS 0x0000000086a00000, 0x0000000086900000| Untracked 
|  38|0x0000000086a00000, 0x0000000086b00000, 0x0000000086b00000|100%| O|  |TAMS 0x0000000086b00000, 0x0000000086a00000| Untracked 
|  39|0x0000000086b00000, 0x0000000086c00000, 0x0000000086c00000|100%| O|  |TAMS 0x0000000086c00000, 0x0000000086b00000| Untracked 
|  40|0x0000000086c00000, 0x0000000086d00000, 0x0000000086d00000|100%|HS|  |TAMS 0x0000000086d00000, 0x0000000086c00000| Complete 
|  41|0x0000000086d00000, 0x0000000086e00000, 0x0000000086e00000|100%|HC|  |TAMS 0x0000000086e00000, 0x0000000086d00000| Complete 
|  42|0x0000000086e00000, 0x0000000086f00000, 0x0000000086f00000|100%| O|  |TAMS 0x0000000086f00000, 0x0000000086e00000| Untracked 
|  43|0x0000000086f00000, 0x0000000087000000, 0x0000000087000000|100%| O|  |TAMS 0x0000000087000000, 0x0000000086f00000| Untracked 
|  44|0x0000000087000000, 0x0000000087100000, 0x0000000087100000|100%| O|  |TAMS 0x0000000087100000, 0x0000000087000000| Untracked 
|  45|0x0000000087100000, 0x0000000087200000, 0x0000000087200000|100%| O|  |TAMS 0x0000000087200000, 0x0000000087100000| Untracked 
|  46|0x0000000087200000, 0x0000000087300000, 0x0000000087300000|100%| O|  |TAMS 0x0000000087300000, 0x0000000087200000| Untracked 
|  47|0x0000000087300000, 0x0000000087400000, 0x0000000087400000|100%| O|  |TAMS 0x0000000087400000, 0x0000000087300000| Untracked 
|  48|0x0000000087400000, 0x0000000087500000, 0x0000000087500000|100%| O|  |TAMS 0x0000000087500000, 0x0000000087400000| Untracked 
|  49|0x0000000087500000, 0x0000000087600000, 0x0000000087600000|100%| O|  |TAMS 0x00000000875e7600, 0x0000000087500000| Untracked 
|  50|0x0000000087600000, 0x0000000087700000, 0x0000000087700000|100%| O|  |TAMS 0x0000000087600000, 0x0000000087600000| Untracked 
|  51|0x0000000087700000, 0x0000000087800000, 0x0000000087800000|100%| O|  |TAMS 0x0000000087700000, 0x0000000087700000| Untracked 
|  52|0x0000000087800000, 0x0000000087900000, 0x0000000087900000|100%| O|  |TAMS 0x0000000087800000, 0x0000000087800000| Untracked 
|  53|0x0000000087900000, 0x0000000087a00000, 0x0000000087a00000|100%| O|  |TAMS 0x0000000087900000, 0x0000000087900000| Untracked 
|  54|0x0000000087a00000, 0x0000000087b00000, 0x0000000087b00000|100%| O|  |TAMS 0x0000000087a00000, 0x0000000087a00000| Untracked 
|  55|0x0000000087b00000, 0x0000000087c00000, 0x0000000087c00000|100%| O|  |TAMS 0x0000000087b00000, 0x0000000087b00000| Untracked 
|  56|0x0000000087c00000, 0x0000000087d00000, 0x0000000087d00000|100%| O|  |TAMS 0x0000000087c00000, 0x0000000087c00000| Untracked 
|  57|0x0000000087d00000, 0x0000000087e00000, 0x0000000087e00000|100%| O|  |TAMS 0x0000000087d00000, 0x0000000087d00000| Untracked 
|  58|0x0000000087e00000, 0x0000000087f00000, 0x0000000087f00000|100%| O|  |TAMS 0x0000000087e00000, 0x0000000087e00000| Untracked 
|  59|0x0000000087f00000, 0x0000000088000000, 0x0000000088000000|100%| O|  |TAMS 0x0000000087f00000, 0x0000000087f00000| Untracked 
|  60|0x0000000088000000, 0x0000000088100000, 0x0000000088100000|100%| O|  |TAMS 0x0000000088000000, 0x0000000088000000| Untracked 
|  61|0x0000000088100000, 0x0000000088200000, 0x0000000088200000|100%| O|  |TAMS 0x0000000088100000, 0x0000000088100000| Untracked 
|  62|0x0000000088200000, 0x0000000088285a00, 0x0000000088300000| 52%| O|  |TAMS 0x0000000088200000, 0x0000000088200000| Untracked 
|  63|0x0000000088300000, 0x0000000088300000, 0x0000000088400000|  0%| F|  |TAMS 0x0000000088300000, 0x0000000088300000| Untracked 
|  64|0x0000000088400000, 0x0000000088400000, 0x0000000088500000|  0%| F|  |TAMS 0x0000000088400000, 0x0000000088400000| Untracked 
|  65|0x0000000088500000, 0x0000000088500000, 0x0000000088600000|  0%| F|  |TAMS 0x0000000088500000, 0x0000000088500000| Untracked 
|  66|0x0000000088600000, 0x0000000088600000, 0x0000000088700000|  0%| F|  |TAMS 0x0000000088600000, 0x0000000088600000| Untracked 
|  67|0x0000000088700000, 0x0000000088700000, 0x0000000088800000|  0%| F|  |TAMS 0x0000000088700000, 0x0000000088700000| Untracked 
|  68|0x0000000088800000, 0x0000000088800000, 0x0000000088900000|  0%| F|  |TAMS 0x0000000088800000, 0x0000000088800000| Untracked 
|  69|0x0000000088900000, 0x0000000088900000, 0x0000000088a00000|  0%| F|  |TAMS 0x0000000088900000, 0x0000000088900000| Untracked 
|  70|0x0000000088a00000, 0x0000000088a00000, 0x0000000088b00000|  0%| F|  |TAMS 0x0000000088a00000, 0x0000000088a00000| Untracked 
|  71|0x0000000088b00000, 0x0000000088b00000, 0x0000000088c00000|  0%| F|  |TAMS 0x0000000088b00000, 0x0000000088b00000| Untracked 
|  72|0x0000000088c00000, 0x0000000088c00000, 0x0000000088d00000|  0%| F|  |TAMS 0x0000000088c00000, 0x0000000088c00000| Untracked 
|  73|0x0000000088d00000, 0x0000000088d00000, 0x0000000088e00000|  0%| F|  |TAMS 0x0000000088d00000, 0x0000000088d00000| Untracked 
|  74|0x0000000088e00000, 0x0000000088e00000, 0x0000000088f00000|  0%| F|  |TAMS 0x0000000088e00000, 0x0000000088e00000| Untracked 
|  75|0x0000000088f00000, 0x0000000088f00000, 0x0000000089000000|  0%| F|  |TAMS 0x0000000088f00000, 0x0000000088f00000| Untracked 
|  76|0x0000000089000000, 0x0000000089000000, 0x0000000089100000|  0%| F|  |TAMS 0x0000000089000000, 0x0000000089000000| Untracked 
|  77|0x0000000089100000, 0x0000000089100000, 0x0000000089200000|  0%| F|  |TAMS 0x0000000089100000, 0x0000000089100000| Untracked 
|  78|0x0000000089200000, 0x0000000089200000, 0x0000000089300000|  0%| F|  |TAMS 0x0000000089200000, 0x0000000089200000| Untracked 
|  79|0x0000000089300000, 0x00000000893a8d20, 0x0000000089400000| 65%| S|CS|TAMS 0x0000000089300000, 0x0000000089300000| Complete 
|  80|0x0000000089400000, 0x0000000089400000, 0x0000000089500000|  0%| F|  |TAMS 0x0000000089400000, 0x0000000089400000| Untracked 
|  81|0x0000000089500000, 0x0000000089500000, 0x0000000089600000|  0%| F|  |TAMS 0x0000000089500000, 0x0000000089500000| Untracked 
|  82|0x0000000089600000, 0x0000000089600000, 0x0000000089700000|  0%| F|  |TAMS 0x0000000089600000, 0x0000000089600000| Untracked 
|  83|0x0000000089700000, 0x0000000089700000, 0x0000000089800000|  0%| F|  |TAMS 0x0000000089700000, 0x0000000089700000| Untracked 
|  84|0x0000000089800000, 0x0000000089800000, 0x0000000089900000|  0%| F|  |TAMS 0x0000000089800000, 0x0000000089800000| Untracked 
|  85|0x0000000089900000, 0x0000000089a00000, 0x0000000089a00000|100%| S|CS|TAMS 0x0000000089900000, 0x0000000089900000| Complete 
|  86|0x0000000089a00000, 0x0000000089b00000, 0x0000000089b00000|100%| S|CS|TAMS 0x0000000089a00000, 0x0000000089a00000| Complete 
|  87|0x0000000089b00000, 0x0000000089c00000, 0x0000000089c00000|100%| S|CS|TAMS 0x0000000089b00000, 0x0000000089b00000| Complete 
|  88|0x0000000089c00000, 0x0000000089d00000, 0x0000000089d00000|100%| S|CS|TAMS 0x0000000089c00000, 0x0000000089c00000| Complete 
|  89|0x0000000089d00000, 0x0000000089d00000, 0x0000000089e00000|  0%| F|  |TAMS 0x0000000089d00000, 0x0000000089d00000| Untracked 
|  90|0x0000000089e00000, 0x0000000089e00000, 0x0000000089f00000|  0%| F|  |TAMS 0x0000000089e00000, 0x0000000089e00000| Untracked 
|  91|0x0000000089f00000, 0x0000000089f00000, 0x000000008a000000|  0%| F|  |TAMS 0x0000000089f00000, 0x0000000089f00000| Untracked 
|  92|0x000000008a000000, 0x000000008a000000, 0x000000008a100000|  0%| F|  |TAMS 0x000000008a000000, 0x000000008a000000| Untracked 
|  93|0x000000008a100000, 0x000000008a100000, 0x000000008a200000|  0%| F|  |TAMS 0x000000008a100000, 0x000000008a100000| Untracked 
|  94|0x000000008a200000, 0x000000008a200000, 0x000000008a300000|  0%| F|  |TAMS 0x000000008a200000, 0x000000008a200000| Untracked 
|  95|0x000000008a300000, 0x000000008a300000, 0x000000008a400000|  0%| F|  |TAMS 0x000000008a300000, 0x000000008a300000| Untracked 
|  96|0x000000008a400000, 0x000000008a400000, 0x000000008a500000|  0%| F|  |TAMS 0x000000008a400000, 0x000000008a400000| Untracked 
|  97|0x000000008a500000, 0x000000008a500000, 0x000000008a600000|  0%| F|  |TAMS 0x000000008a500000, 0x000000008a500000| Untracked 
|  98|0x000000008a600000, 0x000000008a600000, 0x000000008a700000|  0%| F|  |TAMS 0x000000008a600000, 0x000000008a600000| Untracked 
|  99|0x000000008a700000, 0x000000008a700000, 0x000000008a800000|  0%| F|  |TAMS 0x000000008a700000, 0x000000008a700000| Untracked 
| 100|0x000000008a800000, 0x000000008a800000, 0x000000008a900000|  0%| F|  |TAMS 0x000000008a800000, 0x000000008a800000| Untracked 
| 101|0x000000008a900000, 0x000000008a900000, 0x000000008aa00000|  0%| F|  |TAMS 0x000000008a900000, 0x000000008a900000| Untracked 
| 102|0x000000008aa00000, 0x000000008aa00000, 0x000000008ab00000|  0%| F|  |TAMS 0x000000008aa00000, 0x000000008aa00000| Untracked 
| 103|0x000000008ab00000, 0x000000008ab00000, 0x000000008ac00000|  0%| F|  |TAMS 0x000000008ab00000, 0x000000008ab00000| Untracked 
| 104|0x000000008ac00000, 0x000000008ac00000, 0x000000008ad00000|  0%| F|  |TAMS 0x000000008ac00000, 0x000000008ac00000| Untracked 
| 105|0x000000008ad00000, 0x000000008ad00000, 0x000000008ae00000|  0%| F|  |TAMS 0x000000008ad00000, 0x000000008ad00000| Untracked 
| 106|0x000000008ae00000, 0x000000008ae00000, 0x000000008af00000|  0%| F|  |TAMS 0x000000008ae00000, 0x000000008ae00000| Untracked 
| 107|0x000000008af00000, 0x000000008af00000, 0x000000008b000000|  0%| F|  |TAMS 0x000000008af00000, 0x000000008af00000| Untracked 
| 108|0x000000008b000000, 0x000000008b000000, 0x000000008b100000|  0%| F|  |TAMS 0x000000008b000000, 0x000000008b000000| Untracked 
| 109|0x000000008b100000, 0x000000008b100000, 0x000000008b200000|  0%| F|  |TAMS 0x000000008b100000, 0x000000008b100000| Untracked 
| 110|0x000000008b200000, 0x000000008b200000, 0x000000008b300000|  0%| F|  |TAMS 0x000000008b200000, 0x000000008b200000| Untracked 
| 111|0x000000008b300000, 0x000000008b300000, 0x000000008b400000|  0%| F|  |TAMS 0x000000008b300000, 0x000000008b300000| Untracked 
| 112|0x000000008b400000, 0x000000008b400000, 0x000000008b500000|  0%| F|  |TAMS 0x000000008b400000, 0x000000008b400000| Untracked 
| 113|0x000000008b500000, 0x000000008b500000, 0x000000008b600000|  0%| F|  |TAMS 0x000000008b500000, 0x000000008b500000| Untracked 
| 114|0x000000008b600000, 0x000000008b600000, 0x000000008b700000|  0%| F|  |TAMS 0x000000008b600000, 0x000000008b600000| Untracked 
| 115|0x000000008b700000, 0x000000008b700000, 0x000000008b800000|  0%| F|  |TAMS 0x000000008b700000, 0x000000008b700000| Untracked 
| 116|0x000000008b800000, 0x000000008b800000, 0x000000008b900000|  0%| F|  |TAMS 0x000000008b800000, 0x000000008b800000| Untracked 
| 117|0x000000008b900000, 0x000000008b900000, 0x000000008ba00000|  0%| F|  |TAMS 0x000000008b900000, 0x000000008b900000| Untracked 
| 118|0x000000008ba00000, 0x000000008ba00000, 0x000000008bb00000|  0%| F|  |TAMS 0x000000008ba00000, 0x000000008ba00000| Untracked 
| 119|0x000000008bb00000, 0x000000008bb00000, 0x000000008bc00000|  0%| F|  |TAMS 0x000000008bb00000, 0x000000008bb00000| Untracked 
| 120|0x000000008bc00000, 0x000000008bc00000, 0x000000008bd00000|  0%| F|  |TAMS 0x000000008bc00000, 0x000000008bc00000| Untracked 
| 121|0x000000008bd00000, 0x000000008bd00000, 0x000000008be00000|  0%| F|  |TAMS 0x000000008bd00000, 0x000000008bd00000| Untracked 
| 122|0x000000008be00000, 0x000000008be00000, 0x000000008bf00000|  0%| F|  |TAMS 0x000000008be00000, 0x000000008be00000| Untracked 
| 123|0x000000008bf00000, 0x000000008bf00000, 0x000000008c000000|  0%| F|  |TAMS 0x000000008bf00000, 0x000000008bf00000| Untracked 
| 124|0x000000008c000000, 0x000000008c000000, 0x000000008c100000|  0%| F|  |TAMS 0x000000008c000000, 0x000000008c000000| Untracked 
| 125|0x000000008c100000, 0x000000008c100000, 0x000000008c200000|  0%| F|  |TAMS 0x000000008c100000, 0x000000008c100000| Untracked 
| 126|0x000000008c200000, 0x000000008c200000, 0x000000008c300000|  0%| F|  |TAMS 0x000000008c200000, 0x000000008c200000| Untracked 
| 127|0x000000008c300000, 0x000000008c300000, 0x000000008c400000|  0%| F|  |TAMS 0x000000008c300000, 0x000000008c300000| Untracked 
| 128|0x000000008c400000, 0x000000008c400000, 0x000000008c500000|  0%| F|  |TAMS 0x000000008c400000, 0x000000008c400000| Untracked 
| 129|0x000000008c500000, 0x000000008c540ed8, 0x000000008c600000| 25%| E|  |TAMS 0x000000008c500000, 0x000000008c500000| Complete 
| 130|0x000000008c600000, 0x000000008c700000, 0x000000008c700000|100%| E|CS|TAMS 0x000000008c600000, 0x000000008c600000| Complete 
| 131|0x000000008c700000, 0x000000008c800000, 0x000000008c800000|100%| E|CS|TAMS 0x000000008c700000, 0x000000008c700000| Complete 
| 132|0x000000008c800000, 0x000000008c900000, 0x000000008c900000|100%| E|CS|TAMS 0x000000008c800000, 0x000000008c800000| Complete 
| 133|0x000000008c900000, 0x000000008ca00000, 0x000000008ca00000|100%| E|CS|TAMS 0x000000008c900000, 0x000000008c900000| Complete 
| 134|0x000000008ca00000, 0x000000008cb00000, 0x000000008cb00000|100%| E|CS|TAMS 0x000000008ca00000, 0x000000008ca00000| Complete 
| 135|0x000000008cb00000, 0x000000008cc00000, 0x000000008cc00000|100%| E|CS|TAMS 0x000000008cb00000, 0x000000008cb00000| Complete 
| 136|0x000000008cc00000, 0x000000008cd00000, 0x000000008cd00000|100%| E|CS|TAMS 0x000000008cc00000, 0x000000008cc00000| Complete 
| 137|0x000000008cd00000, 0x000000008ce00000, 0x000000008ce00000|100%| E|CS|TAMS 0x000000008cd00000, 0x000000008cd00000| Complete 

Card table byte_map: [0x00000161d4c20000,0x00000161d5000000] _byte_map_base: 0x00000161d47fe000

Marking Bits (Prev, Next): (CMBitMap*) 0x00000161c1eaf720, (CMBitMap*) 0x00000161c1eaf6e0
 Prev Bits: [0x00000161d72d0000, 0x00000161d91c0000)
 Next Bits: [0x00000161d53e0000, 0x00000161d72d0000)

Polling page: 0x00000161c1620000

Metaspace:

Usage:
  Non-class:     68.45 MB used.
      Class:     10.33 MB used.
       Both:     78.78 MB used.

Virtual space:
  Non-class space:       72.00 MB reserved,      68.75 MB ( 95%) committed,  9 nodes.
      Class space:        1.00 GB reserved,      10.56 MB (  1%) committed,  1 nodes.
             Both:        1.07 GB reserved,      79.31 MB (  7%) committed. 

Chunk freelists:
   Non-Class:  3.30 MB
       Class:  1.44 MB
        Both:  4.73 MB

MaxMetaspaceSize: unlimited
CompressedClassSpaceSize: 1.00 GB
Initial GC threshold: 21.00 MB
Current GC threshold: 99.06 MB
CDS: off
MetaspaceReclaimPolicy: balanced
 - commit_granule_bytes: 65536.
 - commit_granule_words: 8192.
 - virtual_space_node_default_size: 1048576.
 - enlarge_chunks_in_place: 1.
 - new_chunks_are_fully_committed: 0.
 - uncommit_free_chunks: 1.
 - use_allocation_guard: 0.
 - handle_deallocations: 1.


Internal statistics:

num_allocs_failed_limit: 9.
num_arena_births: 716.
num_arena_deaths: 0.
num_vsnodes_births: 10.
num_vsnodes_deaths: 0.
num_space_committed: 1269.
num_space_uncommitted: 0.
num_chunks_returned_to_freelist: 9.
num_chunks_taken_from_freelist: 3291.
num_chunk_merges: 9.
num_chunk_splits: 2369.
num_chunks_enlarged: 1850.
num_purges: 0.
num_inconsistent_stats: 0.

CodeHeap 'non-profiled nmethods': size=120000Kb used=4858Kb max_used=4858Kb free=115141Kb
 bounds [0x00000161ccfe0000, 0x00000161cd4a0000, 0x00000161d4510000]
CodeHeap 'profiled nmethods': size=120000Kb used=11868Kb max_used=11868Kb free=108132Kb
 bounds [0x00000161c5ab0000, 0x00000161c6650000, 0x00000161ccfe0000]
CodeHeap 'non-nmethods': size=5760Kb used=1355Kb max_used=1408Kb free=4404Kb
 bounds [0x00000161c5510000, 0x00000161c5780000, 0x00000161c5ab0000]
 total_blobs=6977 nmethods=6296 adapters=593
 compilation: enabled
              stopped_count=0, restarted_count=0
 full_count=0

Compilation events (20 events):
Event: 686.390 Thread 0x00000161dc837ff0 7186       3       org.springframework.aop.support.AopUtils::isEqualsMethod (5 bytes)
Event: 686.394 Thread 0x00000161dc837ff0 nmethod 7186 0x00000161c6643610 code [0x00000161c66437a0, 0x00000161c66438a8]
Event: 686.509 Thread 0x00000161dc837ff0 7187       3       com.fasterxml.jackson.core.sym.ByteQuadsCanonicalizer::calcHash (51 bytes)
Event: 686.510 Thread 0x00000161dc837ff0 nmethod 7187 0x00000161c6643990 code [0x00000161c6643b20, 0x00000161c6643c78]
Event: 686.510 Thread 0x00000161dc837ff0 7188       3       com.fasterxml.jackson.core.sym.ByteQuadsCanonicalizer::calcHash (86 bytes)
Event: 686.510 Thread 0x00000161dc837ff0 nmethod 7188 0x00000161c6643d10 code [0x00000161c6643ea0, 0x00000161c6643ff8]
Event: 686.535 Thread 0x00000161dc837ff0 7189       3       java.util.concurrent.atomic.AtomicReference::<init> (5 bytes)
Event: 686.535 Thread 0x00000161dc837ff0 nmethod 7189 0x00000161c6644090 code [0x00000161c6644220, 0x00000161c6644378]
Event: 686.628 Thread 0x00000161dc836520 7190       4       java.util.Spliterator::getExactSizeIfKnown (25 bytes)
Event: 686.629 Thread 0x00000161dc837ff0 7191       3       com.netflix.discovery.shared.Applications$$Lambda$1534/0x0000000100a644c0::<init> (10 bytes)
Event: 686.630 Thread 0x00000161dc837ff0 nmethod 7191 0x00000161c6644410 code [0x00000161c66445a0, 0x00000161c6644758]
Event: 686.630 Thread 0x00000161dc837ff0 7193       3       java.util.concurrent.locks.LockSupport::park (9 bytes)
Event: 686.630 Thread 0x00000161dc837ff0 nmethod 7193 0x00000161c6644810 code [0x00000161c66449a0, 0x00000161c6644ae8]
Event: 686.630 Thread 0x00000161dc837ff0 7192       3       com.netflix.discovery.shared.Applications$$Lambda$1534/0x0000000100a644c0::get (8 bytes)
Event: 686.630 Thread 0x00000161dc836520 nmethod 7190 0x00000161cd49e290 code [0x00000161cd49e420, 0x00000161cd49e4d8]
Event: 686.631 Thread 0x00000161dc837ff0 nmethod 7192 0x00000161c6644b90 code [0x00000161c6644d40, 0x00000161c6644ff8]
Event: 695.733 Thread 0x00000161dc836520 7194       4       java.util.concurrent.atomic.AtomicLong::set (12 bytes)
Event: 695.734 Thread 0x00000161dc836520 nmethod 7194 0x00000161cd49e590 code [0x00000161cd49e700, 0x00000161cd49e778]
Event: 707.295 Thread 0x00000161dc836520 7195  s    4       java.lang.Throwable::fillInStackTrace (29 bytes)
Event: 707.340 Thread 0x00000161dc837ff0 7196       3       java.io.File::getAbsoluteFile (38 bytes)

GC Heap History (20 events):
Event: 11.099 GC heap before
{Heap before GC invocations=14 (full 0):
 garbage-first heap   total 141312K, used 111097K [0x0000000084400000, 0x0000000100000000)
  region size 1024K, 82 young (83968K), 4 survivors (4096K)
 Metaspace       used 32637K, committed 32960K, reserved 1081344K
  class space    used 3695K, committed 3840K, reserved 1048576K
}
Event: 11.106 GC heap after
{Heap after GC invocations=15 (full 0):
 garbage-first heap   total 141312K, used 36713K [0x0000000084400000, 0x0000000100000000)
  region size 1024K, 10 young (10240K), 10 survivors (10240K)
 Metaspace       used 32637K, committed 32960K, reserved 1081344K
  class space    used 3695K, committed 3840K, reserved 1048576K
}
Event: 12.047 GC heap before
{Heap before GC invocations=15 (full 0):
 garbage-first heap   total 141312K, used 107369K [0x0000000084400000, 0x0000000100000000)
  region size 1024K, 79 young (80896K), 10 survivors (10240K)
 Metaspace       used 33930K, committed 34240K, reserved 1081344K
  class space    used 3889K, committed 4032K, reserved 1048576K
}
Event: 12.056 GC heap after
{Heap after GC invocations=16 (full 0):
 garbage-first heap   total 141312K, used 43293K [0x0000000084400000, 0x0000000100000000)
  region size 1024K, 7 young (7168K), 7 survivors (7168K)
 Metaspace       used 33930K, committed 34240K, reserved 1081344K
  class space    used 3889K, committed 4032K, reserved 1048576K
}
Event: 13.267 GC heap before
{Heap before GC invocations=16 (full 0):
 garbage-first heap   total 141312K, used 93469K [0x0000000084400000, 0x0000000100000000)
  region size 1024K, 57 young (58368K), 7 survivors (7168K)
 Metaspace       used 36056K, committed 36288K, reserved 1081344K
  class space    used 4289K, committed 4416K, reserved 1048576K
}
Event: 13.309 GC heap after
{Heap after GC invocations=17 (full 0):
 garbage-first heap   total 141312K, used 44282K [0x0000000084400000, 0x0000000100000000)
  region size 1024K, 4 young (4096K), 4 survivors (4096K)
 Metaspace       used 36056K, committed 36288K, reserved 1081344K
  class space    used 4289K, committed 4416K, reserved 1048576K
}
Event: 16.980 GC heap before
{Heap before GC invocations=18 (full 0):
 garbage-first heap   total 141312K, used 117050K [0x0000000084400000, 0x0000000100000000)
  region size 1024K, 69 young (70656K), 4 survivors (4096K)
 Metaspace       used 44188K, committed 44608K, reserved 1089536K
  class space    used 5368K, committed 5568K, reserved 1048576K
}
Event: 16.988 GC heap after
{Heap after GC invocations=19 (full 0):
 garbage-first heap   total 141312K, used 48976K [0x0000000084400000, 0x0000000100000000)
  region size 1024K, 9 young (9216K), 9 survivors (9216K)
 Metaspace       used 44188K, committed 44608K, reserved 1089536K
  class space    used 5368K, committed 5568K, reserved 1048576K
}
Event: 19.729 GC heap before
{Heap before GC invocations=19 (full 0):
 garbage-first heap   total 141312K, used 113488K [0x0000000084400000, 0x0000000100000000)
  region size 1024K, 70 young (71680K), 9 survivors (9216K)
 Metaspace       used 53497K, committed 54016K, reserved 1097728K
  class space    used 6531K, committed 6784K, reserved 1048576K
}
Event: 19.738 GC heap after
{Heap after GC invocations=20 (full 0):
 garbage-first heap   total 141312K, used 55081K [0x0000000084400000, 0x0000000100000000)
  region size 1024K, 4 young (4096K), 4 survivors (4096K)
 Metaspace       used 53497K, committed 54016K, reserved 1097728K
  class space    used 6531K, committed 6784K, reserved 1048576K
}
Event: 21.095 GC heap before
{Heap before GC invocations=20 (full 0):
 garbage-first heap   total 141312K, used 82729K [0x0000000084400000, 0x0000000100000000)
  region size 1024K, 32 young (32768K), 4 survivors (4096K)
 Metaspace       used 60305K, committed 60736K, reserved 1105920K
  class space    used 7586K, committed 7808K, reserved 1048576K
}
Event: 21.099 GC heap after
{Heap after GC invocations=21 (full 0):
 garbage-first heap   total 141312K, used 55628K [0x0000000084400000, 0x0000000100000000)
  region size 1024K, 5 young (5120K), 5 survivors (5120K)
 Metaspace       used 60305K, committed 60736K, reserved 1105920K
  class space    used 7586K, committed 7808K, reserved 1048576K
}
Event: 23.053 GC heap before
{Heap before GC invocations=22 (full 0):
 garbage-first heap   total 141312K, used 113996K [0x0000000084400000, 0x0000000100000000)
  region size 1024K, 62 young (63488K), 5 survivors (5120K)
 Metaspace       used 70511K, committed 70976K, reserved 1114112K
  class space    used 9189K, committed 9408K, reserved 1048576K
}
Event: 23.060 GC heap after
{Heap after GC invocations=23 (full 0):
 garbage-first heap   total 141312K, used 59791K [0x0000000084400000, 0x0000000100000000)
  region size 1024K, 8 young (8192K), 8 survivors (8192K)
 Metaspace       used 70511K, committed 70976K, reserved 1114112K
  class space    used 9189K, committed 9408K, reserved 1048576K
}
Event: 23.061 GC heap before
{Heap before GC invocations=23 (full 0):
 garbage-first heap   total 141312K, used 60815K [0x0000000084400000, 0x0000000100000000)
  region size 1024K, 9 young (9216K), 8 survivors (8192K)
 Metaspace       used 70511K, committed 70976K, reserved 1114112K
  class space    used 9189K, committed 9408K, reserved 1048576K
}
Event: 23.066 GC heap after
{Heap after GC invocations=24 (full 0):
 garbage-first heap   total 141312K, used 60379K [0x0000000084400000, 0x0000000100000000)
  region size 1024K, 1 young (1024K), 1 survivors (1024K)
 Metaspace       used 70511K, committed 70976K, reserved 1114112K
  class space    used 9189K, committed 9408K, reserved 1048576K
}
Event: 24.676 GC heap before
{Heap before GC invocations=24 (full 0):
 garbage-first heap   total 141312K, used 113627K [0x0000000084400000, 0x0000000100000000)
  region size 1024K, 53 young (54272K), 1 survivors (1024K)
 Metaspace       used 73895K, committed 74368K, reserved 1114112K
  class space    used 9695K, committed 9920K, reserved 1048576K
}
Event: 24.688 GC heap after
{Heap after GC invocations=25 (full 0):
 garbage-first heap   total 141312K, used 64276K [0x0000000084400000, 0x0000000100000000)
  region size 1024K, 5 young (5120K), 5 survivors (5120K)
 Metaspace       used 73895K, committed 74368K, reserved 1114112K
  class space    used 9695K, committed 9920K, reserved 1048576K
}
Event: 489.824 GC heap before
{Heap before GC invocations=25 (full 0):
 garbage-first heap   total 141312K, used 114452K [0x0000000084400000, 0x0000000100000000)
  region size 1024K, 54 young (55296K), 5 survivors (5120K)
 Metaspace       used 80601K, committed 81152K, reserved 1122304K
  class space    used 10574K, committed 10816K, reserved 1048576K
}
Event: 490.053 GC heap after
{Heap after GC invocations=26 (full 0):
 garbage-first heap   total 141312K, used 68793K [0x0000000084400000, 0x0000000100000000)
  region size 1024K, 5 young (5120K), 5 survivors (5120K)
 Metaspace       used 80601K, committed 81152K, reserved 1122304K
  class space    used 10574K, committed 10816K, reserved 1048576K
}

Deoptimization events (20 events):
Event: 85.881 Thread 0x00000161e113eb70 Uncommon trap: trap_request=0xffffff54 fr.pc=0x00000161cd39a390 relative=0x00000000000007b0
Event: 85.881 Thread 0x00000161e113eb70 Uncommon trap: reason=speculate_null_assert action=make_not_entrant pc=0x00000161cd39a390 method=java.lang.invoke.MethodType$ConcurrentWeakInternSet.add(Ljava/lang/Object;)Ljava/lang/Object; @ 47 c2
Event: 85.881 Thread 0x00000161e113eb70 DEOPT PACKING pc=0x00000161cd39a390 sp=0x00000021bf6fe360
Event: 85.881 Thread 0x00000161e113eb70 DEOPT UNPACKING pc=0x00000161c5565c23 sp=0x00000021bf6fe2f8 mode 2
Event: 705.168 Thread 0x00000161e1142060 Uncommon trap: trap_request=0xffffff45 fr.pc=0x00000161cd48d7bc relative=0x00000000000031bc
Event: 705.168 Thread 0x00000161e1142060 Uncommon trap: reason=unstable_if action=reinterpret pc=0x00000161cd48d7bc method=java.io.File.normalizedList()[Ljava/lang/String; @ 34 c2
Event: 705.168 Thread 0x00000161e1142060 DEOPT PACKING pc=0x00000161cd48d7bc sp=0x00000021beffeeb0
Event: 705.171 Thread 0x00000161e1142060 DEOPT UNPACKING pc=0x00000161c5565c23 sp=0x00000021beffedb0 mode 2
Event: 705.578 Thread 0x00000161e1142060 Uncommon trap: trap_request=0xffffff45 fr.pc=0x00000161cd489df8 relative=0x0000000000000698
Event: 705.578 Thread 0x00000161e1142060 Uncommon trap: reason=unstable_if action=reinterpret pc=0x00000161cd489df8 method=java.io.File.normalizedList()[Ljava/lang/String; @ 34 c2
Event: 705.578 Thread 0x00000161e1142060 DEOPT PACKING pc=0x00000161cd489df8 sp=0x00000021beffee40
Event: 705.581 Thread 0x00000161e1142060 DEOPT UNPACKING pc=0x00000161c5565c23 sp=0x00000021beffeda0 mode 2
Event: 707.338 Thread 0x00000161e1142060 Uncommon trap: trap_request=0xffffff45 fr.pc=0x00000161cd31f620 relative=0x00000000000070a0
Event: 707.338 Thread 0x00000161e1142060 Uncommon trap: reason=unstable_if action=reinterpret pc=0x00000161cd31f620 method=org.springframework.util.AntPathMatcher.skipSegment(Ljava/lang/String;ILjava/lang/String;)I @ 60 c2
Event: 707.339 Thread 0x00000161e1142060 DEOPT PACKING pc=0x00000161cd31f620 sp=0x00000021beffecd0
Event: 707.339 Thread 0x00000161e1142060 DEOPT UNPACKING pc=0x00000161c5565c23 sp=0x00000021beffeb88 mode 2
Event: 707.340 Thread 0x00000161e1142060 Uncommon trap: trap_request=0xffffff45 fr.pc=0x00000161cd2f6a84 relative=0x0000000000000244
Event: 707.340 Thread 0x00000161e1142060 Uncommon trap: reason=unstable_if action=reinterpret pc=0x00000161cd2f6a84 method=org.springframework.util.AntPathMatcher.skipSegment(Ljava/lang/String;ILjava/lang/String;)I @ 60 c2
Event: 707.340 Thread 0x00000161e1142060 DEOPT PACKING pc=0x00000161cd2f6a84 sp=0x00000021beffebb0
Event: 707.340 Thread 0x00000161e1142060 DEOPT UNPACKING pc=0x00000161c5565c23 sp=0x00000021beffeb28 mode 2

Classes unloaded (0 events):
No events

Classes redefined (0 events):
No events

Internal exceptions (20 events):
Event: 23.625 Thread 0x00000161dd3db0c0 Exception <a 'java/lang/NoSuchMethodError'{0x000000008ac0a8e0}: 'java.lang.Object java.lang.invoke.DirectMethodHandle$Holder.newInvokeSpecial(java.lang.Object, java.lang.Object, java.lang.Object, java.lang.Object, java.lang.Object, java.lang.Object, java.lang.Object, java.lang.Object, java.lang.Object)'> (0x000000008ac0a8e0) 
thrown [s\src\hotspot\share\interpreter\linkResolver.cpp, line 759]
Event: 23.626 Thread 0x00000161dd3db0c0 Exception <a 'java/lang/NoSuchMethodError'{0x000000008ac0f5d8}: 'java.lang.Object java.lang.invoke.Invokers$Holder.linkToTargetMethod(java.lang.Object, java.lang.Object, java.lang.Object, java.lang.Object, java.lang.Object, java.lang.Object, java.lang.Object, java.lang.Object, java.lang.Object)'> (0x000000008ac0f5d8) 
thrown [s\src\hotspot\share\interpreter\linkResolver.cpp, line 759]
Event: 23.932 Thread 0x00000161dd3db0c0 Implicit null exception at 0x00000161cd00a8ec to 0x00000161cd00a990
Event: 24.168 Thread 0x00000161dd3db0c0 Exception <a 'java/lang/NoSuchMethodError'{0x000000008a121070}: 'double java.lang.invoke.DirectMethodHandle$Holder.invokeStatic(java.lang.Object, java.lang.Object)'> (0x000000008a121070) 
thrown [s\src\hotspot\share\interpreter\linkResolver.cpp, line 759]
Event: 24.288 Thread 0x00000161dd3db0c0 Implicit null exception at 0x00000161cd24995a to 0x00000161cd249b8c
Event: 24.354 Thread 0x00000161dd3db0c0 Exception <a 'java/net/BindException'{0x0000000089b06360}: Address already in use: bind> (0x0000000089b06360) 
thrown [s\src\hotspot\share\prims\jni.cpp, line 535]
Event: 24.354 Thread 0x00000161dd3db0c0 Exception <a 'java/net/SocketException'{0x0000000089b06a48}: Socket is not connected: shutdown> (0x0000000089b06a48) 
thrown [s\src\hotspot\share\prims\jni.cpp, line 535]
Event: 24.752 Thread 0x00000161dd3db0c0 Exception <a 'java/lang/NoSuchMethodError'{0x000000008c90d560}: 'void java.lang.invoke.DirectMethodHandle$Holder.invokeStatic(java.lang.Object, java.lang.Object, double)'> (0x000000008c90d560) 
thrown [s\src\hotspot\share\interpreter\linkResolver.cpp, line 759]
Event: 25.029 Thread 0x00000161dd3db0c0 Exception <a 'java/lang/NoSuchMethodError'{0x000000008c965738}: 'double java.lang.invoke.DirectMethodHandle$Holder.invokeStatic(java.lang.Object, java.lang.Object, java.lang.Object)'> (0x000000008c965738) 
thrown [s\src\hotspot\share\interpreter\linkResolver.cpp, line 759]
Event: 25.088 Thread 0x00000161dd3db0c0 Exception <a 'java/lang/IncompatibleClassChangeError'{0x000000008c8c3ab0}: Found class java.lang.Object, but interface was expected> (0x000000008c8c3ab0) 
thrown [s\src\hotspot\share\interpreter\linkResolver.cpp, line 826]
Event: 25.091 Thread 0x00000161dd3db0c0 Exception <a 'java/lang/NoSuchMethodError'{0x000000008c8dd990}: 'java.lang.Object java.lang.invoke.DirectMethodHandle$Holder.newInvokeSpecial(java.lang.Object, java.lang.Object, int, java.lang.Object, java.lang.Object)'> (0x000000008c8dd990) 
thrown [s\src\hotspot\share\interpreter\linkResolver.cpp, line 759]
Event: 25.092 Thread 0x00000161dd3db0c0 Exception <a 'java/lang/NoSuchMethodError'{0x000000008c8e8ff8}: 'java.lang.Object java.lang.invoke.DirectMethodHandle$Holder.invokeSpecial(java.lang.Object, java.lang.Object, int, java.lang.Object, int, java.lang.Object)'> (0x000000008c8e8ff8) 
thrown [s\src\hotspot\share\interpreter\linkResolver.cpp, line 759]
Event: 25.092 Thread 0x00000161dd3db0c0 Exception <a 'java/lang/NoSuchMethodError'{0x000000008c8f10a8}: 'java.lang.Object java.lang.invoke.DirectMethodHandle$Holder.newInvokeSpecial(java.lang.Object, java.lang.Object, int, java.lang.Object, int)'> (0x000000008c8f10a8) 
thrown [s\src\hotspot\share\interpreter\linkResolver.cpp, line 759]
Event: 25.092 Thread 0x00000161dd3db0c0 Exception <a 'java/lang/NoSuchMethodError'{0x000000008c8f51a8}: 'java.lang.Object java.lang.invoke.DirectMethodHandle$Holder.invokeSpecial(java.lang.Object, java.lang.Object, java.lang.Object, int, java.lang.Object, int)'> (0x000000008c8f51a8) 
thrown [s\src\hotspot\share\interpreter\linkResolver.cpp, line 759]
Event: 25.096 Thread 0x00000161dc9e9cd0 Exception <a 'java/lang/NoSuchMethodError'{0x000000008cd9f998}: 'long java.lang.invoke.DirectMethodHandle$Holder.invokeStatic(java.lang.Object, java.lang.Object, java.lang.Object)'> (0x000000008cd9f998) 
thrown [s\src\hotspot\share\interpreter\linkResolver.cpp, line 759]
Event: 25.211 Thread 0x00000161dd3db0c0 Exception <a 'java/lang/IncompatibleClassChangeError'{0x000000008c5815c0}: Found class java.lang.Object, but interface was expected> (0x000000008c5815c0) 
thrown [s\src\hotspot\share\interpreter\linkResolver.cpp, line 826]
Event: 25.231 Thread 0x00000161dd3db0c0 Implicit null exception at 0x00000161cd2505e9 to 0x00000161cd25079c
Event: 25.290 Thread 0x00000161dd3db0c0 Exception <a 'sun/nio/fs/WindowsException'{0x000000008c2e8ed8}> (0x000000008c2e8ed8) 
thrown [s\src\hotspot\share\prims\jni.cpp, line 516]
Event: 705.167 Thread 0x00000161e1142060 Implicit null exception at 0x00000161cd48a7af to 0x00000161cd48d798
Event: 705.578 Thread 0x00000161e1142060 Implicit null exception at 0x00000161cd489901 to 0x00000161cd489de8

VM Operations (20 events):
Event: 491.058 Executing VM operation: Cleanup done
Event: 507.244 Executing VM operation: Cleanup
Event: 507.244 Executing VM operation: Cleanup done
Event: 536.440 Executing VM operation: Cleanup
Event: 536.440 Executing VM operation: Cleanup done
Event: 549.554 Executing VM operation: Cleanup
Event: 549.554 Executing VM operation: Cleanup done
Event: 566.677 Executing VM operation: Cleanup
Event: 566.677 Executing VM operation: Cleanup done
Event: 594.909 Executing VM operation: Cleanup
Event: 594.909 Executing VM operation: Cleanup done
Event: 596.941 Executing VM operation: Cleanup
Event: 596.941 Executing VM operation: Cleanup done
Event: 601.992 Executing VM operation: Cleanup
Event: 601.992 Executing VM operation: Cleanup done
Event: 627.202 Executing VM operation: Cleanup
Event: 627.202 Executing VM operation: Cleanup done
Event: 706.811 Executing VM operation: Cleanup
Event: 707.034 Executing VM operation: Cleanup done
Event: 708.047 Executing VM operation: Cleanup

Events (20 events):
Event: 26.208 loading class com/sun/beans/util/Cache$Kind done
Event: 26.208 loading class com/sun/beans/util/Cache$Kind$1
Event: 26.208 loading class com/sun/beans/util/Cache$Kind$1 done
Event: 26.208 loading class com/sun/beans/util/Cache$Kind$2
Event: 26.208 loading class com/sun/beans/util/Cache$Kind$2 done
Event: 26.208 loading class com/sun/beans/util/Cache$Kind$3
Event: 26.208 loading class com/sun/beans/util/Cache$Kind$3 done
Event: 26.208 loading class com/sun/beans/util/Cache$CacheEntry
Event: 26.208 loading class com/sun/beans/util/Cache$CacheEntry done
Event: 26.208 Thread 0x00000161dd169430 Thread exited: 0x00000161dd169430
Event: 26.209 Thread 0x00000161bfe0da20 Thread exited: 0x00000161bfe0da20
Event: 26.209 Thread 0x00000161e31486a0 Thread added: 0x00000161e31486a0
Event: 28.701 loading class java/util/Collections$ReverseComparator2
Event: 28.701 loading class java/util/Collections$ReverseComparator2 done
Event: 55.858 Thread 0x00000161e31469c0 Thread added: 0x00000161e31469c0
Event: 55.858 Thread 0x00000161e3149510 Thread added: 0x00000161e3149510
Event: 64.838 Thread 0x00000161ddcbb050 Thread exited: 0x00000161ddcbb050
Event: 325.317 Thread 0x00000161e3145b50 Thread added: 0x00000161e3145b50
Event: 356.214 Thread 0x00000161dde74f10 Thread added: 0x00000161dde74f10
Event: 358.834 Thread 0x00000161dde74f10 Thread exited: 0x00000161dde74f10


Dynamic libraries:
0x00007ff6b5db0000 - 0x00007ff6b5dbe000 	D:\Softwares & Modules\sts-4.15.3.RELEASE\plugins\org.eclipse.justj.openjdk.hotspot.jre.full.win32.x86_64_17.0.4.v20220805-1047\jre\bin\javaw.exe
0x00007ff8d0800000 - 0x00007ff8d0a09000 	C:\WINDOWS\SYSTEM32\ntdll.dll
0x00007ff8ce7e0000 - 0x00007ff8ce89e000 	C:\WINDOWS\System32\KERNEL32.DLL
0x00007ff8cdd50000 - 0x00007ff8ce0cb000 	C:\WINDOWS\System32\KERNELBASE.dll
0x00007ff8ce0d0000 - 0x00007ff8ce1e1000 	C:\WINDOWS\System32\ucrtbase.dll
0x00007ff897170000 - 0x00007ff897188000 	D:\Softwares & Modules\sts-4.15.3.RELEASE\plugins\org.eclipse.justj.openjdk.hotspot.jre.full.win32.x86_64_17.0.4.v20220805-1047\jre\bin\jli.dll
0x00007ff88c740000 - 0x00007ff88c759000 	D:\Softwares & Modules\sts-4.15.3.RELEASE\plugins\org.eclipse.justj.openjdk.hotspot.jre.full.win32.x86_64_17.0.4.v20220805-1047\jre\bin\VCRUNTIME140.dll
0x00007ff8cf660000 - 0x00007ff8cf80d000 	C:\WINDOWS\System32\USER32.dll
0x00007ff8ce3b0000 - 0x00007ff8ce3d6000 	C:\WINDOWS\System32\win32u.dll
0x00007ff8ac4b0000 - 0x00007ff8ac755000 	C:\WINDOWS\WinSxS\amd64_microsoft.windows.common-controls_6595b64144ccf1df_6.0.22000.120_none_9d947278b86cc467\COMCTL32.dll
0x00007ff8cf4f0000 - 0x00007ff8cf519000 	C:\WINDOWS\System32\GDI32.dll
0x00007ff8ce1f0000 - 0x00007ff8ce308000 	C:\WINDOWS\System32\gdi32full.dll
0x00007ff8cfdc0000 - 0x00007ff8cfe63000 	C:\WINDOWS\System32\msvcrt.dll
0x00007ff8ce310000 - 0x00007ff8ce3ad000 	C:\WINDOWS\System32\msvcp_win.dll
0x00007ff8d0700000 - 0x00007ff8d0732000 	C:\WINDOWS\System32\IMM32.DLL
0x00007ff8a7fb0000 - 0x00007ff8a7fbc000 	D:\Softwares & Modules\sts-4.15.3.RELEASE\plugins\org.eclipse.justj.openjdk.hotspot.jre.full.win32.x86_64_17.0.4.v20220805-1047\jre\bin\vcruntime140_1.dll
0x00007ff872c90000 - 0x00007ff872d21000 	D:\Softwares & Modules\sts-4.15.3.RELEASE\plugins\org.eclipse.justj.openjdk.hotspot.jre.full.win32.x86_64_17.0.4.v20220805-1047\jre\bin\msvcp140.dll
0x00007ff864ae0000 - 0x00007ff865726000 	D:\Softwares & Modules\sts-4.15.3.RELEASE\plugins\org.eclipse.justj.openjdk.hotspot.jre.full.win32.x86_64_17.0.4.v20220805-1047\jre\bin\server\jvm.dll
0x00007ff8ce980000 - 0x00007ff8cea2e000 	C:\WINDOWS\System32\ADVAPI32.dll
0x00007ff8cfd10000 - 0x00007ff8cfdae000 	C:\WINDOWS\System32\sechost.dll
0x00007ff8d0030000 - 0x00007ff8d0150000 	C:\WINDOWS\System32\RPCRT4.dll
0x00007ff8d0300000 - 0x00007ff8d0308000 	C:\WINDOWS\System32\PSAPI.DLL
0x00007ff8c1d60000 - 0x00007ff8c1d69000 	C:\WINDOWS\SYSTEM32\WSOCK32.dll
0x00007ff8ce680000 - 0x00007ff8ce6ef000 	C:\WINDOWS\System32\WS2_32.dll
0x00007ff8c51e0000 - 0x00007ff8c5213000 	C:\WINDOWS\SYSTEM32\WINMM.dll
0x00007ff8c5060000 - 0x00007ff8c506a000 	C:\WINDOWS\SYSTEM32\VERSION.dll
0x00007ff8cce40000 - 0x00007ff8cce58000 	C:\WINDOWS\SYSTEM32\kernel.appcore.dll
0x00007ff8c1d50000 - 0x00007ff8c1d5a000 	D:\Softwares & Modules\sts-4.15.3.RELEASE\plugins\org.eclipse.justj.openjdk.hotspot.jre.full.win32.x86_64_17.0.4.v20220805-1047\jre\bin\jimage.dll
0x00007ff8cb430000 - 0x00007ff8cb651000 	C:\WINDOWS\SYSTEM32\DBGHELP.DLL
0x00007ff8c2970000 - 0x00007ff8c29a1000 	C:\WINDOWS\SYSTEM32\dbgcore.DLL
0x00007ff8cdcd0000 - 0x00007ff8cdd4f000 	C:\WINDOWS\System32\bcryptPrimitives.dll
0x00007ff88ec90000 - 0x00007ff88ecb5000 	D:\Softwares & Modules\sts-4.15.3.RELEASE\plugins\org.eclipse.justj.openjdk.hotspot.jre.full.win32.x86_64_17.0.4.v20220805-1047\jre\bin\java.dll
0x00007ff893930000 - 0x00007ff893948000 	D:\Softwares & Modules\sts-4.15.3.RELEASE\plugins\org.eclipse.justj.openjdk.hotspot.jre.full.win32.x86_64_17.0.4.v20220805-1047\jre\bin\zip.dll
0x00007ff8ceb20000 - 0x00007ff8cf2d7000 	C:\WINDOWS\System32\SHELL32.dll
0x00007ff8cbd90000 - 0x00007ff8cc5f5000 	C:\WINDOWS\SYSTEM32\windows.storage.dll
0x00007ff8d0310000 - 0x00007ff8d0688000 	C:\WINDOWS\System32\combase.dll
0x00007ff8cbc20000 - 0x00007ff8cbd86000 	C:\WINDOWS\SYSTEM32\wintypes.dll
0x00007ff8cea30000 - 0x00007ff8ceb1a000 	C:\WINDOWS\System32\SHCORE.dll
0x00007ff8cf600000 - 0x00007ff8cf65d000 	C:\WINDOWS\System32\shlwapi.dll
0x00007ff8cdc00000 - 0x00007ff8cdc21000 	C:\WINDOWS\SYSTEM32\profapi.dll
0x00007ff891740000 - 0x00007ff891759000 	D:\Softwares & Modules\sts-4.15.3.RELEASE\plugins\org.eclipse.justj.openjdk.hotspot.jre.full.win32.x86_64_17.0.4.v20220805-1047\jre\bin\net.dll
0x00007ff8c5ec0000 - 0x00007ff8c5fd4000 	C:\WINDOWS\SYSTEM32\WINHTTP.dll
0x00007ff8cd2e0000 - 0x00007ff8cd347000 	C:\WINDOWS\system32\mswsock.dll
0x00007ff88ed90000 - 0x00007ff88eda5000 	D:\Softwares & Modules\sts-4.15.3.RELEASE\plugins\org.eclipse.justj.openjdk.hotspot.jre.full.win32.x86_64_17.0.4.v20220805-1047\jre\bin\nio.dll
0x00007ff8a66b0000 - 0x00007ff8a66b9000 	D:\Softwares & Modules\sts-4.15.3.RELEASE\plugins\org.eclipse.justj.openjdk.hotspot.jre.full.win32.x86_64_17.0.4.v20220805-1047\jre\bin\management.dll
0x00007ff8a5b00000 - 0x00007ff8a5b0b000 	D:\Softwares & Modules\sts-4.15.3.RELEASE\plugins\org.eclipse.justj.openjdk.hotspot.jre.full.win32.x86_64_17.0.4.v20220805-1047\jre\bin\management_ext.dll
0x00007ff8cc930000 - 0x00007ff8cc95d000 	C:\WINDOWS\SYSTEM32\IPHLPAPI.DLL
0x00007ff8cf4e0000 - 0x00007ff8cf4e9000 	C:\WINDOWS\System32\NSI.dll
0x00007ff8c5d50000 - 0x00007ff8c5d69000 	C:\WINDOWS\SYSTEM32\dhcpcsvc6.DLL
0x00007ff8c5ea0000 - 0x00007ff8c5ebe000 	C:\WINDOWS\SYSTEM32\dhcpcsvc.DLL
0x00007ff8cc960000 - 0x00007ff8cca48000 	C:\WINDOWS\SYSTEM32\DNSAPI.dll
0x00007ff8c4fb0000 - 0x00007ff8c4fba000 	C:\Windows\System32\rasadhlp.dll
0x00007ff8c4ec0000 - 0x00007ff8c4f41000 	C:\WINDOWS\System32\fwpuclnt.dll
0x00007ff8b4b20000 - 0x00007ff8b4b30000 	D:\Softwares & Modules\sts-4.15.3.RELEASE\plugins\org.eclipse.justj.openjdk.hotspot.jre.full.win32.x86_64_17.0.4.v20220805-1047\jre\bin\verify.dll
0x00007ff8cd520000 - 0x00007ff8cd538000 	C:\WINDOWS\SYSTEM32\CRYPTSP.dll
0x00007ff8ccda0000 - 0x00007ff8ccdd5000 	C:\WINDOWS\system32\rsaenh.dll
0x00007ff8cd3d0000 - 0x00007ff8cd3f9000 	C:\WINDOWS\SYSTEM32\USERENV.dll
0x00007ff8cd6b0000 - 0x00007ff8cd6d7000 	C:\WINDOWS\SYSTEM32\bcrypt.dll
0x00007ff8cd540000 - 0x00007ff8cd54c000 	C:\WINDOWS\SYSTEM32\CRYPTBASE.dll
0x00007ff8af320000 - 0x00007ff8af32e000 	D:\Softwares & Modules\sts-4.15.3.RELEASE\plugins\org.eclipse.justj.openjdk.hotspot.jre.full.win32.x86_64_17.0.4.v20220805-1047\jre\bin\sunmscapi.dll
0x00007ff8ce450000 - 0x00007ff8ce5b2000 	C:\WINDOWS\System32\CRYPT32.dll
0x00007ff8cd680000 - 0x00007ff8cd6a8000 	C:\WINDOWS\SYSTEM32\ncrypt.dll
0x00007ff8cd640000 - 0x00007ff8cd677000 	C:\WINDOWS\SYSTEM32\NTASN1.dll
0x00007ff8c50e0000 - 0x00007ff8c50e8000 	C:\WINDOWS\system32\wshunix.dll

dbghelp: loaded successfully - version: 4.0.5 - missing functions: none
symbol engine: initialized successfully - sym options: 0x614 - pdb path: .;D:\Softwares & Modules\sts-4.15.3.RELEASE\plugins\org.eclipse.justj.openjdk.hotspot.jre.full.win32.x86_64_17.0.4.v20220805-1047\jre\bin;C:\WINDOWS\SYSTEM32;C:\WINDOWS\WinSxS\amd64_microsoft.windows.common-controls_6595b64144ccf1df_6.0.22000.120_none_9d947278b86cc467;D:\Softwares & Modules\sts-4.15.3.RELEASE\plugins\org.eclipse.justj.openjdk.hotspot.jre.full.win32.x86_64_17.0.4.v20220805-1047\jre\bin\server

VM Arguments:
jvm_args: -Dfile.encoding=UTF-8 -XX:+ShowCodeDetailsInExceptionMessages 
java_command: com.ProductServiceApplication
java_class_path (initial): C:\Users\Venugopal\Desktop\Microservices_Training\Capstone\product-service\target\classes;C:\Users\Venugopal\.m2\repository\org\springframework\boot\spring-boot-starter-data-jpa\3.0.2\spring-boot-starter-data-jpa-3.0.2.jar;C:\Users\Venugopal\.m2\repository\org\springframework\boot\spring-boot-starter-aop\3.0.2\spring-boot-starter-aop-3.0.2.jar;C:\Users\Venugopal\.m2\repository\org\springframework\spring-aop\6.0.4\spring-aop-6.0.4.jar;C:\Users\Venugopal\.m2\repository\org\aspectj\aspectjweaver\1.9.19\aspectjweaver-1.9.19.jar;C:\Users\Venugopal\.m2\repository\org\springframework\boot\spring-boot-starter-jdbc\3.0.2\spring-boot-starter-jdbc-3.0.2.jar;C:\Users\Venugopal\.m2\repository\com\zaxxer\HikariCP\5.0.1\HikariCP-5.0.1.jar;C:\Users\Venugopal\.m2\repository\org\springframework\spring-jdbc\6.0.4\spring-jdbc-6.0.4.jar;C:\Users\Venugopal\.m2\repository\org\hibernate\orm\hibernate-core\6.1.6.Final\hibernate-core-6.1.6.Final.jar;C:\Users\Venugopal\.m2\repository\jakarta\persistence\jakarta.persistence-api\3.1.0\jakarta.persistence-api-3.1.0.jar;C:\Users\Venugopal\.m2\repository\jakarta\transaction\jakarta.transaction-api\2.0.1\jakarta.transaction-api-2.0.1.jar;C:\Users\Venugopal\.m2\repository\org\jboss\logging\jboss-logging\3.5.0.Final\jboss-logging-3.5.0.Final.jar;C:\Users\Venugopal\.m2\repository\org\hibernate\common\hibernate-commons-annotations\6.0.2.Final\hibernate-commons-annotations-6.0.2.Final.jar;C:\Users\Venugopal\.m2\repository\org\jboss\jandex\2.4.2.Final\jandex-2.4.2.Final.jar;C:\Users\Venugopal\.m2\repository\com\fasterxml\classmate\1.5.1\classmate-1.5.1.jar;C:\Users\Venugopal\.m2\repository\net\bytebuddy\byte-buddy\1.12.22\byte-buddy-1.12.22.jar;C:\Users\Venugopal\.m2\repository\org\glassfish\jaxb\jaxb-runtime\4.0.1\jaxb-runtime-4.0.1.jar;C:\Users\Venugopal\.m2\repository\org\glassfish\jaxb\jaxb-core\4.0.1\jaxb-core-4.0.1.jar;C:\Users\Venugopal\.m2\repository\org\eclipse\angus\angus-activation\1.0.0\angus-activation-1.0.0.jar;
Launcher Type: SUN_STANDARD

[Global flags]
     intx CICompilerCount                          = 4                                         {product} {ergonomic}
     uint ConcGCThreads                            = 2                                         {product} {ergonomic}
     uint G1ConcRefinementThreads                  = 8                                         {product} {ergonomic}
   size_t G1HeapRegionSize                         = 1048576                                   {product} {ergonomic}
    uintx GCDrainStackTargetSize                   = 64                                        {product} {ergonomic}
   size_t InitialHeapSize                          = 130023424                                 {product} {ergonomic}
   size_t MarkStackSize                            = 4194304                                   {product} {ergonomic}
   size_t MaxHeapSize                              = 2076180480                                {product} {ergonomic}
   size_t MaxNewSize                               = 1245708288                                {product} {ergonomic}
   size_t MinHeapDeltaBytes                        = 1048576                                   {product} {ergonomic}
   size_t MinHeapSize                              = 8388608                                   {product} {ergonomic}
    uintx NonNMethodCodeHeapSize                   = 5839372                                {pd product} {ergonomic}
    uintx NonProfiledCodeHeapSize                  = 122909434                              {pd product} {ergonomic}
    uintx ProfiledCodeHeapSize                     = 122909434                              {pd product} {ergonomic}
    uintx ReservedCodeCacheSize                    = 251658240                              {pd product} {ergonomic}
     bool SegmentedCodeCache                       = true                                      {product} {ergonomic}
     bool ShowCodeDetailsInExceptionMessages       = true                                   {manageable} {command line}
   size_t SoftMaxHeapSize                          = 2076180480                             {manageable} {ergonomic}
     bool UseCompressedClassPointers               = true                           {product lp64_product} {ergonomic}
     bool UseCompressedOops                        = true                           {product lp64_product} {ergonomic}
     bool UseG1GC                                  = true                                      {product} {ergonomic}
     bool UseLargePagesIndividualAllocation        = false                                  {pd product} {ergonomic}

Logging:
Log output configuration:
 #0: stdout all=warning uptime,level,tags
 #1: stderr all=off uptime,level,tags

Environment Variables:
CLASSPATH=C:\Program Files (x86)\H2\bin\h2-2.1.214.jar;
PATH=D:/Softwares & Modules/sts-4.15.3.RELEASE//plugins/org.eclipse.justj.openjdk.hotspot.jre.full.win32.x86_64_17.0.4.v20220805-1047/jre/bin/server;D:/Softwares & Modules/sts-4.15.3.RELEASE//plugins/org.eclipse.justj.openjdk.hotspot.jre.full.win32.x86_64_17.0.4.v20220805-1047/jre/bin;C:\Program Files\Common Files\Oracle\Java\javapath;C:\Program Files (x86)\Common Files\Intel\Shared Libraries\redist\intel64\compiler;C:\Program Files (x86)\Common Files\Intel\Shared Files\cpp\bin\Intel64;C:\Windows\system32;C:\Windows;C:\Windows\System32\Wbem;C:\Windows\System32\WindowsPowerShell\v1.0\;C:\Windows\System32\OpenSSH\;C:\Program Files\NVIDIA Corporation\NVIDIA NvDLISR;C:\Program Files (x86)\NVIDIA Corporation\PhysX\Common;C:\Program Files\dotnet\;C:\WINDOWS\system32;C:\WINDOWS;C:\WINDOWS\System32\Wbem;C:\WINDOWS\System32\WindowsPowerShell\v1.0\;C:\WINDOWS\System32\OpenSSH\;C:\Program Files\php-8.1.0;C:\Program Files\Microsoft SQL Server\150\Tools\Binn\;C:\Program Files\apache-maven-3.8.6\bin;C:\Program Files\nodejs\;C:\Users\Venugopal\AppData\Roaming\npm;C:\Program Files\Java\jdk-17.0.2\bin;C:\Program Files\Git\cmd;C:\Users\Venugopal\AppData\Local\Microsoft\WindowsApps;C:\Users\Venugopal\AppData\Local\GitHubDesktop\bin;C:\Users\Venugopal\AppData\Local\atom\bin;C:\Users\Venugopal\.dotnet\tools;C:\Program Files\Java\jdk-17.0.2\bin;C:\Program Files\JetBrains\IntelliJ IDEA 2022.2\bin;;C:\Users\Venugopal\AppData\Local\Programs\Microsoft VS Code\bin;C:\Users\Venugopal\AppData\Roaming\npm;C:\Program Files\Git\cmd;C:\Program Files\Git\bin;C:\Program Files\Git\mingw64\libexec\git-core;;D:\Softwares & Modules\sts-4.15.3.RELEASE;
USERNAME=Venugopal
OS=Windows_NT
PROCESSOR_IDENTIFIER=Intel64 Family 6 Model 140 Stepping 1, GenuineIntel
TMP=C:\Users\Venugopal\AppData\Local\Temp
TEMP=C:\Users\Venugopal\AppData\Local\Temp



---------------  S Y S T E M  ---------------

OS:
 Windows 11 , 64 bit Build 22000 (10.0.22000.1335)
OS uptime: 6 days 16:06 hours

CPU: total 8 (initial active 8) (4 cores per cpu, 2 threads per core) family 6 model 140 stepping 1 microcode 0xa4, cx8, cmov, fxsr, ht, mmx, 3dnowpref, sse, sse2, sse3, ssse3, sse4.1, sse4.2, popcnt, lzcnt, tsc, tscinvbit, avx, avx2, aes, erms, clmul, bmi1, bmi2, adx, avx512f, avx512dq, avx512cd, avx512bw, avx512vl, sha, fma, vzeroupper, avx512_vpopcntdq, avx512_vpclmulqdq, avx512_vaes, avx512_vnni, clflush, clflushopt, clwb, avx512_vbmi2, avx512_vbmi

Memory: 4k page, system-wide physical 7914M (299M free)
TotalPageFile size 20714M (AvailPageFile size 0M)
current process WorkingSet (physical memory assigned to process): 79M, peak: 356M
current process commit charge ("private bytes"): 349M, peak: 386M

vm_info: OpenJDK 64-Bit Server VM (17.0.4+8) for windows-amd64 JRE (17.0.4+8), built on Jul 19 2022 16:05:16 by "temurin" with MS VC++ 16.7 (VS2019)

END.
