#
# There is insufficient memory for the Java Runtime Environment to continue.
# Native memory allocation (malloc) failed to allocate 32744 bytes for ChunkPool::allocate
# Possible reasons:
#   The system is out of physical RAM or swap space
#   The process is running with CompressedOops enabled, and the Java Heap may be blocking the growth of the native heap
# Possible solutions:
#   Reduce memory load on the system
#   Increase physical memory or swap space
#   Check if swap backing store is full
#   Decrease Java heap size (-Xmx/-Xms)
#   Decrease number of Java threads
#   Decrease Java thread stack sizes (-Xss)
#   Set larger code cache with -XX:ReservedCodeCacheSize=
#   JVM is running with Unscaled Compressed Oops mode in which the Java heap is
#     placed in the first 4GB address space. The Java Heap base address is the
#     maximum limit for the native heap growth. Please use -XX:HeapBaseMinAddress
#     to set the Java Heap base and to place the Java Heap above 4GB virtual address.
# This output file may be truncated or incomplete.
#
#  Out of Memory Error (arena.cpp:78), pid=2772, tid=23080
#
# JRE version: OpenJDK Runtime Environment Temurin-17.0.4+8 (17.0.4+8) (build 17.0.4+8)
# Java VM: OpenJDK 64-Bit Server VM Temurin-17.0.4+8 (17.0.4+8, mixed mode, tiered, compressed oops, compressed class ptrs, g1 gc, windows-amd64)
# No core dump will be written. Minidumps are not enabled by default on client versions of Windows
#

---------------  S U M M A R Y ------------

Command Line: -Dfile.encoding=UTF-8 -XX:+ShowCodeDetailsInExceptionMessages com.ShippingServiceApplication

Host: 11th Gen Intel(R) Core(TM) i5-1135G7 @ 2.40GHz, 8 cores, 7G,  Windows 11 , 64 bit Build 22000 (10.0.22000.1335)
Time: Wed Feb 22 08:52:31 2023 India Standard Time elapsed time: 18.340266 seconds (0d 0h 0m 18s)

---------------  T H R E A D  ---------------

Current thread (0x000002b987838300):  JavaThread "C1 CompilerThread0" daemon [_thread_in_native, id=23080, stack(0x000000ebece00000,0x000000ebecf00000)]


Current CompileTask:
C1:  18340  254   !   3       java.util.zip.ZipFile$Source::getEntryPos (173 bytes)

Stack: [0x000000ebece00000,0x000000ebecf00000]
Native frames: (J=compiled Java code, j=interpreted, Vv=VM code, C=native code)
V  [jvm.dll+0x67733a]
V  [jvm.dll+0x8323c4]
V  [jvm.dll+0x833b6e]
V  [jvm.dll+0x8341d3]
V  [jvm.dll+0x2455e5]
V  [jvm.dll+0xabfc0]
V  [jvm.dll+0xac30c]
V  [jvm.dll+0xaa5f]
V  [jvm.dll+0x133d5f]
V  [jvm.dll+0x1502bb]
V  [jvm.dll+0x13297b]
V  [jvm.dll+0x151332]
V  [jvm.dll+0x134743]
V  [jvm.dll+0x13428a]
V  [jvm.dll+0x134476]
V  [jvm.dll+0x13390a]
V  [jvm.dll+0x1355d1]
V  [jvm.dll+0x227308]
V  [jvm.dll+0x225455]
V  [jvm.dll+0x7e7eeb]
V  [jvm.dll+0x7e245a]
V  [jvm.dll+0x6761c5]
C  [ucrtbase.dll+0x26c0c]
C  [KERNEL32.DLL+0x155a0]
C  [ntdll.dll+0x485b]


---------------  P R O C E S S  ---------------

Threads class SMR info:
_java_thread_list=0x000002b987f2b0e0, length=12, elements={
0x000002b986f0e250, 0x000002b986ed6ba0, 0x000002b986ef6180, 0x000002b986ef71e0,
0x000002b986ef8240, 0x000002b98782dbb0, 0x000002b987837860, 0x000002b987838300,
0x000002b98784ace0, 0x000002b98782e550, 0x000002b98782c870, 0x000002b98782bed0
}

Java Threads: ( => current thread )
  0x000002b986f0e250 JavaThread "Reference Handler" daemon [_thread_blocked, id=17340, stack(0x000000ebec700000,0x000000ebec800000)]
  0x000002b986ed6ba0 JavaThread "Finalizer" daemon [_thread_blocked, id=488, stack(0x000000ebec800000,0x000000ebec900000)]
  0x000002b986ef6180 JavaThread "Signal Dispatcher" daemon [_thread_blocked, id=22252, stack(0x000000ebec900000,0x000000ebeca00000)]
  0x000002b986ef71e0 JavaThread "Attach Listener" daemon [_thread_blocked, id=19660, stack(0x000000ebeca00000,0x000000ebecb00000)]
  0x000002b986ef8240 JavaThread "Service Thread" daemon [_thread_blocked, id=20256, stack(0x000000ebecb00000,0x000000ebecc00000)]
  0x000002b98782dbb0 JavaThread "Monitor Deflation Thread" daemon [_thread_blocked, id=15300, stack(0x000000ebecc00000,0x000000ebecd00000)]
  0x000002b987837860 JavaThread "C2 CompilerThread0" daemon [_thread_blocked, id=18736, stack(0x000000ebecd00000,0x000000ebece00000)]
=>0x000002b987838300 JavaThread "C1 CompilerThread0" daemon [_thread_in_native, id=23080, stack(0x000000ebece00000,0x000000ebecf00000)]
  0x000002b98784ace0 JavaThread "Sweeper thread" daemon [_thread_blocked, id=16968, stack(0x000000ebecf00000,0x000000ebed000000)]
  0x000002b98782e550 JavaThread "Notification Thread" daemon [_thread_blocked, id=22724, stack(0x000000ebed000000,0x000000ebed100000)]
  0x000002b98782c870 JavaThread "Common-Cleaner" daemon [_thread_blocked, id=19608, stack(0x000000ebed200000,0x000000ebed300000)]
  0x000002b98782bed0 JavaThread "DestroyJavaVM" [_thread_blocked, id=3544, stack(0x000000ebec000000,0x000000ebec100000)]

Other Threads:
  0x000002b986eceb60 VMThread "VM Thread" [stack: 0x000000ebec600000,0x000000ebec700000] [id=21644]
  0x000002b9878ea200 WatcherThread [stack: 0x000000ebed100000,0x000000ebed200000] [id=14712]
  0x000002b9eb170fe0 GCTaskThread "GC Thread#0" [stack: 0x000000ebec100000,0x000000ebec200000] [id=15908]
  0x000002b9eb1815a0 ConcurrentGCThread "G1 Main Marker" [stack: 0x000000ebec200000,0x000000ebec300000] [id=10732]
  0x000002b9eb1827b0 ConcurrentGCThread "G1 Conc#0" [stack: 0x000000ebec300000,0x000000ebec400000] [id=21260]
  0x000002b986d324b0 ConcurrentGCThread "G1 Refine#0" [stack: 0x000000ebec400000,0x000000ebec500000] [id=5724]
  0x000002b9eb1dbd10 ConcurrentGCThread "G1 Service" [stack: 0x000000ebec500000,0x000000ebec600000] [id=23100]

Threads with active compile tasks:
C1 CompilerThread0    18354  254   !   3       java.util.zip.ZipFile$Source::getEntryPos (173 bytes)

VM state: not at safepoint (normal execution)

VM Mutex/Monitor currently owned by a thread: None

OutOfMemory and StackOverflow Exception counts:
OutOfMemoryError java_heap_errors=1

Heap address: 0x0000000084400000, size: 1980 MB, Compressed Oops mode: 32-bit

CDS archive(s) not mapped
Compressed class space mapped at: 0x0000000100000000-0x0000000140000000, reserved size: 1073741824
Narrow klass base: 0x0000000000000000, Narrow klass shift: 3, Narrow klass range: 0x140000000

GC Precious Log:
 CPUs: 8 total, 8 available
 Memory: 7914M
 Large Page Support: Disabled
 NUMA Support: Disabled
 Compressed Oops: Enabled (32-bit)
 Heap Region Size: 1M
 Heap Min Capacity: 8M
 Heap Initial Capacity: 124M
 Heap Max Capacity: 1980M
 Pre-touch: Disabled
 Parallel Workers: 8
 Concurrent Workers: 2
 Concurrent Refinement Workers: 8
 Periodic GC: Disabled

Heap:
 garbage-first heap   total 126976K, used 8192K [0x0000000084400000, 0x0000000100000000)
  region size 1024K, 8 young (8192K), 0 survivors (0K)
 Metaspace       used 4945K, committed 5120K, reserved 1056768K
  class space    used 411K, committed 512K, reserved 1048576K

Heap Regions: E=young(eden), S=young(survivor), O=old, HS=humongous(starts), HC=humongous(continues), CS=collection set, F=free, OA=open archive, CA=closed archive, TAMS=top-at-mark-start (previous, next)
|   0|0x0000000084400000, 0x0000000084500000, 0x0000000084500000|100%|HS|  |TAMS 0x0000000084400000, 0x0000000084400000| Complete 
|   1|0x0000000084500000, 0x0000000084600000, 0x0000000084600000|100%|HS|  |TAMS 0x0000000084500000, 0x0000000084500000| Complete 
|   2|0x0000000084600000, 0x0000000084600000, 0x0000000084700000|  0%| F|  |TAMS 0x0000000084600000, 0x0000000084600000| Untracked 
|   3|0x0000000084700000, 0x0000000084700000, 0x0000000084800000|  0%| F|  |TAMS 0x0000000084700000, 0x0000000084700000| Untracked 
|   4|0x0000000084800000, 0x0000000084800000, 0x0000000084900000|  0%| F|  |TAMS 0x0000000084800000, 0x0000000084800000| Untracked 
|   5|0x0000000084900000, 0x0000000084900000, 0x0000000084a00000|  0%| F|  |TAMS 0x0000000084900000, 0x0000000084900000| Untracked 
|   6|0x0000000084a00000, 0x0000000084a00000, 0x0000000084b00000|  0%| F|  |TAMS 0x0000000084a00000, 0x0000000084a00000| Untracked 
|   7|0x0000000084b00000, 0x0000000084b00000, 0x0000000084c00000|  0%| F|  |TAMS 0x0000000084b00000, 0x0000000084b00000| Untracked 
|   8|0x0000000084c00000, 0x0000000084c00000, 0x0000000084d00000|  0%| F|  |TAMS 0x0000000084c00000, 0x0000000084c00000| Untracked 
|   9|0x0000000084d00000, 0x0000000084d00000, 0x0000000084e00000|  0%| F|  |TAMS 0x0000000084d00000, 0x0000000084d00000| Untracked 
|  10|0x0000000084e00000, 0x0000000084e00000, 0x0000000084f00000|  0%| F|  |TAMS 0x0000000084e00000, 0x0000000084e00000| Untracked 
|  11|0x0000000084f00000, 0x0000000084f00000, 0x0000000085000000|  0%| F|  |TAMS 0x0000000084f00000, 0x0000000084f00000| Untracked 
|  12|0x0000000085000000, 0x0000000085000000, 0x0000000085100000|  0%| F|  |TAMS 0x0000000085000000, 0x0000000085000000| Untracked 
|  13|0x0000000085100000, 0x0000000085100000, 0x0000000085200000|  0%| F|  |TAMS 0x0000000085100000, 0x0000000085100000| Untracked 
|  14|0x0000000085200000, 0x0000000085200000, 0x0000000085300000|  0%| F|  |TAMS 0x0000000085200000, 0x0000000085200000| Untracked 
|  15|0x0000000085300000, 0x0000000085300000, 0x0000000085400000|  0%| F|  |TAMS 0x0000000085300000, 0x0000000085300000| Untracked 
|  16|0x0000000085400000, 0x0000000085400000, 0x0000000085500000|  0%| F|  |TAMS 0x0000000085400000, 0x0000000085400000| Untracked 
|  17|0x0000000085500000, 0x0000000085500000, 0x0000000085600000|  0%| F|  |TAMS 0x0000000085500000, 0x0000000085500000| Untracked 
|  18|0x0000000085600000, 0x0000000085600000, 0x0000000085700000|  0%| F|  |TAMS 0x0000000085600000, 0x0000000085600000| Untracked 
|  19|0x0000000085700000, 0x0000000085700000, 0x0000000085800000|  0%| F|  |TAMS 0x0000000085700000, 0x0000000085700000| Untracked 
|  20|0x0000000085800000, 0x0000000085800000, 0x0000000085900000|  0%| F|  |TAMS 0x0000000085800000, 0x0000000085800000| Untracked 
|  21|0x0000000085900000, 0x0000000085900000, 0x0000000085a00000|  0%| F|  |TAMS 0x0000000085900000, 0x0000000085900000| Untracked 
|  22|0x0000000085a00000, 0x0000000085a00000, 0x0000000085b00000|  0%| F|  |TAMS 0x0000000085a00000, 0x0000000085a00000| Untracked 
|  23|0x0000000085b00000, 0x0000000085b00000, 0x0000000085c00000|  0%| F|  |TAMS 0x0000000085b00000, 0x0000000085b00000| Untracked 
|  24|0x0000000085c00000, 0x0000000085c00000, 0x0000000085d00000|  0%| F|  |TAMS 0x0000000085c00000, 0x0000000085c00000| Untracked 
|  25|0x0000000085d00000, 0x0000000085d00000, 0x0000000085e00000|  0%| F|  |TAMS 0x0000000085d00000, 0x0000000085d00000| Untracked 
|  26|0x0000000085e00000, 0x0000000085e00000, 0x0000000085f00000|  0%| F|  |TAMS 0x0000000085e00000, 0x0000000085e00000| Untracked 
|  27|0x0000000085f00000, 0x0000000085f00000, 0x0000000086000000|  0%| F|  |TAMS 0x0000000085f00000, 0x0000000085f00000| Untracked 
|  28|0x0000000086000000, 0x0000000086000000, 0x0000000086100000|  0%| F|  |TAMS 0x0000000086000000, 0x0000000086000000| Untracked 
|  29|0x0000000086100000, 0x0000000086100000, 0x0000000086200000|  0%| F|  |TAMS 0x0000000086100000, 0x0000000086100000| Untracked 
|  30|0x0000000086200000, 0x0000000086200000, 0x0000000086300000|  0%| F|  |TAMS 0x0000000086200000, 0x0000000086200000| Untracked 
|  31|0x0000000086300000, 0x0000000086300000, 0x0000000086400000|  0%| F|  |TAMS 0x0000000086300000, 0x0000000086300000| Untracked 
|  32|0x0000000086400000, 0x0000000086400000, 0x0000000086500000|  0%| F|  |TAMS 0x0000000086400000, 0x0000000086400000| Untracked 
|  33|0x0000000086500000, 0x0000000086500000, 0x0000000086600000|  0%| F|  |TAMS 0x0000000086500000, 0x0000000086500000| Untracked 
|  34|0x0000000086600000, 0x0000000086600000, 0x0000000086700000|  0%| F|  |TAMS 0x0000000086600000, 0x0000000086600000| Untracked 
|  35|0x0000000086700000, 0x0000000086700000, 0x0000000086800000|  0%| F|  |TAMS 0x0000000086700000, 0x0000000086700000| Untracked 
|  36|0x0000000086800000, 0x0000000086800000, 0x0000000086900000|  0%| F|  |TAMS 0x0000000086800000, 0x0000000086800000| Untracked 
|  37|0x0000000086900000, 0x0000000086900000, 0x0000000086a00000|  0%| F|  |TAMS 0x0000000086900000, 0x0000000086900000| Untracked 
|  38|0x0000000086a00000, 0x0000000086a00000, 0x0000000086b00000|  0%| F|  |TAMS 0x0000000086a00000, 0x0000000086a00000| Untracked 
|  39|0x0000000086b00000, 0x0000000086b00000, 0x0000000086c00000|  0%| F|  |TAMS 0x0000000086b00000, 0x0000000086b00000| Untracked 
|  40|0x0000000086c00000, 0x0000000086c00000, 0x0000000086d00000|  0%| F|  |TAMS 0x0000000086c00000, 0x0000000086c00000| Untracked 
|  41|0x0000000086d00000, 0x0000000086d00000, 0x0000000086e00000|  0%| F|  |TAMS 0x0000000086d00000, 0x0000000086d00000| Untracked 
|  42|0x0000000086e00000, 0x0000000086e00000, 0x0000000086f00000|  0%| F|  |TAMS 0x0000000086e00000, 0x0000000086e00000| Untracked 
|  43|0x0000000086f00000, 0x0000000086f00000, 0x0000000087000000|  0%| F|  |TAMS 0x0000000086f00000, 0x0000000086f00000| Untracked 
|  44|0x0000000087000000, 0x0000000087000000, 0x0000000087100000|  0%| F|  |TAMS 0x0000000087000000, 0x0000000087000000| Untracked 
|  45|0x0000000087100000, 0x0000000087100000, 0x0000000087200000|  0%| F|  |TAMS 0x0000000087100000, 0x0000000087100000| Untracked 
|  46|0x0000000087200000, 0x0000000087200000, 0x0000000087300000|  0%| F|  |TAMS 0x0000000087200000, 0x0000000087200000| Untracked 
|  47|0x0000000087300000, 0x0000000087300000, 0x0000000087400000|  0%| F|  |TAMS 0x0000000087300000, 0x0000000087300000| Untracked 
|  48|0x0000000087400000, 0x0000000087400000, 0x0000000087500000|  0%| F|  |TAMS 0x0000000087400000, 0x0000000087400000| Untracked 
|  49|0x0000000087500000, 0x0000000087500000, 0x0000000087600000|  0%| F|  |TAMS 0x0000000087500000, 0x0000000087500000| Untracked 
|  50|0x0000000087600000, 0x0000000087600000, 0x0000000087700000|  0%| F|  |TAMS 0x0000000087600000, 0x0000000087600000| Untracked 
|  51|0x0000000087700000, 0x0000000087700000, 0x0000000087800000|  0%| F|  |TAMS 0x0000000087700000, 0x0000000087700000| Untracked 
|  52|0x0000000087800000, 0x0000000087800000, 0x0000000087900000|  0%| F|  |TAMS 0x0000000087800000, 0x0000000087800000| Untracked 
|  53|0x0000000087900000, 0x0000000087900000, 0x0000000087a00000|  0%| F|  |TAMS 0x0000000087900000, 0x0000000087900000| Untracked 
|  54|0x0000000087a00000, 0x0000000087a00000, 0x0000000087b00000|  0%| F|  |TAMS 0x0000000087a00000, 0x0000000087a00000| Untracked 
|  55|0x0000000087b00000, 0x0000000087b00000, 0x0000000087c00000|  0%| F|  |TAMS 0x0000000087b00000, 0x0000000087b00000| Untracked 
|  56|0x0000000087c00000, 0x0000000087c00000, 0x0000000087d00000|  0%| F|  |TAMS 0x0000000087c00000, 0x0000000087c00000| Untracked 
|  57|0x0000000087d00000, 0x0000000087d00000, 0x0000000087e00000|  0%| F|  |TAMS 0x0000000087d00000, 0x0000000087d00000| Untracked 
|  58|0x0000000087e00000, 0x0000000087e00000, 0x0000000087f00000|  0%| F|  |TAMS 0x0000000087e00000, 0x0000000087e00000| Untracked 
|  59|0x0000000087f00000, 0x0000000087f00000, 0x0000000088000000|  0%| F|  |TAMS 0x0000000087f00000, 0x0000000087f00000| Untracked 
|  60|0x0000000088000000, 0x0000000088000000, 0x0000000088100000|  0%| F|  |TAMS 0x0000000088000000, 0x0000000088000000| Untracked 
|  61|0x0000000088100000, 0x0000000088100000, 0x0000000088200000|  0%| F|  |TAMS 0x0000000088100000, 0x0000000088100000| Untracked 
|  62|0x0000000088200000, 0x0000000088200000, 0x0000000088300000|  0%| F|  |TAMS 0x0000000088200000, 0x0000000088200000| Untracked 
|  63|0x0000000088300000, 0x0000000088300000, 0x0000000088400000|  0%| F|  |TAMS 0x0000000088300000, 0x0000000088300000| Untracked 
|  64|0x0000000088400000, 0x0000000088400000, 0x0000000088500000|  0%| F|  |TAMS 0x0000000088400000, 0x0000000088400000| Untracked 
|  65|0x0000000088500000, 0x0000000088500000, 0x0000000088600000|  0%| F|  |TAMS 0x0000000088500000, 0x0000000088500000| Untracked 
|  66|0x0000000088600000, 0x0000000088600000, 0x0000000088700000|  0%| F|  |TAMS 0x0000000088600000, 0x0000000088600000| Untracked 
|  67|0x0000000088700000, 0x0000000088700000, 0x0000000088800000|  0%| F|  |TAMS 0x0000000088700000, 0x0000000088700000| Untracked 
|  68|0x0000000088800000, 0x0000000088800000, 0x0000000088900000|  0%| F|  |TAMS 0x0000000088800000, 0x0000000088800000| Untracked 
|  69|0x0000000088900000, 0x0000000088900000, 0x0000000088a00000|  0%| F|  |TAMS 0x0000000088900000, 0x0000000088900000| Untracked 
|  70|0x0000000088a00000, 0x0000000088a00000, 0x0000000088b00000|  0%| F|  |TAMS 0x0000000088a00000, 0x0000000088a00000| Untracked 
|  71|0x0000000088b00000, 0x0000000088b00000, 0x0000000088c00000|  0%| F|  |TAMS 0x0000000088b00000, 0x0000000088b00000| Untracked 
|  72|0x0000000088c00000, 0x0000000088c00000, 0x0000000088d00000|  0%| F|  |TAMS 0x0000000088c00000, 0x0000000088c00000| Untracked 
|  73|0x0000000088d00000, 0x0000000088d00000, 0x0000000088e00000|  0%| F|  |TAMS 0x0000000088d00000, 0x0000000088d00000| Untracked 
|  74|0x0000000088e00000, 0x0000000088e00000, 0x0000000088f00000|  0%| F|  |TAMS 0x0000000088e00000, 0x0000000088e00000| Untracked 
|  75|0x0000000088f00000, 0x0000000088f00000, 0x0000000089000000|  0%| F|  |TAMS 0x0000000088f00000, 0x0000000088f00000| Untracked 
|  76|0x0000000089000000, 0x0000000089000000, 0x0000000089100000|  0%| F|  |TAMS 0x0000000089000000, 0x0000000089000000| Untracked 
|  77|0x0000000089100000, 0x0000000089100000, 0x0000000089200000|  0%| F|  |TAMS 0x0000000089100000, 0x0000000089100000| Untracked 
|  78|0x0000000089200000, 0x0000000089200000, 0x0000000089300000|  0%| F|  |TAMS 0x0000000089200000, 0x0000000089200000| Untracked 
|  79|0x0000000089300000, 0x0000000089300000, 0x0000000089400000|  0%| F|  |TAMS 0x0000000089300000, 0x0000000089300000| Untracked 
|  80|0x0000000089400000, 0x0000000089400000, 0x0000000089500000|  0%| F|  |TAMS 0x0000000089400000, 0x0000000089400000| Untracked 
|  81|0x0000000089500000, 0x0000000089500000, 0x0000000089600000|  0%| F|  |TAMS 0x0000000089500000, 0x0000000089500000| Untracked 
|  82|0x0000000089600000, 0x0000000089600000, 0x0000000089700000|  0%| F|  |TAMS 0x0000000089600000, 0x0000000089600000| Untracked 
|  83|0x0000000089700000, 0x0000000089700000, 0x0000000089800000|  0%| F|  |TAMS 0x0000000089700000, 0x0000000089700000| Untracked 
|  84|0x0000000089800000, 0x0000000089800000, 0x0000000089900000|  0%| F|  |TAMS 0x0000000089800000, 0x0000000089800000| Untracked 
|  85|0x0000000089900000, 0x0000000089900000, 0x0000000089a00000|  0%| F|  |TAMS 0x0000000089900000, 0x0000000089900000| Untracked 
|  86|0x0000000089a00000, 0x0000000089a00000, 0x0000000089b00000|  0%| F|  |TAMS 0x0000000089a00000, 0x0000000089a00000| Untracked 
|  87|0x0000000089b00000, 0x0000000089b00000, 0x0000000089c00000|  0%| F|  |TAMS 0x0000000089b00000, 0x0000000089b00000| Untracked 
|  88|0x0000000089c00000, 0x0000000089c00000, 0x0000000089d00000|  0%| F|  |TAMS 0x0000000089c00000, 0x0000000089c00000| Untracked 
|  89|0x0000000089d00000, 0x0000000089d00000, 0x0000000089e00000|  0%| F|  |TAMS 0x0000000089d00000, 0x0000000089d00000| Untracked 
|  90|0x0000000089e00000, 0x0000000089e00000, 0x0000000089f00000|  0%| F|  |TAMS 0x0000000089e00000, 0x0000000089e00000| Untracked 
|  91|0x0000000089f00000, 0x0000000089f00000, 0x000000008a000000|  0%| F|  |TAMS 0x0000000089f00000, 0x0000000089f00000| Untracked 
|  92|0x000000008a000000, 0x000000008a000000, 0x000000008a100000|  0%| F|  |TAMS 0x000000008a000000, 0x000000008a000000| Untracked 
|  93|0x000000008a100000, 0x000000008a100000, 0x000000008a200000|  0%| F|  |TAMS 0x000000008a100000, 0x000000008a100000| Untracked 
|  94|0x000000008a200000, 0x000000008a200000, 0x000000008a300000|  0%| F|  |TAMS 0x000000008a200000, 0x000000008a200000| Untracked 
|  95|0x000000008a300000, 0x000000008a300000, 0x000000008a400000|  0%| F|  |TAMS 0x000000008a300000, 0x000000008a300000| Untracked 
|  96|0x000000008a400000, 0x000000008a400000, 0x000000008a500000|  0%| F|  |TAMS 0x000000008a400000, 0x000000008a400000| Untracked 
|  97|0x000000008a500000, 0x000000008a500000, 0x000000008a600000|  0%| F|  |TAMS 0x000000008a500000, 0x000000008a500000| Untracked 
|  98|0x000000008a600000, 0x000000008a600000, 0x000000008a700000|  0%| F|  |TAMS 0x000000008a600000, 0x000000008a600000| Untracked 
|  99|0x000000008a700000, 0x000000008a700000, 0x000000008a800000|  0%| F|  |TAMS 0x000000008a700000, 0x000000008a700000| Untracked 
| 100|0x000000008a800000, 0x000000008a800000, 0x000000008a900000|  0%| F|  |TAMS 0x000000008a800000, 0x000000008a800000| Untracked 
| 101|0x000000008a900000, 0x000000008a900000, 0x000000008aa00000|  0%| F|  |TAMS 0x000000008a900000, 0x000000008a900000| Untracked 
| 102|0x000000008aa00000, 0x000000008aa00000, 0x000000008ab00000|  0%| F|  |TAMS 0x000000008aa00000, 0x000000008aa00000| Untracked 
| 103|0x000000008ab00000, 0x000000008ab00000, 0x000000008ac00000|  0%| F|  |TAMS 0x000000008ab00000, 0x000000008ab00000| Untracked 
| 104|0x000000008ac00000, 0x000000008ac00000, 0x000000008ad00000|  0%| F|  |TAMS 0x000000008ac00000, 0x000000008ac00000| Untracked 
| 105|0x000000008ad00000, 0x000000008ad00000, 0x000000008ae00000|  0%| F|  |TAMS 0x000000008ad00000, 0x000000008ad00000| Untracked 
| 106|0x000000008ae00000, 0x000000008ae00000, 0x000000008af00000|  0%| F|  |TAMS 0x000000008ae00000, 0x000000008ae00000| Untracked 
| 107|0x000000008af00000, 0x000000008af00000, 0x000000008b000000|  0%| F|  |TAMS 0x000000008af00000, 0x000000008af00000| Untracked 
| 108|0x000000008b000000, 0x000000008b000000, 0x000000008b100000|  0%| F|  |TAMS 0x000000008b000000, 0x000000008b000000| Untracked 
| 109|0x000000008b100000, 0x000000008b100000, 0x000000008b200000|  0%| F|  |TAMS 0x000000008b100000, 0x000000008b100000| Untracked 
| 110|0x000000008b200000, 0x000000008b200000, 0x000000008b300000|  0%| F|  |TAMS 0x000000008b200000, 0x000000008b200000| Untracked 
| 111|0x000000008b300000, 0x000000008b300000, 0x000000008b400000|  0%| F|  |TAMS 0x000000008b300000, 0x000000008b300000| Untracked 
| 112|0x000000008b400000, 0x000000008b400000, 0x000000008b500000|  0%| F|  |TAMS 0x000000008b400000, 0x000000008b400000| Untracked 
| 113|0x000000008b500000, 0x000000008b500000, 0x000000008b600000|  0%| F|  |TAMS 0x000000008b500000, 0x000000008b500000| Untracked 
| 114|0x000000008b600000, 0x000000008b600000, 0x000000008b700000|  0%| F|  |TAMS 0x000000008b600000, 0x000000008b600000| Untracked 
| 115|0x000000008b700000, 0x000000008b700000, 0x000000008b800000|  0%| F|  |TAMS 0x000000008b700000, 0x000000008b700000| Untracked 
| 116|0x000000008b800000, 0x000000008b8ec980, 0x000000008b900000| 92%| E|  |TAMS 0x000000008b800000, 0x000000008b800000| Complete 
| 117|0x000000008b900000, 0x000000008ba00000, 0x000000008ba00000|100%| E|CS|TAMS 0x000000008b900000, 0x000000008b900000| Complete 
| 118|0x000000008ba00000, 0x000000008bb00000, 0x000000008bb00000|100%| E|  |TAMS 0x000000008ba00000, 0x000000008ba00000| Complete 
| 119|0x000000008bb00000, 0x000000008bc00000, 0x000000008bc00000|100%| E|CS|TAMS 0x000000008bb00000, 0x000000008bb00000| Complete 
| 120|0x000000008bc00000, 0x000000008bd00000, 0x000000008bd00000|100%| E|CS|TAMS 0x000000008bc00000, 0x000000008bc00000| Complete 
| 121|0x000000008bd00000, 0x000000008be00000, 0x000000008be00000|100%| E|CS|TAMS 0x000000008bd00000, 0x000000008bd00000| Complete 
| 122|0x000000008be00000, 0x000000008bf00000, 0x000000008bf00000|100%| E|CS|TAMS 0x000000008be00000, 0x000000008be00000| Complete 
| 123|0x000000008bf00000, 0x000000008c000000, 0x000000008c000000|100%| E|CS|TAMS 0x000000008bf00000, 0x000000008bf00000| Complete 

Card table byte_map: [0x000002b980000000,0x000002b9803e0000] _byte_map_base: 0x000002b97fbde000

Marking Bits (Prev, Next): (CMBitMap*) 0x000002b9eb1714f0, (CMBitMap*) 0x000002b9eb171530
 Prev Bits: [0x000002b9807c0000, 0x000002b9826b0000)
 Next Bits: [0x000002b9826b0000, 0x000002b9845a0000)

Polling page: 0x000002b9eb1e0000

Metaspace:

Usage:
  Non-class:      4.43 MB used.
      Class:    411.28 KB used.
       Both:      4.83 MB used.

Virtual space:
  Non-class space:        8.00 MB reserved,       4.50 MB ( 56%) committed,  1 nodes.
      Class space:        1.00 GB reserved,     512.00 KB ( <1%) committed,  1 nodes.
             Both:        1.01 GB reserved,       5.00 MB ( <1%) committed. 

Chunk freelists:
   Non-Class:  3.00 MB
       Class:  3.56 MB
        Both:  6.56 MB

MaxMetaspaceSize: unlimited
CompressedClassSpaceSize: 1.00 GB
Initial GC threshold: 21.00 MB
Current GC threshold: 21.00 MB
CDS: off
MetaspaceReclaimPolicy: balanced
 - commit_granule_bytes: 65536.
 - commit_granule_words: 8192.
 - virtual_space_node_default_size: 1048576.
 - enlarge_chunks_in_place: 1.
 - new_chunks_are_fully_committed: 0.
 - uncommit_free_chunks: 1.
 - use_allocation_guard: 0.
 - handle_deallocations: 1.


Internal statistics:

num_allocs_failed_limit: 0.
num_arena_births: 4.
num_arena_deaths: 0.
num_vsnodes_births: 2.
num_vsnodes_deaths: 0.
num_space_committed: 80.
num_space_uncommitted: 0.
num_chunks_returned_to_freelist: 0.
num_chunks_taken_from_freelist: 8.
num_chunk_merges: 0.
num_chunk_splits: 2.
num_chunks_enlarged: 0.
num_purges: 0.
num_inconsistent_stats: 0.

CodeHeap 'non-profiled nmethods': size=120000Kb used=82Kb max_used=82Kb free=119918Kb
 bounds [0x000002b9f7a90000, 0x000002b9f7d00000, 0x000002b9fefc0000]
CodeHeap 'profiled nmethods': size=120000Kb used=368Kb max_used=368Kb free=119631Kb
 bounds [0x000002b9f0560000, 0x000002b9f07d0000, 0x000002b9f7a90000]
CodeHeap 'non-nmethods': size=5760Kb used=1070Kb max_used=1086Kb free=4689Kb
 bounds [0x000002b9effc0000, 0x000002b9f0230000, 0x000002b9f0560000]
 total_blobs=571 nmethods=252 adapters=232
 compilation: enabled
              stopped_count=0, restarted_count=0
 full_count=0

Compilation events (20 events):
Event: 6.187 Thread 0x000002b987837860  237 %     4       java.util.jar.JarFile::match @ 27 (132 bytes)
Event: 6.187 Thread 0x000002b987838300  239       3       java.lang.String::<init> (830 bytes)
Event: 7.207 Thread 0x000002b987838300 nmethod 239 0x000002b9f05b6090 code [0x000002b9f05b6580, 0x000002b9f05b9178]
Event: 7.207 Thread 0x000002b987838300  241       3       java.util.ImmutableCollections$List12::get (35 bytes)
Event: 7.208 Thread 0x000002b987838300 nmethod 241 0x000002b9f05b9d10 code [0x000002b9f05b9ec0, 0x000002b9f05ba168]
Event: 7.211 Thread 0x000002b987838300  243       3       java.lang.String::toLowerCase (29 bytes)
Event: 7.212 Thread 0x000002b987838300 nmethod 243 0x000002b9f05ba210 code [0x000002b9f05ba3e0, 0x000002b9f05ba698]
Event: 7.212 Thread 0x000002b987838300  245   !   3       java.util.zip.ZipFile$Source::readFullyAt (74 bytes)
Event: 7.212 Thread 0x000002b987838300 nmethod 245 0x000002b9f05ba790 code [0x000002b9f05ba980, 0x000002b9f05baee8]
Event: 9.241 Thread 0x000002b987838300  248   !   3       java.lang.ref.ReferenceQueue::poll (28 bytes)
Event: 10.250 Thread 0x000002b987838300 nmethod 248 0x000002b9f05bb290 code [0x000002b9f05bb440, 0x000002b9f05bb6c8]
Event: 10.251 Thread 0x000002b987837860 nmethod 237% 0x000002b9f7aa2410 code [0x000002b9f7aa25a0, 0x000002b9f7aa2a78]
Event: 10.251 Thread 0x000002b987838300  249       3       java.util.WeakHashMap::maskNull (12 bytes)
Event: 10.251 Thread 0x000002b987837860  238       4       java.util.jar.Manifest$FastInputStream::readLine (296 bytes)
Event: 10.251 Thread 0x000002b987838300 nmethod 249 0x000002b9f05bb810 code [0x000002b9f05bb9a0, 0x000002b9f05bbad8]
Event: 10.251 Thread 0x000002b987838300  250       3       java.util.WeakHashMap::hash (28 bytes)
Event: 10.251 Thread 0x000002b987838300 nmethod 250 0x000002b9f05bbb90 code [0x000002b9f05bbd40, 0x000002b9f05bbf28]
Event: 10.251 Thread 0x000002b987838300  251       3       java.util.WeakHashMap::indexFor (6 bytes)
Event: 10.251 Thread 0x000002b987838300 nmethod 251 0x000002b9f05bc010 code [0x000002b9f05bc1a0, 0x000002b9f05bc298]
Event: 10.251 Thread 0x000002b987838300  254   !   3       java.util.zip.ZipFile$Source::getEntryPos (173 bytes)

GC Heap History (0 events):
No events

Deoptimization events (16 events):
Event: 3.955 Thread 0x000002b9eb117ff0 Uncommon trap: trap_request=0xffffff45 fr.pc=0x000002b9f7a911f4 relative=0x0000000000000074
Event: 3.955 Thread 0x000002b9eb117ff0 Uncommon trap: reason=unstable_if action=reinterpret pc=0x000002b9f7a911f4 method=java.lang.String.isLatin1()Z @ 10 c2
Event: 3.955 Thread 0x000002b9eb117ff0 DEOPT PACKING pc=0x000002b9f7a911f4 sp=0x000000ebec0ff000
Event: 3.955 Thread 0x000002b9eb117ff0 DEOPT UNPACKING pc=0x000002b9f0015c23 sp=0x000000ebec0fef40 mode 2
Event: 5.099 Thread 0x000002b9eb117ff0 DEOPT PACKING pc=0x000002b9f0568a67 sp=0x000000ebec0fe0d0
Event: 5.099 Thread 0x000002b9eb117ff0 DEOPT UNPACKING pc=0x000002b9f0016763 sp=0x000000ebec0fd4f0 mode 0
Event: 5.112 Thread 0x000002b9eb117ff0 DEOPT PACKING pc=0x000002b9f05667d1 sp=0x000000ebec0fd850
Event: 5.112 Thread 0x000002b9eb117ff0 DEOPT UNPACKING pc=0x000002b9f0016763 sp=0x000000ebec0fccc8 mode 0
Event: 5.117 Thread 0x000002b9eb117ff0 DEOPT PACKING pc=0x000002b9f05667d1 sp=0x000000ebec0fe090
Event: 5.117 Thread 0x000002b9eb117ff0 DEOPT UNPACKING pc=0x000002b9f0016763 sp=0x000000ebec0fd508 mode 0
Event: 6.187 Thread 0x000002b9eb117ff0 DEOPT PACKING pc=0x000002b9f0594568 sp=0x000000ebec0fdbd0
Event: 6.187 Thread 0x000002b9eb117ff0 DEOPT UNPACKING pc=0x000002b9f0016763 sp=0x000000ebec0fd060 mode 0
Event: 6.187 Thread 0x000002b9eb117ff0 DEOPT PACKING pc=0x000002b9f0594568 sp=0x000000ebec0fdbd0
Event: 6.187 Thread 0x000002b9eb117ff0 DEOPT UNPACKING pc=0x000002b9f0016763 sp=0x000000ebec0fd060 mode 0
Event: 6.187 Thread 0x000002b9eb117ff0 DEOPT PACKING pc=0x000002b9f059f454 sp=0x000000ebec0fdb00
Event: 6.187 Thread 0x000002b9eb117ff0 DEOPT UNPACKING pc=0x000002b9f0016763 sp=0x000000ebec0fcfb0 mode 0

Classes unloaded (0 events):
No events

Classes redefined (0 events):
No events

Internal exceptions (1 events):
Event: 16.315 Thread 0x000002b9eb117ff0 Exception <a 'java/lang/OutOfMemoryError'{0x000000008b805928}> (0x000000008b805928) 
thrown [s\src\hotspot\share\prims\jni.cpp, line 535]

VM Operations (8 events):
Event: 4.791 Executing VM operation: Cleanup
Event: 5.089 Executing VM operation: Cleanup done
Event: 5.104 Executing VM operation: HandshakeAllThreads
Event: 5.104 Executing VM operation: HandshakeAllThreads done
Event: 6.104 Executing VM operation: Cleanup
Event: 6.104 Executing VM operation: Cleanup done
Event: 7.114 Executing VM operation: Cleanup
Event: 7.207 Executing VM operation: Cleanup done

Events (20 events):
Event: 5.109 loading class sun/nio/cs/StreamDecoder done
Event: 5.109 loading class sun/nio/cs/UTF_8$Decoder
Event: 5.110 loading class sun/nio/cs/UTF_8$Decoder done
Event: 5.110 loading class java/util/Vector
Event: 5.110 loading class java/util/Vector done
Event: 5.110 loading class java/nio/CharBuffer
Event: 5.111 loading class java/nio/CharBuffer done
Event: 5.111 loading class java/nio/HeapCharBuffer
Event: 5.111 loading class java/nio/HeapCharBuffer done
Event: 5.111 loading class java/nio/charset/CoderResult
Event: 5.111 loading class java/nio/charset/CoderResult done
Event: 5.111 loading class java/util/LinkedList
Event: 5.111 loading class java/util/AbstractSequentialList
Event: 5.111 loading class java/util/AbstractSequentialList done
Event: 5.111 loading class java/util/LinkedList done
Event: 5.112 loading class java/util/LinkedList$Node
Event: 5.112 loading class java/util/LinkedList$Node done
Event: 6.150 loading class java/util/ArrayList$Itr
Event: 6.152 loading class java/util/ArrayList$Itr done
Event: 16.315 loading class java/io/IOException


Dynamic libraries:
0x00007ff6b5db0000 - 0x00007ff6b5dbe000 	D:\Softwares & Modules\sts-4.15.3.RELEASE\plugins\org.eclipse.justj.openjdk.hotspot.jre.full.win32.x86_64_17.0.4.v20220805-1047\jre\bin\javaw.exe
0x00007ff8d0800000 - 0x00007ff8d0a09000 	C:\WINDOWS\SYSTEM32\ntdll.dll
0x00007ff8ce7e0000 - 0x00007ff8ce89e000 	C:\WINDOWS\System32\KERNEL32.DLL
0x00007ff8cdd50000 - 0x00007ff8ce0cb000 	C:\WINDOWS\System32\KERNELBASE.dll
0x00007ff8ce0d0000 - 0x00007ff8ce1e1000 	C:\WINDOWS\System32\ucrtbase.dll
0x00007ff897170000 - 0x00007ff897188000 	D:\Softwares & Modules\sts-4.15.3.RELEASE\plugins\org.eclipse.justj.openjdk.hotspot.jre.full.win32.x86_64_17.0.4.v20220805-1047\jre\bin\jli.dll
0x00007ff88c740000 - 0x00007ff88c759000 	D:\Softwares & Modules\sts-4.15.3.RELEASE\plugins\org.eclipse.justj.openjdk.hotspot.jre.full.win32.x86_64_17.0.4.v20220805-1047\jre\bin\VCRUNTIME140.dll
0x00007ff8cf660000 - 0x00007ff8cf80d000 	C:\WINDOWS\System32\USER32.dll
0x00007ff8ce3b0000 - 0x00007ff8ce3d6000 	C:\WINDOWS\System32\win32u.dll
0x00007ff8cf4f0000 - 0x00007ff8cf519000 	C:\WINDOWS\System32\GDI32.dll
0x00007ff8ac4b0000 - 0x00007ff8ac755000 	C:\WINDOWS\WinSxS\amd64_microsoft.windows.common-controls_6595b64144ccf1df_6.0.22000.120_none_9d947278b86cc467\COMCTL32.dll
0x00007ff8ce1f0000 - 0x00007ff8ce308000 	C:\WINDOWS\System32\gdi32full.dll
0x00007ff8cfdc0000 - 0x00007ff8cfe63000 	C:\WINDOWS\System32\msvcrt.dll
0x00007ff8ce310000 - 0x00007ff8ce3ad000 	C:\WINDOWS\System32\msvcp_win.dll
0x00007ff8d0700000 - 0x00007ff8d0732000 	C:\WINDOWS\System32\IMM32.DLL
0x00007ff8a7fb0000 - 0x00007ff8a7fbc000 	D:\Softwares & Modules\sts-4.15.3.RELEASE\plugins\org.eclipse.justj.openjdk.hotspot.jre.full.win32.x86_64_17.0.4.v20220805-1047\jre\bin\vcruntime140_1.dll
0x00007ff872c90000 - 0x00007ff872d21000 	D:\Softwares & Modules\sts-4.15.3.RELEASE\plugins\org.eclipse.justj.openjdk.hotspot.jre.full.win32.x86_64_17.0.4.v20220805-1047\jre\bin\msvcp140.dll
0x00007ff864ae0000 - 0x00007ff865726000 	D:\Softwares & Modules\sts-4.15.3.RELEASE\plugins\org.eclipse.justj.openjdk.hotspot.jre.full.win32.x86_64_17.0.4.v20220805-1047\jre\bin\server\jvm.dll
0x00007ff8ce980000 - 0x00007ff8cea2e000 	C:\WINDOWS\System32\ADVAPI32.dll
0x00007ff8cfd10000 - 0x00007ff8cfdae000 	C:\WINDOWS\System32\sechost.dll
0x00007ff8d0030000 - 0x00007ff8d0150000 	C:\WINDOWS\System32\RPCRT4.dll
0x00007ff8d0300000 - 0x00007ff8d0308000 	C:\WINDOWS\System32\PSAPI.DLL
0x00007ff8c1d60000 - 0x00007ff8c1d69000 	C:\WINDOWS\SYSTEM32\WSOCK32.dll
0x00007ff8c51e0000 - 0x00007ff8c5213000 	C:\WINDOWS\SYSTEM32\WINMM.dll
0x00007ff8ce680000 - 0x00007ff8ce6ef000 	C:\WINDOWS\System32\WS2_32.dll
0x00007ff8c5060000 - 0x00007ff8c506a000 	C:\WINDOWS\SYSTEM32\VERSION.dll
0x00007ff8cce40000 - 0x00007ff8cce58000 	C:\WINDOWS\SYSTEM32\kernel.appcore.dll
0x00007ff8c1d50000 - 0x00007ff8c1d5a000 	D:\Softwares & Modules\sts-4.15.3.RELEASE\plugins\org.eclipse.justj.openjdk.hotspot.jre.full.win32.x86_64_17.0.4.v20220805-1047\jre\bin\jimage.dll
0x00007ff8cb430000 - 0x00007ff8cb651000 	C:\WINDOWS\SYSTEM32\DBGHELP.DLL
0x00007ff8c2970000 - 0x00007ff8c29a1000 	C:\WINDOWS\SYSTEM32\dbgcore.DLL
0x00007ff8cdcd0000 - 0x00007ff8cdd4f000 	C:\WINDOWS\System32\bcryptPrimitives.dll
0x00007ff88ec90000 - 0x00007ff88ecb5000 	D:\Softwares & Modules\sts-4.15.3.RELEASE\plugins\org.eclipse.justj.openjdk.hotspot.jre.full.win32.x86_64_17.0.4.v20220805-1047\jre\bin\java.dll
0x00007ff893930000 - 0x00007ff893948000 	D:\Softwares & Modules\sts-4.15.3.RELEASE\plugins\org.eclipse.justj.openjdk.hotspot.jre.full.win32.x86_64_17.0.4.v20220805-1047\jre\bin\zip.dll
0x00007ff8ceb20000 - 0x00007ff8cf2d7000 	C:\WINDOWS\System32\SHELL32.dll
0x00007ff8cbd90000 - 0x00007ff8cc5f5000 	C:\WINDOWS\SYSTEM32\windows.storage.dll
0x00007ff8d0310000 - 0x00007ff8d0688000 	C:\WINDOWS\System32\combase.dll
0x00007ff8cbc20000 - 0x00007ff8cbd86000 	C:\WINDOWS\SYSTEM32\wintypes.dll
0x00007ff8cea30000 - 0x00007ff8ceb1a000 	C:\WINDOWS\System32\SHCORE.dll
0x00007ff8cf600000 - 0x00007ff8cf65d000 	C:\WINDOWS\System32\shlwapi.dll
0x00007ff8cdc00000 - 0x00007ff8cdc21000 	C:\WINDOWS\SYSTEM32\profapi.dll
0x00007ff891740000 - 0x00007ff891759000 	D:\Softwares & Modules\sts-4.15.3.RELEASE\plugins\org.eclipse.justj.openjdk.hotspot.jre.full.win32.x86_64_17.0.4.v20220805-1047\jre\bin\net.dll
0x00007ff8c5ec0000 - 0x00007ff8c5fd4000 	C:\WINDOWS\SYSTEM32\WINHTTP.dll
0x00007ff8cd2e0000 - 0x00007ff8cd347000 	C:\WINDOWS\system32\mswsock.dll
0x00007ff88ed90000 - 0x00007ff88eda5000 	D:\Softwares & Modules\sts-4.15.3.RELEASE\plugins\org.eclipse.justj.openjdk.hotspot.jre.full.win32.x86_64_17.0.4.v20220805-1047\jre\bin\nio.dll

dbghelp: loaded successfully - version: 4.0.5 - missing functions: none
symbol engine: initialized successfully - sym options: 0x614 - pdb path: .;D:\Softwares & Modules\sts-4.15.3.RELEASE\plugins\org.eclipse.justj.openjdk.hotspot.jre.full.win32.x86_64_17.0.4.v20220805-1047\jre\bin;C:\WINDOWS\SYSTEM32;C:\WINDOWS\WinSxS\amd64_microsoft.windows.common-controls_6595b64144ccf1df_6.0.22000.120_none_9d947278b86cc467;D:\Softwares & Modules\sts-4.15.3.RELEASE\plugins\org.eclipse.justj.openjdk.hotspot.jre.full.win32.x86_64_17.0.4.v20220805-1047\jre\bin\server

VM Arguments:
jvm_args: -Dfile.encoding=UTF-8 -XX:+ShowCodeDetailsInExceptionMessages 
java_command: com.ShippingServiceApplication
java_class_path (initial): C:\Users\Venugopal\Desktop\Microservices_Training\Capstone\shipping-service\target\classes;C:\Users\Venugopal\.m2\repository\org\springframework\boot\spring-boot-starter-data-jpa\3.0.2\spring-boot-starter-data-jpa-3.0.2.jar;C:\Users\Venugopal\.m2\repository\org\springframework\boot\spring-boot-starter-aop\3.0.2\spring-boot-starter-aop-3.0.2.jar;C:\Users\Venugopal\.m2\repository\org\springframework\spring-aop\6.0.4\spring-aop-6.0.4.jar;C:\Users\Venugopal\.m2\repository\org\aspectj\aspectjweaver\1.9.19\aspectjweaver-1.9.19.jar;C:\Users\Venugopal\.m2\repository\org\springframework\boot\spring-boot-starter-jdbc\3.0.2\spring-boot-starter-jdbc-3.0.2.jar;C:\Users\Venugopal\.m2\repository\com\zaxxer\HikariCP\5.0.1\HikariCP-5.0.1.jar;C:\Users\Venugopal\.m2\repository\org\springframework\spring-jdbc\6.0.4\spring-jdbc-6.0.4.jar;C:\Users\Venugopal\.m2\repository\org\hibernate\orm\hibernate-core\6.1.6.Final\hibernate-core-6.1.6.Final.jar;C:\Users\Venugopal\.m2\repository\jakarta\persistence\jakarta.persistence-api\3.1.0\jakarta.persistence-api-3.1.0.jar;C:\Users\Venugopal\.m2\repository\jakarta\transaction\jakarta.transaction-api\2.0.1\jakarta.transaction-api-2.0.1.jar;C:\Users\Venugopal\.m2\repository\org\jboss\logging\jboss-logging\3.5.0.Final\jboss-logging-3.5.0.Final.jar;C:\Users\Venugopal\.m2\repository\org\hibernate\common\hibernate-commons-annotations\6.0.2.Final\hibernate-commons-annotations-6.0.2.Final.jar;C:\Users\Venugopal\.m2\repository\org\jboss\jandex\2.4.2.Final\jandex-2.4.2.Final.jar;C:\Users\Venugopal\.m2\repository\com\fasterxml\classmate\1.5.1\classmate-1.5.1.jar;C:\Users\Venugopal\.m2\repository\net\bytebuddy\byte-buddy\1.12.22\byte-buddy-1.12.22.jar;C:\Users\Venugopal\.m2\repository\org\glassfish\jaxb\jaxb-runtime\4.0.1\jaxb-runtime-4.0.1.jar;C:\Users\Venugopal\.m2\repository\org\glassfish\jaxb\jaxb-core\4.0.1\jaxb-core-4.0.1.jar;C:\Users\Venugopal\.m2\repository\org\eclipse\angus\angus-activation\1.0.0\angus-activation-1.0.0.jar
Launcher Type: SUN_STANDARD

[Global flags]
     intx CICompilerCount                          = 4                                         {product} {ergonomic}
     uint ConcGCThreads                            = 2                                         {product} {ergonomic}
     uint G1ConcRefinementThreads                  = 8                                         {product} {ergonomic}
   size_t G1HeapRegionSize                         = 1048576                                   {product} {ergonomic}
    uintx GCDrainStackTargetSize                   = 64                                        {product} {ergonomic}
   size_t InitialHeapSize                          = 130023424                                 {product} {ergonomic}
   size_t MarkStackSize                            = 4194304                                   {product} {ergonomic}
   size_t MaxHeapSize                              = 2076180480                                {product} {ergonomic}
   size_t MaxNewSize                               = 1245708288                                {product} {ergonomic}
   size_t MinHeapDeltaBytes                        = 1048576                                   {product} {ergonomic}
   size_t MinHeapSize                              = 8388608                                   {product} {ergonomic}
    uintx NonNMethodCodeHeapSize                   = 5839372                                {pd product} {ergonomic}
    uintx NonProfiledCodeHeapSize                  = 122909434                              {pd product} {ergonomic}
    uintx ProfiledCodeHeapSize                     = 122909434                              {pd product} {ergonomic}
    uintx ReservedCodeCacheSize                    = 251658240                              {pd product} {ergonomic}
     bool SegmentedCodeCache                       = true                                      {product} {ergonomic}
     bool ShowCodeDetailsInExceptionMessages       = true                                   {manageable} {command line}
   size_t SoftMaxHeapSize                          = 2076180480                             {manageable} {ergonomic}
     bool UseCompressedClassPointers               = true                           {product lp64_product} {ergonomic}
     bool UseCompressedOops                        = true                           {product lp64_product} {ergonomic}
     bool UseG1GC                                  = true                                      {product} {ergonomic}
     bool UseLargePagesIndividualAllocation        = false                                  {pd product} {ergonomic}

Logging:
Log output configuration:
 #0: stdout all=warning uptime,level,tags
 #1: stderr all=off uptime,level,tags

Environment Variables:
CLASSPATH=C:\Program Files (x86)\H2\bin\h2-2.1.214.jar;
PATH=D:/Softwares & Modules/sts-4.15.3.RELEASE//plugins/org.eclipse.justj.openjdk.hotspot.jre.full.win32.x86_64_17.0.4.v20220805-1047/jre/bin/server;D:/Softwares & Modules/sts-4.15.3.RELEASE//plugins/org.eclipse.justj.openjdk.hotspot.jre.full.win32.x86_64_17.0.4.v20220805-1047/jre/bin;C:\Program Files\Common Files\Oracle\Java\javapath;C:\Program Files (x86)\Common Files\Intel\Shared Libraries\redist\intel64\compiler;C:\Program Files (x86)\Common Files\Intel\Shared Files\cpp\bin\Intel64;C:\Windows\system32;C:\Windows;C:\Windows\System32\Wbem;C:\Windows\System32\WindowsPowerShell\v1.0\;C:\Windows\System32\OpenSSH\;C:\Program Files\NVIDIA Corporation\NVIDIA NvDLISR;C:\Program Files (x86)\NVIDIA Corporation\PhysX\Common;C:\Program Files\dotnet\;C:\WINDOWS\system32;C:\WINDOWS;C:\WINDOWS\System32\Wbem;C:\WINDOWS\System32\WindowsPowerShell\v1.0\;C:\WINDOWS\System32\OpenSSH\;C:\Program Files\php-8.1.0;C:\Program Files\Microsoft SQL Server\150\Tools\Binn\;C:\Program Files\apache-maven-3.8.6\bin;C:\Program Files\nodejs\;C:\Users\Venugopal\AppData\Roaming\npm;C:\Program Files\Java\jdk-17.0.2\bin;C:\Program Files\Git\cmd;C:\Users\Venugopal\AppData\Local\Microsoft\WindowsApps;C:\Users\Venugopal\AppData\Local\GitHubDesktop\bin;C:\Users\Venugopal\AppData\Local\atom\bin;C:\Users\Venugopal\.dotnet\tools;C:\Program Files\Java\jdk-17.0.2\bin;C:\Program Files\JetBrains\IntelliJ IDEA 2022.2\bin;;C:\Users\Venugopal\AppData\Local\Programs\Microsoft VS Code\bin;C:\Users\Venugopal\AppData\Roaming\npm;C:\Program Files\Git\cmd;C:\Program Files\Git\bin;C:\Program Files\Git\mingw64\libexec\git-core;;D:\Softwares & Modules\sts-4.15.3.RELEASE;
USERNAME=Venugopal
OS=Windows_NT
PROCESSOR_IDENTIFIER=Intel64 Family 6 Model 140 Stepping 1, GenuineIntel
TMP=C:\Users\Venugopal\AppData\Local\Temp
TEMP=C:\Users\Venugopal\AppData\Local\Temp



---------------  S Y S T E M  ---------------

OS:
 Windows 11 , 64 bit Build 22000 (10.0.22000.1335)
OS uptime: 6 days 16:06 hours

CPU: total 8 (initial active 8) (4 cores per cpu, 2 threads per core) family 6 model 140 stepping 1 microcode 0xa4, cx8, cmov, fxsr, ht, mmx, 3dnowpref, sse, sse2, sse3, ssse3, sse4.1, sse4.2, popcnt, lzcnt, tsc, tscinvbit, avx, avx2, aes, erms, clmul, bmi1, bmi2, adx, avx512f, avx512dq, avx512cd, avx512bw, avx512vl, sha, fma, vzeroupper, avx512_vpopcntdq, avx512_vpclmulqdq, avx512_vaes, avx512_vnni, clflush, clflushopt, clwb, avx512_vbmi2, avx512_vbmi

Memory: 4k page, system-wide physical 7914M (446M free)
TotalPageFile size 20714M (AvailPageFile size 598M)
current process WorkingSet (physical memory assigned to process): 43M, peak: 43M
current process commit charge ("private bytes"): 204M, peak: 204M

vm_info: OpenJDK 64-Bit Server VM (17.0.4+8) for windows-amd64 JRE (17.0.4+8), built on Jul 19 2022 16:05:16 by "temurin" with MS VC++ 16.7 (VS2019)

END.
