#
# There is insufficient memory for the Java Runtime Environment to continue.
# Native memory allocation (malloc) failed to allocate 32744 bytes for ChunkPool::allocate
# Possible reasons:
#   The system is out of physical RAM or swap space
#   The process is running with CompressedOops enabled, and the Java Heap may be blocking the growth of the native heap
# Possible solutions:
#   Reduce memory load on the system
#   Increase physical memory or swap space
#   Check if swap backing store is full
#   Decrease Java heap size (-Xmx/-Xms)
#   Decrease number of Java threads
#   Decrease Java thread stack sizes (-Xss)
#   Set larger code cache with -XX:ReservedCodeCacheSize=
#   JVM is running with Unscaled Compressed Oops mode in which the Java heap is
#     placed in the first 4GB address space. The Java Heap base address is the
#     maximum limit for the native heap growth. Please use -XX:HeapBaseMinAddress
#     to set the Java Heap base and to place the Java Heap above 4GB virtual address.
# This output file may be truncated or incomplete.
#
#  Out of Memory Error (arena.cpp:78), pid=5156, tid=23328
#
# JRE version: OpenJDK Runtime Environment Temurin-17.0.4+8 (17.0.4+8) (build 17.0.4+8)
# Java VM: OpenJDK 64-Bit Server VM Temurin-17.0.4+8 (17.0.4+8, mixed mode, tiered, compressed oops, compressed class ptrs, g1 gc, windows-amd64)
# No core dump will be written. Minidumps are not enabled by default on client versions of Windows
#

---------------  S U M M A R Y ------------

Command Line: -Dfile.encoding=UTF-8 -XX:+ShowCodeDetailsInExceptionMessages com.OrderServiceApplication

Host: 11th Gen Intel(R) Core(TM) i5-1135G7 @ 2.40GHz, 8 cores, 7G,  Windows 11 , 64 bit Build 22000 (10.0.22000.1335)
Time: Wed Feb 22 08:52:31 2023 India Standard Time elapsed time: 907.480853 seconds (0d 0h 15m 7s)

---------------  T H R E A D  ---------------

Current thread (0x000001fe16041280):  JavaThread "C2 CompilerThread0" daemon [_thread_in_native, id=23328, stack(0x0000005d49500000,0x0000005d49600000)]


Current CompileTask:
C2: 907481 7710   !   4       java.util.zip.InflaterInputStream::read (138 bytes)

Stack: [0x0000005d49500000,0x0000005d49600000]
Native frames: (J=compiled Java code, j=interpreted, Vv=VM code, C=native code)
V  [jvm.dll+0x67733a]
V  [jvm.dll+0x8323c4]
V  [jvm.dll+0x833b6e]
V  [jvm.dll+0x8341d3]
V  [jvm.dll+0x2455e5]
V  [jvm.dll+0xabfc0]
V  [jvm.dll+0xac30c]
V  [jvm.dll+0x2ac6d5]
V  [jvm.dll+0x57dd57]
V  [jvm.dll+0x220702]
V  [jvm.dll+0x219b8f]
V  [jvm.dll+0x2177eb]
V  [jvm.dll+0x1a3f8d]
V  [jvm.dll+0x227308]
V  [jvm.dll+0x225455]
V  [jvm.dll+0x7e7eeb]
V  [jvm.dll+0x7e245a]
V  [jvm.dll+0x6761c5]
C  [ucrtbase.dll+0x26c0c]
C  [KERNEL32.DLL+0x155a0]
C  [ntdll.dll+0x485b]


---------------  P R O C E S S  ---------------

Threads class SMR info:
_java_thread_list=0x000001fe19d19450, length=40, elements={
0x000001fe15605b00, 0x000001fe156074c0, 0x000001fe160302b0, 0x000001fe16030c60,
0x000001fe1603b630, 0x000001fe160404f0, 0x000001fe16041280, 0x000001fe16041d20,
0x000001fe1604c710, 0x000001fe161aada0, 0x000001fe161cb360, 0x000001fe1b6e3010,
0x000001fe1a3a0e20, 0x000001fe19f96ed0, 0x000001fe19f96530, 0x000001fe19f973a0,
0x000001fe19f96060, 0x000001fe17b56210, 0x000001fe17b566e0, 0x000001fe17b531f0,
0x000001fe17b53b90, 0x000001fe17b54530, 0x000001fe17b54060, 0x000001fe19c836c0,
0x000001fe19c806a0, 0x000001fe19c819e0, 0x000001fe19c853a0, 0x000001fe19c801d0,
0x000001fe19c80b70, 0x000001fe19c85d40, 0x000001fe19c81040, 0x000001fe19c81eb0,
0x000001fe19c84530, 0x000001fe19c81510, 0x000001fe19c84060, 0x000001fe19c84a00,
0x000001fe19c84ed0, 0x000001fe19c86210, 0x000001fe19c831f0, 0x000001fe19c85870
}

Java Threads: ( => current thread )
  0x000001fe15605b00 JavaThread "Reference Handler" daemon [_thread_blocked, id=8776, stack(0x0000005d48f00000,0x0000005d49000000)]
  0x000001fe156074c0 JavaThread "Finalizer" daemon [_thread_blocked, id=8836, stack(0x0000005d49000000,0x0000005d49100000)]
  0x000001fe160302b0 JavaThread "Signal Dispatcher" daemon [_thread_blocked, id=21076, stack(0x0000005d49100000,0x0000005d49200000)]
  0x000001fe16030c60 JavaThread "Attach Listener" daemon [_thread_blocked, id=2812, stack(0x0000005d49200000,0x0000005d49300000)]
  0x000001fe1603b630 JavaThread "Service Thread" daemon [_thread_blocked, id=9084, stack(0x0000005d49300000,0x0000005d49400000)]
  0x000001fe160404f0 JavaThread "Monitor Deflation Thread" daemon [_thread_blocked, id=10900, stack(0x0000005d49400000,0x0000005d49500000)]
=>0x000001fe16041280 JavaThread "C2 CompilerThread0" daemon [_thread_in_native, id=23328, stack(0x0000005d49500000,0x0000005d49600000)]
  0x000001fe16041d20 JavaThread "C1 CompilerThread0" daemon [_thread_blocked, id=13984, stack(0x0000005d49600000,0x0000005d49700000)]
  0x000001fe1604c710 JavaThread "Sweeper thread" daemon [_thread_blocked, id=10640, stack(0x0000005d49700000,0x0000005d49800000)]
  0x000001fe161aada0 JavaThread "Notification Thread" daemon [_thread_blocked, id=20556, stack(0x0000005d49800000,0x0000005d49900000)]
  0x000001fe161cb360 JavaThread "Common-Cleaner" daemon [_thread_blocked, id=14116, stack(0x0000005d49a00000,0x0000005d49b00000)]
  0x000001fe1b6e3010 JavaThread "MVStore background writer C:/Users/Venugopal/Desktop/Microservices_Training/Capstone/order-service/order.mv.db" daemon [_thread_blocked, id=14916, stack(0x0000005d4a700000,0x0000005d4a800000)]
  0x000001fe1a3a0e20 JavaThread "HikariPool-1 housekeeper" daemon [_thread_blocked, id=16332, stack(0x0000005d4a800000,0x0000005d4a900000)]
  0x000001fe19f96ed0 JavaThread "Catalina-utility-1" [_thread_blocked, id=18512, stack(0x0000005d4aa00000,0x0000005d4ab00000)]
  0x000001fe19f96530 JavaThread "Catalina-utility-2" [_thread_blocked, id=22728, stack(0x0000005d4ab00000,0x0000005d4ac00000)]
  0x000001fe19f973a0 JavaThread "container-0" [_thread_blocked, id=1860, stack(0x0000005d4ac00000,0x0000005d4ad00000)]
  0x000001fe19f96060 JavaThread "H2-serialization" daemon [_thread_blocked, id=16024, stack(0x0000005d4ad00000,0x0000005d4ae00000)]
  0x000001fe17b56210 JavaThread "H2-save" daemon [_thread_blocked, id=10412, stack(0x0000005d4ae00000,0x0000005d4af00000)]
  0x000001fe17b566e0 JavaThread "spring.cloud.inetutils" daemon [_thread_blocked, id=18212, stack(0x0000005d4af00000,0x0000005d4b000000)]
  0x000001fe17b531f0 JavaThread "File Watcher" daemon [_thread_in_vm, id=15144, stack(0x0000005d4b000000,0x0000005d4b100000)]
  0x000001fe17b53b90 JavaThread "AsyncResolver-bootstrap-0" daemon [_thread_blocked, id=22792, stack(0x0000005d4b100000,0x0000005d4b200000)]
  0x000001fe17b54530 JavaThread "DiscoveryClient-0" daemon [_thread_blocked, id=7524, stack(0x0000005d4b200000,0x0000005d4b300000)]
  0x000001fe17b54060 JavaThread "DiscoveryClient-1" daemon [_thread_blocked, id=22924, stack(0x0000005d4b300000,0x0000005d4b400000)]
  0x000001fe19c836c0 JavaThread "DiscoveryClient-InstanceInfoReplicator-0" daemon [_thread_blocked, id=1600, stack(0x0000005d4b400000,0x0000005d4b500000)]
  0x000001fe19c806a0 JavaThread "http-nio-8084-exec-1" daemon [_thread_blocked, id=17992, stack(0x0000005d4b500000,0x0000005d4b600000)]
  0x000001fe19c819e0 JavaThread "http-nio-8084-exec-2" daemon [_thread_blocked, id=22908, stack(0x0000005d4b600000,0x0000005d4b700000)]
  0x000001fe19c853a0 JavaThread "http-nio-8084-exec-3" daemon [_thread_blocked, id=5392, stack(0x0000005d4b700000,0x0000005d4b800000)]
  0x000001fe19c801d0 JavaThread "http-nio-8084-exec-4" daemon [_thread_blocked, id=22364, stack(0x0000005d4b800000,0x0000005d4b900000)]
  0x000001fe19c80b70 JavaThread "http-nio-8084-exec-5" daemon [_thread_blocked, id=2468, stack(0x0000005d4b900000,0x0000005d4ba00000)]
  0x000001fe19c85d40 JavaThread "http-nio-8084-exec-6" daemon [_thread_blocked, id=20224, stack(0x0000005d4ba00000,0x0000005d4bb00000)]
  0x000001fe19c81040 JavaThread "http-nio-8084-exec-7" daemon [_thread_blocked, id=22140, stack(0x0000005d4bb00000,0x0000005d4bc00000)]
  0x000001fe19c81eb0 JavaThread "http-nio-8084-exec-8" daemon [_thread_blocked, id=23144, stack(0x0000005d4bc00000,0x0000005d4bd00000)]
  0x000001fe19c84530 JavaThread "http-nio-8084-exec-9" daemon [_thread_blocked, id=16364, stack(0x0000005d4bd00000,0x0000005d4be00000)]
  0x000001fe19c81510 JavaThread "http-nio-8084-exec-10" daemon [_thread_blocked, id=20564, stack(0x0000005d4be00000,0x0000005d4bf00000)]
  0x000001fe19c84060 JavaThread "http-nio-8084-Poller" daemon [_thread_in_native, id=19620, stack(0x0000005d4bf00000,0x0000005d4c000000)]
  0x000001fe19c84a00 JavaThread "http-nio-8084-Acceptor" daemon [_thread_in_native, id=10080, stack(0x0000005d4c000000,0x0000005d4c100000)]
  0x000001fe19c84ed0 JavaThread "DestroyJavaVM" [_thread_blocked, id=8744, stack(0x0000005d48800000,0x0000005d48900000)]
  0x000001fe19c86210 JavaThread "DiscoveryClient-CacheRefreshExecutor-0" daemon [_thread_blocked, id=23084, stack(0x0000005d4a900000,0x0000005d4aa00000)]
  0x000001fe19c831f0 JavaThread "DiscoveryClient-HeartbeatExecutor-0" daemon [_thread_blocked, id=19980, stack(0x0000005d4c100000,0x0000005d4c200000)]
  0x000001fe19c85870 JavaThread "AsyncResolver-bootstrap-executor-0" daemon [_thread_blocked, id=10436, stack(0x0000005d48700000,0x0000005d48800000)]

Other Threads:
  0x000001fe15625ae0 VMThread "VM Thread" [stack: 0x0000005d48e00000,0x0000005d48f00000] [id=5144]
  0x000001fe161ab270 WatcherThread [stack: 0x0000005d49900000,0x0000005d49a00000] [id=22888]
  0x000001fe7b7a0780 GCTaskThread "GC Thread#0" [stack: 0x0000005d48900000,0x0000005d48a00000] [id=16928]
  0x000001fe17d8d000 GCTaskThread "GC Thread#1" [stack: 0x0000005d49b00000,0x0000005d49c00000] [id=14756]
  0x000001fe18304f50 GCTaskThread "GC Thread#2" [stack: 0x0000005d49c00000,0x0000005d49d00000] [id=22524]
  0x000001fe17c55040 GCTaskThread "GC Thread#3" [stack: 0x0000005d49d00000,0x0000005d49e00000] [id=18128]
  0x000001fe182f7b30 GCTaskThread "GC Thread#4" [stack: 0x0000005d49e00000,0x0000005d49f00000] [id=13760]
  0x000001fe180e2fb0 GCTaskThread "GC Thread#5" [stack: 0x0000005d4a100000,0x0000005d4a200000] [id=23228]
  0x000001fe1807d990 GCTaskThread "GC Thread#6" [stack: 0x0000005d4a200000,0x0000005d4a300000] [id=11620]
  0x000001fe1815ca90 GCTaskThread "GC Thread#7" [stack: 0x0000005d4a300000,0x0000005d4a400000] [id=17636]
  0x000001fe7b7b1740 ConcurrentGCThread "G1 Main Marker" [stack: 0x0000005d48a00000,0x0000005d48b00000] [id=23064]
  0x000001fe7b7b2150 ConcurrentGCThread "G1 Conc#0" [stack: 0x0000005d48b00000,0x0000005d48c00000] [id=15292]
  0x000001fe18799bf0 ConcurrentGCThread "G1 Conc#1" [stack: 0x0000005d4a400000,0x0000005d4a500000] [id=20440]
  0x000001fe7b80e890 ConcurrentGCThread "G1 Refine#0" [stack: 0x0000005d48c00000,0x0000005d48d00000] [id=8356]
  0x000001fe15464710 ConcurrentGCThread "G1 Service" [stack: 0x0000005d48d00000,0x0000005d48e00000] [id=5432]

Threads with active compile tasks:
C2 CompilerThread0   907655 7710   !   4       java.util.zip.InflaterInputStream::read (138 bytes)

VM state: not at safepoint (normal execution)

VM Mutex/Monitor currently owned by a thread: None

Heap address: 0x0000000084400000, size: 1980 MB, Compressed Oops mode: 32-bit

CDS archive(s) not mapped
Compressed class space mapped at: 0x0000000100000000-0x0000000140000000, reserved size: 1073741824
Narrow klass base: 0x0000000000000000, Narrow klass shift: 3, Narrow klass range: 0x140000000

GC Precious Log:
 CPUs: 8 total, 8 available
 Memory: 7914M
 Large Page Support: Disabled
 NUMA Support: Disabled
 Compressed Oops: Enabled (32-bit)
 Heap Region Size: 1M
 Heap Min Capacity: 8M
 Heap Initial Capacity: 124M
 Heap Max Capacity: 1980M
 Pre-touch: Disabled
 Parallel Workers: 8
 Concurrent Workers: 2
 Concurrent Refinement Workers: 8
 Periodic GC: Disabled

Heap:
 garbage-first heap   total 210944K, used 161674K [0x0000000084400000, 0x0000000100000000)
  region size 1024K, 102 young (104448K), 2 survivors (2048K)
 Metaspace       used 81517K, committed 82048K, reserved 1122304K
  class space    used 10688K, committed 10944K, reserved 1048576K

Heap Regions: E=young(eden), S=young(survivor), O=old, HS=humongous(starts), HC=humongous(continues), CS=collection set, F=free, OA=open archive, CA=closed archive, TAMS=top-at-mark-start (previous, next)
|   0|0x0000000084400000, 0x0000000084500000, 0x0000000084500000|100%|HS|  |TAMS 0x0000000084500000, 0x0000000084400000| Complete 
|   1|0x0000000084500000, 0x0000000084600000, 0x0000000084600000|100%| O|  |TAMS 0x0000000084600000, 0x0000000084500000| Untracked 
|   2|0x0000000084600000, 0x0000000084700000, 0x0000000084700000|100%| O|  |TAMS 0x0000000084700000, 0x0000000084600000| Untracked 
|   3|0x0000000084700000, 0x0000000084800000, 0x0000000084800000|100%| O|  |TAMS 0x0000000084800000, 0x0000000084700000| Untracked 
|   4|0x0000000084800000, 0x0000000084900000, 0x0000000084900000|100%| O|  |TAMS 0x0000000084900000, 0x0000000084800000| Untracked 
|   5|0x0000000084900000, 0x0000000084a00000, 0x0000000084a00000|100%| O|  |TAMS 0x0000000084a00000, 0x0000000084900000| Untracked 
|   6|0x0000000084a00000, 0x0000000084b00000, 0x0000000084b00000|100%| O|  |TAMS 0x0000000084b00000, 0x0000000084a00000| Untracked 
|   7|0x0000000084b00000, 0x0000000084c00000, 0x0000000084c00000|100%| O|  |TAMS 0x0000000084c00000, 0x0000000084b00000| Untracked 
|   8|0x0000000084c00000, 0x0000000084d00000, 0x0000000084d00000|100%| O|  |TAMS 0x0000000084d00000, 0x0000000084c00000| Untracked 
|   9|0x0000000084d00000, 0x0000000084e00000, 0x0000000084e00000|100%| O|  |TAMS 0x0000000084e00000, 0x0000000084d00000| Untracked 
|  10|0x0000000084e00000, 0x0000000084f00000, 0x0000000084f00000|100%| O|  |TAMS 0x0000000084f00000, 0x0000000084e00000| Untracked 
|  11|0x0000000084f00000, 0x0000000084f00000, 0x0000000085000000|  0%| F|  |TAMS 0x0000000084f00000, 0x0000000084f00000| Untracked 
|  12|0x0000000085000000, 0x0000000085100000, 0x0000000085100000|100%| O|  |TAMS 0x0000000085100000, 0x0000000085000000| Untracked 
|  13|0x0000000085100000, 0x0000000085200000, 0x0000000085200000|100%| O|  |TAMS 0x0000000085200000, 0x0000000085100000| Untracked 
|  14|0x0000000085200000, 0x0000000085300000, 0x0000000085300000|100%| O|  |TAMS 0x0000000085300000, 0x0000000085200000| Untracked 
|  15|0x0000000085300000, 0x0000000085400000, 0x0000000085400000|100%| O|  |TAMS 0x0000000085400000, 0x0000000085300000| Untracked 
|  16|0x0000000085400000, 0x0000000085500000, 0x0000000085500000|100%| O|  |TAMS 0x0000000085500000, 0x0000000085400000| Complete 
|  17|0x0000000085500000, 0x0000000085600000, 0x0000000085600000|100%| O|  |TAMS 0x0000000085600000, 0x0000000085500000| Untracked 
|  18|0x0000000085600000, 0x0000000085700000, 0x0000000085700000|100%| O|  |TAMS 0x0000000085700000, 0x0000000085600000| Untracked 
|  19|0x0000000085700000, 0x0000000085800000, 0x0000000085800000|100%| O|  |TAMS 0x0000000085800000, 0x0000000085700000| Untracked 
|  20|0x0000000085800000, 0x0000000085900000, 0x0000000085900000|100%| O|  |TAMS 0x0000000085900000, 0x0000000085800000| Untracked 
|  21|0x0000000085900000, 0x0000000085a00000, 0x0000000085a00000|100%| O|  |TAMS 0x0000000085a00000, 0x0000000085900000| Untracked 
|  22|0x0000000085a00000, 0x0000000085b00000, 0x0000000085b00000|100%| O|  |TAMS 0x0000000085b00000, 0x0000000085a00000| Untracked 
|  23|0x0000000085b00000, 0x0000000085c00000, 0x0000000085c00000|100%| O|  |TAMS 0x0000000085c00000, 0x0000000085b00000| Untracked 
|  24|0x0000000085c00000, 0x0000000085d00000, 0x0000000085d00000|100%| O|  |TAMS 0x0000000085d00000, 0x0000000085c00000| Untracked 
|  25|0x0000000085d00000, 0x0000000085e00000, 0x0000000085e00000|100%| O|  |TAMS 0x0000000085e00000, 0x0000000085d00000| Untracked 
|  26|0x0000000085e00000, 0x0000000085f00000, 0x0000000085f00000|100%| O|  |TAMS 0x0000000085f00000, 0x0000000085e00000| Untracked 
|  27|0x0000000085f00000, 0x0000000086000000, 0x0000000086000000|100%| O|  |TAMS 0x0000000086000000, 0x0000000085f00000| Untracked 
|  28|0x0000000086000000, 0x0000000086100000, 0x0000000086100000|100%| O|  |TAMS 0x0000000086100000, 0x0000000086000000| Untracked 
|  29|0x0000000086100000, 0x0000000086200000, 0x0000000086200000|100%| O|  |TAMS 0x0000000086200000, 0x0000000086100000| Untracked 
|  30|0x0000000086200000, 0x0000000086300000, 0x0000000086300000|100%| O|  |TAMS 0x0000000086300000, 0x0000000086200000| Untracked 
|  31|0x0000000086300000, 0x0000000086400000, 0x0000000086400000|100%| O|  |TAMS 0x0000000086400000, 0x0000000086300000| Untracked 
|  32|0x0000000086400000, 0x0000000086500000, 0x0000000086500000|100%| O|  |TAMS 0x0000000086500000, 0x0000000086400000| Untracked 
|  33|0x0000000086500000, 0x0000000086600000, 0x0000000086600000|100%| O|  |TAMS 0x0000000086600000, 0x0000000086500000| Untracked 
|  34|0x0000000086600000, 0x0000000086700000, 0x0000000086700000|100%| O|  |TAMS 0x0000000086700000, 0x0000000086600000| Untracked 
|  35|0x0000000086700000, 0x0000000086800000, 0x0000000086800000|100%| O|  |TAMS 0x0000000086800000, 0x0000000086700000| Untracked 
|  36|0x0000000086800000, 0x0000000086900000, 0x0000000086900000|100%| O|  |TAMS 0x0000000086900000, 0x0000000086800000| Untracked 
|  37|0x0000000086900000, 0x0000000086a00000, 0x0000000086a00000|100%| O|  |TAMS 0x0000000086a00000, 0x0000000086900000| Untracked 
|  38|0x0000000086a00000, 0x0000000086b00000, 0x0000000086b00000|100%| O|  |TAMS 0x0000000086b00000, 0x0000000086a00000| Untracked 
|  39|0x0000000086b00000, 0x0000000086c00000, 0x0000000086c00000|100%| O|  |TAMS 0x0000000086c00000, 0x0000000086b00000| Untracked 
|  40|0x0000000086c00000, 0x0000000086d00000, 0x0000000086d00000|100%| O|  |TAMS 0x0000000086d00000, 0x0000000086c00000| Untracked 
|  41|0x0000000086d00000, 0x0000000086e00000, 0x0000000086e00000|100%| O|  |TAMS 0x0000000086e00000, 0x0000000086d00000| Untracked 
|  42|0x0000000086e00000, 0x0000000086f00000, 0x0000000086f00000|100%| O|  |TAMS 0x0000000086f00000, 0x0000000086e00000| Untracked 
|  43|0x0000000086f00000, 0x0000000087000000, 0x0000000087000000|100%| O|  |TAMS 0x0000000087000000, 0x0000000086f00000| Untracked 
|  44|0x0000000087000000, 0x0000000087100000, 0x0000000087100000|100%| O|  |TAMS 0x0000000087100000, 0x0000000087000000| Untracked 
|  45|0x0000000087100000, 0x0000000087200000, 0x0000000087200000|100%| O|  |TAMS 0x0000000087200000, 0x0000000087100000| Untracked 
|  46|0x0000000087200000, 0x0000000087300000, 0x0000000087300000|100%| O|  |TAMS 0x0000000087300000, 0x0000000087200000| Untracked 
|  47|0x0000000087300000, 0x0000000087400000, 0x0000000087400000|100%| O|  |TAMS 0x0000000087400000, 0x0000000087300000| Untracked 
|  48|0x0000000087400000, 0x0000000087500000, 0x0000000087500000|100%| O|  |TAMS 0x0000000087500000, 0x0000000087400000| Untracked 
|  49|0x0000000087500000, 0x0000000087600000, 0x0000000087600000|100%| O|  |TAMS 0x0000000087600000, 0x0000000087500000| Untracked 
|  50|0x0000000087600000, 0x0000000087700000, 0x0000000087700000|100%|HS|  |TAMS 0x0000000087700000, 0x0000000087600000| Complete 
|  51|0x0000000087700000, 0x0000000087800000, 0x0000000087800000|100%|HC|  |TAMS 0x0000000087800000, 0x0000000087700000| Complete 
|  52|0x0000000087800000, 0x0000000087900000, 0x0000000087900000|100%| O|  |TAMS 0x0000000087900000, 0x0000000087800000| Untracked 
|  53|0x0000000087900000, 0x0000000087a00000, 0x0000000087a00000|100%| O|  |TAMS 0x0000000087a00000, 0x0000000087900000| Untracked 
|  54|0x0000000087a00000, 0x0000000087b00000, 0x0000000087b00000|100%| O|  |TAMS 0x0000000087b00000, 0x0000000087a00000| Untracked 
|  55|0x0000000087b00000, 0x0000000087c00000, 0x0000000087c00000|100%| O|  |TAMS 0x0000000087c00000, 0x0000000087b00000| Untracked 
|  56|0x0000000087c00000, 0x0000000087d00000, 0x0000000087d00000|100%| O|  |TAMS 0x0000000087d00000, 0x0000000087c00000| Untracked 
|  57|0x0000000087d00000, 0x0000000087e00000, 0x0000000087e00000|100%| O|  |TAMS 0x0000000087e00000, 0x0000000087d00000| Untracked 
|  58|0x0000000087e00000, 0x0000000087e1e400, 0x0000000087f00000| 11%| O|  |TAMS 0x0000000087e1e400, 0x0000000087e00000| Untracked 
|  59|0x0000000087f00000, 0x0000000087f00000, 0x0000000088000000|  0%| F|  |TAMS 0x0000000087f00000, 0x0000000087f00000| Untracked 
|  60|0x0000000088000000, 0x0000000088000000, 0x0000000088100000|  0%| F|  |TAMS 0x0000000088000000, 0x0000000088000000| Untracked 
|  61|0x0000000088100000, 0x0000000088100000, 0x0000000088200000|  0%| F|  |TAMS 0x0000000088100000, 0x0000000088100000| Untracked 
|  62|0x0000000088200000, 0x0000000088200000, 0x0000000088300000|  0%| F|  |TAMS 0x0000000088200000, 0x0000000088200000| Untracked 
|  63|0x0000000088300000, 0x0000000088300000, 0x0000000088400000|  0%| F|  |TAMS 0x0000000088300000, 0x0000000088300000| Untracked 
|  64|0x0000000088400000, 0x0000000088400000, 0x0000000088500000|  0%| F|  |TAMS 0x0000000088400000, 0x0000000088400000| Untracked 
|  65|0x0000000088500000, 0x0000000088500000, 0x0000000088600000|  0%| F|  |TAMS 0x0000000088500000, 0x0000000088500000| Untracked 
|  66|0x0000000088600000, 0x0000000088600000, 0x0000000088700000|  0%| F|  |TAMS 0x0000000088600000, 0x0000000088600000| Untracked 
|  67|0x0000000088700000, 0x0000000088700000, 0x0000000088800000|  0%| F|  |TAMS 0x0000000088700000, 0x0000000088700000| Untracked 
|  68|0x0000000088800000, 0x0000000088800000, 0x0000000088900000|  0%| F|  |TAMS 0x0000000088800000, 0x0000000088800000| Untracked 
|  69|0x0000000088900000, 0x0000000088900000, 0x0000000088a00000|  0%| F|  |TAMS 0x0000000088900000, 0x0000000088900000| Untracked 
|  70|0x0000000088a00000, 0x0000000088a00000, 0x0000000088b00000|  0%| F|  |TAMS 0x0000000088a00000, 0x0000000088a00000| Untracked 
|  71|0x0000000088b00000, 0x0000000088b00000, 0x0000000088c00000|  0%| F|  |TAMS 0x0000000088b00000, 0x0000000088b00000| Untracked 
|  72|0x0000000088c00000, 0x0000000088c00000, 0x0000000088d00000|  0%| F|  |TAMS 0x0000000088c00000, 0x0000000088c00000| Untracked 
|  73|0x0000000088d00000, 0x0000000088d00000, 0x0000000088e00000|  0%| F|  |TAMS 0x0000000088d00000, 0x0000000088d00000| Untracked 
|  74|0x0000000088e00000, 0x0000000088e00000, 0x0000000088f00000|  0%| F|  |TAMS 0x0000000088e00000, 0x0000000088e00000| Untracked 
|  75|0x0000000088f00000, 0x0000000088f00000, 0x0000000089000000|  0%| F|  |TAMS 0x0000000088f00000, 0x0000000088f00000| Untracked 
|  76|0x0000000089000000, 0x0000000089000000, 0x0000000089100000|  0%| F|  |TAMS 0x0000000089000000, 0x0000000089000000| Untracked 
|  77|0x0000000089100000, 0x0000000089100000, 0x0000000089200000|  0%| F|  |TAMS 0x0000000089100000, 0x0000000089100000| Untracked 
|  78|0x0000000089200000, 0x0000000089200000, 0x0000000089300000|  0%| F|  |TAMS 0x0000000089200000, 0x0000000089200000| Untracked 
|  79|0x0000000089300000, 0x00000000893c4628, 0x0000000089400000| 76%| S|CS|TAMS 0x0000000089300000, 0x0000000089300000| Complete 
|  80|0x0000000089400000, 0x0000000089500000, 0x0000000089500000|100%| S|CS|TAMS 0x0000000089400000, 0x0000000089400000| Complete 
|  81|0x0000000089500000, 0x0000000089500000, 0x0000000089600000|  0%| F|  |TAMS 0x0000000089500000, 0x0000000089500000| Untracked 
|  82|0x0000000089600000, 0x0000000089600000, 0x0000000089700000|  0%| F|  |TAMS 0x0000000089600000, 0x0000000089600000| Untracked 
|  83|0x0000000089700000, 0x0000000089700000, 0x0000000089800000|  0%| F|  |TAMS 0x0000000089700000, 0x0000000089700000| Untracked 
|  84|0x0000000089800000, 0x0000000089800000, 0x0000000089900000|  0%| F|  |TAMS 0x0000000089800000, 0x0000000089800000| Untracked 
|  85|0x0000000089900000, 0x0000000089900000, 0x0000000089a00000|  0%| F|  |TAMS 0x0000000089900000, 0x0000000089900000| Untracked 
|  86|0x0000000089a00000, 0x0000000089a00000, 0x0000000089b00000|  0%| F|  |TAMS 0x0000000089a00000, 0x0000000089a00000| Untracked 
|  87|0x0000000089b00000, 0x0000000089b00000, 0x0000000089c00000|  0%| F|  |TAMS 0x0000000089b00000, 0x0000000089b00000| Untracked 
|  88|0x0000000089c00000, 0x0000000089c00000, 0x0000000089d00000|  0%| F|  |TAMS 0x0000000089c00000, 0x0000000089c00000| Untracked 
|  89|0x0000000089d00000, 0x0000000089d00000, 0x0000000089e00000|  0%| F|  |TAMS 0x0000000089d00000, 0x0000000089d00000| Untracked 
|  90|0x0000000089e00000, 0x0000000089e00000, 0x0000000089f00000|  0%| F|  |TAMS 0x0000000089e00000, 0x0000000089e00000| Untracked 
|  91|0x0000000089f00000, 0x0000000089f00000, 0x000000008a000000|  0%| F|  |TAMS 0x0000000089f00000, 0x0000000089f00000| Untracked 
|  92|0x000000008a000000, 0x000000008a000000, 0x000000008a100000|  0%| F|  |TAMS 0x000000008a000000, 0x000000008a000000| Untracked 
|  93|0x000000008a100000, 0x000000008a100000, 0x000000008a200000|  0%| F|  |TAMS 0x000000008a100000, 0x000000008a100000| Untracked 
|  94|0x000000008a200000, 0x000000008a200000, 0x000000008a300000|  0%| F|  |TAMS 0x000000008a200000, 0x000000008a200000| Untracked 
|  95|0x000000008a300000, 0x000000008a300000, 0x000000008a400000|  0%| F|  |TAMS 0x000000008a300000, 0x000000008a300000| Untracked 
|  96|0x000000008a400000, 0x000000008a400000, 0x000000008a500000|  0%| F|  |TAMS 0x000000008a400000, 0x000000008a400000| Untracked 
|  97|0x000000008a500000, 0x000000008a500000, 0x000000008a600000|  0%| F|  |TAMS 0x000000008a500000, 0x000000008a500000| Untracked 
|  98|0x000000008a600000, 0x000000008a600000, 0x000000008a700000|  0%| F|  |TAMS 0x000000008a600000, 0x000000008a600000| Untracked 
|  99|0x000000008a700000, 0x000000008a700000, 0x000000008a800000|  0%| F|  |TAMS 0x000000008a700000, 0x000000008a700000| Untracked 
| 100|0x000000008a800000, 0x000000008a800000, 0x000000008a900000|  0%| F|  |TAMS 0x000000008a800000, 0x000000008a800000| Untracked 
| 101|0x000000008a900000, 0x000000008a900000, 0x000000008aa00000|  0%| F|  |TAMS 0x000000008a900000, 0x000000008a900000| Untracked 
| 102|0x000000008aa00000, 0x000000008aa00000, 0x000000008ab00000|  0%| F|  |TAMS 0x000000008aa00000, 0x000000008aa00000| Untracked 
| 103|0x000000008ab00000, 0x000000008ab00000, 0x000000008ac00000|  0%| F|  |TAMS 0x000000008ab00000, 0x000000008ab00000| Untracked 
| 104|0x000000008ac00000, 0x000000008ac00000, 0x000000008ad00000|  0%| F|  |TAMS 0x000000008ac00000, 0x000000008ac00000| Untracked 
| 105|0x000000008ad00000, 0x000000008ad00000, 0x000000008ae00000|  0%| F|  |TAMS 0x000000008ad00000, 0x000000008ad00000| Untracked 
| 106|0x000000008ae00000, 0x000000008ae23b20, 0x000000008af00000| 13%| E|  |TAMS 0x000000008ae00000, 0x000000008ae00000| Complete 
| 107|0x000000008af00000, 0x000000008b000000, 0x000000008b000000|100%| E|CS|TAMS 0x000000008af00000, 0x000000008af00000| Complete 
| 108|0x000000008b000000, 0x000000008b100000, 0x000000008b100000|100%| E|CS|TAMS 0x000000008b000000, 0x000000008b000000| Complete 
| 109|0x000000008b100000, 0x000000008b200000, 0x000000008b200000|100%| E|CS|TAMS 0x000000008b100000, 0x000000008b100000| Complete 
| 110|0x000000008b200000, 0x000000008b300000, 0x000000008b300000|100%| E|CS|TAMS 0x000000008b200000, 0x000000008b200000| Complete 
| 111|0x000000008b300000, 0x000000008b400000, 0x000000008b400000|100%| E|CS|TAMS 0x000000008b300000, 0x000000008b300000| Complete 
| 112|0x000000008b400000, 0x000000008b500000, 0x000000008b500000|100%| E|CS|TAMS 0x000000008b400000, 0x000000008b400000| Complete 
| 113|0x000000008b500000, 0x000000008b600000, 0x000000008b600000|100%| E|CS|TAMS 0x000000008b500000, 0x000000008b500000| Complete 
| 114|0x000000008b600000, 0x000000008b700000, 0x000000008b700000|100%| E|CS|TAMS 0x000000008b600000, 0x000000008b600000| Complete 
| 115|0x000000008b700000, 0x000000008b800000, 0x000000008b800000|100%| E|CS|TAMS 0x000000008b700000, 0x000000008b700000| Complete 
| 116|0x000000008b800000, 0x000000008b900000, 0x000000008b900000|100%| E|CS|TAMS 0x000000008b800000, 0x000000008b800000| Complete 
| 117|0x000000008b900000, 0x000000008ba00000, 0x000000008ba00000|100%| E|CS|TAMS 0x000000008b900000, 0x000000008b900000| Complete 
| 118|0x000000008ba00000, 0x000000008bb00000, 0x000000008bb00000|100%| E|CS|TAMS 0x000000008ba00000, 0x000000008ba00000| Complete 
| 119|0x000000008bb00000, 0x000000008bc00000, 0x000000008bc00000|100%| E|CS|TAMS 0x000000008bb00000, 0x000000008bb00000| Complete 
| 120|0x000000008bc00000, 0x000000008bd00000, 0x000000008bd00000|100%| E|CS|TAMS 0x000000008bc00000, 0x000000008bc00000| Complete 
| 121|0x000000008bd00000, 0x000000008be00000, 0x000000008be00000|100%| E|CS|TAMS 0x000000008bd00000, 0x000000008bd00000| Complete 
| 122|0x000000008be00000, 0x000000008bf00000, 0x000000008bf00000|100%| E|CS|TAMS 0x000000008be00000, 0x000000008be00000| Complete 
| 123|0x000000008bf00000, 0x000000008c000000, 0x000000008c000000|100%| E|CS|TAMS 0x000000008bf00000, 0x000000008bf00000| Complete 
| 124|0x000000008c000000, 0x000000008c100000, 0x000000008c100000|100%| E|CS|TAMS 0x000000008c000000, 0x000000008c000000| Complete 
| 125|0x000000008c100000, 0x000000008c200000, 0x000000008c200000|100%| E|CS|TAMS 0x000000008c100000, 0x000000008c100000| Complete 
| 126|0x000000008c200000, 0x000000008c300000, 0x000000008c300000|100%| E|CS|TAMS 0x000000008c200000, 0x000000008c200000| Complete 
| 127|0x000000008c300000, 0x000000008c400000, 0x000000008c400000|100%| E|CS|TAMS 0x000000008c300000, 0x000000008c300000| Complete 
| 128|0x000000008c400000, 0x000000008c500000, 0x000000008c500000|100%| E|CS|TAMS 0x000000008c400000, 0x000000008c400000| Complete 
| 129|0x000000008c500000, 0x000000008c600000, 0x000000008c600000|100%| E|CS|TAMS 0x000000008c500000, 0x000000008c500000| Complete 
| 130|0x000000008c600000, 0x000000008c700000, 0x000000008c700000|100%| E|CS|TAMS 0x000000008c600000, 0x000000008c600000| Complete 
| 131|0x000000008c700000, 0x000000008c800000, 0x000000008c800000|100%| E|CS|TAMS 0x000000008c700000, 0x000000008c700000| Complete 
| 132|0x000000008c800000, 0x000000008c900000, 0x000000008c900000|100%| E|CS|TAMS 0x000000008c800000, 0x000000008c800000| Complete 
| 133|0x000000008c900000, 0x000000008ca00000, 0x000000008ca00000|100%| E|CS|TAMS 0x000000008c900000, 0x000000008c900000| Complete 
| 134|0x000000008ca00000, 0x000000008cb00000, 0x000000008cb00000|100%| E|CS|TAMS 0x000000008ca00000, 0x000000008ca00000| Complete 
| 135|0x000000008cb00000, 0x000000008cc00000, 0x000000008cc00000|100%| E|CS|TAMS 0x000000008cb00000, 0x000000008cb00000| Complete 
| 136|0x000000008cc00000, 0x000000008cd00000, 0x000000008cd00000|100%| E|CS|TAMS 0x000000008cc00000, 0x000000008cc00000| Complete 
| 137|0x000000008cd00000, 0x000000008ce00000, 0x000000008ce00000|100%| E|CS|TAMS 0x000000008cd00000, 0x000000008cd00000| Complete 
| 138|0x000000008ce00000, 0x000000008cf00000, 0x000000008cf00000|100%| E|CS|TAMS 0x000000008ce00000, 0x000000008ce00000| Complete 
| 139|0x000000008cf00000, 0x000000008d000000, 0x000000008d000000|100%| E|CS|TAMS 0x000000008cf00000, 0x000000008cf00000| Complete 
| 140|0x000000008d000000, 0x000000008d100000, 0x000000008d100000|100%| E|CS|TAMS 0x000000008d000000, 0x000000008d000000| Complete 
| 141|0x000000008d100000, 0x000000008d200000, 0x000000008d200000|100%| E|CS|TAMS 0x000000008d100000, 0x000000008d100000| Complete 
| 142|0x000000008d200000, 0x000000008d300000, 0x000000008d300000|100%| E|CS|TAMS 0x000000008d200000, 0x000000008d200000| Complete 
| 143|0x000000008d300000, 0x000000008d400000, 0x000000008d400000|100%| E|CS|TAMS 0x000000008d300000, 0x000000008d300000| Complete 
| 144|0x000000008d400000, 0x000000008d500000, 0x000000008d500000|100%| E|CS|TAMS 0x000000008d400000, 0x000000008d400000| Complete 
| 145|0x000000008d500000, 0x000000008d600000, 0x000000008d600000|100%| E|CS|TAMS 0x000000008d500000, 0x000000008d500000| Complete 
| 146|0x000000008d600000, 0x000000008d700000, 0x000000008d700000|100%| E|CS|TAMS 0x000000008d600000, 0x000000008d600000| Complete 
| 147|0x000000008d700000, 0x000000008d800000, 0x000000008d800000|100%| E|CS|TAMS 0x000000008d700000, 0x000000008d700000| Complete 
| 148|0x000000008d800000, 0x000000008d900000, 0x000000008d900000|100%| E|CS|TAMS 0x000000008d800000, 0x000000008d800000| Complete 
| 149|0x000000008d900000, 0x000000008da00000, 0x000000008da00000|100%| E|CS|TAMS 0x000000008d900000, 0x000000008d900000| Complete 
| 150|0x000000008da00000, 0x000000008db00000, 0x000000008db00000|100%| E|CS|TAMS 0x000000008da00000, 0x000000008da00000| Complete 
| 151|0x000000008db00000, 0x000000008dc00000, 0x000000008dc00000|100%| E|CS|TAMS 0x000000008db00000, 0x000000008db00000| Complete 
| 152|0x000000008dc00000, 0x000000008dd00000, 0x000000008dd00000|100%| E|CS|TAMS 0x000000008dc00000, 0x000000008dc00000| Complete 
| 153|0x000000008dd00000, 0x000000008de00000, 0x000000008de00000|100%| E|CS|TAMS 0x000000008dd00000, 0x000000008dd00000| Complete 
| 154|0x000000008de00000, 0x000000008df00000, 0x000000008df00000|100%| E|CS|TAMS 0x000000008de00000, 0x000000008de00000| Complete 
| 155|0x000000008df00000, 0x000000008e000000, 0x000000008e000000|100%| E|CS|TAMS 0x000000008df00000, 0x000000008df00000| Complete 
| 156|0x000000008e000000, 0x000000008e100000, 0x000000008e100000|100%| E|CS|TAMS 0x000000008e000000, 0x000000008e000000| Complete 
| 157|0x000000008e100000, 0x000000008e200000, 0x000000008e200000|100%| E|CS|TAMS 0x000000008e100000, 0x000000008e100000| Complete 
| 158|0x000000008e200000, 0x000000008e300000, 0x000000008e300000|100%| E|CS|TAMS 0x000000008e200000, 0x000000008e200000| Complete 
| 159|0x000000008e300000, 0x000000008e400000, 0x000000008e400000|100%| E|CS|TAMS 0x000000008e300000, 0x000000008e300000| Complete 
| 160|0x000000008e400000, 0x000000008e500000, 0x000000008e500000|100%| E|CS|TAMS 0x000000008e400000, 0x000000008e400000| Complete 
| 161|0x000000008e500000, 0x000000008e600000, 0x000000008e600000|100%| E|CS|TAMS 0x000000008e500000, 0x000000008e500000| Complete 
| 162|0x000000008e600000, 0x000000008e700000, 0x000000008e700000|100%| E|CS|TAMS 0x000000008e600000, 0x000000008e600000| Complete 
| 163|0x000000008e700000, 0x000000008e800000, 0x000000008e800000|100%| E|CS|TAMS 0x000000008e700000, 0x000000008e700000| Complete 
| 164|0x000000008e800000, 0x000000008e900000, 0x000000008e900000|100%| E|CS|TAMS 0x000000008e800000, 0x000000008e800000| Complete 
| 165|0x000000008e900000, 0x000000008ea00000, 0x000000008ea00000|100%| E|CS|TAMS 0x000000008e900000, 0x000000008e900000| Complete 
| 166|0x000000008ea00000, 0x000000008eb00000, 0x000000008eb00000|100%| E|CS|TAMS 0x000000008ea00000, 0x000000008ea00000| Complete 
| 167|0x000000008eb00000, 0x000000008ec00000, 0x000000008ec00000|100%| E|CS|TAMS 0x000000008eb00000, 0x000000008eb00000| Complete 
| 168|0x000000008ec00000, 0x000000008ed00000, 0x000000008ed00000|100%| E|CS|TAMS 0x000000008ec00000, 0x000000008ec00000| Complete 
| 169|0x000000008ed00000, 0x000000008ee00000, 0x000000008ee00000|100%| E|CS|TAMS 0x000000008ed00000, 0x000000008ed00000| Complete 
| 170|0x000000008ee00000, 0x000000008ef00000, 0x000000008ef00000|100%| E|CS|TAMS 0x000000008ee00000, 0x000000008ee00000| Complete 
| 171|0x000000008ef00000, 0x000000008f000000, 0x000000008f000000|100%| E|CS|TAMS 0x000000008ef00000, 0x000000008ef00000| Complete 
| 172|0x000000008f000000, 0x000000008f100000, 0x000000008f100000|100%| E|CS|TAMS 0x000000008f000000, 0x000000008f000000| Complete 
| 173|0x000000008f100000, 0x000000008f200000, 0x000000008f200000|100%| E|CS|TAMS 0x000000008f100000, 0x000000008f100000| Complete 
| 174|0x000000008f200000, 0x000000008f300000, 0x000000008f300000|100%| E|CS|TAMS 0x000000008f200000, 0x000000008f200000| Complete 
| 175|0x000000008f300000, 0x000000008f400000, 0x000000008f400000|100%| E|CS|TAMS 0x000000008f300000, 0x000000008f300000| Complete 
| 176|0x000000008f400000, 0x000000008f500000, 0x000000008f500000|100%| E|CS|TAMS 0x000000008f400000, 0x000000008f400000| Complete 
| 177|0x000000008f500000, 0x000000008f600000, 0x000000008f600000|100%| E|CS|TAMS 0x000000008f500000, 0x000000008f500000| Complete 
| 178|0x000000008f600000, 0x000000008f700000, 0x000000008f700000|100%| E|CS|TAMS 0x000000008f600000, 0x000000008f600000| Complete 
| 179|0x000000008f700000, 0x000000008f800000, 0x000000008f800000|100%| E|CS|TAMS 0x000000008f700000, 0x000000008f700000| Complete 
| 180|0x000000008f800000, 0x000000008f900000, 0x000000008f900000|100%| E|CS|TAMS 0x000000008f800000, 0x000000008f800000| Complete 
| 181|0x000000008f900000, 0x000000008fa00000, 0x000000008fa00000|100%| E|CS|TAMS 0x000000008f900000, 0x000000008f900000| Complete 
| 182|0x000000008fa00000, 0x000000008fb00000, 0x000000008fb00000|100%| E|CS|TAMS 0x000000008fa00000, 0x000000008fa00000| Complete 
| 183|0x000000008fb00000, 0x000000008fc00000, 0x000000008fc00000|100%| E|CS|TAMS 0x000000008fb00000, 0x000000008fb00000| Complete 
| 184|0x000000008fc00000, 0x000000008fd00000, 0x000000008fd00000|100%| E|CS|TAMS 0x000000008fc00000, 0x000000008fc00000| Complete 
| 185|0x000000008fd00000, 0x000000008fe00000, 0x000000008fe00000|100%| E|CS|TAMS 0x000000008fd00000, 0x000000008fd00000| Complete 
| 186|0x000000008fe00000, 0x000000008ff00000, 0x000000008ff00000|100%| E|CS|TAMS 0x000000008fe00000, 0x000000008fe00000| Complete 
| 187|0x000000008ff00000, 0x0000000090000000, 0x0000000090000000|100%| E|CS|TAMS 0x000000008ff00000, 0x000000008ff00000| Complete 
| 188|0x0000000090000000, 0x0000000090100000, 0x0000000090100000|100%| E|CS|TAMS 0x0000000090000000, 0x0000000090000000| Complete 
| 189|0x0000000090100000, 0x0000000090200000, 0x0000000090200000|100%| E|CS|TAMS 0x0000000090100000, 0x0000000090100000| Complete 
| 190|0x0000000090200000, 0x0000000090300000, 0x0000000090300000|100%| E|CS|TAMS 0x0000000090200000, 0x0000000090200000| Complete 
| 191|0x0000000090300000, 0x0000000090400000, 0x0000000090400000|100%| E|CS|TAMS 0x0000000090300000, 0x0000000090300000| Complete 
| 192|0x0000000090400000, 0x0000000090500000, 0x0000000090500000|100%| E|CS|TAMS 0x0000000090400000, 0x0000000090400000| Complete 
| 193|0x0000000090500000, 0x0000000090600000, 0x0000000090600000|100%| E|CS|TAMS 0x0000000090500000, 0x0000000090500000| Complete 
| 194|0x0000000090600000, 0x0000000090700000, 0x0000000090700000|100%| E|CS|TAMS 0x0000000090600000, 0x0000000090600000| Complete 
| 195|0x0000000090700000, 0x0000000090800000, 0x0000000090800000|100%| E|CS|TAMS 0x0000000090700000, 0x0000000090700000| Complete 
| 196|0x0000000090800000, 0x0000000090900000, 0x0000000090900000|100%| E|CS|TAMS 0x0000000090800000, 0x0000000090800000| Complete 
| 197|0x0000000090900000, 0x0000000090a00000, 0x0000000090a00000|100%| E|CS|TAMS 0x0000000090900000, 0x0000000090900000| Complete 
| 198|0x0000000090a00000, 0x0000000090b00000, 0x0000000090b00000|100%| E|CS|TAMS 0x0000000090a00000, 0x0000000090a00000| Complete 
| 199|0x0000000090b00000, 0x0000000090c00000, 0x0000000090c00000|100%| E|CS|TAMS 0x0000000090b00000, 0x0000000090b00000| Complete 
| 200|0x0000000090c00000, 0x0000000090d00000, 0x0000000090d00000|100%| E|CS|TAMS 0x0000000090c00000, 0x0000000090c00000| Complete 
| 201|0x0000000090d00000, 0x0000000090e00000, 0x0000000090e00000|100%| E|CS|TAMS 0x0000000090d00000, 0x0000000090d00000| Complete 
| 202|0x0000000090e00000, 0x0000000090f00000, 0x0000000090f00000|100%| E|CS|TAMS 0x0000000090e00000, 0x0000000090e00000| Complete 
| 203|0x0000000090f00000, 0x0000000091000000, 0x0000000091000000|100%| E|CS|TAMS 0x0000000090f00000, 0x0000000090f00000| Complete 
| 204|0x0000000091000000, 0x0000000091100000, 0x0000000091100000|100%| E|CS|TAMS 0x0000000091000000, 0x0000000091000000| Complete 
| 205|0x0000000091100000, 0x0000000091200000, 0x0000000091200000|100%| E|CS|TAMS 0x0000000091100000, 0x0000000091100000| Complete 

Card table byte_map: [0x000001fe7f510000,0x000001fe7f8f0000] _byte_map_base: 0x000001fe7f0ee000

Marking Bits (Prev, Next): (CMBitMap*) 0x000001fe7b7a0d90, (CMBitMap*) 0x000001fe7b7a0dd0
 Prev Bits: [0x000001fe0f000000, 0x000001fe10ef0000)
 Next Bits: [0x000001fe10ef0000, 0x000001fe12de0000)

Polling page: 0x000001fe79740000

Metaspace:

Usage:
  Non-class:     69.17 MB used.
      Class:     10.44 MB used.
       Both:     79.61 MB used.

Virtual space:
  Non-class space:       72.00 MB reserved,      69.44 MB ( 96%) committed,  9 nodes.
      Class space:        1.00 GB reserved,      10.69 MB (  1%) committed,  1 nodes.
             Both:        1.07 GB reserved,      80.12 MB (  7%) committed. 

Chunk freelists:
   Non-Class:  2.53 MB
       Class:  1.31 MB
        Both:  3.84 MB

MaxMetaspaceSize: unlimited
CompressedClassSpaceSize: 1.00 GB
Initial GC threshold: 21.00 MB
Current GC threshold: 119.94 MB
CDS: off
MetaspaceReclaimPolicy: balanced
 - commit_granule_bytes: 65536.
 - commit_granule_words: 8192.
 - virtual_space_node_default_size: 1048576.
 - enlarge_chunks_in_place: 1.
 - new_chunks_are_fully_committed: 0.
 - uncommit_free_chunks: 1.
 - use_allocation_guard: 0.
 - handle_deallocations: 1.


Internal statistics:

num_allocs_failed_limit: 14.
num_arena_births: 750.
num_arena_deaths: 0.
num_vsnodes_births: 10.
num_vsnodes_deaths: 0.
num_space_committed: 1282.
num_space_uncommitted: 0.
num_chunks_returned_to_freelist: 14.
num_chunks_taken_from_freelist: 3378.
num_chunk_merges: 14.
num_chunk_splits: 2410.
num_chunks_enlarged: 1860.
num_purges: 0.
num_inconsistent_stats: 0.

CodeHeap 'non-profiled nmethods': size=120000Kb used=3448Kb max_used=3448Kb free=116552Kb
 bounds [0x000001fe07ad0000, 0x000001fe07e30000, 0x000001fe0f000000]
CodeHeap 'profiled nmethods': size=120000Kb used=12000Kb max_used=12000Kb free=107999Kb
 bounds [0x000001fe005a0000, 0x000001fe01160000, 0x000001fe07ad0000]
CodeHeap 'non-nmethods': size=5760Kb used=1368Kb max_used=1417Kb free=4391Kb
 bounds [0x000001fe00000000, 0x000001fe00270000, 0x000001fe005a0000]
 total_blobs=7432 nmethods=6732 adapters=612
 compilation: enabled
              stopped_count=0, restarted_count=0
 full_count=0

Compilation events (20 events):
Event: 866.016 Thread 0x000001fe16041d20 nmethod 7700 0x000001fe01156590 code [0x000001fe01156740, 0x000001fe01156a98]
Event: 866.016 Thread 0x000001fe16041d20 7701       3       org.h2.mvstore.MVMap::put (28 bytes)
Event: 866.018 Thread 0x000001fe16041d20 nmethod 7701 0x000001fe01156c10 code [0x000001fe01156de0, 0x000001fe01157198]
Event: 882.333 Thread 0x000001fe16041280 7702       4       java.lang.invoke.DirectMethodHandle$Holder::invokeStatic (14 bytes)
Event: 882.336 Thread 0x000001fe16041280 nmethod 7702 0x000001fe07e2cb10 code [0x000001fe07e2cca0, 0x000001fe07e2cd48]
Event: 883.022 Thread 0x000001fe16041280 7703       4       java.util.ArrayDeque::isEmpty (17 bytes)
Event: 883.023 Thread 0x000001fe16041280 nmethod 7703 0x000001fe07e2ce90 code [0x000001fe07e2d000, 0x000001fe07e2d098]
Event: 883.030 Thread 0x000001fe16041d20 7704       3       org.springframework.util.CollectionUtils::isEmpty (19 bytes)
Event: 883.030 Thread 0x000001fe16041d20 nmethod 7704 0x000001fe01157310 code [0x000001fe011574c0, 0x000001fe01157708]
Event: 883.031 Thread 0x000001fe16041d20 7705       3       com.fasterxml.jackson.core.json.JsonReadContext::<init> (37 bytes)
Event: 883.038 Thread 0x000001fe16041d20 nmethod 7705 0x000001fe01157810 code [0x000001fe011579c0, 0x000001fe01157c58]
Event: 883.038 Thread 0x000001fe16041d20 7707       3       com.fasterxml.jackson.databind.introspect.AnnotatedClass::_creators (55 bytes)
Event: 883.042 Thread 0x000001fe16041d20 nmethod 7707 0x000001fe01157d90 code [0x000001fe01157f40, 0x000001fe01158188]
Event: 883.042 Thread 0x000001fe16041d20 7706       1       java.util.Collections$EmptyMap::isEmpty (2 bytes)
Event: 883.042 Thread 0x000001fe16041d20 nmethod 7706 0x000001fe07e2d190 code [0x000001fe07e2d320, 0x000001fe07e2d3f8]
Event: 883.099 Thread 0x000001fe16041d20 7708       1       org.springframework.context.event.SimpleApplicationEventMulticaster::getErrorHandler (5 bytes)
Event: 883.101 Thread 0x000001fe16041d20 nmethod 7708 0x000001fe07e2d490 code [0x000001fe07e2d620, 0x000001fe07e2d6f8]
Event: 887.872 Thread 0x000001fe16041280 7709       4       java.util.concurrent.ConcurrentHashMap$BaseIterator::<init> (21 bytes)
Event: 887.880 Thread 0x000001fe16041280 nmethod 7709 0x000001fe07e2d790 code [0x000001fe07e2d920, 0x000001fe07e2de38]
Event: 905.400 Thread 0x000001fe16041280 7710   !   4       java.util.zip.InflaterInputStream::read (138 bytes)

GC Heap History (20 events):
Event: 5.146 GC heap before
{Heap before GC invocations=12 (full 0):
 garbage-first heap   total 110592K, used 86835K [0x0000000084400000, 0x0000000100000000)
  region size 1024K, 63 young (64512K), 8 survivors (8192K)
 Metaspace       used 30393K, committed 30656K, reserved 1081344K
  class space    used 3398K, committed 3520K, reserved 1048576K
}
Event: 5.154 GC heap after
{Heap after GC invocations=13 (full 0):
 garbage-first heap   total 133120K, used 34910K [0x0000000084400000, 0x0000000100000000)
  region size 1024K, 8 young (8192K), 8 survivors (8192K)
 Metaspace       used 30393K, committed 30656K, reserved 1081344K
  class space    used 3398K, committed 3520K, reserved 1048576K
}
Event: 6.028 GC heap before
{Heap before GC invocations=13 (full 0):
 garbage-first heap   total 133120K, used 105566K [0x0000000084400000, 0x0000000100000000)
  region size 1024K, 77 young (78848K), 8 survivors (8192K)
 Metaspace       used 33917K, committed 34240K, reserved 1081344K
  class space    used 3890K, committed 4032K, reserved 1048576K
}
Event: 6.039 GC heap after
{Heap after GC invocations=14 (full 0):
 garbage-first heap   total 133120K, used 40960K [0x0000000084400000, 0x0000000100000000)
  region size 1024K, 10 young (10240K), 10 survivors (10240K)
 Metaspace       used 33917K, committed 34240K, reserved 1081344K
  class space    used 3890K, committed 4032K, reserved 1048576K
}
Event: 6.531 GC heap before
{Heap before GC invocations=14 (full 0):
 garbage-first heap   total 133120K, used 105472K [0x0000000084400000, 0x0000000100000000)
  region size 1024K, 73 young (74752K), 10 survivors (10240K)
 Metaspace       used 34766K, committed 35072K, reserved 1081344K
  class space    used 4061K, committed 4224K, reserved 1048576K
}
Event: 6.541 GC heap after
{Heap after GC invocations=15 (full 0):
 garbage-first heap   total 133120K, used 43682K [0x0000000084400000, 0x0000000100000000)
  region size 1024K, 6 young (6144K), 6 survivors (6144K)
 Metaspace       used 34766K, committed 35072K, reserved 1081344K
  class space    used 4061K, committed 4224K, reserved 1048576K
}
Event: 6.723 GC heap before
{Heap before GC invocations=15 (full 0):
 garbage-first heap   total 133120K, used 58018K [0x0000000084400000, 0x0000000100000000)
  region size 1024K, 21 young (21504K), 6 survivors (6144K)
 Metaspace       used 35780K, committed 36096K, reserved 1081344K
  class space    used 4250K, committed 4416K, reserved 1048576K
}
Event: 6.729 GC heap after
{Heap after GC invocations=16 (full 0):
 garbage-first heap   total 133120K, used 43753K [0x0000000084400000, 0x0000000100000000)
  region size 1024K, 6 young (6144K), 6 survivors (6144K)
 Metaspace       used 35780K, committed 36096K, reserved 1081344K
  class space    used 4250K, committed 4416K, reserved 1048576K
}
Event: 7.714 GC heap before
{Heap before GC invocations=17 (full 0):
 garbage-first heap   total 133120K, used 113385K [0x0000000084400000, 0x0000000100000000)
  region size 1024K, 68 young (69632K), 6 survivors (6144K)
 Metaspace       used 43285K, committed 43712K, reserved 1089536K
  class space    used 5250K, committed 5440K, reserved 1048576K
}
Event: 7.722 GC heap after
{Heap after GC invocations=18 (full 0):
 garbage-first heap   total 133120K, used 49942K [0x0000000084400000, 0x0000000100000000)
  region size 1024K, 8 young (8192K), 8 survivors (8192K)
 Metaspace       used 43285K, committed 43712K, reserved 1089536K
  class space    used 5250K, committed 5440K, reserved 1048576K
}
Event: 8.481 GC heap before
{Heap before GC invocations=18 (full 0):
 garbage-first heap   total 133120K, used 107286K [0x0000000084400000, 0x0000000100000000)
  region size 1024K, 63 young (64512K), 8 survivors (8192K)
 Metaspace       used 50857K, committed 51200K, reserved 1097728K
  class space    used 6165K, committed 6336K, reserved 1048576K
}
Event: 8.488 GC heap after
{Heap after GC invocations=19 (full 0):
 garbage-first heap   total 133120K, used 55257K [0x0000000084400000, 0x0000000100000000)
  region size 1024K, 6 young (6144K), 6 survivors (6144K)
 Metaspace       used 50857K, committed 51200K, reserved 1097728K
  class space    used 6165K, committed 6336K, reserved 1048576K
}
Event: 9.256 GC heap before
{Heap before GC invocations=19 (full 0):
 garbage-first heap   total 133120K, used 99289K [0x0000000084400000, 0x0000000100000000)
  region size 1024K, 48 young (49152K), 6 survivors (6144K)
 Metaspace       used 59851K, committed 60288K, reserved 1105920K
  class space    used 7508K, committed 7744K, reserved 1048576K
}
Event: 9.260 GC heap after
{Heap after GC invocations=20 (full 0):
 garbage-first heap   total 133120K, used 57052K [0x0000000084400000, 0x0000000100000000)
  region size 1024K, 3 young (3072K), 3 survivors (3072K)
 Metaspace       used 59851K, committed 60288K, reserved 1105920K
  class space    used 7508K, committed 7744K, reserved 1048576K
}
Event: 10.207 GC heap before
{Heap before GC invocations=21 (full 0):
 garbage-first heap   total 133120K, used 107228K [0x0000000084400000, 0x0000000100000000)
  region size 1024K, 52 young (53248K), 3 survivors (3072K)
 Metaspace       used 71157K, committed 71616K, reserved 1114112K
  class space    used 9256K, committed 9472K, reserved 1048576K
}
Event: 10.212 GC heap after
{Heap after GC invocations=22 (full 0):
 garbage-first heap   total 133120K, used 59484K [0x0000000084400000, 0x0000000100000000)
  region size 1024K, 5 young (5120K), 5 survivors (5120K)
 Metaspace       used 71157K, committed 71616K, reserved 1114112K
  class space    used 9256K, committed 9472K, reserved 1048576K
}
Event: 10.229 GC heap before
{Heap before GC invocations=22 (full 0):
 garbage-first heap   total 133120K, used 60508K [0x0000000084400000, 0x0000000100000000)
  region size 1024K, 6 young (6144K), 5 survivors (5120K)
 Metaspace       used 71209K, committed 71744K, reserved 1114112K
  class space    used 9266K, committed 9536K, reserved 1048576K
}
Event: 10.233 GC heap after
{Heap after GC invocations=23 (full 0):
 garbage-first heap   total 133120K, used 59179K [0x0000000084400000, 0x0000000100000000)
  region size 1024K, 1 young (1024K), 1 survivors (1024K)
 Metaspace       used 71209K, committed 71744K, reserved 1114112K
  class space    used 9266K, committed 9536K, reserved 1048576K
}
Event: 10.518 GC heap before
{Heap before GC invocations=23 (full 0):
 garbage-first heap   total 133120K, used 108331K [0x0000000084400000, 0x0000000100000000)
  region size 1024K, 49 young (50176K), 1 survivors (1024K)
 Metaspace       used 72999K, committed 73536K, reserved 1114112K
  class space    used 9525K, committed 9792K, reserved 1048576K
}
Event: 10.522 GC heap after
{Heap after GC invocations=24 (full 0):
 garbage-first heap   total 210944K, used 60298K [0x0000000084400000, 0x0000000100000000)
  region size 1024K, 2 young (2048K), 2 survivors (2048K)
 Metaspace       used 72999K, committed 73536K, reserved 1114112K
  class space    used 9525K, committed 9792K, reserved 1048576K
}

Deoptimization events (20 events):
Event: 53.758 Thread 0x000001fe1b6e3010 Uncommon trap: trap_request=0xffffff45 fr.pc=0x000001fe07ddb1c0 relative=0x00000000000001a0
Event: 53.758 Thread 0x000001fe1b6e3010 Uncommon trap: reason=unstable_if action=reinterpret pc=0x000001fe07ddb1c0 method=org.h2.mvstore.RootReference.hasChangesSince(JZ)Z @ 30 c2
Event: 53.759 Thread 0x000001fe1b6e3010 DEOPT PACKING pc=0x000001fe07ddb1c0 sp=0x0000005d4a7fecc0
Event: 53.759 Thread 0x000001fe1b6e3010 DEOPT UNPACKING pc=0x000001fe00055c23 sp=0x0000005d4a7fec50 mode 2
Event: 161.881 Thread 0x000001fe19c86210 DEOPT PACKING pc=0x000001fe0067953a sp=0x0000005d4a9fd9a0
Event: 161.881 Thread 0x000001fe19c86210 DEOPT UNPACKING pc=0x000001fe00056763 sp=0x0000005d4a9fceb0 mode 0
Event: 796.468 Thread 0x000001fe16030c60 DEOPT PACKING pc=0x000001fe00959942 sp=0x0000005d492fefd0
Event: 796.489 Thread 0x000001fe16030c60 DEOPT UNPACKING pc=0x000001fe00056763 sp=0x0000005d492fe4e8 mode 0
Event: 900.574 Thread 0x000001fe17b531f0 Uncommon trap: trap_request=0xffffff45 fr.pc=0x000001fe07e1ab80 relative=0x00000000000032e0
Event: 900.575 Thread 0x000001fe17b531f0 Uncommon trap: reason=unstable_if action=reinterpret pc=0x000001fe07e1ab80 method=java.io.File.normalizedList()[Ljava/lang/String; @ 34 c2
Event: 900.575 Thread 0x000001fe17b531f0 DEOPT PACKING pc=0x000001fe07e1ab80 sp=0x0000005d4b0fef50
Event: 900.576 Thread 0x000001fe17b531f0 DEOPT UNPACKING pc=0x000001fe00055c23 sp=0x0000005d4b0fee50 mode 2
Event: 901.396 Thread 0x000001fe17b531f0 Uncommon trap: trap_request=0xffffff76 fr.pc=0x000001fe07e1d578 relative=0x0000000000000ad8
Event: 901.396 Thread 0x000001fe17b531f0 Uncommon trap: reason=predicate action=maybe_recompile pc=0x000001fe07e1d578 method=java.util.AbstractCollection.containsAll(Ljava/util/Collection;)Z @ 13 c2
Event: 901.396 Thread 0x000001fe17b531f0 DEOPT PACKING pc=0x000001fe07e1d578 sp=0x0000005d4b0ff080
Event: 901.397 Thread 0x000001fe17b531f0 DEOPT UNPACKING pc=0x000001fe00055c23 sp=0x0000005d4b0ff030 mode 2
Event: 904.460 Thread 0x000001fe17b531f0 Uncommon trap: trap_request=0xffffff45 fr.pc=0x000001fe07e17084 relative=0x00000000000006a4
Event: 904.460 Thread 0x000001fe17b531f0 Uncommon trap: reason=unstable_if action=reinterpret pc=0x000001fe07e17084 method=java.io.File.normalizedList()[Ljava/lang/String; @ 34 c2
Event: 904.460 Thread 0x000001fe17b531f0 DEOPT PACKING pc=0x000001fe07e17084 sp=0x0000005d4b0feee0
Event: 904.460 Thread 0x000001fe17b531f0 DEOPT UNPACKING pc=0x000001fe00055c23 sp=0x0000005d4b0fee40 mode 2

Classes unloaded (0 events):
No events

Classes redefined (0 events):
No events

Internal exceptions (20 events):
Event: 10.515 Thread 0x000001fe181fd0b0 Exception <a 'java/lang/NoSuchMethodError'{0x00000000895bc2f8}: 'int java.lang.invoke.DirectMethodHandle$Holder.invokeStaticInit(java.lang.Object, java.lang.Object, java.lang.Object, java.lang.Object)'> (0x00000000895bc2f8) 
thrown [s\src\hotspot\share\interpreter\linkResolver.cpp, line 759]
Event: 10.562 Thread 0x000001fe181fd0b0 Exception <a 'java/lang/NoSuchMethodError'{0x0000000090f3ce30}: 'java.lang.Object java.lang.invoke.DirectMethodHandle$Holder.newInvokeSpecial(java.lang.Object, java.lang.Object, java.lang.Object, java.lang.Object, java.lang.Object, java.lang.Object, java.lang.Object, java.lang.Object, java.lang.Object)'> (0x0000000090f3ce30) 
thrown [s\src\hotspot\share\interpreter\linkResolver.cpp, line 759]
Event: 10.562 Thread 0x000001fe181fd0b0 Exception <a 'java/lang/NoSuchMethodError'{0x0000000090f41b28}: 'java.lang.Object java.lang.invoke.Invokers$Holder.linkToTargetMethod(java.lang.Object, java.lang.Object, java.lang.Object, java.lang.Object, java.lang.Object, java.lang.Object, java.lang.Object, java.lang.Object, java.lang.Object)'> (0x0000000090f41b28) 
thrown [s\src\hotspot\share\interpreter\linkResolver.cpp, line 759]
Event: 10.824 Thread 0x000001fe181fd0b0 Exception <a 'java/lang/NoSuchMethodError'{0x000000009031bdc0}: 'double java.lang.invoke.DirectMethodHandle$Holder.invokeStatic(java.lang.Object, java.lang.Object)'> (0x000000009031bdc0) 
thrown [s\src\hotspot\share\interpreter\linkResolver.cpp, line 759]
Event: 10.872 Thread 0x000001fe181fd0b0 Implicit null exception at 0x000001fe07cde4da to 0x000001fe07cde710
Event: 10.943 Thread 0x000001fe181fd0b0 Exception <a 'java/net/BindException'{0x000000008f947698}: Address already in use: bind> (0x000000008f947698) 
thrown [s\src\hotspot\share\prims\jni.cpp, line 535]
Event: 10.943 Thread 0x000001fe181fd0b0 Exception <a 'java/net/SocketException'{0x000000008f947d80}: Socket is not connected: shutdown> (0x000000008f947d80) 
thrown [s\src\hotspot\share\prims\jni.cpp, line 535]
Event: 11.050 Thread 0x000001fe181fd0b0 Implicit null exception at 0x000001fe07d7f5ab to 0x000001fe07d7f658
Event: 11.153 Thread 0x000001fe181fd0b0 Exception <a 'java/lang/NoSuchMethodError'{0x000000008f3d9400}: 'void java.lang.invoke.DirectMethodHandle$Holder.invokeStatic(java.lang.Object, java.lang.Object, double)'> (0x000000008f3d9400) 
thrown [s\src\hotspot\share\interpreter\linkResolver.cpp, line 759]
Event: 11.160 Thread 0x000001fe181fd0b0 Exception <a 'java/lang/NoSuchMethodError'{0x000000008f2325a8}: 'double java.lang.invoke.DirectMethodHandle$Holder.invokeStatic(java.lang.Object, java.lang.Object, java.lang.Object)'> (0x000000008f2325a8) 
thrown [s\src\hotspot\share\interpreter\linkResolver.cpp, line 759]
Event: 11.178 Thread 0x000001fe181fd0b0 Exception <a 'java/lang/IncompatibleClassChangeError'{0x000000008f1243e0}: Found class java.lang.Object, but interface was expected> (0x000000008f1243e0) 
thrown [s\src\hotspot\share\interpreter\linkResolver.cpp, line 826]
Event: 11.181 Thread 0x000001fe181fd0b0 Exception <a 'java/lang/NoSuchMethodError'{0x000000008f13e680}: 'java.lang.Object java.lang.invoke.DirectMethodHandle$Holder.newInvokeSpecial(java.lang.Object, java.lang.Object, int, java.lang.Object, java.lang.Object)'> (0x000000008f13e680) 
thrown [s\src\hotspot\share\interpreter\linkResolver.cpp, line 759]
Event: 11.182 Thread 0x000001fe181fd0b0 Exception <a 'java/lang/NoSuchMethodError'{0x000000008f149a00}: 'java.lang.Object java.lang.invoke.DirectMethodHandle$Holder.invokeSpecial(java.lang.Object, java.lang.Object, int, java.lang.Object, int, java.lang.Object)'> (0x000000008f149a00) 
thrown [s\src\hotspot\share\interpreter\linkResolver.cpp, line 759]
Event: 11.182 Thread 0x000001fe181fd0b0 Exception <a 'java/lang/NoSuchMethodError'{0x000000008f151a20}: 'java.lang.Object java.lang.invoke.DirectMethodHandle$Holder.newInvokeSpecial(java.lang.Object, java.lang.Object, int, java.lang.Object, int)'> (0x000000008f151a20) 
thrown [s\src\hotspot\share\interpreter\linkResolver.cpp, line 759]
Event: 11.182 Thread 0x000001fe181fd0b0 Exception <a 'java/lang/NoSuchMethodError'{0x000000008f155b20}: 'java.lang.Object java.lang.invoke.DirectMethodHandle$Holder.invokeSpecial(java.lang.Object, java.lang.Object, java.lang.Object, int, java.lang.Object, int)'> (0x000000008f155b20) 
thrown [s\src\hotspot\share\interpreter\linkResolver.cpp, line 759]
Event: 11.240 Thread 0x000001fe181fd0b0 Exception <a 'java/lang/IncompatibleClassChangeError'{0x000000008ee57df8}: Found class java.lang.Object, but interface was expected> (0x000000008ee57df8) 
thrown [s\src\hotspot\share\interpreter\linkResolver.cpp, line 826]
Event: 11.262 Thread 0x000001fe181fd0b0 Implicit null exception at 0x000001fe07bf93ef to 0x000001fe07bf9b9c
Event: 11.341 Thread 0x000001fe181fd0b0 Exception <a 'sun/nio/fs/WindowsException'{0x000000008ea0f340}> (0x000000008ea0f340) 
thrown [s\src\hotspot\share\prims\jni.cpp, line 516]
Event: 900.573 Thread 0x000001fe17b531f0 Implicit null exception at 0x000001fe07e17a4f to 0x000001fe07e1ab5c
Event: 904.460 Thread 0x000001fe17b531f0 Implicit null exception at 0x000001fe07e16b81 to 0x000001fe07e17074

VM Operations (20 events):
Event: 776.064 Executing VM operation: Cleanup done
Event: 793.227 Executing VM operation: Cleanup
Event: 793.227 Executing VM operation: Cleanup done
Event: 794.244 Executing VM operation: Cleanup
Event: 794.244 Executing VM operation: Cleanup done
Event: 797.272 Executing VM operation: Cleanup
Event: 797.272 Executing VM operation: Cleanup done
Event: 820.475 Executing VM operation: Cleanup
Event: 820.475 Executing VM operation: Cleanup done
Event: 821.482 Executing VM operation: Cleanup
Event: 821.482 Executing VM operation: Cleanup done
Event: 822.482 Executing VM operation: Cleanup
Event: 822.482 Executing VM operation: Cleanup done
Event: 852.708 Executing VM operation: Cleanup
Event: 852.708 Executing VM operation: Cleanup done
Event: 883.949 Executing VM operation: Cleanup
Event: 883.949 Executing VM operation: Cleanup done
Event: 902.091 Executing VM operation: Cleanup
Event: 902.091 Executing VM operation: Cleanup done
Event: 906.137 Executing VM operation: Cleanup

Events (20 events):
Event: 11.806 loading class com/sun/beans/util/Cache$Kind$1
Event: 11.806 loading class com/sun/beans/util/Cache$Kind$1 done
Event: 11.806 loading class com/sun/beans/util/Cache$Kind$2
Event: 11.806 loading class com/sun/beans/util/Cache$Kind$2 done
Event: 11.806 loading class com/sun/beans/util/Cache$Kind$3
Event: 11.806 loading class com/sun/beans/util/Cache$Kind$3 done
Event: 11.806 loading class com/sun/beans/util/Cache$CacheEntry
Event: 11.806 loading class com/sun/beans/util/Cache$CacheEntry done
Event: 11.807 Thread 0x000001fe18058df0 Thread exited: 0x000001fe18058df0
Event: 11.807 Thread 0x000001fe7b747600 Thread exited: 0x000001fe7b747600
Event: 11.807 Thread 0x000001fe19c84ed0 Thread added: 0x000001fe19c84ed0
Event: 13.509 Thread 0x000001fe16630b00 Thread exited: 0x000001fe16630b00
Event: 18.411 loading class java/util/Collections$ReverseComparator2
Event: 18.412 loading class java/util/Collections$ReverseComparator2 done
Event: 41.604 Thread 0x000001fe19c86210 Thread added: 0x000001fe19c86210
Event: 41.604 Thread 0x000001fe19c831f0 Thread added: 0x000001fe19c831f0
Event: 41.616 Thread 0x000001fe16630990 Thread added: 0x000001fe16630990
Event: 42.121 Thread 0x000001fe16630990 Thread exited: 0x000001fe16630990
Event: 63.309 Thread 0x000001fe194288b0 Thread exited: 0x000001fe194288b0
Event: 311.354 Thread 0x000001fe19c85870 Thread added: 0x000001fe19c85870


Dynamic libraries:
0x00007ff6b5db0000 - 0x00007ff6b5dbe000 	D:\Softwares & Modules\sts-4.15.3.RELEASE\plugins\org.eclipse.justj.openjdk.hotspot.jre.full.win32.x86_64_17.0.4.v20220805-1047\jre\bin\javaw.exe
0x00007ff8d0800000 - 0x00007ff8d0a09000 	C:\WINDOWS\SYSTEM32\ntdll.dll
0x00007ff8ce7e0000 - 0x00007ff8ce89e000 	C:\WINDOWS\System32\KERNEL32.DLL
0x00007ff8cdd50000 - 0x00007ff8ce0cb000 	C:\WINDOWS\System32\KERNELBASE.dll
0x00007ff8ce0d0000 - 0x00007ff8ce1e1000 	C:\WINDOWS\System32\ucrtbase.dll
0x00007ff897170000 - 0x00007ff897188000 	D:\Softwares & Modules\sts-4.15.3.RELEASE\plugins\org.eclipse.justj.openjdk.hotspot.jre.full.win32.x86_64_17.0.4.v20220805-1047\jre\bin\jli.dll
0x00007ff88c740000 - 0x00007ff88c759000 	D:\Softwares & Modules\sts-4.15.3.RELEASE\plugins\org.eclipse.justj.openjdk.hotspot.jre.full.win32.x86_64_17.0.4.v20220805-1047\jre\bin\VCRUNTIME140.dll
0x00007ff8cf660000 - 0x00007ff8cf80d000 	C:\WINDOWS\System32\USER32.dll
0x00007ff8ce3b0000 - 0x00007ff8ce3d6000 	C:\WINDOWS\System32\win32u.dll
0x00007ff8cf4f0000 - 0x00007ff8cf519000 	C:\WINDOWS\System32\GDI32.dll
0x00007ff8ce1f0000 - 0x00007ff8ce308000 	C:\WINDOWS\System32\gdi32full.dll
0x00007ff8ac4b0000 - 0x00007ff8ac755000 	C:\WINDOWS\WinSxS\amd64_microsoft.windows.common-controls_6595b64144ccf1df_6.0.22000.120_none_9d947278b86cc467\COMCTL32.dll
0x00007ff8ce310000 - 0x00007ff8ce3ad000 	C:\WINDOWS\System32\msvcp_win.dll
0x00007ff8cfdc0000 - 0x00007ff8cfe63000 	C:\WINDOWS\System32\msvcrt.dll
0x00007ff8d0700000 - 0x00007ff8d0732000 	C:\WINDOWS\System32\IMM32.DLL
0x00007ff8a7fb0000 - 0x00007ff8a7fbc000 	D:\Softwares & Modules\sts-4.15.3.RELEASE\plugins\org.eclipse.justj.openjdk.hotspot.jre.full.win32.x86_64_17.0.4.v20220805-1047\jre\bin\vcruntime140_1.dll
0x00007ff872c90000 - 0x00007ff872d21000 	D:\Softwares & Modules\sts-4.15.3.RELEASE\plugins\org.eclipse.justj.openjdk.hotspot.jre.full.win32.x86_64_17.0.4.v20220805-1047\jre\bin\msvcp140.dll
0x00007ff864ae0000 - 0x00007ff865726000 	D:\Softwares & Modules\sts-4.15.3.RELEASE\plugins\org.eclipse.justj.openjdk.hotspot.jre.full.win32.x86_64_17.0.4.v20220805-1047\jre\bin\server\jvm.dll
0x00007ff8ce980000 - 0x00007ff8cea2e000 	C:\WINDOWS\System32\ADVAPI32.dll
0x00007ff8cfd10000 - 0x00007ff8cfdae000 	C:\WINDOWS\System32\sechost.dll
0x00007ff8d0030000 - 0x00007ff8d0150000 	C:\WINDOWS\System32\RPCRT4.dll
0x00007ff8d0300000 - 0x00007ff8d0308000 	C:\WINDOWS\System32\PSAPI.DLL
0x00007ff8c5060000 - 0x00007ff8c506a000 	C:\WINDOWS\SYSTEM32\VERSION.dll
0x00007ff8c51e0000 - 0x00007ff8c5213000 	C:\WINDOWS\SYSTEM32\WINMM.dll
0x00007ff8c1d60000 - 0x00007ff8c1d69000 	C:\WINDOWS\SYSTEM32\WSOCK32.dll
0x00007ff8ce680000 - 0x00007ff8ce6ef000 	C:\WINDOWS\System32\WS2_32.dll
0x00007ff8cce40000 - 0x00007ff8cce58000 	C:\WINDOWS\SYSTEM32\kernel.appcore.dll
0x00007ff8c1d50000 - 0x00007ff8c1d5a000 	D:\Softwares & Modules\sts-4.15.3.RELEASE\plugins\org.eclipse.justj.openjdk.hotspot.jre.full.win32.x86_64_17.0.4.v20220805-1047\jre\bin\jimage.dll
0x00007ff8cb430000 - 0x00007ff8cb651000 	C:\WINDOWS\SYSTEM32\DBGHELP.DLL
0x00007ff8c2970000 - 0x00007ff8c29a1000 	C:\WINDOWS\SYSTEM32\dbgcore.DLL
0x00007ff8cdcd0000 - 0x00007ff8cdd4f000 	C:\WINDOWS\System32\bcryptPrimitives.dll
0x00007ff88ec90000 - 0x00007ff88ecb5000 	D:\Softwares & Modules\sts-4.15.3.RELEASE\plugins\org.eclipse.justj.openjdk.hotspot.jre.full.win32.x86_64_17.0.4.v20220805-1047\jre\bin\java.dll
0x00007ff893930000 - 0x00007ff893948000 	D:\Softwares & Modules\sts-4.15.3.RELEASE\plugins\org.eclipse.justj.openjdk.hotspot.jre.full.win32.x86_64_17.0.4.v20220805-1047\jre\bin\zip.dll
0x00007ff8ceb20000 - 0x00007ff8cf2d7000 	C:\WINDOWS\System32\SHELL32.dll
0x00007ff8cbd90000 - 0x00007ff8cc5f5000 	C:\WINDOWS\SYSTEM32\windows.storage.dll
0x00007ff8d0310000 - 0x00007ff8d0688000 	C:\WINDOWS\System32\combase.dll
0x00007ff8cbc20000 - 0x00007ff8cbd86000 	C:\WINDOWS\SYSTEM32\wintypes.dll
0x00007ff8cea30000 - 0x00007ff8ceb1a000 	C:\WINDOWS\System32\SHCORE.dll
0x00007ff8cf600000 - 0x00007ff8cf65d000 	C:\WINDOWS\System32\shlwapi.dll
0x00007ff8cdc00000 - 0x00007ff8cdc21000 	C:\WINDOWS\SYSTEM32\profapi.dll
0x00007ff891740000 - 0x00007ff891759000 	D:\Softwares & Modules\sts-4.15.3.RELEASE\plugins\org.eclipse.justj.openjdk.hotspot.jre.full.win32.x86_64_17.0.4.v20220805-1047\jre\bin\net.dll
0x00007ff8c5ec0000 - 0x00007ff8c5fd4000 	C:\WINDOWS\SYSTEM32\WINHTTP.dll
0x00007ff8cd2e0000 - 0x00007ff8cd347000 	C:\WINDOWS\system32\mswsock.dll
0x00007ff88ed90000 - 0x00007ff88eda5000 	D:\Softwares & Modules\sts-4.15.3.RELEASE\plugins\org.eclipse.justj.openjdk.hotspot.jre.full.win32.x86_64_17.0.4.v20220805-1047\jre\bin\nio.dll
0x00007ff8a66b0000 - 0x00007ff8a66b9000 	D:\Softwares & Modules\sts-4.15.3.RELEASE\plugins\org.eclipse.justj.openjdk.hotspot.jre.full.win32.x86_64_17.0.4.v20220805-1047\jre\bin\management.dll
0x00007ff8a5b00000 - 0x00007ff8a5b0b000 	D:\Softwares & Modules\sts-4.15.3.RELEASE\plugins\org.eclipse.justj.openjdk.hotspot.jre.full.win32.x86_64_17.0.4.v20220805-1047\jre\bin\management_ext.dll
0x00007ff8cc930000 - 0x00007ff8cc95d000 	C:\WINDOWS\SYSTEM32\IPHLPAPI.DLL
0x00007ff8cf4e0000 - 0x00007ff8cf4e9000 	C:\WINDOWS\System32\NSI.dll
0x00007ff8c5d50000 - 0x00007ff8c5d69000 	C:\WINDOWS\SYSTEM32\dhcpcsvc6.DLL
0x00007ff8c5ea0000 - 0x00007ff8c5ebe000 	C:\WINDOWS\SYSTEM32\dhcpcsvc.DLL
0x00007ff8cc960000 - 0x00007ff8cca48000 	C:\WINDOWS\SYSTEM32\DNSAPI.dll
0x00007ff8c4fb0000 - 0x00007ff8c4fba000 	C:\Windows\System32\rasadhlp.dll
0x00007ff8c4ec0000 - 0x00007ff8c4f41000 	C:\WINDOWS\System32\fwpuclnt.dll
0x00007ff8b4b20000 - 0x00007ff8b4b30000 	D:\Softwares & Modules\sts-4.15.3.RELEASE\plugins\org.eclipse.justj.openjdk.hotspot.jre.full.win32.x86_64_17.0.4.v20220805-1047\jre\bin\verify.dll
0x00007ff8cd520000 - 0x00007ff8cd538000 	C:\WINDOWS\SYSTEM32\CRYPTSP.dll
0x00007ff8ccda0000 - 0x00007ff8ccdd5000 	C:\WINDOWS\system32\rsaenh.dll
0x00007ff8cd3d0000 - 0x00007ff8cd3f9000 	C:\WINDOWS\SYSTEM32\USERENV.dll
0x00007ff8cd6b0000 - 0x00007ff8cd6d7000 	C:\WINDOWS\SYSTEM32\bcrypt.dll
0x00007ff8cd540000 - 0x00007ff8cd54c000 	C:\WINDOWS\SYSTEM32\CRYPTBASE.dll
0x00007ff8af320000 - 0x00007ff8af32e000 	D:\Softwares & Modules\sts-4.15.3.RELEASE\plugins\org.eclipse.justj.openjdk.hotspot.jre.full.win32.x86_64_17.0.4.v20220805-1047\jre\bin\sunmscapi.dll
0x00007ff8ce450000 - 0x00007ff8ce5b2000 	C:\WINDOWS\System32\CRYPT32.dll
0x00007ff8cd680000 - 0x00007ff8cd6a8000 	C:\WINDOWS\SYSTEM32\ncrypt.dll
0x00007ff8cd640000 - 0x00007ff8cd677000 	C:\WINDOWS\SYSTEM32\NTASN1.dll
0x00007ff8c50e0000 - 0x00007ff8c50e8000 	C:\WINDOWS\system32\wshunix.dll

dbghelp: loaded successfully - version: 4.0.5 - missing functions: none
symbol engine: initialized successfully - sym options: 0x614 - pdb path: .;D:\Softwares & Modules\sts-4.15.3.RELEASE\plugins\org.eclipse.justj.openjdk.hotspot.jre.full.win32.x86_64_17.0.4.v20220805-1047\jre\bin;C:\WINDOWS\SYSTEM32;C:\WINDOWS\WinSxS\amd64_microsoft.windows.common-controls_6595b64144ccf1df_6.0.22000.120_none_9d947278b86cc467;D:\Softwares & Modules\sts-4.15.3.RELEASE\plugins\org.eclipse.justj.openjdk.hotspot.jre.full.win32.x86_64_17.0.4.v20220805-1047\jre\bin\server

VM Arguments:
jvm_args: -Dfile.encoding=UTF-8 -XX:+ShowCodeDetailsInExceptionMessages 
java_command: com.OrderServiceApplication
java_class_path (initial): C:\Users\Venugopal\Desktop\Microservices_Training\Capstone\order-service\target\classes;C:\Users\Venugopal\.m2\repository\org\springframework\boot\spring-boot-starter-data-jpa\3.0.2\spring-boot-starter-data-jpa-3.0.2.jar;C:\Users\Venugopal\.m2\repository\org\springframework\boot\spring-boot-starter-aop\3.0.2\spring-boot-starter-aop-3.0.2.jar;C:\Users\Venugopal\.m2\repository\org\springframework\spring-aop\6.0.4\spring-aop-6.0.4.jar;C:\Users\Venugopal\.m2\repository\org\aspectj\aspectjweaver\1.9.19\aspectjweaver-1.9.19.jar;C:\Users\Venugopal\.m2\repository\org\springframework\boot\spring-boot-starter-jdbc\3.0.2\spring-boot-starter-jdbc-3.0.2.jar;C:\Users\Venugopal\.m2\repository\com\zaxxer\HikariCP\5.0.1\HikariCP-5.0.1.jar;C:\Users\Venugopal\.m2\repository\org\springframework\spring-jdbc\6.0.4\spring-jdbc-6.0.4.jar;C:\Users\Venugopal\.m2\repository\org\hibernate\orm\hibernate-core\6.1.6.Final\hibernate-core-6.1.6.Final.jar;C:\Users\Venugopal\.m2\repository\jakarta\persistence\jakarta.persistence-api\3.1.0\jakarta.persistence-api-3.1.0.jar;C:\Users\Venugopal\.m2\repository\jakarta\transaction\jakarta.transaction-api\2.0.1\jakarta.transaction-api-2.0.1.jar;C:\Users\Venugopal\.m2\repository\org\jboss\logging\jboss-logging\3.5.0.Final\jboss-logging-3.5.0.Final.jar;C:\Users\Venugopal\.m2\repository\org\hibernate\common\hibernate-commons-annotations\6.0.2.Final\hibernate-commons-annotations-6.0.2.Final.jar;C:\Users\Venugopal\.m2\repository\org\jboss\jandex\2.4.2.Final\jandex-2.4.2.Final.jar;C:\Users\Venugopal\.m2\repository\com\fasterxml\classmate\1.5.1\classmate-1.5.1.jar;C:\Users\Venugopal\.m2\repository\net\bytebuddy\byte-buddy\1.12.22\byte-buddy-1.12.22.jar;C:\Users\Venugopal\.m2\repository\org\glassfish\jaxb\jaxb-runtime\4.0.1\jaxb-runtime-4.0.1.jar;C:\Users\Venugopal\.m2\repository\org\glassfish\jaxb\jaxb-core\4.0.1\jaxb-core-4.0.1.jar;C:\Users\Venugopal\.m2\repository\org\eclipse\angus\angus-activation\1.0.0\angus-activation-1.0.0.jar;C:
Launcher Type: SUN_STANDARD

[Global flags]
     intx CICompilerCount                          = 4                                         {product} {ergonomic}
     uint ConcGCThreads                            = 2                                         {product} {ergonomic}
     uint G1ConcRefinementThreads                  = 8                                         {product} {ergonomic}
   size_t G1HeapRegionSize                         = 1048576                                   {product} {ergonomic}
    uintx GCDrainStackTargetSize                   = 64                                        {product} {ergonomic}
   size_t InitialHeapSize                          = 130023424                                 {product} {ergonomic}
   size_t MarkStackSize                            = 4194304                                   {product} {ergonomic}
   size_t MaxHeapSize                              = 2076180480                                {product} {ergonomic}
   size_t MaxNewSize                               = 1245708288                                {product} {ergonomic}
   size_t MinHeapDeltaBytes                        = 1048576                                   {product} {ergonomic}
   size_t MinHeapSize                              = 8388608                                   {product} {ergonomic}
    uintx NonNMethodCodeHeapSize                   = 5839372                                {pd product} {ergonomic}
    uintx NonProfiledCodeHeapSize                  = 122909434                              {pd product} {ergonomic}
    uintx ProfiledCodeHeapSize                     = 122909434                              {pd product} {ergonomic}
    uintx ReservedCodeCacheSize                    = 251658240                              {pd product} {ergonomic}
     bool SegmentedCodeCache                       = true                                      {product} {ergonomic}
     bool ShowCodeDetailsInExceptionMessages       = true                                   {manageable} {command line}
   size_t SoftMaxHeapSize                          = 2076180480                             {manageable} {ergonomic}
     bool UseCompressedClassPointers               = true                           {product lp64_product} {ergonomic}
     bool UseCompressedOops                        = true                           {product lp64_product} {ergonomic}
     bool UseG1GC                                  = true                                      {product} {ergonomic}
     bool UseLargePagesIndividualAllocation        = false                                  {pd product} {ergonomic}

Logging:
Log output configuration:
 #0: stdout all=warning uptime,level,tags
 #1: stderr all=off uptime,level,tags

Environment Variables:
CLASSPATH=C:\Program Files (x86)\H2\bin\h2-2.1.214.jar;
PATH=D:/Softwares & Modules/sts-4.15.3.RELEASE//plugins/org.eclipse.justj.openjdk.hotspot.jre.full.win32.x86_64_17.0.4.v20220805-1047/jre/bin/server;D:/Softwares & Modules/sts-4.15.3.RELEASE//plugins/org.eclipse.justj.openjdk.hotspot.jre.full.win32.x86_64_17.0.4.v20220805-1047/jre/bin;C:\Program Files\Common Files\Oracle\Java\javapath;C:\Program Files (x86)\Common Files\Intel\Shared Libraries\redist\intel64\compiler;C:\Program Files (x86)\Common Files\Intel\Shared Files\cpp\bin\Intel64;C:\Windows\system32;C:\Windows;C:\Windows\System32\Wbem;C:\Windows\System32\WindowsPowerShell\v1.0\;C:\Windows\System32\OpenSSH\;C:\Program Files\NVIDIA Corporation\NVIDIA NvDLISR;C:\Program Files (x86)\NVIDIA Corporation\PhysX\Common;C:\Program Files\dotnet\;C:\WINDOWS\system32;C:\WINDOWS;C:\WINDOWS\System32\Wbem;C:\WINDOWS\System32\WindowsPowerShell\v1.0\;C:\WINDOWS\System32\OpenSSH\;C:\Program Files\php-8.1.0;C:\Program Files\Microsoft SQL Server\150\Tools\Binn\;C:\Program Files\apache-maven-3.8.6\bin;C:\Program Files\nodejs\;C:\Users\Venugopal\AppData\Roaming\npm;C:\Program Files\Java\jdk-17.0.2\bin;C:\Program Files\Git\cmd;C:\Users\Venugopal\AppData\Local\Microsoft\WindowsApps;C:\Users\Venugopal\AppData\Local\GitHubDesktop\bin;C:\Users\Venugopal\AppData\Local\atom\bin;C:\Users\Venugopal\.dotnet\tools;C:\Program Files\Java\jdk-17.0.2\bin;C:\Program Files\JetBrains\IntelliJ IDEA 2022.2\bin;;C:\Users\Venugopal\AppData\Local\Programs\Microsoft VS Code\bin;C:\Users\Venugopal\AppData\Roaming\npm;C:\Program Files\Git\cmd;C:\Program Files\Git\bin;C:\Program Files\Git\mingw64\libexec\git-core;;D:\Softwares & Modules\sts-4.15.3.RELEASE;
USERNAME=Venugopal
OS=Windows_NT
PROCESSOR_IDENTIFIER=Intel64 Family 6 Model 140 Stepping 1, GenuineIntel
TMP=C:\Users\Venugopal\AppData\Local\Temp
TEMP=C:\Users\Venugopal\AppData\Local\Temp



---------------  S Y S T E M  ---------------

OS:
 Windows 11 , 64 bit Build 22000 (10.0.22000.1335)
OS uptime: 6 days 16:06 hours

CPU: total 8 (initial active 8) (4 cores per cpu, 2 threads per core) family 6 model 140 stepping 1 microcode 0xa4, cx8, cmov, fxsr, ht, mmx, 3dnowpref, sse, sse2, sse3, ssse3, sse4.1, sse4.2, popcnt, lzcnt, tsc, tscinvbit, avx, avx2, aes, erms, clmul, bmi1, bmi2, adx, avx512f, avx512dq, avx512cd, avx512bw, avx512vl, sha, fma, vzeroupper, avx512_vpopcntdq, avx512_vpclmulqdq, avx512_vaes, avx512_vnni, clflush, clflushopt, clwb, avx512_vbmi2, avx512_vbmi

Memory: 4k page, system-wide physical 7914M (617M free)
TotalPageFile size 20714M (AvailPageFile size 961M)
current process WorkingSet (physical memory assigned to process): 76M, peak: 379M
current process commit charge ("private bytes"): 419M, peak: 436M

vm_info: OpenJDK 64-Bit Server VM (17.0.4+8) for windows-amd64 JRE (17.0.4+8), built on Jul 19 2022 16:05:16 by "temurin" with MS VC++ 16.7 (VS2019)

END.
